[rospy.client][INFO] 2022-01-08 13:34:11,707: init_node, name[/myrobot_spawn4], pid[32173]
[xmlrpc][INFO] 2022-01-08 13:34:11,707: XML-RPC server binding to 0.0.0.0:0
[xmlrpc][INFO] 2022-01-08 13:34:11,707: Started XML-RPC server [http://prajwal-IdeaPad-L340-15IRH-Gaming:44305/]
[rospy.impl.masterslave][INFO] 2022-01-08 13:34:11,708: _ready: http://prajwal-IdeaPad-L340-15IRH-Gaming:44305/
[rospy.init][INFO] 2022-01-08 13:34:11,708: ROS Slave URI: [http://prajwal-IdeaPad-L340-15IRH-Gaming:44305/]
[rospy.registration][INFO] 2022-01-08 13:34:11,708: Registering with master node http://localhost:11311
[xmlrpc][INFO] 2022-01-08 13:34:11,708: xml rpc node: starting XML-RPC server
[rospy.init][INFO] 2022-01-08 13:34:11,809: registered with master
[rospy.rosout][INFO] 2022-01-08 13:34:11,809: initializing /rosout core topic
[rospy.rosout][INFO] 2022-01-08 13:34:11,813: connected to core topic /rosout
[rospy.simtime][INFO] 2022-01-08 13:34:11,814: initializing /clock core topic
[rospy.simtime][INFO] 2022-01-08 13:34:11,815: connected to core topic /clock
[rosout][INFO] 2022-01-08 13:34:11,817: Loading model XML from ros parameter /robot4/robot_description
[rosout][INFO] 2022-01-08 13:34:11,820: Waiting for service /gazebo/spawn_urdf_model
[rospy.internal][INFO] 2022-01-08 13:34:12,031: topic[/rosout] adding connection to [/rosout], count 0
[rospy.internal][INFO] 2022-01-08 13:34:12,536: topic[/clock] adding connection to [http://prajwal-IdeaPad-L340-15IRH-Gaming:45613/], count 0
[rosout][INFO] 2022-01-08 13:34:12,725: Calling service /gazebo/spawn_urdf_model
[rosout][INFO] 2022-01-08 13:34:13,458: Spawn status: SpawnModel: Successfully spawned entity
[rospy.core][INFO] 2022-01-08 13:34:13,459: signal_shutdown [atexit]
[rospy.internal][INFO] 2022-01-08 13:34:13,463: topic[/rosout] removing connection to /rosout
[rospy.internal][INFO] 2022-01-08 13:34:13,463: topic[/clock] removing connection to http://prajwal-IdeaPad-L340-15IRH-Gaming:45613/
[rospy.impl.masterslave][INFO] 2022-01-08 13:34:13,463: atexit
[rospy.internal][WARNING] 2022-01-08 13:34:13,464: Unknown error initiating TCP/IP socket to prajwal-IdeaPad-L340-15IRH-Gaming:43597 (http://prajwal-IdeaPad-L340-15IRH-Gaming:45613/): Traceback (most recent call last):
  File "/opt/ros/noetic/lib/python3/dist-packages/rospy/impl/tcpros_base.py", line 562, in connect
    self.read_header()
  File "/opt/ros/noetic/lib/python3/dist-packages/rospy/impl/tcpros_base.py", line 657, in read_header
    self._validate_header(read_ros_handshake_header(sock, self.read_buff, self.protocol.buff_size))
AttributeError: 'NoneType' object has no attribute 'buff_size'

