[rospy.client][INFO] 2022-01-08 13:34:11,590: init_node, name[/myrobot_spawn1], pid[32170]
[xmlrpc][INFO] 2022-01-08 13:34:11,590: XML-RPC server binding to 0.0.0.0:0
[xmlrpc][INFO] 2022-01-08 13:34:11,590: Started XML-RPC server [http://prajwal-IdeaPad-L340-15IRH-Gaming:46725/]
[rospy.init][INFO] 2022-01-08 13:34:11,591: ROS Slave URI: [http://prajwal-IdeaPad-L340-15IRH-Gaming:46725/]
[rospy.impl.masterslave][INFO] 2022-01-08 13:34:11,591: _ready: http://prajwal-IdeaPad-L340-15IRH-Gaming:46725/
[rospy.registration][INFO] 2022-01-08 13:34:11,591: Registering with master node http://localhost:11311
[xmlrpc][INFO] 2022-01-08 13:34:11,591: xml rpc node: starting XML-RPC server
[rospy.init][INFO] 2022-01-08 13:34:11,691: registered with master
[rospy.rosout][INFO] 2022-01-08 13:34:11,691: initializing /rosout core topic
[rospy.rosout][INFO] 2022-01-08 13:34:11,695: connected to core topic /rosout
[rospy.simtime][INFO] 2022-01-08 13:34:11,696: initializing /clock core topic
[rospy.simtime][INFO] 2022-01-08 13:34:11,698: connected to core topic /clock
[rosout][INFO] 2022-01-08 13:34:11,700: Loading model XML from ros parameter /robot1/robot_description
[rosout][INFO] 2022-01-08 13:34:11,706: Waiting for service /gazebo/spawn_urdf_model
[rospy.internal][INFO] 2022-01-08 13:34:11,929: topic[/rosout] adding connection to [/rosout], count 0
[rospy.internal][INFO] 2022-01-08 13:34:12,533: topic[/clock] adding connection to [http://prajwal-IdeaPad-L340-15IRH-Gaming:45613/], count 0
[rosout][INFO] 2022-01-08 13:34:12,612: Calling service /gazebo/spawn_urdf_model
[rosout][INFO] 2022-01-08 13:34:12,720: Spawn status: SpawnModel: Successfully spawned entity
[rospy.core][INFO] 2022-01-08 13:34:12,721: signal_shutdown [atexit]
[rospy.internal][INFO] 2022-01-08 13:34:12,722: topic[/rosout] removing connection to /rosout
[rospy.internal][INFO] 2022-01-08 13:34:12,723: topic[/clock] removing connection to http://prajwal-IdeaPad-L340-15IRH-Gaming:45613/
[rospy.impl.masterslave][INFO] 2022-01-08 13:34:12,723: atexit
