[rospy.client][INFO] 2022-01-08 13:34:11,634: init_node, name[/myrobot_spawn3], pid[32172]
[xmlrpc][INFO] 2022-01-08 13:34:11,634: XML-RPC server binding to 0.0.0.0:0
[xmlrpc][INFO] 2022-01-08 13:34:11,634: Started XML-RPC server [http://prajwal-IdeaPad-L340-15IRH-Gaming:39331/]
[rospy.init][INFO] 2022-01-08 13:34:11,635: ROS Slave URI: [http://prajwal-IdeaPad-L340-15IRH-Gaming:39331/]
[rospy.impl.masterslave][INFO] 2022-01-08 13:34:11,635: _ready: http://prajwal-IdeaPad-L340-15IRH-Gaming:39331/
[rospy.registration][INFO] 2022-01-08 13:34:11,635: Registering with master node http://localhost:11311
[xmlrpc][INFO] 2022-01-08 13:34:11,635: xml rpc node: starting XML-RPC server
[rospy.init][INFO] 2022-01-08 13:34:11,735: registered with master
[rospy.rosout][INFO] 2022-01-08 13:34:11,735: initializing /rosout core topic
[rospy.rosout][INFO] 2022-01-08 13:34:11,739: connected to core topic /rosout
[rospy.simtime][INFO] 2022-01-08 13:34:11,740: initializing /clock core topic
[rospy.simtime][INFO] 2022-01-08 13:34:11,741: connected to core topic /clock
[rosout][INFO] 2022-01-08 13:34:11,743: Loading model XML from ros parameter /robot3/robot_description
[rosout][INFO] 2022-01-08 13:34:11,747: Waiting for service /gazebo/spawn_urdf_model
[rospy.internal][INFO] 2022-01-08 13:34:12,031: topic[/rosout] adding connection to [/rosout], count 0
[rospy.internal][INFO] 2022-01-08 13:34:12,533: topic[/clock] adding connection to [http://prajwal-IdeaPad-L340-15IRH-Gaming:45613/], count 0
[rosout][INFO] 2022-01-08 13:34:12,651: Calling service /gazebo/spawn_urdf_model
[rosout][INFO] 2022-01-08 13:34:13,217: Spawn status: SpawnModel: Successfully spawned entity
[rospy.core][INFO] 2022-01-08 13:34:13,218: signal_shutdown [atexit]
[rospy.internal][INFO] 2022-01-08 13:34:13,220: topic[/rosout] removing connection to /rosout
[rospy.internal][INFO] 2022-01-08 13:34:13,220: topic[/clock] removing connection to http://prajwal-IdeaPad-L340-15IRH-Gaming:45613/
[rospy.impl.masterslave][INFO] 2022-01-08 13:34:13,220: atexit
