[rospy.client][INFO] 2022-01-08 12:09:39,041: init_node, name[/display_map], pid[24770]
[xmlrpc][INFO] 2022-01-08 12:09:39,041: XML-RPC server binding to 0.0.0.0:0
[xmlrpc][INFO] 2022-01-08 12:09:39,041: Started XML-RPC server [http://prajwal-IdeaPad-L340-15IRH-Gaming:37361/]
[rospy.impl.masterslave][INFO] 2022-01-08 12:09:39,042: _ready: http://prajwal-IdeaPad-L340-15IRH-Gaming:37361/
[rospy.init][INFO] 2022-01-08 12:09:39,042: ROS Slave URI: [http://prajwal-IdeaPad-L340-15IRH-Gaming:37361/]
[rospy.registration][INFO] 2022-01-08 12:09:39,042: Registering with master node http://localhost:11311
[xmlrpc][INFO] 2022-01-08 12:09:39,042: xml rpc node: starting XML-RPC server
[rospy.init][INFO] 2022-01-08 12:09:39,142: registered with master
[rospy.rosout][INFO] 2022-01-08 12:09:39,142: initializing /rosout core topic
[rospy.rosout][INFO] 2022-01-08 12:09:39,145: connected to core topic /rosout
[rospy.simtime][INFO] 2022-01-08 12:09:39,146: initializing /clock core topic
[rospy.simtime][INFO] 2022-01-08 12:09:39,147: connected to core topic /clock
[rospy.internal][INFO] 2022-01-08 12:09:39,148: topic[/clock] adding connection to [http://prajwal-IdeaPad-L340-15IRH-Gaming:43245/], count 0
[rospy.internal][INFO] 2022-01-08 12:09:39,379: topic[/rosout] adding connection to [/rosout], count 0
[rospy.internal][INFO] 2022-01-08 12:09:39,980: topic[/grid3/mat] adding connection to [/rviz], count 0
[rospy.core][INFO] 2022-01-08 12:11:30,430: signal_shutdown [atexit]
[rospy.internal][INFO] 2022-01-08 12:11:30,432: topic[/rosout] removing connection to /rosout
[rospy.internal][INFO] 2022-01-08 12:11:30,433: topic[/grid3/mat] removing connection to /rviz
[rospy.internal][INFO] 2022-01-08 12:11:30,433: topic[/clock] removing connection to http://prajwal-IdeaPad-L340-15IRH-Gaming:43245/
[rospy.impl.masterslave][INFO] 2022-01-08 12:11:30,433: atexit
[rospy.internal][WARNING] 2022-01-08 12:11:30,433: Unknown error initiating TCP/IP socket to prajwal-IdeaPad-L340-15IRH-Gaming:40891 (http://prajwal-IdeaPad-L340-15IRH-Gaming:43245/): Traceback (most recent call last):
  File "/opt/ros/noetic/lib/python3/dist-packages/rospy/impl/tcpros_base.py", line 562, in connect
    self.read_header()
  File "/opt/ros/noetic/lib/python3/dist-packages/rospy/impl/tcpros_base.py", line 657, in read_header
    self._validate_header(read_ros_handshake_header(sock, self.read_buff, self.protocol.buff_size))
AttributeError: 'NoneType' object has no attribute 'buff_size'

