[rospy.client][INFO] 2022-01-08 12:09:18,589: init_node, name[/fake_pose_publisher], pid[24545]
[xmlrpc][INFO] 2022-01-08 12:09:18,589: XML-RPC server binding to 0.0.0.0:0
[xmlrpc][INFO] 2022-01-08 12:09:18,590: Started XML-RPC server [http://prajwal-IdeaPad-L340-15IRH-Gaming:43559/]
[rospy.init][INFO] 2022-01-08 12:09:18,590: ROS Slave URI: [http://prajwal-IdeaPad-L340-15IRH-Gaming:43559/]
[rospy.impl.masterslave][INFO] 2022-01-08 12:09:18,590: _ready: http://prajwal-IdeaPad-L340-15IRH-Gaming:43559/
[rospy.registration][INFO] 2022-01-08 12:09:18,590: Registering with master node http://localhost:11311
[xmlrpc][INFO] 2022-01-08 12:09:18,590: xml rpc node: starting XML-RPC server
[rospy.init][INFO] 2022-01-08 12:09:18,690: registered with master
[rospy.rosout][INFO] 2022-01-08 12:09:18,690: initializing /rosout core topic
[rospy.rosout][INFO] 2022-01-08 12:09:18,694: connected to core topic /rosout
[rospy.simtime][INFO] 2022-01-08 12:09:18,694: initializing /clock core topic
[rospy.simtime][INFO] 2022-01-08 12:09:18,696: connected to core topic /clock
[rospy.internal][INFO] 2022-01-08 12:09:18,697: topic[/clock] adding connection to [http://prajwal-IdeaPad-L340-15IRH-Gaming:43245/], count 0
[rospy.internal][INFO] 2022-01-08 12:09:18,708: topic[/robot1/odom] adding connection to [http://prajwal-IdeaPad-L340-15IRH-Gaming:43245/], count 0
[rospy.internal][INFO] 2022-01-08 12:09:18,710: topic[/robot2/odom] adding connection to [http://prajwal-IdeaPad-L340-15IRH-Gaming:43245/], count 0
[rosout][INFO] 2022-01-08 12:09:18,710: publishing the poses
[rospy.internal][INFO] 2022-01-08 12:09:18,712: topic[/robot3/odom] adding connection to [http://prajwal-IdeaPad-L340-15IRH-Gaming:43245/], count 0
[rospy.internal][INFO] 2022-01-08 12:09:18,712: topic[/robot4/odom] adding connection to [http://prajwal-IdeaPad-L340-15IRH-Gaming:43245/], count 0
[rospy.internal][INFO] 2022-01-08 12:09:18,743: topic[/grid3/allRobots/poses] adding connection to [/trajectory_planner], count 0
[rosout][INFO] 2022-01-08 12:09:18,810: publishing the poses
[rosout][INFO] 2022-01-08 12:09:18,911: publishing the poses
[rospy.internal][INFO] 2022-01-08 12:09:18,919: topic[/grid3/allRobots/poses] adding connection to [/brain_24579_1641623958776], count 1
[rospy.internal][INFO] 2022-01-08 12:09:18,940: topic[/rosout] adding connection to [/rosout], count 0
[rosout][INFO] 2022-01-08 12:09:19,010: publishing the poses
[rospy.internal][INFO] 2022-01-08 12:09:19,014: topic[/robot1/cmd_vel] adding connection to [/gazebo], count 0
[rospy.internal][INFO] 2022-01-08 12:09:19,014: topic[/robot2/cmd_vel] adding connection to [/gazebo], count 0
[rospy.internal][INFO] 2022-01-08 12:09:19,014: topic[/robot3/cmd_vel] adding connection to [/gazebo], count 0
[rospy.internal][INFO] 2022-01-08 12:09:19,015: topic[/robot4/cmd_vel] adding connection to [/gazebo], count 0
[rosout][INFO] 2022-01-08 12:09:19,110: publishing the poses
[rosout][INFO] 2022-01-08 12:09:19,210: publishing the poses
[rosout][INFO] 2022-01-08 12:09:19,311: publishing the poses
[rosout][INFO] 2022-01-08 12:09:19,411: publishing the poses
[rosout][INFO] 2022-01-08 12:09:19,511: publishing the poses
[rosout][INFO] 2022-01-08 12:09:19,612: publishing the poses
[rosout][INFO] 2022-01-08 12:09:19,712: publishing the poses
[rosout][INFO] 2022-01-08 12:09:19,813: publishing the poses
[rosout][INFO] 2022-01-08 12:09:19,913: publishing the poses
[rosout][INFO] 2022-01-08 12:09:20,013: publishing the poses
[rosout][INFO] 2022-01-08 12:09:20,114: publishing the poses
[rosout][INFO] 2022-01-08 12:09:20,215: publishing the poses
[rosout][INFO] 2022-01-08 12:09:20,315: publishing the poses
[rosout][INFO] 2022-01-08 12:09:20,416: publishing the poses
[rosout][INFO] 2022-01-08 12:09:20,517: publishing the poses
[rosout][INFO] 2022-01-08 12:09:20,617: publishing the poses
[rosout][INFO] 2022-01-08 12:09:20,717: publishing the poses
[rosout][INFO] 2022-01-08 12:09:20,818: publishing the poses
[rosout][INFO] 2022-01-08 12:09:20,918: publishing the poses
[rosout][INFO] 2022-01-08 12:09:21,019: publishing the poses
[rosout][INFO] 2022-01-08 12:09:21,118: publishing the poses
[rosout][INFO] 2022-01-08 12:09:21,219: publishing the poses
[rosout][INFO] 2022-01-08 12:09:21,320: publishing the poses
[rosout][INFO] 2022-01-08 12:09:21,420: publishing the poses
[rosout][INFO] 2022-01-08 12:09:21,521: publishing the poses
[rosout][INFO] 2022-01-08 12:09:21,621: publishing the poses
[rosout][INFO] 2022-01-08 12:09:21,721: publishing the poses
[rosout][INFO] 2022-01-08 12:09:21,821: publishing the poses
[rosout][INFO] 2022-01-08 12:09:21,922: publishing the poses
[rosout][INFO] 2022-01-08 12:09:22,024: publishing the poses
[rosout][INFO] 2022-01-08 12:09:22,125: publishing the poses
[rosout][INFO] 2022-01-08 12:09:22,228: publishing the poses
[rosout][INFO] 2022-01-08 12:09:22,327: publishing the poses
[rosout][INFO] 2022-01-08 12:09:22,428: publishing the poses
[rosout][INFO] 2022-01-08 12:09:22,527: publishing the poses
[rosout][INFO] 2022-01-08 12:09:22,628: publishing the poses
[rosout][INFO] 2022-01-08 12:09:22,729: publishing the poses
[rosout][INFO] 2022-01-08 12:09:22,830: publishing the poses
[rosout][INFO] 2022-01-08 12:09:22,929: publishing the poses
[rosout][INFO] 2022-01-08 12:09:23,030: publishing the poses
[rosout][INFO] 2022-01-08 12:09:23,131: publishing the poses
[rosout][INFO] 2022-01-08 12:09:23,231: publishing the poses
[rosout][INFO] 2022-01-08 12:09:23,332: publishing the poses
[rosout][INFO] 2022-01-08 12:09:23,433: publishing the poses
[rosout][INFO] 2022-01-08 12:09:23,533: publishing the poses
[rosout][INFO] 2022-01-08 12:09:23,634: publishing the poses
[rosout][INFO] 2022-01-08 12:09:23,734: publishing the poses
[rosout][INFO] 2022-01-08 12:09:23,834: publishing the poses
[rosout][INFO] 2022-01-08 12:09:23,935: publishing the poses
[rosout][INFO] 2022-01-08 12:09:24,036: publishing the poses
[rosout][INFO] 2022-01-08 12:09:24,137: publishing the poses
[rosout][INFO] 2022-01-08 12:09:24,237: publishing the poses
[rosout][INFO] 2022-01-08 12:09:24,337: publishing the poses
[rosout][INFO] 2022-01-08 12:09:24,437: publishing the poses
[rosout][INFO] 2022-01-08 12:09:24,537: publishing the poses
[rosout][INFO] 2022-01-08 12:09:24,639: publishing the poses
[rosout][INFO] 2022-01-08 12:09:24,739: publishing the poses
[rosout][INFO] 2022-01-08 12:09:24,839: publishing the poses
[rosout][INFO] 2022-01-08 12:09:24,940: publishing the poses
[rosout][INFO] 2022-01-08 12:09:25,041: publishing the poses
[rosout][INFO] 2022-01-08 12:09:25,141: publishing the poses
[rosout][INFO] 2022-01-08 12:09:25,241: publishing the poses
[rosout][INFO] 2022-01-08 12:09:25,341: publishing the poses
[rosout][INFO] 2022-01-08 12:09:25,442: publishing the poses
[rosout][INFO] 2022-01-08 12:09:25,542: publishing the poses
[rosout][INFO] 2022-01-08 12:09:25,643: publishing the poses
[rosout][INFO] 2022-01-08 12:09:25,743: publishing the poses
[rosout][INFO] 2022-01-08 12:09:25,843: publishing the poses
[rosout][INFO] 2022-01-08 12:09:25,944: publishing the poses
[rosout][INFO] 2022-01-08 12:09:26,045: publishing the poses
[rosout][INFO] 2022-01-08 12:09:26,145: publishing the poses
[rosout][INFO] 2022-01-08 12:09:26,246: publishing the poses
[rosout][INFO] 2022-01-08 12:09:26,346: publishing the poses
[rosout][INFO] 2022-01-08 12:09:26,447: publishing the poses
[rosout][INFO] 2022-01-08 12:09:26,548: publishing the poses
[rosout][INFO] 2022-01-08 12:09:26,649: publishing the poses
[rosout][INFO] 2022-01-08 12:09:26,750: publishing the poses
[rosout][INFO] 2022-01-08 12:09:26,850: publishing the poses
[rosout][INFO] 2022-01-08 12:09:26,950: publishing the poses
[rosout][INFO] 2022-01-08 12:09:27,051: publishing the poses
[rosout][INFO] 2022-01-08 12:09:27,151: publishing the poses
[rosout][INFO] 2022-01-08 12:09:27,252: publishing the poses
[rosout][INFO] 2022-01-08 12:09:27,352: publishing the poses
[rosout][INFO] 2022-01-08 12:09:27,453: publishing the poses
[rosout][INFO] 2022-01-08 12:09:27,557: publishing the poses
[rosout][INFO] 2022-01-08 12:09:27,659: publishing the poses
[rosout][INFO] 2022-01-08 12:09:27,760: publishing the poses
[rosout][INFO] 2022-01-08 12:09:27,861: publishing the poses
[rosout][INFO] 2022-01-08 12:09:27,961: publishing the poses
[rosout][INFO] 2022-01-08 12:09:28,060: publishing the poses
[rosout][INFO] 2022-01-08 12:09:28,161: publishing the poses
[rosout][INFO] 2022-01-08 12:09:28,261: publishing the poses
[rosout][INFO] 2022-01-08 12:09:28,362: publishing the poses
[rosout][INFO] 2022-01-08 12:09:28,462: publishing the poses
[rosout][INFO] 2022-01-08 12:09:28,562: publishing the poses
[rosout][INFO] 2022-01-08 12:09:28,663: publishing the poses
[rosout][INFO] 2022-01-08 12:09:28,763: publishing the poses
[rosout][INFO] 2022-01-08 12:09:28,864: publishing the poses
[rosout][INFO] 2022-01-08 12:09:28,964: publishing the poses
[rosout][INFO] 2022-01-08 12:09:29,065: publishing the poses
[rosout][INFO] 2022-01-08 12:09:29,165: publishing the poses
[rosout][INFO] 2022-01-08 12:09:29,265: publishing the poses
[rosout][INFO] 2022-01-08 12:09:29,365: publishing the poses
[rosout][INFO] 2022-01-08 12:09:29,466: publishing the poses
[rosout][INFO] 2022-01-08 12:09:29,566: publishing the poses
[rosout][INFO] 2022-01-08 12:09:29,666: publishing the poses
[rosout][INFO] 2022-01-08 12:09:29,767: publishing the poses
[rosout][INFO] 2022-01-08 12:09:29,868: publishing the poses
[rosout][INFO] 2022-01-08 12:09:29,967: publishing the poses
[rosout][INFO] 2022-01-08 12:09:30,068: publishing the poses
[rosout][INFO] 2022-01-08 12:09:30,168: publishing the poses
[rosout][INFO] 2022-01-08 12:09:30,269: publishing the poses
[rosout][INFO] 2022-01-08 12:09:30,369: publishing the poses
[rosout][INFO] 2022-01-08 12:09:30,470: publishing the poses
[rosout][INFO] 2022-01-08 12:09:30,570: publishing the poses
[rosout][INFO] 2022-01-08 12:09:30,671: publishing the poses
[rosout][INFO] 2022-01-08 12:09:30,771: publishing the poses
[rosout][INFO] 2022-01-08 12:09:30,871: publishing the poses
[rosout][INFO] 2022-01-08 12:09:30,971: publishing the poses
[rosout][INFO] 2022-01-08 12:09:31,072: publishing the poses
[rosout][INFO] 2022-01-08 12:09:31,172: publishing the poses
[rosout][INFO] 2022-01-08 12:09:31,272: publishing the poses
[rosout][INFO] 2022-01-08 12:09:31,373: publishing the poses
[rosout][INFO] 2022-01-08 12:09:31,473: publishing the poses
[rosout][INFO] 2022-01-08 12:09:31,573: publishing the poses
[rosout][INFO] 2022-01-08 12:09:31,674: publishing the poses
[rosout][INFO] 2022-01-08 12:09:31,774: publishing the poses
[rosout][INFO] 2022-01-08 12:09:31,874: publishing the poses
[rosout][INFO] 2022-01-08 12:09:31,975: publishing the poses
[rosout][INFO] 2022-01-08 12:09:32,075: publishing the poses
[rosout][INFO] 2022-01-08 12:09:32,175: publishing the poses
[rosout][INFO] 2022-01-08 12:09:32,277: publishing the poses
[rosout][INFO] 2022-01-08 12:09:32,377: publishing the poses
[rosout][INFO] 2022-01-08 12:09:32,477: publishing the poses
[rosout][INFO] 2022-01-08 12:09:32,577: publishing the poses
[rosout][INFO] 2022-01-08 12:09:32,678: publishing the poses
[rosout][INFO] 2022-01-08 12:09:32,779: publishing the poses
[rosout][INFO] 2022-01-08 12:09:32,879: publishing the poses
[rosout][INFO] 2022-01-08 12:09:32,979: publishing the poses
[rosout][INFO] 2022-01-08 12:09:33,080: publishing the poses
[rosout][INFO] 2022-01-08 12:09:33,182: publishing the poses
[rosout][INFO] 2022-01-08 12:09:33,282: publishing the poses
[rosout][INFO] 2022-01-08 12:09:33,383: publishing the poses
[rosout][INFO] 2022-01-08 12:09:33,484: publishing the poses
[rosout][INFO] 2022-01-08 12:09:33,583: publishing the poses
[rosout][INFO] 2022-01-08 12:09:33,684: publishing the poses
[rosout][INFO] 2022-01-08 12:09:33,785: publishing the poses
[rosout][INFO] 2022-01-08 12:09:33,885: publishing the poses
[rosout][INFO] 2022-01-08 12:09:33,986: publishing the poses
[rosout][INFO] 2022-01-08 12:09:34,087: publishing the poses
[rosout][INFO] 2022-01-08 12:09:34,188: publishing the poses
[rosout][INFO] 2022-01-08 12:09:34,289: publishing the poses
[rosout][INFO] 2022-01-08 12:09:34,388: publishing the poses
[rosout][INFO] 2022-01-08 12:09:34,487: publishing the poses
[rosout][INFO] 2022-01-08 12:09:34,587: publishing the poses
[rosout][INFO] 2022-01-08 12:09:34,689: publishing the poses
[rosout][INFO] 2022-01-08 12:09:34,790: publishing the poses
[rosout][INFO] 2022-01-08 12:09:34,890: publishing the poses
[rosout][INFO] 2022-01-08 12:09:34,992: publishing the poses
[rosout][INFO] 2022-01-08 12:09:35,092: publishing the poses
[rosout][INFO] 2022-01-08 12:09:35,193: publishing the poses
[rosout][INFO] 2022-01-08 12:09:35,293: publishing the poses
[rosout][INFO] 2022-01-08 12:09:35,395: publishing the poses
[rosout][INFO] 2022-01-08 12:09:35,496: publishing the poses
[rosout][INFO] 2022-01-08 12:09:35,596: publishing the poses
[rosout][INFO] 2022-01-08 12:09:35,697: publishing the poses
[rosout][INFO] 2022-01-08 12:09:35,797: publishing the poses
[rosout][INFO] 2022-01-08 12:09:35,897: publishing the poses
[rosout][INFO] 2022-01-08 12:09:35,999: publishing the poses
[rosout][INFO] 2022-01-08 12:09:36,101: publishing the poses
[rosout][INFO] 2022-01-08 12:09:36,203: publishing the poses
[rosout][INFO] 2022-01-08 12:09:36,305: publishing the poses
[rosout][INFO] 2022-01-08 12:09:36,406: publishing the poses
[rosout][INFO] 2022-01-08 12:09:36,506: publishing the poses
[rosout][INFO] 2022-01-08 12:09:36,606: publishing the poses
[rosout][INFO] 2022-01-08 12:09:36,707: publishing the poses
[rosout][INFO] 2022-01-08 12:09:36,807: publishing the poses
[rosout][INFO] 2022-01-08 12:09:36,907: publishing the poses
[rosout][INFO] 2022-01-08 12:09:37,008: publishing the poses
[rosout][INFO] 2022-01-08 12:09:37,109: publishing the poses
[rosout][INFO] 2022-01-08 12:09:37,210: publishing the poses
[rosout][INFO] 2022-01-08 12:09:37,311: publishing the poses
[rosout][INFO] 2022-01-08 12:09:37,411: publishing the poses
[rosout][INFO] 2022-01-08 12:09:37,511: publishing the poses
[rosout][INFO] 2022-01-08 12:09:37,614: publishing the poses
[rosout][INFO] 2022-01-08 12:09:37,715: publishing the poses
[rosout][INFO] 2022-01-08 12:09:37,816: publishing the poses
[rosout][INFO] 2022-01-08 12:09:37,916: publishing the poses
[rosout][INFO] 2022-01-08 12:09:38,015: publishing the poses
[rosout][INFO] 2022-01-08 12:09:38,118: publishing the poses
[rosout][INFO] 2022-01-08 12:09:38,218: publishing the poses
[rosout][INFO] 2022-01-08 12:09:38,318: publishing the poses
[rosout][INFO] 2022-01-08 12:09:38,419: publishing the poses
[rosout][INFO] 2022-01-08 12:09:38,519: publishing the poses
[rosout][INFO] 2022-01-08 12:09:38,619: publishing the poses
[rosout][INFO] 2022-01-08 12:09:38,720: publishing the poses
[rosout][INFO] 2022-01-08 12:09:38,820: publishing the poses
[rosout][INFO] 2022-01-08 12:09:38,920: publishing the poses
[rosout][INFO] 2022-01-08 12:09:39,020: publishing the poses
[rosout][INFO] 2022-01-08 12:09:39,120: publishing the poses
[rosout][INFO] 2022-01-08 12:09:39,220: publishing the poses
[rosout][INFO] 2022-01-08 12:09:39,320: publishing the poses
[rosout][INFO] 2022-01-08 12:09:39,420: publishing the poses
[rosout][INFO] 2022-01-08 12:09:39,520: publishing the poses
[rosout][INFO] 2022-01-08 12:09:39,621: publishing the poses
[rosout][INFO] 2022-01-08 12:09:39,721: publishing the poses
[rosout][INFO] 2022-01-08 12:09:39,821: publishing the poses
[rosout][INFO] 2022-01-08 12:09:39,921: publishing the poses
[rosout][INFO] 2022-01-08 12:09:40,021: publishing the poses
[rosout][INFO] 2022-01-08 12:09:40,122: publishing the poses
[rosout][INFO] 2022-01-08 12:09:40,224: publishing the poses
[rosout][INFO] 2022-01-08 12:09:40,325: publishing the poses
[rosout][INFO] 2022-01-08 12:09:40,424: publishing the poses
[rosout][INFO] 2022-01-08 12:09:40,525: publishing the poses
[rosout][INFO] 2022-01-08 12:09:40,626: publishing the poses
[rosout][INFO] 2022-01-08 12:09:40,727: publishing the poses
[rosout][INFO] 2022-01-08 12:09:40,827: publishing the poses
[rosout][INFO] 2022-01-08 12:09:40,927: publishing the poses
[rosout][INFO] 2022-01-08 12:09:41,028: publishing the poses
[rosout][INFO] 2022-01-08 12:09:41,129: publishing the poses
[rosout][INFO] 2022-01-08 12:09:41,230: publishing the poses
[rosout][INFO] 2022-01-08 12:09:41,330: publishing the poses
[rosout][INFO] 2022-01-08 12:09:41,431: publishing the poses
[rosout][INFO] 2022-01-08 12:09:41,531: publishing the poses
[rosout][INFO] 2022-01-08 12:09:41,632: publishing the poses
[rosout][INFO] 2022-01-08 12:09:41,732: publishing the poses
[rosout][INFO] 2022-01-08 12:09:41,833: publishing the poses
[rosout][INFO] 2022-01-08 12:09:41,934: publishing the poses
[rosout][INFO] 2022-01-08 12:09:42,035: publishing the poses
[rosout][INFO] 2022-01-08 12:09:42,135: publishing the poses
[rosout][INFO] 2022-01-08 12:09:42,235: publishing the poses
[rosout][INFO] 2022-01-08 12:09:42,334: publishing the poses
[rosout][INFO] 2022-01-08 12:09:42,435: publishing the poses
[rosout][INFO] 2022-01-08 12:09:42,535: publishing the poses
[rosout][INFO] 2022-01-08 12:09:42,635: publishing the poses
[rosout][INFO] 2022-01-08 12:09:42,736: publishing the poses
[rosout][INFO] 2022-01-08 12:09:42,837: publishing the poses
[rosout][INFO] 2022-01-08 12:09:42,936: publishing the poses
[rosout][INFO] 2022-01-08 12:09:43,036: publishing the poses
[rosout][INFO] 2022-01-08 12:09:43,137: publishing the poses
[rosout][INFO] 2022-01-08 12:09:43,238: publishing the poses
[rosout][INFO] 2022-01-08 12:09:43,338: publishing the poses
[rosout][INFO] 2022-01-08 12:09:43,439: publishing the poses
[rosout][INFO] 2022-01-08 12:09:43,540: publishing the poses
[rosout][INFO] 2022-01-08 12:09:43,639: publishing the poses
[rosout][INFO] 2022-01-08 12:09:43,740: publishing the poses
[rosout][INFO] 2022-01-08 12:09:43,840: publishing the poses
[rosout][INFO] 2022-01-08 12:09:43,940: publishing the poses
[rosout][INFO] 2022-01-08 12:09:44,041: publishing the poses
[rosout][INFO] 2022-01-08 12:09:44,141: publishing the poses
[rosout][INFO] 2022-01-08 12:09:44,241: publishing the poses
[rosout][INFO] 2022-01-08 12:09:44,341: publishing the poses
[rosout][INFO] 2022-01-08 12:09:44,442: publishing the poses
[rosout][INFO] 2022-01-08 12:09:44,542: publishing the poses
[rosout][INFO] 2022-01-08 12:09:44,642: publishing the poses
[rosout][INFO] 2022-01-08 12:09:44,743: publishing the poses
[rosout][INFO] 2022-01-08 12:09:44,844: publishing the poses
[rosout][INFO] 2022-01-08 12:09:44,944: publishing the poses
[rosout][INFO] 2022-01-08 12:09:45,045: publishing the poses
[rosout][INFO] 2022-01-08 12:09:45,145: publishing the poses
[rosout][INFO] 2022-01-08 12:09:45,246: publishing the poses
[rosout][INFO] 2022-01-08 12:09:45,347: publishing the poses
[rosout][INFO] 2022-01-08 12:09:45,447: publishing the poses
[rosout][INFO] 2022-01-08 12:09:45,548: publishing the poses
[rosout][INFO] 2022-01-08 12:09:45,648: publishing the poses
[rosout][INFO] 2022-01-08 12:09:45,748: publishing the poses
[rosout][INFO] 2022-01-08 12:09:45,849: publishing the poses
[rosout][INFO] 2022-01-08 12:09:45,949: publishing the poses
[rosout][INFO] 2022-01-08 12:09:46,049: publishing the poses
[rosout][INFO] 2022-01-08 12:09:46,150: publishing the poses
[rosout][INFO] 2022-01-08 12:09:46,250: publishing the poses
[rosout][INFO] 2022-01-08 12:09:46,351: publishing the poses
[rosout][INFO] 2022-01-08 12:09:46,451: publishing the poses
[rosout][INFO] 2022-01-08 12:09:46,552: publishing the poses
[rosout][INFO] 2022-01-08 12:09:46,651: publishing the poses
[rosout][INFO] 2022-01-08 12:09:46,750: publishing the poses
[rosout][INFO] 2022-01-08 12:09:46,855: publishing the poses
[rosout][INFO] 2022-01-08 12:09:46,952: publishing the poses
[rosout][INFO] 2022-01-08 12:09:47,051: publishing the poses
[rosout][INFO] 2022-01-08 12:09:47,152: publishing the poses
[rosout][INFO] 2022-01-08 12:09:47,251: publishing the poses
[rosout][INFO] 2022-01-08 12:09:47,352: publishing the poses
[rosout][INFO] 2022-01-08 12:09:47,452: publishing the poses
[rosout][INFO] 2022-01-08 12:09:47,553: publishing the poses
[rosout][INFO] 2022-01-08 12:09:47,653: publishing the poses
[rosout][INFO] 2022-01-08 12:09:47,753: publishing the poses
[rosout][INFO] 2022-01-08 12:09:47,854: publishing the poses
[rosout][INFO] 2022-01-08 12:09:47,954: publishing the poses
[rosout][INFO] 2022-01-08 12:09:48,055: publishing the poses
[rosout][INFO] 2022-01-08 12:09:48,155: publishing the poses
[rosout][INFO] 2022-01-08 12:09:48,257: publishing the poses
[rosout][INFO] 2022-01-08 12:09:48,358: publishing the poses
[rosout][INFO] 2022-01-08 12:09:48,458: publishing the poses
[rosout][INFO] 2022-01-08 12:09:48,559: publishing the poses
[rosout][INFO] 2022-01-08 12:09:48,658: publishing the poses
[rosout][INFO] 2022-01-08 12:09:48,758: publishing the poses
[rosout][INFO] 2022-01-08 12:09:48,859: publishing the poses
[rosout][INFO] 2022-01-08 12:09:48,959: publishing the poses
[rosout][INFO] 2022-01-08 12:09:49,059: publishing the poses
[rosout][INFO] 2022-01-08 12:09:49,160: publishing the poses
[rosout][INFO] 2022-01-08 12:09:49,259: publishing the poses
[rosout][INFO] 2022-01-08 12:09:49,360: publishing the poses
[rosout][INFO] 2022-01-08 12:09:49,460: publishing the poses
[rosout][INFO] 2022-01-08 12:09:49,561: publishing the poses
[rosout][INFO] 2022-01-08 12:09:49,661: publishing the poses
[rosout][INFO] 2022-01-08 12:09:49,762: publishing the poses
[rosout][INFO] 2022-01-08 12:09:49,862: publishing the poses
[rosout][INFO] 2022-01-08 12:09:49,963: publishing the poses
[rosout][INFO] 2022-01-08 12:09:50,063: publishing the poses
[rosout][INFO] 2022-01-08 12:09:50,165: publishing the poses
[rosout][INFO] 2022-01-08 12:09:50,263: publishing the poses
[rosout][INFO] 2022-01-08 12:09:50,364: publishing the poses
[rosout][INFO] 2022-01-08 12:09:50,464: publishing the poses
[rosout][INFO] 2022-01-08 12:09:50,564: publishing the poses
[rosout][INFO] 2022-01-08 12:09:50,664: publishing the poses
[rosout][INFO] 2022-01-08 12:09:50,765: publishing the poses
[rosout][INFO] 2022-01-08 12:09:50,864: publishing the poses
[rosout][INFO] 2022-01-08 12:09:50,965: publishing the poses
[rosout][INFO] 2022-01-08 12:09:51,065: publishing the poses
[rosout][INFO] 2022-01-08 12:09:51,165: publishing the poses
[rosout][INFO] 2022-01-08 12:09:51,266: publishing the poses
[rosout][INFO] 2022-01-08 12:09:51,366: publishing the poses
[rosout][INFO] 2022-01-08 12:09:51,467: publishing the poses
[rosout][INFO] 2022-01-08 12:09:51,567: publishing the poses
[rosout][INFO] 2022-01-08 12:09:51,668: publishing the poses
[rosout][INFO] 2022-01-08 12:09:51,768: publishing the poses
[rosout][INFO] 2022-01-08 12:09:51,870: publishing the poses
[rosout][INFO] 2022-01-08 12:09:51,971: publishing the poses
[rosout][INFO] 2022-01-08 12:09:52,071: publishing the poses
[rosout][INFO] 2022-01-08 12:09:52,172: publishing the poses
[rosout][INFO] 2022-01-08 12:09:52,272: publishing the poses
[rosout][INFO] 2022-01-08 12:09:52,373: publishing the poses
[rosout][INFO] 2022-01-08 12:09:52,474: publishing the poses
[rosout][INFO] 2022-01-08 12:09:52,574: publishing the poses
[rosout][INFO] 2022-01-08 12:09:52,674: publishing the poses
[rosout][INFO] 2022-01-08 12:09:52,774: publishing the poses
[rosout][INFO] 2022-01-08 12:09:52,875: publishing the poses
[rosout][INFO] 2022-01-08 12:09:52,975: publishing the poses
[rosout][INFO] 2022-01-08 12:09:53,076: publishing the poses
[rosout][INFO] 2022-01-08 12:09:53,177: publishing the poses
[rosout][INFO] 2022-01-08 12:09:53,277: publishing the poses
[rosout][INFO] 2022-01-08 12:09:53,378: publishing the poses
[rosout][INFO] 2022-01-08 12:09:53,478: publishing the poses
[rosout][INFO] 2022-01-08 12:09:53,578: publishing the poses
[rosout][INFO] 2022-01-08 12:09:53,678: publishing the poses
[rosout][INFO] 2022-01-08 12:09:53,778: publishing the poses
[rosout][INFO] 2022-01-08 12:09:53,879: publishing the poses
[rosout][INFO] 2022-01-08 12:09:53,979: publishing the poses
[rosout][INFO] 2022-01-08 12:09:54,080: publishing the poses
[rosout][INFO] 2022-01-08 12:09:54,179: publishing the poses
[rosout][INFO] 2022-01-08 12:09:54,280: publishing the poses
[rosout][INFO] 2022-01-08 12:09:54,381: publishing the poses
[rosout][INFO] 2022-01-08 12:09:54,482: publishing the poses
[rosout][INFO] 2022-01-08 12:09:54,582: publishing the poses
[rosout][INFO] 2022-01-08 12:09:54,682: publishing the poses
[rosout][INFO] 2022-01-08 12:09:54,783: publishing the poses
[rosout][INFO] 2022-01-08 12:09:54,883: publishing the poses
[rosout][INFO] 2022-01-08 12:09:54,984: publishing the poses
[rosout][INFO] 2022-01-08 12:09:55,083: publishing the poses
[rosout][INFO] 2022-01-08 12:09:55,184: publishing the poses
[rosout][INFO] 2022-01-08 12:09:55,284: publishing the poses
[rosout][INFO] 2022-01-08 12:09:55,384: publishing the poses
[rosout][INFO] 2022-01-08 12:09:55,484: publishing the poses
[rosout][INFO] 2022-01-08 12:09:55,585: publishing the poses
[rosout][INFO] 2022-01-08 12:09:55,685: publishing the poses
[rosout][INFO] 2022-01-08 12:09:55,786: publishing the poses
[rosout][INFO] 2022-01-08 12:09:55,887: publishing the poses
[rosout][INFO] 2022-01-08 12:09:55,987: publishing the poses
[rosout][INFO] 2022-01-08 12:09:56,088: publishing the poses
[rosout][INFO] 2022-01-08 12:09:56,189: publishing the poses
[rosout][INFO] 2022-01-08 12:09:56,290: publishing the poses
[rosout][INFO] 2022-01-08 12:09:56,390: publishing the poses
[rosout][INFO] 2022-01-08 12:09:56,490: publishing the poses
[rosout][INFO] 2022-01-08 12:09:56,590: publishing the poses
[rosout][INFO] 2022-01-08 12:09:56,690: publishing the poses
[rosout][INFO] 2022-01-08 12:09:56,791: publishing the poses
[rosout][INFO] 2022-01-08 12:09:56,891: publishing the poses
[rosout][INFO] 2022-01-08 12:09:56,992: publishing the poses
[rosout][INFO] 2022-01-08 12:09:57,092: publishing the poses
[rosout][INFO] 2022-01-08 12:09:57,192: publishing the poses
[rosout][INFO] 2022-01-08 12:09:57,293: publishing the poses
[rosout][INFO] 2022-01-08 12:09:57,393: publishing the poses
[rosout][INFO] 2022-01-08 12:09:57,493: publishing the poses
[rosout][INFO] 2022-01-08 12:09:57,595: publishing the poses
[rosout][INFO] 2022-01-08 12:09:57,695: publishing the poses
[rosout][INFO] 2022-01-08 12:09:57,796: publishing the poses
[rosout][INFO] 2022-01-08 12:09:57,896: publishing the poses
[rosout][INFO] 2022-01-08 12:09:57,997: publishing the poses
[rosout][INFO] 2022-01-08 12:09:58,096: publishing the poses
[rosout][INFO] 2022-01-08 12:09:58,197: publishing the poses
[rosout][INFO] 2022-01-08 12:09:58,297: publishing the poses
[rosout][INFO] 2022-01-08 12:09:58,397: publishing the poses
[rosout][INFO] 2022-01-08 12:09:58,498: publishing the poses
[rosout][INFO] 2022-01-08 12:09:58,599: publishing the poses
[rosout][INFO] 2022-01-08 12:09:58,699: publishing the poses
[rosout][INFO] 2022-01-08 12:09:58,800: publishing the poses
[rosout][INFO] 2022-01-08 12:09:58,900: publishing the poses
[rosout][INFO] 2022-01-08 12:09:59,000: publishing the poses
[rosout][INFO] 2022-01-08 12:09:59,101: publishing the poses
[rosout][INFO] 2022-01-08 12:09:59,202: publishing the poses
[rosout][INFO] 2022-01-08 12:09:59,303: publishing the poses
[rosout][INFO] 2022-01-08 12:09:59,403: publishing the poses
[rosout][INFO] 2022-01-08 12:09:59,502: publishing the poses
[rosout][INFO] 2022-01-08 12:09:59,602: publishing the poses
[rosout][INFO] 2022-01-08 12:09:59,702: publishing the poses
[rosout][INFO] 2022-01-08 12:09:59,803: publishing the poses
[rospy.internal][INFO] 2022-01-08 12:09:59,889: topic[/grid3/allRobots/poses] adding connection to [/controller_ros_interface_24972_1641623999743], count 2
[rosout][INFO] 2022-01-08 12:09:59,902: publishing the poses
[rosout][INFO] 2022-01-08 12:10:00,002: publishing the poses
[rospy.internal][INFO] 2022-01-08 12:10:00,104: topic[/grid3/allRobots/poses] removing connection to /controller_ros_interface_24972_1641623999743
[rosout][INFO] 2022-01-08 12:10:00,103: publishing the poses
[rosout][INFO] 2022-01-08 12:10:00,204: publishing the poses
[rosout][INFO] 2022-01-08 12:10:00,305: publishing the poses
[rosout][INFO] 2022-01-08 12:10:00,405: publishing the poses
[rosout][INFO] 2022-01-08 12:10:00,504: publishing the poses
[rosout][INFO] 2022-01-08 12:10:00,604: publishing the poses
[rosout][INFO] 2022-01-08 12:10:00,705: publishing the poses
[rosout][INFO] 2022-01-08 12:10:00,806: publishing the poses
[rosout][INFO] 2022-01-08 12:10:00,906: publishing the poses
[rosout][INFO] 2022-01-08 12:10:01,006: publishing the poses
[rosout][INFO] 2022-01-08 12:10:01,107: publishing the poses
[rosout][INFO] 2022-01-08 12:10:01,207: publishing the poses
[rosout][INFO] 2022-01-08 12:10:01,307: publishing the poses
[rosout][INFO] 2022-01-08 12:10:01,408: publishing the poses
[rosout][INFO] 2022-01-08 12:10:01,508: publishing the poses
[rosout][INFO] 2022-01-08 12:10:01,608: publishing the poses
[rosout][INFO] 2022-01-08 12:10:01,709: publishing the poses
[rosout][INFO] 2022-01-08 12:10:01,809: publishing the poses
[rosout][INFO] 2022-01-08 12:10:01,909: publishing the poses
[rosout][INFO] 2022-01-08 12:10:02,010: publishing the poses
[rosout][INFO] 2022-01-08 12:10:02,110: publishing the poses
[rosout][INFO] 2022-01-08 12:10:02,210: publishing the poses
[rosout][INFO] 2022-01-08 12:10:02,310: publishing the poses
[rosout][INFO] 2022-01-08 12:10:02,410: publishing the poses
[rosout][INFO] 2022-01-08 12:10:02,510: publishing the poses
[rosout][INFO] 2022-01-08 12:10:02,611: publishing the poses
[rosout][INFO] 2022-01-08 12:10:02,711: publishing the poses
[rosout][INFO] 2022-01-08 12:10:02,811: publishing the poses
[rosout][INFO] 2022-01-08 12:10:02,911: publishing the poses
[rosout][INFO] 2022-01-08 12:10:03,011: publishing the poses
[rosout][INFO] 2022-01-08 12:10:03,111: publishing the poses
[rosout][INFO] 2022-01-08 12:10:03,211: publishing the poses
[rosout][INFO] 2022-01-08 12:10:03,312: publishing the poses
[rosout][INFO] 2022-01-08 12:10:03,413: publishing the poses
[rosout][INFO] 2022-01-08 12:10:03,513: publishing the poses
[rosout][INFO] 2022-01-08 12:10:03,613: publishing the poses
[rosout][INFO] 2022-01-08 12:10:03,714: publishing the poses
[rosout][INFO] 2022-01-08 12:10:03,813: publishing the poses
[rosout][INFO] 2022-01-08 12:10:03,914: publishing the poses
[rosout][INFO] 2022-01-08 12:10:04,014: publishing the poses
[rosout][INFO] 2022-01-08 12:10:04,114: publishing the poses
[rosout][INFO] 2022-01-08 12:10:04,215: publishing the poses
[rosout][INFO] 2022-01-08 12:10:04,315: publishing the poses
[rosout][INFO] 2022-01-08 12:10:04,415: publishing the poses
[rosout][INFO] 2022-01-08 12:10:04,516: publishing the poses
[rosout][INFO] 2022-01-08 12:10:04,616: publishing the poses
[rosout][INFO] 2022-01-08 12:10:04,717: publishing the poses
[rosout][INFO] 2022-01-08 12:10:04,817: publishing the poses
[rosout][INFO] 2022-01-08 12:10:04,917: publishing the poses
[rosout][INFO] 2022-01-08 12:10:05,017: publishing the poses
[rosout][INFO] 2022-01-08 12:10:05,118: publishing the poses
[rosout][INFO] 2022-01-08 12:10:05,218: publishing the poses
[rosout][INFO] 2022-01-08 12:10:05,319: publishing the poses
[rosout][INFO] 2022-01-08 12:10:05,418: publishing the poses
[rosout][INFO] 2022-01-08 12:10:05,519: publishing the poses
[rosout][INFO] 2022-01-08 12:10:05,618: publishing the poses
[rosout][INFO] 2022-01-08 12:10:05,719: publishing the poses
[rosout][INFO] 2022-01-08 12:10:05,818: publishing the poses
[rosout][INFO] 2022-01-08 12:10:05,919: publishing the poses
[rosout][INFO] 2022-01-08 12:10:06,019: publishing the poses
[rosout][INFO] 2022-01-08 12:10:06,119: publishing the poses
[rosout][INFO] 2022-01-08 12:10:06,219: publishing the poses
[rosout][INFO] 2022-01-08 12:10:06,320: publishing the poses
[rosout][INFO] 2022-01-08 12:10:06,421: publishing the poses
[rosout][INFO] 2022-01-08 12:10:06,521: publishing the poses
[rosout][INFO] 2022-01-08 12:10:06,622: publishing the poses
[rosout][INFO] 2022-01-08 12:10:06,722: publishing the poses
[rosout][INFO] 2022-01-08 12:10:06,822: publishing the poses
[rosout][INFO] 2022-01-08 12:10:06,922: publishing the poses
[rosout][INFO] 2022-01-08 12:10:07,022: publishing the poses
[rosout][INFO] 2022-01-08 12:10:07,123: publishing the poses
[rosout][INFO] 2022-01-08 12:10:07,223: publishing the poses
[rosout][INFO] 2022-01-08 12:10:07,323: publishing the poses
[rosout][INFO] 2022-01-08 12:10:07,424: publishing the poses
[rosout][INFO] 2022-01-08 12:10:07,524: publishing the poses
[rosout][INFO] 2022-01-08 12:10:07,626: publishing the poses
[rosout][INFO] 2022-01-08 12:10:07,727: publishing the poses
[rosout][INFO] 2022-01-08 12:10:07,827: publishing the poses
[rosout][INFO] 2022-01-08 12:10:07,927: publishing the poses
[rosout][INFO] 2022-01-08 12:10:08,029: publishing the poses
[rosout][INFO] 2022-01-08 12:10:08,128: publishing the poses
[rosout][INFO] 2022-01-08 12:10:08,229: publishing the poses
[rosout][INFO] 2022-01-08 12:10:08,329: publishing the poses
[rosout][INFO] 2022-01-08 12:10:08,431: publishing the poses
[rosout][INFO] 2022-01-08 12:10:08,531: publishing the poses
[rosout][INFO] 2022-01-08 12:10:08,631: publishing the poses
[rosout][INFO] 2022-01-08 12:10:08,732: publishing the poses
[rosout][INFO] 2022-01-08 12:10:08,831: publishing the poses
[rosout][INFO] 2022-01-08 12:10:08,932: publishing the poses
[rosout][INFO] 2022-01-08 12:10:09,033: publishing the poses
[rosout][INFO] 2022-01-08 12:10:09,133: publishing the poses
[rosout][INFO] 2022-01-08 12:10:09,237: publishing the poses
[rosout][INFO] 2022-01-08 12:10:09,337: publishing the poses
[rosout][INFO] 2022-01-08 12:10:09,438: publishing the poses
[rosout][INFO] 2022-01-08 12:10:09,538: publishing the poses
[rosout][INFO] 2022-01-08 12:10:09,638: publishing the poses
[rosout][INFO] 2022-01-08 12:10:09,739: publishing the poses
[rosout][INFO] 2022-01-08 12:10:09,840: publishing the poses
[rosout][INFO] 2022-01-08 12:10:09,939: publishing the poses
[rosout][INFO] 2022-01-08 12:10:10,040: publishing the poses
[rosout][INFO] 2022-01-08 12:10:10,144: publishing the poses
[rosout][INFO] 2022-01-08 12:10:10,244: publishing the poses
[rosout][INFO] 2022-01-08 12:10:10,344: publishing the poses
[rosout][INFO] 2022-01-08 12:10:10,445: publishing the poses
[rosout][INFO] 2022-01-08 12:10:10,545: publishing the poses
[rosout][INFO] 2022-01-08 12:10:10,645: publishing the poses
[rosout][INFO] 2022-01-08 12:10:10,746: publishing the poses
[rosout][INFO] 2022-01-08 12:10:10,846: publishing the poses
[rosout][INFO] 2022-01-08 12:10:10,947: publishing the poses
[rosout][INFO] 2022-01-08 12:10:11,047: publishing the poses
[rosout][INFO] 2022-01-08 12:10:11,148: publishing the poses
[rosout][INFO] 2022-01-08 12:10:11,248: publishing the poses
[rosout][INFO] 2022-01-08 12:10:11,348: publishing the poses
[rosout][INFO] 2022-01-08 12:10:11,448: publishing the poses
[rosout][INFO] 2022-01-08 12:10:11,548: publishing the poses
[rosout][INFO] 2022-01-08 12:10:11,648: publishing the poses
[rosout][INFO] 2022-01-08 12:10:11,747: publishing the poses
[rosout][INFO] 2022-01-08 12:10:11,849: publishing the poses
[rosout][INFO] 2022-01-08 12:10:11,948: publishing the poses
[rosout][INFO] 2022-01-08 12:10:12,049: publishing the poses
[rosout][INFO] 2022-01-08 12:10:12,150: publishing the poses
[rosout][INFO] 2022-01-08 12:10:12,251: publishing the poses
[rosout][INFO] 2022-01-08 12:10:12,352: publishing the poses
[rosout][INFO] 2022-01-08 12:10:12,452: publishing the poses
[rosout][INFO] 2022-01-08 12:10:12,552: publishing the poses
[rosout][INFO] 2022-01-08 12:10:12,651: publishing the poses
[rosout][INFO] 2022-01-08 12:10:12,750: publishing the poses
[rosout][INFO] 2022-01-08 12:10:12,850: publishing the poses
[rosout][INFO] 2022-01-08 12:10:12,951: publishing the poses
[rosout][INFO] 2022-01-08 12:10:13,053: publishing the poses
[rosout][INFO] 2022-01-08 12:10:13,153: publishing the poses
[rosout][INFO] 2022-01-08 12:10:13,254: publishing the poses
[rosout][INFO] 2022-01-08 12:10:13,353: publishing the poses
[rosout][INFO] 2022-01-08 12:10:13,455: publishing the poses
[rosout][INFO] 2022-01-08 12:10:13,554: publishing the poses
[rosout][INFO] 2022-01-08 12:10:13,655: publishing the poses
[rosout][INFO] 2022-01-08 12:10:13,755: publishing the poses
[rosout][INFO] 2022-01-08 12:10:13,855: publishing the poses
[rosout][INFO] 2022-01-08 12:10:13,956: publishing the poses
[rosout][INFO] 2022-01-08 12:10:14,057: publishing the poses
[rosout][INFO] 2022-01-08 12:10:14,157: publishing the poses
[rosout][INFO] 2022-01-08 12:10:14,257: publishing the poses
[rosout][INFO] 2022-01-08 12:10:14,357: publishing the poses
[rosout][INFO] 2022-01-08 12:10:14,457: publishing the poses
[rosout][INFO] 2022-01-08 12:10:14,558: publishing the poses
[rosout][INFO] 2022-01-08 12:10:14,659: publishing the poses
[rosout][INFO] 2022-01-08 12:10:14,760: publishing the poses
[rosout][INFO] 2022-01-08 12:10:14,860: publishing the poses
[rosout][INFO] 2022-01-08 12:10:14,960: publishing the poses
[rosout][INFO] 2022-01-08 12:10:15,060: publishing the poses
[rosout][INFO] 2022-01-08 12:10:15,161: publishing the poses
[rosout][INFO] 2022-01-08 12:10:15,262: publishing the poses
[rosout][INFO] 2022-01-08 12:10:15,362: publishing the poses
[rosout][INFO] 2022-01-08 12:10:15,463: publishing the poses
[rosout][INFO] 2022-01-08 12:10:15,562: publishing the poses
[rosout][INFO] 2022-01-08 12:10:15,663: publishing the poses
[rosout][INFO] 2022-01-08 12:10:15,764: publishing the poses
[rosout][INFO] 2022-01-08 12:10:15,863: publishing the poses
[rosout][INFO] 2022-01-08 12:10:15,963: publishing the poses
[rosout][INFO] 2022-01-08 12:10:16,065: publishing the poses
[rosout][INFO] 2022-01-08 12:10:16,166: publishing the poses
[rosout][INFO] 2022-01-08 12:10:16,266: publishing the poses
[rosout][INFO] 2022-01-08 12:10:16,366: publishing the poses
[rosout][INFO] 2022-01-08 12:10:16,467: publishing the poses
[rosout][INFO] 2022-01-08 12:10:16,568: publishing the poses
[rosout][INFO] 2022-01-08 12:10:16,668: publishing the poses
[rosout][INFO] 2022-01-08 12:10:16,769: publishing the poses
[rosout][INFO] 2022-01-08 12:10:16,869: publishing the poses
[rosout][INFO] 2022-01-08 12:10:16,969: publishing the poses
[rosout][INFO] 2022-01-08 12:10:17,071: publishing the poses
[rosout][INFO] 2022-01-08 12:10:17,172: publishing the poses
[rosout][INFO] 2022-01-08 12:10:17,273: publishing the poses
[rosout][INFO] 2022-01-08 12:10:17,374: publishing the poses
[rosout][INFO] 2022-01-08 12:10:17,475: publishing the poses
[rosout][INFO] 2022-01-08 12:10:17,576: publishing the poses
[rosout][INFO] 2022-01-08 12:10:17,677: publishing the poses
[rosout][INFO] 2022-01-08 12:10:17,777: publishing the poses
[rosout][INFO] 2022-01-08 12:10:17,878: publishing the poses
[rosout][INFO] 2022-01-08 12:10:17,978: publishing the poses
[rosout][INFO] 2022-01-08 12:10:18,078: publishing the poses
[rosout][INFO] 2022-01-08 12:10:18,179: publishing the poses
[rosout][INFO] 2022-01-08 12:10:18,280: publishing the poses
[rosout][INFO] 2022-01-08 12:10:18,380: publishing the poses
[rosout][INFO] 2022-01-08 12:10:18,479: publishing the poses
[rosout][INFO] 2022-01-08 12:10:18,580: publishing the poses
[rosout][INFO] 2022-01-08 12:10:18,680: publishing the poses
[rosout][INFO] 2022-01-08 12:10:18,780: publishing the poses
[rosout][INFO] 2022-01-08 12:10:18,881: publishing the poses
[rosout][INFO] 2022-01-08 12:10:18,981: publishing the poses
[rosout][INFO] 2022-01-08 12:10:19,082: publishing the poses
[rosout][INFO] 2022-01-08 12:10:19,182: publishing the poses
[rosout][INFO] 2022-01-08 12:10:19,282: publishing the poses
[rosout][INFO] 2022-01-08 12:10:19,382: publishing the poses
[rosout][INFO] 2022-01-08 12:10:19,482: publishing the poses
[rosout][INFO] 2022-01-08 12:10:19,585: publishing the poses
[rosout][INFO] 2022-01-08 12:10:19,688: publishing the poses
[rosout][INFO] 2022-01-08 12:10:19,790: publishing the poses
[rosout][INFO] 2022-01-08 12:10:19,891: publishing the poses
[rosout][INFO] 2022-01-08 12:10:19,992: publishing the poses
[rosout][INFO] 2022-01-08 12:10:20,093: publishing the poses
[rosout][INFO] 2022-01-08 12:10:20,194: publishing the poses
[rosout][INFO] 2022-01-08 12:10:20,294: publishing the poses
[rosout][INFO] 2022-01-08 12:10:20,394: publishing the poses
[rosout][INFO] 2022-01-08 12:10:20,494: publishing the poses
[rosout][INFO] 2022-01-08 12:10:20,594: publishing the poses
[rosout][INFO] 2022-01-08 12:10:20,694: publishing the poses
[rosout][INFO] 2022-01-08 12:10:20,795: publishing the poses
[rosout][INFO] 2022-01-08 12:10:20,896: publishing the poses
[rosout][INFO] 2022-01-08 12:10:20,997: publishing the poses
[rosout][INFO] 2022-01-08 12:10:21,098: publishing the poses
[rosout][INFO] 2022-01-08 12:10:21,198: publishing the poses
[rosout][INFO] 2022-01-08 12:10:21,299: publishing the poses
[rosout][INFO] 2022-01-08 12:10:21,399: publishing the poses
[rosout][INFO] 2022-01-08 12:10:21,499: publishing the poses
[rosout][INFO] 2022-01-08 12:10:21,601: publishing the poses
[rosout][INFO] 2022-01-08 12:10:21,701: publishing the poses
[rosout][INFO] 2022-01-08 12:10:21,801: publishing the poses
[rosout][INFO] 2022-01-08 12:10:21,902: publishing the poses
[rosout][INFO] 2022-01-08 12:10:22,001: publishing the poses
[rosout][INFO] 2022-01-08 12:10:22,106: publishing the poses
[rosout][INFO] 2022-01-08 12:10:22,207: publishing the poses
[rosout][INFO] 2022-01-08 12:10:22,309: publishing the poses
[rosout][INFO] 2022-01-08 12:10:22,409: publishing the poses
[rosout][INFO] 2022-01-08 12:10:22,510: publishing the poses
[rosout][INFO] 2022-01-08 12:10:22,611: publishing the poses
[rosout][INFO] 2022-01-08 12:10:22,711: publishing the poses
[rosout][INFO] 2022-01-08 12:10:22,811: publishing the poses
[rosout][INFO] 2022-01-08 12:10:22,911: publishing the poses
[rosout][INFO] 2022-01-08 12:10:23,015: publishing the poses
[rosout][INFO] 2022-01-08 12:10:23,115: publishing the poses
[rosout][INFO] 2022-01-08 12:10:23,217: publishing the poses
[rosout][INFO] 2022-01-08 12:10:23,317: publishing the poses
[rosout][INFO] 2022-01-08 12:10:23,419: publishing the poses
[rosout][INFO] 2022-01-08 12:10:23,519: publishing the poses
[rosout][INFO] 2022-01-08 12:10:23,619: publishing the poses
[rosout][INFO] 2022-01-08 12:10:23,720: publishing the poses
[rosout][INFO] 2022-01-08 12:10:23,820: publishing the poses
[rosout][INFO] 2022-01-08 12:10:23,920: publishing the poses
[rosout][INFO] 2022-01-08 12:10:24,020: publishing the poses
[rosout][INFO] 2022-01-08 12:10:24,120: publishing the poses
[rosout][INFO] 2022-01-08 12:10:24,220: publishing the poses
[rosout][INFO] 2022-01-08 12:10:24,321: publishing the poses
[rosout][INFO] 2022-01-08 12:10:24,421: publishing the poses
[rosout][INFO] 2022-01-08 12:10:24,521: publishing the poses
[rosout][INFO] 2022-01-08 12:10:24,622: publishing the poses
[rosout][INFO] 2022-01-08 12:10:24,722: publishing the poses
[rosout][INFO] 2022-01-08 12:10:24,822: publishing the poses
[rosout][INFO] 2022-01-08 12:10:24,922: publishing the poses
[rosout][INFO] 2022-01-08 12:10:25,023: publishing the poses
[rosout][INFO] 2022-01-08 12:10:25,123: publishing the poses
[rosout][INFO] 2022-01-08 12:10:25,223: publishing the poses
[rosout][INFO] 2022-01-08 12:10:25,324: publishing the poses
[rosout][INFO] 2022-01-08 12:10:25,424: publishing the poses
[rosout][INFO] 2022-01-08 12:10:25,526: publishing the poses
[rosout][INFO] 2022-01-08 12:10:25,626: publishing the poses
[rosout][INFO] 2022-01-08 12:10:25,726: publishing the poses
[rosout][INFO] 2022-01-08 12:10:25,826: publishing the poses
[rosout][INFO] 2022-01-08 12:10:25,927: publishing the poses
[rosout][INFO] 2022-01-08 12:10:26,028: publishing the poses
[rosout][INFO] 2022-01-08 12:10:26,128: publishing the poses
[rosout][INFO] 2022-01-08 12:10:26,231: publishing the poses
[rosout][INFO] 2022-01-08 12:10:26,332: publishing the poses
[rosout][INFO] 2022-01-08 12:10:26,432: publishing the poses
[rosout][INFO] 2022-01-08 12:10:26,533: publishing the poses
[rosout][INFO] 2022-01-08 12:10:26,633: publishing the poses
[rosout][INFO] 2022-01-08 12:10:26,734: publishing the poses
[rosout][INFO] 2022-01-08 12:10:26,834: publishing the poses
[rosout][INFO] 2022-01-08 12:10:26,935: publishing the poses
[rosout][INFO] 2022-01-08 12:10:27,034: publishing the poses
[rosout][INFO] 2022-01-08 12:10:27,134: publishing the poses
[rosout][INFO] 2022-01-08 12:10:27,234: publishing the poses
[rosout][INFO] 2022-01-08 12:10:27,335: publishing the poses
[rospy.internal][INFO] 2022-01-08 12:10:27,416: topic[/grid3/allRobots/poses] adding connection to [/controller_ros_interface_25099_1641624027269], count 2
[rosout][INFO] 2022-01-08 12:10:27,435: publishing the poses
[rosout][INFO] 2022-01-08 12:10:27,535: publishing the poses
[rosout][INFO] 2022-01-08 12:10:27,636: publishing the poses
[rosout][INFO] 2022-01-08 12:10:27,737: publishing the poses
[rosout][INFO] 2022-01-08 12:10:27,837: publishing the poses
[rosout][INFO] 2022-01-08 12:10:27,938: publishing the poses
[rosout][INFO] 2022-01-08 12:10:28,038: publishing the poses
[rosout][INFO] 2022-01-08 12:10:28,138: publishing the poses
[rosout][INFO] 2022-01-08 12:10:28,239: publishing the poses
[rosout][INFO] 2022-01-08 12:10:28,340: publishing the poses
[rosout][INFO] 2022-01-08 12:10:28,440: publishing the poses
[rosout][INFO] 2022-01-08 12:10:28,541: publishing the poses
[rosout][INFO] 2022-01-08 12:10:28,641: publishing the poses
[rosout][INFO] 2022-01-08 12:10:28,741: publishing the poses
[rosout][INFO] 2022-01-08 12:10:28,841: publishing the poses
[rosout][INFO] 2022-01-08 12:10:28,942: publishing the poses
[rosout][INFO] 2022-01-08 12:10:29,042: publishing the poses
[rosout][INFO] 2022-01-08 12:10:29,142: publishing the poses
[rosout][INFO] 2022-01-08 12:10:29,244: publishing the poses
[rosout][INFO] 2022-01-08 12:10:29,345: publishing the poses
[rosout][INFO] 2022-01-08 12:10:29,446: publishing the poses
[rosout][INFO] 2022-01-08 12:10:29,547: publishing the poses
[rosout][INFO] 2022-01-08 12:10:29,647: publishing the poses
[rosout][INFO] 2022-01-08 12:10:29,748: publishing the poses
[rosout][INFO] 2022-01-08 12:10:29,848: publishing the poses
[rosout][INFO] 2022-01-08 12:10:29,949: publishing the poses
[rosout][INFO] 2022-01-08 12:10:30,049: publishing the poses
[rosout][INFO] 2022-01-08 12:10:30,150: publishing the poses
[rosout][INFO] 2022-01-08 12:10:30,250: publishing the poses
[rosout][INFO] 2022-01-08 12:10:30,351: publishing the poses
[rosout][INFO] 2022-01-08 12:10:30,453: publishing the poses
[rosout][INFO] 2022-01-08 12:10:30,553: publishing the poses
[rosout][INFO] 2022-01-08 12:10:30,653: publishing the poses
[rosout][INFO] 2022-01-08 12:10:30,754: publishing the poses
[rosout][INFO] 2022-01-08 12:10:30,855: publishing the poses
[rosout][INFO] 2022-01-08 12:10:30,955: publishing the poses
[rosout][INFO] 2022-01-08 12:10:31,055: publishing the poses
[rosout][INFO] 2022-01-08 12:10:31,156: publishing the poses
[rosout][INFO] 2022-01-08 12:10:31,257: publishing the poses
[rosout][INFO] 2022-01-08 12:10:31,357: publishing the poses
[rosout][INFO] 2022-01-08 12:10:31,458: publishing the poses
[rosout][INFO] 2022-01-08 12:10:31,559: publishing the poses
[rosout][INFO] 2022-01-08 12:10:31,659: publishing the poses
[rosout][INFO] 2022-01-08 12:10:31,759: publishing the poses
[rosout][INFO] 2022-01-08 12:10:31,859: publishing the poses
[rosout][INFO] 2022-01-08 12:10:31,960: publishing the poses
[rosout][INFO] 2022-01-08 12:10:32,060: publishing the poses
[rosout][INFO] 2022-01-08 12:10:32,162: publishing the poses
[rosout][INFO] 2022-01-08 12:10:32,263: publishing the poses
[rosout][INFO] 2022-01-08 12:10:32,363: publishing the poses
[rosout][INFO] 2022-01-08 12:10:32,463: publishing the poses
[rosout][INFO] 2022-01-08 12:10:32,564: publishing the poses
[rosout][INFO] 2022-01-08 12:10:32,665: publishing the poses
[rosout][INFO] 2022-01-08 12:10:32,766: publishing the poses
[rosout][INFO] 2022-01-08 12:10:32,866: publishing the poses
[rosout][INFO] 2022-01-08 12:10:32,966: publishing the poses
[rosout][INFO] 2022-01-08 12:10:33,068: publishing the poses
[rosout][INFO] 2022-01-08 12:10:33,168: publishing the poses
[rosout][INFO] 2022-01-08 12:10:33,269: publishing the poses
[rosout][INFO] 2022-01-08 12:10:33,369: publishing the poses
[rosout][INFO] 2022-01-08 12:10:33,470: publishing the poses
[rosout][INFO] 2022-01-08 12:10:33,570: publishing the poses
[rosout][INFO] 2022-01-08 12:10:33,670: publishing the poses
[rosout][INFO] 2022-01-08 12:10:33,771: publishing the poses
[rosout][INFO] 2022-01-08 12:10:33,871: publishing the poses
[rosout][INFO] 2022-01-08 12:10:33,972: publishing the poses
[rosout][INFO] 2022-01-08 12:10:34,072: publishing the poses
[rosout][INFO] 2022-01-08 12:10:34,173: publishing the poses
[rosout][INFO] 2022-01-08 12:10:34,273: publishing the poses
[rosout][INFO] 2022-01-08 12:10:34,374: publishing the poses
[rosout][INFO] 2022-01-08 12:10:34,474: publishing the poses
[rosout][INFO] 2022-01-08 12:10:34,574: publishing the poses
[rosout][INFO] 2022-01-08 12:10:34,675: publishing the poses
[rosout][INFO] 2022-01-08 12:10:34,775: publishing the poses
[rosout][INFO] 2022-01-08 12:10:34,875: publishing the poses
[rosout][INFO] 2022-01-08 12:10:34,975: publishing the poses
[rosout][INFO] 2022-01-08 12:10:35,076: publishing the poses
[rosout][INFO] 2022-01-08 12:10:35,176: publishing the poses
[rosout][INFO] 2022-01-08 12:10:35,277: publishing the poses
[rosout][INFO] 2022-01-08 12:10:35,377: publishing the poses
[rosout][INFO] 2022-01-08 12:10:35,478: publishing the poses
[rosout][INFO] 2022-01-08 12:10:35,579: publishing the poses
[rosout][INFO] 2022-01-08 12:10:35,678: publishing the poses
[rosout][INFO] 2022-01-08 12:10:35,779: publishing the poses
[rosout][INFO] 2022-01-08 12:10:35,879: publishing the poses
[rosout][INFO] 2022-01-08 12:10:35,979: publishing the poses
[rosout][INFO] 2022-01-08 12:10:36,079: publishing the poses
[rosout][INFO] 2022-01-08 12:10:36,180: publishing the poses
[rosout][INFO] 2022-01-08 12:10:36,280: publishing the poses
[rosout][INFO] 2022-01-08 12:10:36,381: publishing the poses
[rosout][INFO] 2022-01-08 12:10:36,481: publishing the poses
[rosout][INFO] 2022-01-08 12:10:36,581: publishing the poses
[rosout][INFO] 2022-01-08 12:10:36,681: publishing the poses
[rosout][INFO] 2022-01-08 12:10:36,782: publishing the poses
[rosout][INFO] 2022-01-08 12:10:36,881: publishing the poses
[rosout][INFO] 2022-01-08 12:10:36,981: publishing the poses
[rosout][INFO] 2022-01-08 12:10:37,082: publishing the poses
[rosout][INFO] 2022-01-08 12:10:37,183: publishing the poses
[rosout][INFO] 2022-01-08 12:10:37,284: publishing the poses
[rosout][INFO] 2022-01-08 12:10:37,384: publishing the poses
[rosout][INFO] 2022-01-08 12:10:37,485: publishing the poses
[rosout][INFO] 2022-01-08 12:10:37,585: publishing the poses
[rosout][INFO] 2022-01-08 12:10:37,686: publishing the poses
[rosout][INFO] 2022-01-08 12:10:37,786: publishing the poses
[rosout][INFO] 2022-01-08 12:10:37,887: publishing the poses
[rosout][INFO] 2022-01-08 12:10:37,988: publishing the poses
[rosout][INFO] 2022-01-08 12:10:38,089: publishing the poses
[rosout][INFO] 2022-01-08 12:10:38,190: publishing the poses
[rosout][INFO] 2022-01-08 12:10:38,290: publishing the poses
[rosout][INFO] 2022-01-08 12:10:38,390: publishing the poses
[rosout][INFO] 2022-01-08 12:10:38,491: publishing the poses
[rosout][INFO] 2022-01-08 12:10:38,591: publishing the poses
[rosout][INFO] 2022-01-08 12:10:38,691: publishing the poses
[rosout][INFO] 2022-01-08 12:10:38,792: publishing the poses
[rosout][INFO] 2022-01-08 12:10:38,892: publishing the poses
[rosout][INFO] 2022-01-08 12:10:38,992: publishing the poses
[rosout][INFO] 2022-01-08 12:10:39,092: publishing the poses
[rosout][INFO] 2022-01-08 12:10:39,193: publishing the poses
[rosout][INFO] 2022-01-08 12:10:39,293: publishing the poses
[rosout][INFO] 2022-01-08 12:10:39,394: publishing the poses
[rosout][INFO] 2022-01-08 12:10:39,494: publishing the poses
[rosout][INFO] 2022-01-08 12:10:39,594: publishing the poses
[rosout][INFO] 2022-01-08 12:10:39,694: publishing the poses
[rosout][INFO] 2022-01-08 12:10:39,794: publishing the poses
[rosout][INFO] 2022-01-08 12:10:39,895: publishing the poses
[rosout][INFO] 2022-01-08 12:10:39,996: publishing the poses
[rosout][INFO] 2022-01-08 12:10:40,096: publishing the poses
[rosout][INFO] 2022-01-08 12:10:40,197: publishing the poses
[rosout][INFO] 2022-01-08 12:10:40,297: publishing the poses
[rosout][INFO] 2022-01-08 12:10:40,399: publishing the poses
[rosout][INFO] 2022-01-08 12:10:40,501: publishing the poses
[rosout][INFO] 2022-01-08 12:10:40,601: publishing the poses
[rosout][INFO] 2022-01-08 12:10:40,702: publishing the poses
[rosout][INFO] 2022-01-08 12:10:40,803: publishing the poses
[rosout][INFO] 2022-01-08 12:10:40,904: publishing the poses
[rosout][INFO] 2022-01-08 12:10:41,004: publishing the poses
[rosout][INFO] 2022-01-08 12:10:41,105: publishing the poses
[rosout][INFO] 2022-01-08 12:10:41,205: publishing the poses
[rosout][INFO] 2022-01-08 12:10:41,306: publishing the poses
[rosout][INFO] 2022-01-08 12:10:41,406: publishing the poses
[rosout][INFO] 2022-01-08 12:10:41,507: publishing the poses
[rosout][INFO] 2022-01-08 12:10:41,608: publishing the poses
[rosout][INFO] 2022-01-08 12:10:41,708: publishing the poses
[rosout][INFO] 2022-01-08 12:10:41,808: publishing the poses
[rosout][INFO] 2022-01-08 12:10:41,909: publishing the poses
[rosout][INFO] 2022-01-08 12:10:42,010: publishing the poses
[rosout][INFO] 2022-01-08 12:10:42,113: publishing the poses
[rosout][INFO] 2022-01-08 12:10:42,215: publishing the poses
[rosout][INFO] 2022-01-08 12:10:42,316: publishing the poses
[rosout][INFO] 2022-01-08 12:10:42,417: publishing the poses
[rosout][INFO] 2022-01-08 12:10:42,517: publishing the poses
[rosout][INFO] 2022-01-08 12:10:42,617: publishing the poses
[rosout][INFO] 2022-01-08 12:10:42,719: publishing the poses
[rosout][INFO] 2022-01-08 12:10:42,819: publishing the poses
[rosout][INFO] 2022-01-08 12:10:42,919: publishing the poses
[rosout][INFO] 2022-01-08 12:10:43,020: publishing the poses
[rosout][INFO] 2022-01-08 12:10:43,121: publishing the poses
[rosout][INFO] 2022-01-08 12:10:43,222: publishing the poses
[rosout][INFO] 2022-01-08 12:10:43,323: publishing the poses
[rosout][INFO] 2022-01-08 12:10:43,424: publishing the poses
[rosout][INFO] 2022-01-08 12:10:43,525: publishing the poses
[rosout][INFO] 2022-01-08 12:10:43,626: publishing the poses
[rosout][INFO] 2022-01-08 12:10:43,726: publishing the poses
[rosout][INFO] 2022-01-08 12:10:43,827: publishing the poses
[rosout][INFO] 2022-01-08 12:10:43,927: publishing the poses
[rosout][INFO] 2022-01-08 12:10:44,027: publishing the poses
[rosout][INFO] 2022-01-08 12:10:44,128: publishing the poses
[rosout][INFO] 2022-01-08 12:10:44,230: publishing the poses
[rosout][INFO] 2022-01-08 12:10:44,331: publishing the poses
[rosout][INFO] 2022-01-08 12:10:44,431: publishing the poses
[rosout][INFO] 2022-01-08 12:10:44,532: publishing the poses
[rosout][INFO] 2022-01-08 12:10:44,631: publishing the poses
[rosout][INFO] 2022-01-08 12:10:44,732: publishing the poses
[rosout][INFO] 2022-01-08 12:10:44,833: publishing the poses
[rosout][INFO] 2022-01-08 12:10:44,934: publishing the poses
[rosout][INFO] 2022-01-08 12:10:45,034: publishing the poses
[rosout][INFO] 2022-01-08 12:10:45,134: publishing the poses
[rosout][INFO] 2022-01-08 12:10:45,234: publishing the poses
[rosout][INFO] 2022-01-08 12:10:45,336: publishing the poses
[rosout][INFO] 2022-01-08 12:10:45,437: publishing the poses
[rosout][INFO] 2022-01-08 12:10:45,538: publishing the poses
[rosout][INFO] 2022-01-08 12:10:45,639: publishing the poses
[rosout][INFO] 2022-01-08 12:10:45,740: publishing the poses
[rosout][INFO] 2022-01-08 12:10:45,840: publishing the poses
[rosout][INFO] 2022-01-08 12:10:45,941: publishing the poses
[rosout][INFO] 2022-01-08 12:10:46,042: publishing the poses
[rosout][INFO] 2022-01-08 12:10:46,142: publishing the poses
[rosout][INFO] 2022-01-08 12:10:46,243: publishing the poses
[rosout][INFO] 2022-01-08 12:10:46,343: publishing the poses
[rosout][INFO] 2022-01-08 12:10:46,444: publishing the poses
[rosout][INFO] 2022-01-08 12:10:46,546: publishing the poses
[rosout][INFO] 2022-01-08 12:10:46,646: publishing the poses
[rosout][INFO] 2022-01-08 12:10:46,746: publishing the poses
[rosout][INFO] 2022-01-08 12:10:46,848: publishing the poses
[rosout][INFO] 2022-01-08 12:10:46,949: publishing the poses
[rosout][INFO] 2022-01-08 12:10:47,051: publishing the poses
[rosout][INFO] 2022-01-08 12:10:47,151: publishing the poses
[rosout][INFO] 2022-01-08 12:10:47,252: publishing the poses
[rosout][INFO] 2022-01-08 12:10:47,353: publishing the poses
[rosout][INFO] 2022-01-08 12:10:47,453: publishing the poses
[rosout][INFO] 2022-01-08 12:10:47,554: publishing the poses
[rosout][INFO] 2022-01-08 12:10:47,655: publishing the poses
[rosout][INFO] 2022-01-08 12:10:47,755: publishing the poses
[rosout][INFO] 2022-01-08 12:10:47,855: publishing the poses
[rosout][INFO] 2022-01-08 12:10:47,956: publishing the poses
[rosout][INFO] 2022-01-08 12:10:48,056: publishing the poses
[rosout][INFO] 2022-01-08 12:10:48,156: publishing the poses
[rosout][INFO] 2022-01-08 12:10:48,256: publishing the poses
[rosout][INFO] 2022-01-08 12:10:48,356: publishing the poses
[rosout][INFO] 2022-01-08 12:10:48,456: publishing the poses
[rosout][INFO] 2022-01-08 12:10:48,557: publishing the poses
[rosout][INFO] 2022-01-08 12:10:48,658: publishing the poses
[rosout][INFO] 2022-01-08 12:10:48,759: publishing the poses
[rosout][INFO] 2022-01-08 12:10:48,861: publishing the poses
[rosout][INFO] 2022-01-08 12:10:48,961: publishing the poses
[rosout][INFO] 2022-01-08 12:10:49,062: publishing the poses
[rosout][INFO] 2022-01-08 12:10:49,163: publishing the poses
[rosout][INFO] 2022-01-08 12:10:49,263: publishing the poses
[rosout][INFO] 2022-01-08 12:10:49,364: publishing the poses
[rosout][INFO] 2022-01-08 12:10:49,464: publishing the poses
[rosout][INFO] 2022-01-08 12:10:49,566: publishing the poses
[rosout][INFO] 2022-01-08 12:10:49,666: publishing the poses
[rosout][INFO] 2022-01-08 12:10:49,767: publishing the poses
[rosout][INFO] 2022-01-08 12:10:49,866: publishing the poses
[rosout][INFO] 2022-01-08 12:10:49,967: publishing the poses
[rosout][INFO] 2022-01-08 12:10:50,068: publishing the poses
[rosout][INFO] 2022-01-08 12:10:50,169: publishing the poses
[rosout][INFO] 2022-01-08 12:10:50,270: publishing the poses
[rosout][INFO] 2022-01-08 12:10:50,371: publishing the poses
[rosout][INFO] 2022-01-08 12:10:50,473: publishing the poses
[rosout][INFO] 2022-01-08 12:10:50,573: publishing the poses
[rosout][INFO] 2022-01-08 12:10:50,673: publishing the poses
[rosout][INFO] 2022-01-08 12:10:50,774: publishing the poses
[rosout][INFO] 2022-01-08 12:10:50,875: publishing the poses
[rosout][INFO] 2022-01-08 12:10:50,975: publishing the poses
[rosout][INFO] 2022-01-08 12:10:51,076: publishing the poses
[rosout][INFO] 2022-01-08 12:10:51,176: publishing the poses
[rosout][INFO] 2022-01-08 12:10:51,276: publishing the poses
[rosout][INFO] 2022-01-08 12:10:51,377: publishing the poses
[rosout][INFO] 2022-01-08 12:10:51,477: publishing the poses
[rosout][INFO] 2022-01-08 12:10:51,578: publishing the poses
[rosout][INFO] 2022-01-08 12:10:51,677: publishing the poses
[rosout][INFO] 2022-01-08 12:10:51,778: publishing the poses
[rosout][INFO] 2022-01-08 12:10:51,878: publishing the poses
[rosout][INFO] 2022-01-08 12:10:51,979: publishing the poses
[rosout][INFO] 2022-01-08 12:10:52,079: publishing the poses
[rosout][INFO] 2022-01-08 12:10:52,179: publishing the poses
[rosout][INFO] 2022-01-08 12:10:52,279: publishing the poses
[rosout][INFO] 2022-01-08 12:10:52,380: publishing the poses
[rosout][INFO] 2022-01-08 12:10:52,481: publishing the poses
[rosout][INFO] 2022-01-08 12:10:52,582: publishing the poses
[rosout][INFO] 2022-01-08 12:10:52,682: publishing the poses
[rosout][INFO] 2022-01-08 12:10:52,783: publishing the poses
[rosout][INFO] 2022-01-08 12:10:52,883: publishing the poses
[rosout][INFO] 2022-01-08 12:10:52,983: publishing the poses
[rosout][INFO] 2022-01-08 12:10:53,084: publishing the poses
[rosout][INFO] 2022-01-08 12:10:53,184: publishing the poses
[rosout][INFO] 2022-01-08 12:10:53,284: publishing the poses
[rosout][INFO] 2022-01-08 12:10:53,384: publishing the poses
[rosout][INFO] 2022-01-08 12:10:53,485: publishing the poses
[rosout][INFO] 2022-01-08 12:10:53,587: publishing the poses
[rosout][INFO] 2022-01-08 12:10:53,687: publishing the poses
[rosout][INFO] 2022-01-08 12:10:53,789: publishing the poses
[rosout][INFO] 2022-01-08 12:10:53,890: publishing the poses
[rosout][INFO] 2022-01-08 12:10:53,990: publishing the poses
[rosout][INFO] 2022-01-08 12:10:54,091: publishing the poses
[rosout][INFO] 2022-01-08 12:10:54,192: publishing the poses
[rosout][INFO] 2022-01-08 12:10:54,292: publishing the poses
[rosout][INFO] 2022-01-08 12:10:54,392: publishing the poses
[rosout][INFO] 2022-01-08 12:10:54,492: publishing the poses
[rosout][INFO] 2022-01-08 12:10:54,593: publishing the poses
[rosout][INFO] 2022-01-08 12:10:54,693: publishing the poses
[rosout][INFO] 2022-01-08 12:10:54,793: publishing the poses
[rosout][INFO] 2022-01-08 12:10:54,894: publishing the poses
[rosout][INFO] 2022-01-08 12:10:54,996: publishing the poses
[rosout][INFO] 2022-01-08 12:10:55,096: publishing the poses
[rosout][INFO] 2022-01-08 12:10:55,196: publishing the poses
[rosout][INFO] 2022-01-08 12:10:55,296: publishing the poses
[rosout][INFO] 2022-01-08 12:10:55,396: publishing the poses
[rosout][INFO] 2022-01-08 12:10:55,497: publishing the poses
[rosout][INFO] 2022-01-08 12:10:55,597: publishing the poses
[rosout][INFO] 2022-01-08 12:10:55,698: publishing the poses
[rosout][INFO] 2022-01-08 12:10:55,797: publishing the poses
[rosout][INFO] 2022-01-08 12:10:55,898: publishing the poses
[rosout][INFO] 2022-01-08 12:10:55,998: publishing the poses
[rosout][INFO] 2022-01-08 12:10:56,098: publishing the poses
[rosout][INFO] 2022-01-08 12:10:56,200: publishing the poses
[rosout][INFO] 2022-01-08 12:10:56,300: publishing the poses
[rosout][INFO] 2022-01-08 12:10:56,402: publishing the poses
[rosout][INFO] 2022-01-08 12:10:56,502: publishing the poses
[rosout][INFO] 2022-01-08 12:10:56,603: publishing the poses
[rosout][INFO] 2022-01-08 12:10:56,704: publishing the poses
[rosout][INFO] 2022-01-08 12:10:56,803: publishing the poses
[rosout][INFO] 2022-01-08 12:10:56,904: publishing the poses
[rosout][INFO] 2022-01-08 12:10:57,004: publishing the poses
[rosout][INFO] 2022-01-08 12:10:57,104: publishing the poses
[rosout][INFO] 2022-01-08 12:10:57,205: publishing the poses
[rosout][INFO] 2022-01-08 12:10:57,306: publishing the poses
[rosout][INFO] 2022-01-08 12:10:57,406: publishing the poses
[rosout][INFO] 2022-01-08 12:10:57,506: publishing the poses
[rosout][INFO] 2022-01-08 12:10:57,607: publishing the poses
[rosout][INFO] 2022-01-08 12:10:57,707: publishing the poses
[rosout][INFO] 2022-01-08 12:10:57,807: publishing the poses
[rosout][INFO] 2022-01-08 12:10:57,907: publishing the poses
[rosout][INFO] 2022-01-08 12:10:58,008: publishing the poses
[rosout][INFO] 2022-01-08 12:10:58,108: publishing the poses
[rosout][INFO] 2022-01-08 12:10:58,210: publishing the poses
[rosout][INFO] 2022-01-08 12:10:58,310: publishing the poses
[rosout][INFO] 2022-01-08 12:10:58,411: publishing the poses
[rosout][INFO] 2022-01-08 12:10:58,511: publishing the poses
[rosout][INFO] 2022-01-08 12:10:58,611: publishing the poses
[rosout][INFO] 2022-01-08 12:10:58,711: publishing the poses
[rosout][INFO] 2022-01-08 12:10:58,812: publishing the poses
[rosout][INFO] 2022-01-08 12:10:58,912: publishing the poses
[rosout][INFO] 2022-01-08 12:10:59,011: publishing the poses
[rosout][INFO] 2022-01-08 12:10:59,112: publishing the poses
[rosout][INFO] 2022-01-08 12:10:59,212: publishing the poses
[rosout][INFO] 2022-01-08 12:10:59,312: publishing the poses
[rosout][INFO] 2022-01-08 12:10:59,412: publishing the poses
[rosout][INFO] 2022-01-08 12:10:59,512: publishing the poses
[rosout][INFO] 2022-01-08 12:10:59,613: publishing the poses
[rosout][INFO] 2022-01-08 12:10:59,714: publishing the poses
[rosout][INFO] 2022-01-08 12:10:59,814: publishing the poses
[rosout][INFO] 2022-01-08 12:10:59,914: publishing the poses
[rosout][INFO] 2022-01-08 12:11:00,015: publishing the poses
[rosout][INFO] 2022-01-08 12:11:00,115: publishing the poses
[rosout][INFO] 2022-01-08 12:11:00,215: publishing the poses
[rosout][INFO] 2022-01-08 12:11:00,316: publishing the poses
[rosout][INFO] 2022-01-08 12:11:00,416: publishing the poses
[rosout][INFO] 2022-01-08 12:11:00,516: publishing the poses
[rosout][INFO] 2022-01-08 12:11:00,617: publishing the poses
[rosout][INFO] 2022-01-08 12:11:00,719: publishing the poses
[rosout][INFO] 2022-01-08 12:11:00,820: publishing the poses
[rosout][INFO] 2022-01-08 12:11:00,921: publishing the poses
[rosout][INFO] 2022-01-08 12:11:01,022: publishing the poses
[rosout][INFO] 2022-01-08 12:11:01,122: publishing the poses
[rosout][INFO] 2022-01-08 12:11:01,222: publishing the poses
[rosout][INFO] 2022-01-08 12:11:01,323: publishing the poses
[rosout][INFO] 2022-01-08 12:11:01,423: publishing the poses
[rosout][INFO] 2022-01-08 12:11:01,524: publishing the poses
[rosout][INFO] 2022-01-08 12:11:01,624: publishing the poses
[rosout][INFO] 2022-01-08 12:11:01,725: publishing the poses
[rosout][INFO] 2022-01-08 12:11:01,826: publishing the poses
[rosout][INFO] 2022-01-08 12:11:01,927: publishing the poses
[rosout][INFO] 2022-01-08 12:11:02,027: publishing the poses
[rosout][INFO] 2022-01-08 12:11:02,128: publishing the poses
[rosout][INFO] 2022-01-08 12:11:02,229: publishing the poses
[rosout][INFO] 2022-01-08 12:11:02,329: publishing the poses
[rosout][INFO] 2022-01-08 12:11:02,430: publishing the poses
[rosout][INFO] 2022-01-08 12:11:02,530: publishing the poses
[rosout][INFO] 2022-01-08 12:11:02,631: publishing the poses
[rosout][INFO] 2022-01-08 12:11:02,733: publishing the poses
[rosout][INFO] 2022-01-08 12:11:02,834: publishing the poses
[rosout][INFO] 2022-01-08 12:11:02,935: publishing the poses
[rosout][INFO] 2022-01-08 12:11:03,035: publishing the poses
[rosout][INFO] 2022-01-08 12:11:03,135: publishing the poses
[rosout][INFO] 2022-01-08 12:11:03,234: publishing the poses
[rosout][INFO] 2022-01-08 12:11:03,335: publishing the poses
[rosout][INFO] 2022-01-08 12:11:03,435: publishing the poses
[rosout][INFO] 2022-01-08 12:11:03,535: publishing the poses
[rosout][INFO] 2022-01-08 12:11:03,636: publishing the poses
[rosout][INFO] 2022-01-08 12:11:03,736: publishing the poses
[rosout][INFO] 2022-01-08 12:11:03,837: publishing the poses
[rosout][INFO] 2022-01-08 12:11:03,937: publishing the poses
[rosout][INFO] 2022-01-08 12:11:04,038: publishing the poses
[rosout][INFO] 2022-01-08 12:11:04,142: publishing the poses
[rosout][INFO] 2022-01-08 12:11:04,241: publishing the poses
[rosout][INFO] 2022-01-08 12:11:04,341: publishing the poses
[rosout][INFO] 2022-01-08 12:11:04,441: publishing the poses
[rosout][INFO] 2022-01-08 12:11:04,542: publishing the poses
[rosout][INFO] 2022-01-08 12:11:04,641: publishing the poses
[rosout][INFO] 2022-01-08 12:11:04,742: publishing the poses
[rosout][INFO] 2022-01-08 12:11:04,842: publishing the poses
[rosout][INFO] 2022-01-08 12:11:04,942: publishing the poses
[rosout][INFO] 2022-01-08 12:11:05,042: publishing the poses
[rosout][INFO] 2022-01-08 12:11:05,143: publishing the poses
[rosout][INFO] 2022-01-08 12:11:05,243: publishing the poses
[rosout][INFO] 2022-01-08 12:11:05,343: publishing the poses
[rosout][INFO] 2022-01-08 12:11:05,443: publishing the poses
[rosout][INFO] 2022-01-08 12:11:05,544: publishing the poses
[rosout][INFO] 2022-01-08 12:11:05,644: publishing the poses
[rosout][INFO] 2022-01-08 12:11:05,743: publishing the poses
[rosout][INFO] 2022-01-08 12:11:05,844: publishing the poses
[rosout][INFO] 2022-01-08 12:11:05,944: publishing the poses
[rosout][INFO] 2022-01-08 12:11:06,044: publishing the poses
[rosout][INFO] 2022-01-08 12:11:06,145: publishing the poses
[rosout][INFO] 2022-01-08 12:11:06,245: publishing the poses
[rosout][INFO] 2022-01-08 12:11:06,347: publishing the poses
[rosout][INFO] 2022-01-08 12:11:06,447: publishing the poses
[rosout][INFO] 2022-01-08 12:11:06,547: publishing the poses
[rosout][INFO] 2022-01-08 12:11:06,648: publishing the poses
[rosout][INFO] 2022-01-08 12:11:06,748: publishing the poses
[rosout][INFO] 2022-01-08 12:11:06,849: publishing the poses
[rosout][INFO] 2022-01-08 12:11:06,949: publishing the poses
[rosout][INFO] 2022-01-08 12:11:07,049: publishing the poses
[rosout][INFO] 2022-01-08 12:11:07,149: publishing the poses
[rosout][INFO] 2022-01-08 12:11:07,250: publishing the poses
[rosout][INFO] 2022-01-08 12:11:07,350: publishing the poses
[rosout][INFO] 2022-01-08 12:11:07,451: publishing the poses
[rosout][INFO] 2022-01-08 12:11:07,551: publishing the poses
[rosout][INFO] 2022-01-08 12:11:07,651: publishing the poses
[rosout][INFO] 2022-01-08 12:11:07,752: publishing the poses
[rosout][INFO] 2022-01-08 12:11:07,851: publishing the poses
[rosout][INFO] 2022-01-08 12:11:07,951: publishing the poses
[rosout][INFO] 2022-01-08 12:11:08,052: publishing the poses
[rosout][INFO] 2022-01-08 12:11:08,152: publishing the poses
[rosout][INFO] 2022-01-08 12:11:08,252: publishing the poses
[rosout][INFO] 2022-01-08 12:11:08,352: publishing the poses
[rosout][INFO] 2022-01-08 12:11:08,453: publishing the poses
[rosout][INFO] 2022-01-08 12:11:08,553: publishing the poses
[rosout][INFO] 2022-01-08 12:11:08,654: publishing the poses
[rosout][INFO] 2022-01-08 12:11:08,754: publishing the poses
[rosout][INFO] 2022-01-08 12:11:08,854: publishing the poses
[rosout][INFO] 2022-01-08 12:11:08,954: publishing the poses
[rosout][INFO] 2022-01-08 12:11:09,054: publishing the poses
[rosout][INFO] 2022-01-08 12:11:09,154: publishing the poses
[rosout][INFO] 2022-01-08 12:11:09,255: publishing the poses
[rosout][INFO] 2022-01-08 12:11:09,356: publishing the poses
[rosout][INFO] 2022-01-08 12:11:09,456: publishing the poses
[rosout][INFO] 2022-01-08 12:11:09,556: publishing the poses
[rosout][INFO] 2022-01-08 12:11:09,656: publishing the poses
[rosout][INFO] 2022-01-08 12:11:09,756: publishing the poses
[rosout][INFO] 2022-01-08 12:11:09,857: publishing the poses
[rosout][INFO] 2022-01-08 12:11:09,958: publishing the poses
[rosout][INFO] 2022-01-08 12:11:10,058: publishing the poses
[rosout][INFO] 2022-01-08 12:11:10,159: publishing the poses
[rosout][INFO] 2022-01-08 12:11:10,259: publishing the poses
[rosout][INFO] 2022-01-08 12:11:10,359: publishing the poses
[rosout][INFO] 2022-01-08 12:11:10,460: publishing the poses
[rosout][INFO] 2022-01-08 12:11:10,560: publishing the poses
[rosout][INFO] 2022-01-08 12:11:10,661: publishing the poses
[rosout][INFO] 2022-01-08 12:11:10,761: publishing the poses
[rosout][INFO] 2022-01-08 12:11:10,860: publishing the poses
[rosout][INFO] 2022-01-08 12:11:10,964: publishing the poses
[rosout][INFO] 2022-01-08 12:11:11,065: publishing the poses
[rosout][INFO] 2022-01-08 12:11:11,165: publishing the poses
[rosout][INFO] 2022-01-08 12:11:11,266: publishing the poses
[rosout][INFO] 2022-01-08 12:11:11,367: publishing the poses
[rosout][INFO] 2022-01-08 12:11:11,468: publishing the poses
[rosout][INFO] 2022-01-08 12:11:11,569: publishing the poses
[rosout][INFO] 2022-01-08 12:11:11,669: publishing the poses
[rosout][INFO] 2022-01-08 12:11:11,770: publishing the poses
[rosout][INFO] 2022-01-08 12:11:11,870: publishing the poses
[rosout][INFO] 2022-01-08 12:11:11,971: publishing the poses
[rosout][INFO] 2022-01-08 12:11:12,072: publishing the poses
[rosout][INFO] 2022-01-08 12:11:12,171: publishing the poses
[rosout][INFO] 2022-01-08 12:11:12,272: publishing the poses
[rosout][INFO] 2022-01-08 12:11:12,372: publishing the poses
[rosout][INFO] 2022-01-08 12:11:12,472: publishing the poses
[rosout][INFO] 2022-01-08 12:11:12,573: publishing the poses
[rosout][INFO] 2022-01-08 12:11:12,674: publishing the poses
[rosout][INFO] 2022-01-08 12:11:12,774: publishing the poses
[rosout][INFO] 2022-01-08 12:11:12,874: publishing the poses
[rosout][INFO] 2022-01-08 12:11:12,975: publishing the poses
[rosout][INFO] 2022-01-08 12:11:13,075: publishing the poses
[rosout][INFO] 2022-01-08 12:11:13,175: publishing the poses
[rosout][INFO] 2022-01-08 12:11:13,276: publishing the poses
[rosout][INFO] 2022-01-08 12:11:13,377: publishing the poses
[rosout][INFO] 2022-01-08 12:11:13,476: publishing the poses
[rosout][INFO] 2022-01-08 12:11:13,577: publishing the poses
[rosout][INFO] 2022-01-08 12:11:13,678: publishing the poses
[rosout][INFO] 2022-01-08 12:11:13,778: publishing the poses
[rosout][INFO] 2022-01-08 12:11:13,878: publishing the poses
[rosout][INFO] 2022-01-08 12:11:13,978: publishing the poses
[rosout][INFO] 2022-01-08 12:11:14,079: publishing the poses
[rosout][INFO] 2022-01-08 12:11:14,179: publishing the poses
[rosout][INFO] 2022-01-08 12:11:14,279: publishing the poses
[rosout][INFO] 2022-01-08 12:11:14,380: publishing the poses
[rosout][INFO] 2022-01-08 12:11:14,482: publishing the poses
[rosout][INFO] 2022-01-08 12:11:14,580: publishing the poses
[rosout][INFO] 2022-01-08 12:11:14,680: publishing the poses
[rosout][INFO] 2022-01-08 12:11:14,780: publishing the poses
[rosout][INFO] 2022-01-08 12:11:14,881: publishing the poses
[rosout][INFO] 2022-01-08 12:11:14,981: publishing the poses
[rosout][INFO] 2022-01-08 12:11:15,082: publishing the poses
[rosout][INFO] 2022-01-08 12:11:15,181: publishing the poses
[rosout][INFO] 2022-01-08 12:11:15,282: publishing the poses
[rosout][INFO] 2022-01-08 12:11:15,382: publishing the poses
[rosout][INFO] 2022-01-08 12:11:15,483: publishing the poses
[rosout][INFO] 2022-01-08 12:11:15,582: publishing the poses
[rosout][INFO] 2022-01-08 12:11:15,682: publishing the poses
[rosout][INFO] 2022-01-08 12:11:15,783: publishing the poses
[rosout][INFO] 2022-01-08 12:11:15,883: publishing the poses
[rosout][INFO] 2022-01-08 12:11:15,983: publishing the poses
[rosout][INFO] 2022-01-08 12:11:16,084: publishing the poses
[rosout][INFO] 2022-01-08 12:11:16,184: publishing the poses
[rosout][INFO] 2022-01-08 12:11:16,284: publishing the poses
[rosout][INFO] 2022-01-08 12:11:16,384: publishing the poses
[rosout][INFO] 2022-01-08 12:11:16,485: publishing the poses
[rosout][INFO] 2022-01-08 12:11:16,585: publishing the poses
[rosout][INFO] 2022-01-08 12:11:16,684: publishing the poses
[rosout][INFO] 2022-01-08 12:11:16,785: publishing the poses
[rosout][INFO] 2022-01-08 12:11:16,886: publishing the poses
[rosout][INFO] 2022-01-08 12:11:16,986: publishing the poses
[rosout][INFO] 2022-01-08 12:11:17,087: publishing the poses
[rosout][INFO] 2022-01-08 12:11:17,188: publishing the poses
[rosout][INFO] 2022-01-08 12:11:17,289: publishing the poses
[rosout][INFO] 2022-01-08 12:11:17,390: publishing the poses
[rosout][INFO] 2022-01-08 12:11:17,490: publishing the poses
[rosout][INFO] 2022-01-08 12:11:17,591: publishing the poses
[rosout][INFO] 2022-01-08 12:11:17,691: publishing the poses
[rosout][INFO] 2022-01-08 12:11:17,791: publishing the poses
[rosout][INFO] 2022-01-08 12:11:17,892: publishing the poses
[rosout][INFO] 2022-01-08 12:11:17,992: publishing the poses
[rosout][INFO] 2022-01-08 12:11:18,092: publishing the poses
[rosout][INFO] 2022-01-08 12:11:18,192: publishing the poses
[rosout][INFO] 2022-01-08 12:11:18,293: publishing the poses
[rosout][INFO] 2022-01-08 12:11:18,393: publishing the poses
[rosout][INFO] 2022-01-08 12:11:18,494: publishing the poses
[rosout][INFO] 2022-01-08 12:11:18,594: publishing the poses
[rosout][INFO] 2022-01-08 12:11:18,694: publishing the poses
[rosout][INFO] 2022-01-08 12:11:18,796: publishing the poses
[rosout][INFO] 2022-01-08 12:11:18,896: publishing the poses
[rosout][INFO] 2022-01-08 12:11:18,997: publishing the poses
[rosout][INFO] 2022-01-08 12:11:19,097: publishing the poses
[rosout][INFO] 2022-01-08 12:11:19,198: publishing the poses
[rosout][INFO] 2022-01-08 12:11:19,299: publishing the poses
[rosout][INFO] 2022-01-08 12:11:19,399: publishing the poses
[rosout][INFO] 2022-01-08 12:11:19,499: publishing the poses
[rosout][INFO] 2022-01-08 12:11:19,600: publishing the poses
[rosout][INFO] 2022-01-08 12:11:19,700: publishing the poses
[rosout][INFO] 2022-01-08 12:11:19,801: publishing the poses
[rosout][INFO] 2022-01-08 12:11:19,900: publishing the poses
[rosout][INFO] 2022-01-08 12:11:20,001: publishing the poses
[rosout][INFO] 2022-01-08 12:11:20,101: publishing the poses
[rosout][INFO] 2022-01-08 12:11:20,201: publishing the poses
[rosout][INFO] 2022-01-08 12:11:20,302: publishing the poses
[rosout][INFO] 2022-01-08 12:11:20,402: publishing the poses
[rosout][INFO] 2022-01-08 12:11:20,503: publishing the poses
[rosout][INFO] 2022-01-08 12:11:20,603: publishing the poses
[rosout][INFO] 2022-01-08 12:11:20,703: publishing the poses
[rosout][INFO] 2022-01-08 12:11:20,804: publishing the poses
[rosout][INFO] 2022-01-08 12:11:20,904: publishing the poses
[rosout][INFO] 2022-01-08 12:11:21,004: publishing the poses
[rosout][INFO] 2022-01-08 12:11:21,105: publishing the poses
[rosout][INFO] 2022-01-08 12:11:21,205: publishing the poses
[rosout][INFO] 2022-01-08 12:11:21,306: publishing the poses
[rosout][INFO] 2022-01-08 12:11:21,406: publishing the poses
[rosout][INFO] 2022-01-08 12:11:21,506: publishing the poses
[rosout][INFO] 2022-01-08 12:11:21,606: publishing the poses
[rosout][INFO] 2022-01-08 12:11:21,707: publishing the poses
[rosout][INFO] 2022-01-08 12:11:21,808: publishing the poses
[rosout][INFO] 2022-01-08 12:11:21,908: publishing the poses
[rosout][INFO] 2022-01-08 12:11:22,009: publishing the poses
[rosout][INFO] 2022-01-08 12:11:22,109: publishing the poses
[rosout][INFO] 2022-01-08 12:11:22,210: publishing the poses
[rosout][INFO] 2022-01-08 12:11:22,310: publishing the poses
[rosout][INFO] 2022-01-08 12:11:22,410: publishing the poses
[rosout][INFO] 2022-01-08 12:11:22,510: publishing the poses
[rosout][INFO] 2022-01-08 12:11:22,611: publishing the poses
[rosout][INFO] 2022-01-08 12:11:22,711: publishing the poses
[rosout][INFO] 2022-01-08 12:11:22,811: publishing the poses
[rosout][INFO] 2022-01-08 12:11:22,911: publishing the poses
[rosout][INFO] 2022-01-08 12:11:23,011: publishing the poses
[rosout][INFO] 2022-01-08 12:11:23,112: publishing the poses
[rosout][INFO] 2022-01-08 12:11:23,213: publishing the poses
[rosout][INFO] 2022-01-08 12:11:23,313: publishing the poses
[rosout][INFO] 2022-01-08 12:11:23,413: publishing the poses
[rosout][INFO] 2022-01-08 12:11:23,516: publishing the poses
[rosout][INFO] 2022-01-08 12:11:23,617: publishing the poses
[rosout][INFO] 2022-01-08 12:11:23,717: publishing the poses
[rosout][INFO] 2022-01-08 12:11:23,817: publishing the poses
[rosout][INFO] 2022-01-08 12:11:23,918: publishing the poses
[rosout][INFO] 2022-01-08 12:11:24,018: publishing the poses
[rosout][INFO] 2022-01-08 12:11:24,120: publishing the poses
[rosout][INFO] 2022-01-08 12:11:24,220: publishing the poses
[rosout][INFO] 2022-01-08 12:11:24,321: publishing the poses
[rosout][INFO] 2022-01-08 12:11:24,422: publishing the poses
[rosout][INFO] 2022-01-08 12:11:24,523: publishing the poses
[rosout][INFO] 2022-01-08 12:11:24,623: publishing the poses
[rosout][INFO] 2022-01-08 12:11:24,723: publishing the poses
[rosout][INFO] 2022-01-08 12:11:24,823: publishing the poses
[rosout][INFO] 2022-01-08 12:11:24,924: publishing the poses
[rosout][INFO] 2022-01-08 12:11:25,024: publishing the poses
[rosout][INFO] 2022-01-08 12:11:25,125: publishing the poses
[rosout][INFO] 2022-01-08 12:11:25,225: publishing the poses
[rosout][INFO] 2022-01-08 12:11:25,325: publishing the poses
[rosout][INFO] 2022-01-08 12:11:25,426: publishing the poses
[rosout][INFO] 2022-01-08 12:11:25,527: publishing the poses
[rosout][INFO] 2022-01-08 12:11:25,627: publishing the poses
[rosout][INFO] 2022-01-08 12:11:25,728: publishing the poses
[rosout][INFO] 2022-01-08 12:11:25,827: publishing the poses
[rosout][INFO] 2022-01-08 12:11:25,928: publishing the poses
[rosout][INFO] 2022-01-08 12:11:26,028: publishing the poses
[rosout][INFO] 2022-01-08 12:11:26,129: publishing the poses
[rosout][INFO] 2022-01-08 12:11:26,229: publishing the poses
[rosout][INFO] 2022-01-08 12:11:26,330: publishing the poses
[rosout][INFO] 2022-01-08 12:11:26,430: publishing the poses
[rosout][INFO] 2022-01-08 12:11:26,531: publishing the poses
[rosout][INFO] 2022-01-08 12:11:26,632: publishing the poses
[rosout][INFO] 2022-01-08 12:11:26,732: publishing the poses
[rosout][INFO] 2022-01-08 12:11:26,833: publishing the poses
[rosout][INFO] 2022-01-08 12:11:26,933: publishing the poses
[rosout][INFO] 2022-01-08 12:11:27,033: publishing the poses
[rosout][INFO] 2022-01-08 12:11:27,134: publishing the poses
[rosout][INFO] 2022-01-08 12:11:27,236: publishing the poses
[rosout][INFO] 2022-01-08 12:11:27,336: publishing the poses
[rosout][INFO] 2022-01-08 12:11:27,436: publishing the poses
[rosout][INFO] 2022-01-08 12:11:27,537: publishing the poses
[rosout][INFO] 2022-01-08 12:11:27,637: publishing the poses
[rosout][INFO] 2022-01-08 12:11:27,737: publishing the poses
[rosout][INFO] 2022-01-08 12:11:27,838: publishing the poses
[rosout][INFO] 2022-01-08 12:11:27,940: publishing the poses
[rosout][INFO] 2022-01-08 12:11:28,041: publishing the poses
[rosout][INFO] 2022-01-08 12:11:28,141: publishing the poses
[rosout][INFO] 2022-01-08 12:11:28,242: publishing the poses
[rosout][INFO] 2022-01-08 12:11:28,342: publishing the poses
[rosout][INFO] 2022-01-08 12:11:28,442: publishing the poses
[rosout][INFO] 2022-01-08 12:11:28,543: publishing the poses
[rosout][INFO] 2022-01-08 12:11:28,643: publishing the poses
[rosout][INFO] 2022-01-08 12:11:28,743: publishing the poses
[rosout][INFO] 2022-01-08 12:11:28,844: publishing the poses
[rosout][INFO] 2022-01-08 12:11:28,945: publishing the poses
[rosout][INFO] 2022-01-08 12:11:29,045: publishing the poses
[rosout][INFO] 2022-01-08 12:11:29,145: publishing the poses
[rosout][INFO] 2022-01-08 12:11:29,247: publishing the poses
[rosout][INFO] 2022-01-08 12:11:29,348: publishing the poses
[rosout][INFO] 2022-01-08 12:11:29,448: publishing the poses
[rosout][INFO] 2022-01-08 12:11:29,549: publishing the poses
[rosout][INFO] 2022-01-08 12:11:29,649: publishing the poses
[rosout][INFO] 2022-01-08 12:11:29,749: publishing the poses
[rosout][INFO] 2022-01-08 12:11:29,849: publishing the poses
[rosout][INFO] 2022-01-08 12:11:29,950: publishing the poses
[rosout][INFO] 2022-01-08 12:11:30,050: publishing the poses
[rosout][INFO] 2022-01-08 12:11:30,150: publishing the poses
[rosout][INFO] 2022-01-08 12:11:30,250: publishing the poses
[rospy.core][INFO] 2022-01-08 12:11:30,445: signal_shutdown [atexit]
[rospy.internal][INFO] 2022-01-08 12:11:30,445: topic[/grid3/allRobots/poses] removing connection to /trajectory_planner
[rospy.internal][INFO] 2022-01-08 12:11:30,446: topic[/grid3/allRobots/poses] removing connection to /brain_24579_1641623958776
[rospy.internal][INFO] 2022-01-08 12:11:30,446: topic[/grid3/allRobots/poses] removing connection to /controller_ros_interface_25099_1641624027269
[rospy.internal][INFO] 2022-01-08 12:11:30,449: topic[/rosout] removing connection to /rosout
[rospy.internal][INFO] 2022-01-08 12:11:30,449: topic[/robot1/cmd_vel] removing connection to /gazebo
[rospy.internal][INFO] 2022-01-08 12:11:30,449: topic[/robot2/cmd_vel] removing connection to /gazebo
[rospy.internal][INFO] 2022-01-08 12:11:30,449: topic[/robot3/cmd_vel] removing connection to /gazebo
[rospy.internal][INFO] 2022-01-08 12:11:30,450: topic[/robot4/cmd_vel] removing connection to /gazebo
[rospy.internal][INFO] 2022-01-08 12:11:30,450: topic[/clock] removing connection to http://prajwal-IdeaPad-L340-15IRH-Gaming:43245/
[rospy.internal][INFO] 2022-01-08 12:11:30,450: topic[/robot1/odom] removing connection to http://prajwal-IdeaPad-L340-15IRH-Gaming:43245/
[rospy.internal][INFO] 2022-01-08 12:11:30,450: topic[/robot2/odom] removing connection to http://prajwal-IdeaPad-L340-15IRH-Gaming:43245/
[rospy.internal][INFO] 2022-01-08 12:11:30,450: topic[/robot3/odom] removing connection to http://prajwal-IdeaPad-L340-15IRH-Gaming:43245/
[rospy.internal][INFO] 2022-01-08 12:11:30,451: topic[/robot4/odom] removing connection to http://prajwal-IdeaPad-L340-15IRH-Gaming:43245/
[rospy.impl.masterslave][INFO] 2022-01-08 12:11:30,451: atexit
[rospy.internal][WARNING] 2022-01-08 12:11:30,451: Unknown error initiating TCP/IP socket to prajwal-IdeaPad-L340-15IRH-Gaming:40891 (http://prajwal-IdeaPad-L340-15IRH-Gaming:43245/): Traceback (most recent call last):
  File "/opt/ros/noetic/lib/python3/dist-packages/rospy/impl/tcpros_base.py", line 563, in connect
    self.local_endpoint = self.socket.getsockname()
AttributeError: 'NoneType' object has no attribute 'getsockname'

[rospy.internal][WARNING] 2022-01-08 12:11:30,451: Unknown error initiating TCP/IP socket to prajwal-IdeaPad-L340-15IRH-Gaming:40891 (http://prajwal-IdeaPad-L340-15IRH-Gaming:43245/): Traceback (most recent call last):
  File "/opt/ros/noetic/lib/python3/dist-packages/rospy/impl/tcpros_base.py", line 562, in connect
    self.read_header()
  File "/opt/ros/noetic/lib/python3/dist-packages/rospy/impl/tcpros_base.py", line 657, in read_header
    self._validate_header(read_ros_handshake_header(sock, self.read_buff, self.protocol.buff_size))
AttributeError: 'NoneType' object has no attribute 'buff_size'

[rospy.internal][WARNING] 2022-01-08 12:11:30,452: Unknown error initiating TCP/IP socket to prajwal-IdeaPad-L340-15IRH-Gaming:40891 (http://prajwal-IdeaPad-L340-15IRH-Gaming:43245/): Traceback (most recent call last):
  File "/opt/ros/noetic/lib/python3/dist-packages/rospy/impl/tcpros_base.py", line 562, in connect
    self.read_header()
  File "/opt/ros/noetic/lib/python3/dist-packages/rospy/impl/tcpros_base.py", line 657, in read_header
    self._validate_header(read_ros_handshake_header(sock, self.read_buff, self.protocol.buff_size))
AttributeError: 'NoneType' object has no attribute 'buff_size'

