[rospy.client][INFO] 2022-01-08 12:08:57,392: init_node, name[/myrobot_spawn2], pid[24245]
[xmlrpc][INFO] 2022-01-08 12:08:57,392: XML-RPC server binding to 0.0.0.0:0
[xmlrpc][INFO] 2022-01-08 12:08:57,392: Started XML-RPC server [http://prajwal-IdeaPad-L340-15IRH-Gaming:38063/]
[rospy.init][INFO] 2022-01-08 12:08:57,392: ROS Slave URI: [http://prajwal-IdeaPad-L340-15IRH-Gaming:38063/]
[rospy.impl.masterslave][INFO] 2022-01-08 12:08:57,392: _ready: http://prajwal-IdeaPad-L340-15IRH-Gaming:38063/
[rospy.registration][INFO] 2022-01-08 12:08:57,393: Registering with master node http://localhost:11311
[xmlrpc][INFO] 2022-01-08 12:08:57,393: xml rpc node: starting XML-RPC server
[rospy.init][INFO] 2022-01-08 12:08:57,493: registered with master
[rospy.rosout][INFO] 2022-01-08 12:08:57,493: initializing /rosout core topic
[rospy.rosout][INFO] 2022-01-08 12:08:57,500: connected to core topic /rosout
[rospy.simtime][INFO] 2022-01-08 12:08:57,502: initializing /clock core topic
[rospy.simtime][INFO] 2022-01-08 12:08:57,508: connected to core topic /clock
[rosout][INFO] 2022-01-08 12:08:57,514: Loading model XML from ros parameter /robot2/robot_description
[rosout][INFO] 2022-01-08 12:08:57,523: Waiting for service /gazebo/spawn_urdf_model
[rospy.internal][INFO] 2022-01-08 12:08:57,701: topic[/rosout] adding connection to [/rosout], count 0
[rospy.internal][INFO] 2022-01-08 12:08:58,904: topic[/clock] adding connection to [http://prajwal-IdeaPad-L340-15IRH-Gaming:43245/], count 0
[rosout][INFO] 2022-01-08 12:08:59,033: Calling service /gazebo/spawn_urdf_model
[rosout][INFO] 2022-01-08 12:08:59,570: Spawn status: SpawnModel: Successfully spawned entity
[rospy.core][INFO] 2022-01-08 12:08:59,572: signal_shutdown [atexit]
[rospy.internal][INFO] 2022-01-08 12:08:59,574: topic[/rosout] removing connection to /rosout
[rospy.internal][INFO] 2022-01-08 12:08:59,574: topic[/clock] removing connection to http://prajwal-IdeaPad-L340-15IRH-Gaming:43245/
[rospy.impl.masterslave][INFO] 2022-01-08 12:08:59,574: atexit
