[rospy.client][INFO] 2022-01-08 12:08:57,409: init_node, name[/myrobot_spawn1], pid[24244]
[xmlrpc][INFO] 2022-01-08 12:08:57,409: XML-RPC server binding to 0.0.0.0:0
[xmlrpc][INFO] 2022-01-08 12:08:57,409: Started XML-RPC server [http://prajwal-IdeaPad-L340-15IRH-Gaming:42273/]
[rospy.init][INFO] 2022-01-08 12:08:57,409: ROS Slave URI: [http://prajwal-IdeaPad-L340-15IRH-Gaming:42273/]
[rospy.impl.masterslave][INFO] 2022-01-08 12:08:57,410: _ready: http://prajwal-IdeaPad-L340-15IRH-Gaming:42273/
[rospy.registration][INFO] 2022-01-08 12:08:57,410: Registering with master node http://localhost:11311
[xmlrpc][INFO] 2022-01-08 12:08:57,410: xml rpc node: starting XML-RPC server
[rospy.init][INFO] 2022-01-08 12:08:57,510: registered with master
[rospy.rosout][INFO] 2022-01-08 12:08:57,510: initializing /rosout core topic
[rospy.rosout][INFO] 2022-01-08 12:08:57,518: connected to core topic /rosout
[rospy.simtime][INFO] 2022-01-08 12:08:57,519: initializing /clock core topic
[rospy.simtime][INFO] 2022-01-08 12:08:57,523: connected to core topic /clock
[rosout][INFO] 2022-01-08 12:08:57,528: Loading model XML from ros parameter /robot1/robot_description
[rosout][INFO] 2022-01-08 12:08:57,538: Waiting for service /gazebo/spawn_urdf_model
[rospy.internal][INFO] 2022-01-08 12:08:57,803: topic[/rosout] adding connection to [/rosout], count 0
[rospy.internal][INFO] 2022-01-08 12:08:58,905: topic[/clock] adding connection to [http://prajwal-IdeaPad-L340-15IRH-Gaming:43245/], count 0
[rosout][INFO] 2022-01-08 12:08:59,047: Calling service /gazebo/spawn_urdf_model
[rosout][INFO] 2022-01-08 12:08:59,812: Spawn status: SpawnModel: Successfully spawned entity
[rospy.core][INFO] 2022-01-08 12:08:59,814: signal_shutdown [atexit]
[rospy.internal][INFO] 2022-01-08 12:08:59,815: topic[/rosout] removing connection to /rosout
[rospy.internal][INFO] 2022-01-08 12:08:59,815: topic[/clock] removing connection to http://prajwal-IdeaPad-L340-15IRH-Gaming:43245/
[rospy.impl.masterslave][INFO] 2022-01-08 12:08:59,815: atexit
