[rospy.client][INFO] 2022-01-08 12:08:57,440: init_node, name[/myrobot_spawn4], pid[24247]
[xmlrpc][INFO] 2022-01-08 12:08:57,440: XML-RPC server binding to 0.0.0.0:0
[xmlrpc][INFO] 2022-01-08 12:08:57,440: Started XML-RPC server [http://prajwal-IdeaPad-L340-15IRH-Gaming:44835/]
[rospy.init][INFO] 2022-01-08 12:08:57,440: ROS Slave URI: [http://prajwal-IdeaPad-L340-15IRH-Gaming:44835/]
[rospy.impl.masterslave][INFO] 2022-01-08 12:08:57,440: _ready: http://prajwal-IdeaPad-L340-15IRH-Gaming:44835/
[rospy.registration][INFO] 2022-01-08 12:08:57,441: Registering with master node http://localhost:11311
[xmlrpc][INFO] 2022-01-08 12:08:57,441: xml rpc node: starting XML-RPC server
[rospy.init][INFO] 2022-01-08 12:08:57,541: registered with master
[rospy.rosout][INFO] 2022-01-08 12:08:57,541: initializing /rosout core topic
[rospy.rosout][INFO] 2022-01-08 12:08:57,549: connected to core topic /rosout
[rospy.simtime][INFO] 2022-01-08 12:08:57,550: initializing /clock core topic
[rospy.simtime][INFO] 2022-01-08 12:08:57,554: connected to core topic /clock
[rosout][INFO] 2022-01-08 12:08:57,559: Loading model XML from ros parameter /robot4/robot_description
[rosout][INFO] 2022-01-08 12:08:57,571: Waiting for service /gazebo/spawn_urdf_model
[rospy.internal][INFO] 2022-01-08 12:08:57,803: topic[/rosout] adding connection to [/rosout], count 0
[rospy.internal][INFO] 2022-01-08 12:08:58,936: topic[/clock] adding connection to [http://prajwal-IdeaPad-L340-15IRH-Gaming:43245/], count 0
[rosout][INFO] 2022-01-08 12:08:59,081: Calling service /gazebo/spawn_urdf_model
[rosout][INFO] 2022-01-08 12:09:00,053: Spawn status: SpawnModel: Successfully spawned entity
[rospy.core][INFO] 2022-01-08 12:09:00,054: signal_shutdown [atexit]
[rospy.internal][INFO] 2022-01-08 12:09:00,056: topic[/rosout] removing connection to /rosout
[rospy.internal][INFO] 2022-01-08 12:09:00,057: topic[/clock] removing connection to http://prajwal-IdeaPad-L340-15IRH-Gaming:43245/
[rospy.impl.masterslave][INFO] 2022-01-08 12:09:00,057: atexit
[rospy.internal][WARNING] 2022-01-08 12:09:00,057: Unknown error initiating TCP/IP socket to prajwal-IdeaPad-L340-15IRH-Gaming:40891 (http://prajwal-IdeaPad-L340-15IRH-Gaming:43245/): Traceback (most recent call last):
  File "/opt/ros/noetic/lib/python3/dist-packages/rospy/impl/tcpros_base.py", line 562, in connect
    self.read_header()
  File "/opt/ros/noetic/lib/python3/dist-packages/rospy/impl/tcpros_base.py", line 657, in read_header
    self._validate_header(read_ros_handshake_header(sock, self.read_buff, self.protocol.buff_size))
AttributeError: 'NoneType' object has no attribute 'buff_size'

