[rospy.client][INFO] 2022-01-08 12:09:19,146: init_node, name[/rqt_gui], pid[24548]
[xmlrpc][INFO] 2022-01-08 12:09:19,146: XML-RPC server binding to 0.0.0.0:0
[xmlrpc][INFO] 2022-01-08 12:09:19,146: Started XML-RPC server [http://prajwal-IdeaPad-L340-15IRH-Gaming:45123/]
[rospy.impl.masterslave][INFO] 2022-01-08 12:09:19,146: _ready: http://prajwal-IdeaPad-L340-15IRH-Gaming:45123/
[rospy.registration][INFO] 2022-01-08 12:09:19,147: Registering with master node http://localhost:11311
[rospy.init][INFO] 2022-01-08 12:09:19,147: ROS Slave URI: [http://prajwal-IdeaPad-L340-15IRH-Gaming:45123/]
[xmlrpc][INFO] 2022-01-08 12:09:19,147: xml rpc node: starting XML-RPC server
[rospy.init][INFO] 2022-01-08 12:09:19,147: registered with master
[rospy.rosout][INFO] 2022-01-08 12:09:19,147: initializing /rosout core topic
[rospy.rosout][INFO] 2022-01-08 12:09:19,148: connected to core topic /rosout
[rospy.simtime][INFO] 2022-01-08 12:09:19,149: initializing /clock core topic
[rospy.simtime][INFO] 2022-01-08 12:09:19,151: connected to core topic /clock
[rospy.internal][INFO] 2022-01-08 12:09:19,152: topic[/clock] adding connection to [http://prajwal-IdeaPad-L340-15IRH-Gaming:43245/], count 0
[rospy.internal][INFO] 2022-01-08 12:09:19,367: topic[/rosout] adding connection to [/rosout], count 0
[rospy.internal][INFO] 2022-01-08 12:09:19,552: topic[/grid3/droppingCompleted] adding connection to [/brain_24579_1641623958776], count 0
[rospy.internal][INFO] 2022-01-08 12:09:19,553: topic[/grid3/packageLoaded] adding connection to [/brain_24579_1641623958776], count 0
[rospy.internal][INFO] 2022-01-08 12:09:19,750: topic[/robot1/cmd_vel] adding connection to [/gazebo], count 0
[rospy.internal][INFO] 2022-01-08 12:09:19,750: topic[/robot2/cmd_vel] adding connection to [/gazebo], count 0
[rospy.internal][INFO] 2022-01-08 12:09:19,751: topic[/robot3/cmd_vel] adding connection to [/gazebo], count 0
[rosout][WARNING] 2022-01-08 12:11:30,429: Inbound TCP/IP connection failed: connection from sender terminated before handshake header received. 0 bytes were received. Please check sender for additional details.
[rospy.internal][ERROR] 2022-01-08 12:11:30,430: Inbound TCP/IP connection failed:
Traceback (most recent call last):
  File "/opt/ros/noetic/lib/python3/dist-packages/rospy/impl/tcpros_base.py", line 327, in _tcp_server_callback
    header = read_ros_handshake_header(sock, BytesIO(), buff_size)
  File "/opt/ros/noetic/lib/python3/dist-packages/rosgraph/network.py", line 359, in read_ros_handshake_header
    raise ROSHandshakeException("connection from sender terminated before handshake header received. %s bytes were received. Please check sender for additional details."%b.tell())
rosgraph.network.ROSHandshakeException: connection from sender terminated before handshake header received. 0 bytes were received. Please check sender for additional details.

[rosout][WARNING] 2022-01-08 12:11:30,431: Inbound TCP/IP connection failed: connection from sender terminated before handshake header received. 0 bytes were received. Please check sender for additional details.
[rospy.internal][ERROR] 2022-01-08 12:11:30,432: Inbound TCP/IP connection failed:
Traceback (most recent call last):
  File "/opt/ros/noetic/lib/python3/dist-packages/rospy/impl/tcpros_base.py", line 327, in _tcp_server_callback
    header = read_ros_handshake_header(sock, BytesIO(), buff_size)
  File "/opt/ros/noetic/lib/python3/dist-packages/rosgraph/network.py", line 359, in read_ros_handshake_header
    raise ROSHandshakeException("connection from sender terminated before handshake header received. %s bytes were received. Please check sender for additional details."%b.tell())
rosgraph.network.ROSHandshakeException: connection from sender terminated before handshake header received. 0 bytes were received. Please check sender for additional details.

[rospy.internal][INFO] 2022-01-08 12:11:30,689: topic[/grid3/droppingCompleted] removing connection to /brain_24579_1641623958776
[rospy.internal][INFO] 2022-01-08 12:11:30,689: topic[/grid3/packageLoaded] removing connection to /brain_24579_1641623958776
[rospy.internal][INFO] 2022-01-08 12:11:40,546: topic impl's ref count is zero, deleting topic /grid3/droppingCompleted...
[rospy.internal][INFO] 2022-01-08 12:11:40,547: topic impl's ref count is zero, deleting topic /grid3/packageLoaded...
[rospy.internal][INFO] 2022-01-08 12:11:40,550: topic impl's ref count is zero, deleting topic /robot1/cmd_vel...
[rospy.internal][INFO] 2022-01-08 12:11:40,550: topic[/robot1/cmd_vel] removing connection to /gazebo
[rospy.internal][INFO] 2022-01-08 12:11:40,552: topic impl's ref count is zero, deleting topic /robot2/cmd_vel...
[rospy.internal][INFO] 2022-01-08 12:11:40,552: topic[/robot2/cmd_vel] removing connection to /gazebo
[rospy.internal][INFO] 2022-01-08 12:11:40,554: topic impl's ref count is zero, deleting topic /robot3/cmd_vel...
[rospy.internal][INFO] 2022-01-08 12:11:40,555: topic[/robot3/cmd_vel] removing connection to /gazebo
[rospy.internal][INFO] 2022-01-08 12:11:40,557: topic impl's ref count is zero, deleting topic /robot4/cmd_ve...
[rospy.core][INFO] 2022-01-08 12:11:40,602: signal_shutdown [atexit]
[rospy.internal][INFO] 2022-01-08 12:11:40,603: topic[/rosout] removing connection to /rosout
[rospy.internal][INFO] 2022-01-08 12:11:40,603: topic[/clock] removing connection to http://prajwal-IdeaPad-L340-15IRH-Gaming:43245/
[rospy.impl.masterslave][INFO] 2022-01-08 12:11:40,604: atexit
[rospy.internal][WARNING] 2022-01-08 12:11:40,604: Unknown error initiating TCP/IP socket to prajwal-IdeaPad-L340-15IRH-Gaming:40891 (http://prajwal-IdeaPad-L340-15IRH-Gaming:43245/): Traceback (most recent call last):
  File "/opt/ros/noetic/lib/python3/dist-packages/rospy/impl/tcpros_base.py", line 562, in connect
    self.read_header()
  File "/opt/ros/noetic/lib/python3/dist-packages/rospy/impl/tcpros_base.py", line 657, in read_header
    self._validate_header(read_ros_handshake_header(sock, self.read_buff, self.protocol.buff_size))
AttributeError: 'NoneType' object has no attribute 'buff_size'

