[rospy.client][INFO] 2022-01-07 14:53:02,081: init_node, name[/rqt_gui], pid[6645]
[xmlrpc][INFO] 2022-01-07 14:53:02,082: XML-RPC server binding to 0.0.0.0:0
[xmlrpc][INFO] 2022-01-07 14:53:02,082: Started XML-RPC server [http://prajwal-IdeaPad-L340-15IRH-Gaming:35131/]
[rospy.init][INFO] 2022-01-07 14:53:02,082: ROS Slave URI: [http://prajwal-IdeaPad-L340-15IRH-Gaming:35131/]
[rospy.impl.masterslave][INFO] 2022-01-07 14:53:02,082: _ready: http://prajwal-IdeaPad-L340-15IRH-Gaming:35131/
[rospy.registration][INFO] 2022-01-07 14:53:02,082: Registering with master node http://localhost:11311
[xmlrpc][INFO] 2022-01-07 14:53:02,082: xml rpc node: starting XML-RPC server
[rospy.init][INFO] 2022-01-07 14:53:02,182: registered with master
[rospy.rosout][INFO] 2022-01-07 14:53:02,183: initializing /rosout core topic
[rospy.rosout][INFO] 2022-01-07 14:53:02,186: connected to core topic /rosout
[rospy.simtime][INFO] 2022-01-07 14:53:02,188: initializing /clock core topic
[rospy.simtime][INFO] 2022-01-07 14:53:02,192: connected to core topic /clock
[rospy.internal][INFO] 2022-01-07 14:53:02,196: topic[/clock] adding connection to [http://prajwal-IdeaPad-L340-15IRH-Gaming:35647/], count 0
[rospy.internal][INFO] 2022-01-07 14:53:02,346: topic[/rosout] adding connection to [/rosout], count 0
[rospy.internal][INFO] 2022-01-07 14:53:02,648: topic[/grid3/droppingCompleted] adding connection to [/brain_6671_1641547381424], count 0
[rospy.internal][INFO] 2022-01-07 14:53:02,649: topic[/grid3/packageLoaded] adding connection to [/brain_6671_1641547381424], count 0
[rospy.internal][INFO] 2022-01-07 14:53:02,948: topic[/robot1/cmd_vel] adding connection to [/gazebo], count 0
[rospy.internal][INFO] 2022-01-07 14:53:02,949: topic[/robot2/cmd_vel] adding connection to [/gazebo], count 0
[rospy.internal][INFO] 2022-01-07 14:53:02,950: topic[/robot3/cmd_vel] adding connection to [/gazebo], count 0
[rospy.internal][ERROR] 2022-01-07 14:59:20,112: Unable to initiate TCP/IP socket to prajwal-IdeaPad-L340-15IRH-Gaming:54611 (http://prajwal-IdeaPad-L340-15IRH-Gaming:35647/): Traceback (most recent call last):
  File "/opt/ros/noetic/lib/python3/dist-packages/rospy/impl/tcpros_base.py", line 562, in connect
    self.read_header()
  File "/opt/ros/noetic/lib/python3/dist-packages/rospy/impl/tcpros_base.py", line 657, in read_header
    self._validate_header(read_ros_handshake_header(sock, self.read_buff, self.protocol.buff_size))
  File "/opt/ros/noetic/lib/python3/dist-packages/rospy/impl/tcpros_base.py", line 600, in _validate_header
    raise TransportInitError("remote error reported: %s"%header['error'])
rospy.exceptions.TransportInitError: remote error reported: received a connection for a nonexistent topic [/clock] from [TCPROS connection on port 54611 to [127.0.0.1:52944 on socket 17]] [/rqt_gui].

[rospy.internal][INFO] 2022-01-07 14:59:20,297: topic[/robot1/cmd_vel] removing connection to /gazebo
[rospy.internal][INFO] 2022-01-07 14:59:20,297: topic[/robot2/cmd_vel] removing connection to /gazebo
[rospy.internal][INFO] 2022-01-07 14:59:20,298: topic[/robot3/cmd_vel] removing connection to /gazebo
[rospy.internal][WARNING] 2022-01-07 14:59:21,113: Unknown error initiating TCP/IP socket to prajwal-IdeaPad-L340-15IRH-Gaming:54611 (http://prajwal-IdeaPad-L340-15IRH-Gaming:35647/): Traceback (most recent call last):
  File "/opt/ros/noetic/lib/python3/dist-packages/rospy/impl/tcpros_base.py", line 560, in connect
    self.socket.connect((dest_addr, dest_port))
ConnectionRefusedError: [Errno 111] Connection refused

[rospy.internal][INFO] 2022-01-07 14:59:21,114: topic[/clock] removing connection to http://prajwal-IdeaPad-L340-15IRH-Gaming:35647/
[rospy.internal][INFO] 2022-01-07 14:59:25,091: topic impl's ref count is zero, deleting topic /grid3/droppingCompleted...
[rospy.internal][INFO] 2022-01-07 14:59:25,091: topic[/grid3/droppingCompleted] removing connection to /brain_6671_1641547381424
[rospy.internal][INFO] 2022-01-07 14:59:25,092: topic impl's ref count is zero, deleting topic /grid3/packageLoaded...
[rospy.internal][INFO] 2022-01-07 14:59:25,093: topic[/grid3/packageLoaded] removing connection to /brain_6671_1641547381424
[rosout][WARNING] 2022-01-07 14:59:25,092: Could not process inbound connection: [/rqt_gui] is not a publisher of [/grid3/droppingCompleted]. Topics are [['/rosout', 'rosgraph_msgs/Log'], ['/grid3/packageLoaded', 'grid3/packageLoaded'], ['/robot1/cmd_vel', 'geometry_msgs/Twist'], ['/robot2/cmd_vel', 'geometry_msgs/Twist'], ['/robot3/cmd_vel', 'geometry_msgs/Twist'], ['/robot4/cmd_ve', 'geometry_msgs/Twist']]{'callerid': '/brain_6671_1641547381424', 'md5sum': '90041601f8236fdd572be94e8c0d4f45', 'message_definition': 'bool[] status', 'tcp_nodelay': '0', 'topic': '/grid3/droppingCompleted', 'type': 'grid3/droppingCompleted'}
[rosout][WARNING] 2022-01-07 14:59:25,094: Could not process inbound connection: [/rqt_gui] is not a publisher of [/grid3/packageLoaded]. Topics are [['/rosout', 'rosgraph_msgs/Log'], ['/robot1/cmd_vel', 'geometry_msgs/Twist'], ['/robot2/cmd_vel', 'geometry_msgs/Twist'], ['/robot3/cmd_vel', 'geometry_msgs/Twist'], ['/robot4/cmd_ve', 'geometry_msgs/Twist']]{'callerid': '/brain_6671_1641547381424', 'md5sum': '90041601f8236fdd572be94e8c0d4f45', 'message_definition': 'bool[] status', 'tcp_nodelay': '0', 'topic': '/grid3/packageLoaded', 'type': 'grid3/packageLoaded'}
[rospy.internal][INFO] 2022-01-07 14:59:25,096: topic impl's ref count is zero, deleting topic /robot1/cmd_vel...
[rospy.internal][INFO] 2022-01-07 14:59:25,097: topic impl's ref count is zero, deleting topic /robot2/cmd_vel...
[rospy.internal][INFO] 2022-01-07 14:59:25,099: topic impl's ref count is zero, deleting topic /robot3/cmd_vel...
[rospy.internal][INFO] 2022-01-07 14:59:25,100: topic impl's ref count is zero, deleting topic /robot4/cmd_ve...
[rospy.core][INFO] 2022-01-07 14:59:25,136: signal_shutdown [atexit]
[rospy.internal][INFO] 2022-01-07 14:59:25,137: topic[/rosout] removing connection to /rosout
[rospy.impl.masterslave][INFO] 2022-01-07 14:59:25,138: atexit
