[rospy.client][INFO] 2022-01-07 16:42:42,052: init_node, name[/rqt_gui], pid[17135]
[xmlrpc][INFO] 2022-01-07 16:42:42,053: XML-RPC server binding to 0.0.0.0:0
[xmlrpc][INFO] 2022-01-07 16:42:42,053: Started XML-RPC server [http://prajwal-IdeaPad-L340-15IRH-Gaming:34577/]
[rospy.impl.masterslave][INFO] 2022-01-07 16:42:42,053: _ready: http://prajwal-IdeaPad-L340-15IRH-Gaming:34577/
[rospy.init][INFO] 2022-01-07 16:42:42,053: ROS Slave URI: [http://prajwal-IdeaPad-L340-15IRH-Gaming:34577/]
[rospy.registration][INFO] 2022-01-07 16:42:42,053: Registering with master node http://localhost:11311
[xmlrpc][INFO] 2022-01-07 16:42:42,053: xml rpc node: starting XML-RPC server
[rospy.init][INFO] 2022-01-07 16:42:42,153: registered with master
[rospy.rosout][INFO] 2022-01-07 16:42:42,154: initializing /rosout core topic
[rospy.rosout][INFO] 2022-01-07 16:42:42,155: connected to core topic /rosout
[rospy.simtime][INFO] 2022-01-07 16:42:42,155: initializing /clock core topic
[rospy.simtime][INFO] 2022-01-07 16:42:42,157: connected to core topic /clock
[rospy.internal][INFO] 2022-01-07 16:42:42,159: topic[/clock] adding connection to [http://prajwal-IdeaPad-L340-15IRH-Gaming:32941/], count 0
[rospy.internal][INFO] 2022-01-07 16:42:42,380: topic[/rosout] adding connection to [/rosout], count 0
[rospy.internal][INFO] 2022-01-07 16:42:42,586: topic[/grid3/droppingCompleted] adding connection to [/brain_17146_1641553961475], count 0
[rospy.internal][INFO] 2022-01-07 16:42:42,589: topic[/grid3/packageLoaded] adding connection to [/brain_17146_1641553961475], count 0
[rospy.internal][INFO] 2022-01-07 16:42:42,786: topic[/robot1/cmd_vel] adding connection to [/gazebo], count 0
[rospy.internal][INFO] 2022-01-07 16:42:42,787: topic[/robot2/cmd_vel] adding connection to [/gazebo], count 0
[rospy.internal][INFO] 2022-01-07 16:42:42,789: topic[/robot3/cmd_vel] adding connection to [/gazebo], count 0
[rospy.internal][INFO] 2022-01-07 16:44:17,691: topic[/grid3/controller/cmd] adding connection to [http://prajwal-IdeaPad-L340-15IRH-Gaming:44089/], count 0
[rospy.internal][INFO] 2022-01-07 16:55:44,366: topic[/grid3/allRobots/posesRC] adding connection to [http://prajwal-IdeaPad-L340-15IRH-Gaming:36765/], count 0
[rospy.internal][INFO] 2022-01-07 16:56:33,149: topic[/grid3/planner/status] adding connection to [http://prajwal-IdeaPad-L340-15IRH-Gaming:39703/], count 0
[rospy.internal][ERROR] 2022-01-07 17:02:55,065: Unable to initiate TCP/IP socket to prajwal-IdeaPad-L340-15IRH-Gaming:42569 (http://prajwal-IdeaPad-L340-15IRH-Gaming:44089/): Traceback (most recent call last):
  File "/opt/ros/noetic/lib/python3/dist-packages/rospy/impl/tcpros_base.py", line 562, in connect
    self.read_header()
  File "/opt/ros/noetic/lib/python3/dist-packages/rospy/impl/tcpros_base.py", line 657, in read_header
    self._validate_header(read_ros_handshake_header(sock, self.read_buff, self.protocol.buff_size))
  File "/opt/ros/noetic/lib/python3/dist-packages/rospy/impl/tcpros_base.py", line 600, in _validate_header
    raise TransportInitError("remote error reported: %s"%header['error'])
rospy.exceptions.TransportInitError: remote error reported: node shutting down

[rospy.internal][INFO] 2022-01-07 17:02:55,589: topic impl's ref count is zero, deleting topic /grid3/controller/cmd...
[rospy.internal][INFO] 2022-01-07 17:02:55,589: topic[/grid3/controller/cmd] removing connection to http://prajwal-IdeaPad-L340-15IRH-Gaming:44089/
[rospy.internal][ERROR] 2022-01-07 17:02:55,750: Unable to initiate TCP/IP socket to prajwal-IdeaPad-L340-15IRH-Gaming:45791 (http://prajwal-IdeaPad-L340-15IRH-Gaming:32941/): Traceback (most recent call last):
  File "/opt/ros/noetic/lib/python3/dist-packages/rospy/impl/tcpros_base.py", line 562, in connect
    self.read_header()
  File "/opt/ros/noetic/lib/python3/dist-packages/rospy/impl/tcpros_base.py", line 657, in read_header
    self._validate_header(read_ros_handshake_header(sock, self.read_buff, self.protocol.buff_size))
  File "/opt/ros/noetic/lib/python3/dist-packages/rospy/impl/tcpros_base.py", line 600, in _validate_header
    raise TransportInitError("remote error reported: %s"%header['error'])
rospy.exceptions.TransportInitError: remote error reported: received a connection for a nonexistent topic [/clock] from [TCPROS connection on port 45791 to [127.0.0.1:54358 on socket 17]] [/rqt_gui].

[rospy.internal][ERROR] 2022-01-07 17:02:56,218: Unable to initiate TCP/IP socket to prajwal-IdeaPad-L340-15IRH-Gaming:34833 (http://prajwal-IdeaPad-L340-15IRH-Gaming:39703/): Traceback (most recent call last):
  File "/opt/ros/noetic/lib/python3/dist-packages/rospy/impl/tcpros_base.py", line 562, in connect
    self.read_header()
  File "/opt/ros/noetic/lib/python3/dist-packages/rospy/impl/tcpros_base.py", line 657, in read_header
    self._validate_header(read_ros_handshake_header(sock, self.read_buff, self.protocol.buff_size))
  File "/opt/ros/noetic/lib/python3/dist-packages/rospy/impl/tcpros_base.py", line 600, in _validate_header
    raise TransportInitError("remote error reported: %s"%header['error'])
rospy.exceptions.TransportInitError: remote error reported: node shutting down

[rospy.internal][ERROR] 2022-01-07 17:02:56,218: Unable to initiate TCP/IP socket to prajwal-IdeaPad-L340-15IRH-Gaming:45137 (http://prajwal-IdeaPad-L340-15IRH-Gaming:36765/): Traceback (most recent call last):
  File "/opt/ros/noetic/lib/python3/dist-packages/rospy/impl/tcpros_base.py", line 562, in connect
    self.read_header()
  File "/opt/ros/noetic/lib/python3/dist-packages/rospy/impl/tcpros_base.py", line 657, in read_header
    self._validate_header(read_ros_handshake_header(sock, self.read_buff, self.protocol.buff_size))
  File "/opt/ros/noetic/lib/python3/dist-packages/rospy/impl/tcpros_base.py", line 600, in _validate_header
    raise TransportInitError("remote error reported: %s"%header['error'])
rospy.exceptions.TransportInitError: remote error reported: node shutting down

[rospy.internal][INFO] 2022-01-07 17:02:56,253: topic[/robot1/cmd_vel] removing connection to /gazebo
[rospy.internal][INFO] 2022-01-07 17:02:56,253: topic[/robot2/cmd_vel] removing connection to /gazebo
[rospy.internal][INFO] 2022-01-07 17:02:56,253: topic[/robot3/cmd_vel] removing connection to /gazebo
[rospy.internal][INFO] 2022-01-07 17:02:56,293: topic impl's ref count is zero, deleting topic /grid3/droppingCompleted...
[rospy.internal][INFO] 2022-01-07 17:02:56,294: topic[/grid3/droppingCompleted] removing connection to /brain_17146_1641553961475
[rospy.internal][INFO] 2022-01-07 17:02:56,294: topic impl's ref count is zero, deleting topic /grid3/packageLoaded...
[rospy.internal][INFO] 2022-01-07 17:02:56,295: topic[/grid3/packageLoaded] removing connection to /brain_17146_1641553961475
[rosout][WARNING] 2022-01-07 17:02:56,294: Could not process inbound connection: [/rqt_gui] is not a publisher of [/grid3/droppingCompleted]. Topics are [['/rosout', 'rosgraph_msgs/Log'], ['/grid3/packageLoaded', 'grid3/packageLoaded'], ['/robot1/cmd_vel', 'geometry_msgs/Twist'], ['/robot2/cmd_vel', 'geometry_msgs/Twist'], ['/robot3/cmd_vel', 'geometry_msgs/Twist'], ['/robot4/cmd_ve', 'geometry_msgs/Twist']]{'callerid': '/brain_17146_1641553961475', 'md5sum': '90041601f8236fdd572be94e8c0d4f45', 'message_definition': 'bool[] status', 'tcp_nodelay': '0', 'topic': '/grid3/droppingCompleted', 'type': 'grid3/droppingCompleted'}
[rosout][WARNING] 2022-01-07 17:02:56,296: Could not process inbound connection: [/rqt_gui] is not a publisher of [/grid3/packageLoaded]. Topics are [['/rosout', 'rosgraph_msgs/Log'], ['/robot1/cmd_vel', 'geometry_msgs/Twist'], ['/robot2/cmd_vel', 'geometry_msgs/Twist'], ['/robot3/cmd_vel', 'geometry_msgs/Twist'], ['/robot4/cmd_ve', 'geometry_msgs/Twist']]{'callerid': '/brain_17146_1641553961475', 'md5sum': '90041601f8236fdd572be94e8c0d4f45', 'message_definition': 'bool[] status', 'tcp_nodelay': '0', 'topic': '/grid3/packageLoaded', 'type': 'grid3/packageLoaded'}
[rospy.internal][INFO] 2022-01-07 17:02:56,297: topic impl's ref count is zero, deleting topic /robot1/cmd_vel...
[rospy.internal][INFO] 2022-01-07 17:02:56,298: topic impl's ref count is zero, deleting topic /robot2/cmd_vel...
[rospy.internal][INFO] 2022-01-07 17:02:56,300: topic impl's ref count is zero, deleting topic /robot3/cmd_vel...
[rospy.internal][INFO] 2022-01-07 17:02:56,301: topic impl's ref count is zero, deleting topic /robot4/cmd_ve...
[rospy.internal][INFO] 2022-01-07 17:02:56,302: topic impl's ref count is zero, deleting topic /grid3/planner/status...
[rospy.internal][INFO] 2022-01-07 17:02:56,302: topic[/grid3/planner/status] removing connection to http://prajwal-IdeaPad-L340-15IRH-Gaming:39703/
[rospy.internal][INFO] 2022-01-07 17:02:56,302: topic impl's ref count is zero, deleting topic /grid3/allRobots/posesRC...
[rospy.internal][INFO] 2022-01-07 17:02:56,302: topic[/grid3/allRobots/posesRC] removing connection to http://prajwal-IdeaPad-L340-15IRH-Gaming:36765/
[rospy.core][INFO] 2022-01-07 17:02:56,346: signal_shutdown [atexit]
[rospy.internal][INFO] 2022-01-07 17:02:56,348: topic[/rosout] removing connection to /rosout
[rospy.internal][INFO] 2022-01-07 17:02:56,348: topic[/clock] removing connection to http://prajwal-IdeaPad-L340-15IRH-Gaming:32941/
[rospy.impl.masterslave][INFO] 2022-01-07 17:02:56,349: atexit
