[rospy.client][INFO] 2022-01-06 23:20:31,260: init_node, name[/fake_pose_publisher], pid[20573]
[xmlrpc][INFO] 2022-01-06 23:20:31,261: XML-RPC server binding to 0.0.0.0:0
[xmlrpc][INFO] 2022-01-06 23:20:31,261: Started XML-RPC server [http://prajwal-IdeaPad-L340-15IRH-Gaming:37111/]
[rospy.init][INFO] 2022-01-06 23:20:31,261: ROS Slave URI: [http://prajwal-IdeaPad-L340-15IRH-Gaming:37111/]
[rospy.impl.masterslave][INFO] 2022-01-06 23:20:31,261: _ready: http://prajwal-IdeaPad-L340-15IRH-Gaming:37111/
[rospy.registration][INFO] 2022-01-06 23:20:31,262: Registering with master node http://localhost:11311
[xmlrpc][INFO] 2022-01-06 23:20:31,262: xml rpc node: starting XML-RPC server
[rospy.init][INFO] 2022-01-06 23:20:31,362: registered with master
[rospy.rosout][INFO] 2022-01-06 23:20:31,362: initializing /rosout core topic
[rospy.rosout][INFO] 2022-01-06 23:20:31,364: connected to core topic /rosout
[rospy.simtime][INFO] 2022-01-06 23:20:31,364: initializing /clock core topic
[rospy.simtime][INFO] 2022-01-06 23:20:31,365: connected to core topic /clock
[rospy.internal][INFO] 2022-01-06 23:20:31,366: topic[/clock] adding connection to [http://prajwal-IdeaPad-L340-15IRH-Gaming:36261/], count 0
[rosout][INFO] 2022-01-06 23:20:31,375: publishing the poses
[rospy.internal][INFO] 2022-01-06 23:20:31,378: topic[/robot1/odom] adding connection to [http://prajwal-IdeaPad-L340-15IRH-Gaming:36261/], count 0
[rospy.internal][INFO] 2022-01-06 23:20:31,378: topic[/robot3/odom] adding connection to [http://prajwal-IdeaPad-L340-15IRH-Gaming:36261/], count 0
[rospy.internal][INFO] 2022-01-06 23:20:31,379: topic[/robot4/odom] adding connection to [http://prajwal-IdeaPad-L340-15IRH-Gaming:36261/], count 0
[rospy.internal][INFO] 2022-01-06 23:20:31,379: topic[/robot2/odom] adding connection to [http://prajwal-IdeaPad-L340-15IRH-Gaming:36261/], count 0
[rospy.internal][INFO] 2022-01-06 23:20:31,407: topic[/grid3/allRobots/poses] adding connection to [/brain_20586_1641491431266], count 0
[rospy.internal][INFO] 2022-01-06 23:20:31,429: topic[/grid3/allRobots/poses] adding connection to [/trajectory_planner], count 1
[rospy.internal][INFO] 2022-01-06 23:20:31,630: topic[/rosout] adding connection to [/rosout], count 0
[rospy.internal][INFO] 2022-01-06 23:20:31,632: topic[/robot1/cmd_vel] adding connection to [/gazebo], count 0
[rospy.internal][INFO] 2022-01-06 23:20:31,632: topic[/robot2/cmd_vel] adding connection to [/gazebo], count 0
[rospy.internal][INFO] 2022-01-06 23:20:31,633: topic[/robot3/cmd_vel] adding connection to [/gazebo], count 0
[rospy.internal][INFO] 2022-01-06 23:20:31,633: topic[/robot4/cmd_vel] adding connection to [/gazebo], count 0
[rosout][INFO] 2022-01-06 23:20:32,377: publishing the poses
[rosout][INFO] 2022-01-06 23:20:33,385: publishing the poses
[rosout][INFO] 2022-01-06 23:20:34,388: publishing the poses
[rosout][INFO] 2022-01-06 23:20:35,396: publishing the poses
[rosout][INFO] 2022-01-06 23:20:36,401: publishing the poses
[rosout][INFO] 2022-01-06 23:20:37,410: publishing the poses
[rosout][INFO] 2022-01-06 23:20:38,423: publishing the poses
[rosout][INFO] 2022-01-06 23:20:39,429: publishing the poses
[rosout][INFO] 2022-01-06 23:20:40,433: publishing the poses
[rospy.internal][INFO] 2022-01-06 23:20:40,846: topic[/grid3/allRobots/poses] adding connection to [/controller_ros_interface_20750_1641491440699], count 2
[rosout][INFO] 2022-01-06 23:20:41,436: publishing the poses
[rosout][INFO] 2022-01-06 23:20:42,443: publishing the poses
[rosout][INFO] 2022-01-06 23:20:43,447: publishing the poses
[rosout][INFO] 2022-01-06 23:20:44,453: publishing the poses
[rosout][INFO] 2022-01-06 23:20:45,458: publishing the poses
[rosout][INFO] 2022-01-06 23:20:46,465: publishing the poses
[rosout][INFO] 2022-01-06 23:20:47,477: publishing the poses
[rosout][INFO] 2022-01-06 23:20:48,483: publishing the poses
[rosout][INFO] 2022-01-06 23:20:49,487: publishing the poses
[rosout][INFO] 2022-01-06 23:20:50,492: publishing the poses
[rosout][INFO] 2022-01-06 23:20:51,501: publishing the poses
[rosout][INFO] 2022-01-06 23:20:52,506: publishing the poses
[rosout][INFO] 2022-01-06 23:20:53,510: publishing the poses
[rosout][INFO] 2022-01-06 23:20:54,515: publishing the poses
[rosout][INFO] 2022-01-06 23:20:55,518: publishing the poses
[rosout][INFO] 2022-01-06 23:20:56,528: publishing the poses
[rosout][INFO] 2022-01-06 23:20:57,533: publishing the poses
[rosout][INFO] 2022-01-06 23:20:58,543: publishing the poses
[rosout][INFO] 2022-01-06 23:20:59,546: publishing the poses
[rosout][INFO] 2022-01-06 23:21:00,551: publishing the poses
[rosout][INFO] 2022-01-06 23:21:01,556: publishing the poses
[rosout][INFO] 2022-01-06 23:21:02,558: publishing the poses
[rosout][INFO] 2022-01-06 23:21:03,562: publishing the poses
[rosout][INFO] 2022-01-06 23:21:04,566: publishing the poses
[rosout][INFO] 2022-01-06 23:21:05,569: publishing the poses
[rosout][INFO] 2022-01-06 23:21:06,574: publishing the poses
[rosout][INFO] 2022-01-06 23:21:07,577: publishing the poses
[rosout][INFO] 2022-01-06 23:21:08,579: publishing the poses
[rosout][INFO] 2022-01-06 23:21:09,582: publishing the poses
[rosout][INFO] 2022-01-06 23:21:10,585: publishing the poses
[rosout][INFO] 2022-01-06 23:21:11,590: publishing the poses
[rosout][INFO] 2022-01-06 23:21:12,595: publishing the poses
[rosout][INFO] 2022-01-06 23:21:13,599: publishing the poses
[rosout][INFO] 2022-01-06 23:21:14,604: publishing the poses
[rosout][INFO] 2022-01-06 23:21:15,611: publishing the poses
[rosout][INFO] 2022-01-06 23:21:16,615: publishing the poses
[rosout][INFO] 2022-01-06 23:21:17,618: publishing the poses
[rosout][INFO] 2022-01-06 23:21:18,620: publishing the poses
[rosout][INFO] 2022-01-06 23:21:19,625: publishing the poses
[rosout][INFO] 2022-01-06 23:21:20,629: publishing the poses
[rosout][INFO] 2022-01-06 23:21:21,632: publishing the poses
[rosout][INFO] 2022-01-06 23:21:22,636: publishing the poses
[rosout][INFO] 2022-01-06 23:21:23,641: publishing the poses
[rosout][INFO] 2022-01-06 23:21:24,644: publishing the poses
[rosout][INFO] 2022-01-06 23:21:25,649: publishing the poses
[rosout][INFO] 2022-01-06 23:21:26,652: publishing the poses
[rosout][INFO] 2022-01-06 23:21:27,657: publishing the poses
[rosout][INFO] 2022-01-06 23:21:28,669: publishing the poses
[rosout][INFO] 2022-01-06 23:21:29,707: publishing the poses
[rosout][INFO] 2022-01-06 23:21:30,717: publishing the poses
[rosout][INFO] 2022-01-06 23:21:31,721: publishing the poses
[rosout][INFO] 2022-01-06 23:21:32,725: publishing the poses
[rosout][INFO] 2022-01-06 23:21:33,732: publishing the poses
[rosout][INFO] 2022-01-06 23:21:34,746: publishing the poses
[rosout][INFO] 2022-01-06 23:21:35,751: publishing the poses
[rosout][INFO] 2022-01-06 23:21:36,757: publishing the poses
[rosout][INFO] 2022-01-06 23:21:37,761: publishing the poses
[rosout][INFO] 2022-01-06 23:21:38,769: publishing the poses
[rosout][INFO] 2022-01-06 23:21:39,772: publishing the poses
[rosout][INFO] 2022-01-06 23:21:40,775: publishing the poses
[rosout][INFO] 2022-01-06 23:21:41,781: publishing the poses
[rosout][INFO] 2022-01-06 23:21:42,785: publishing the poses
[rosout][INFO] 2022-01-06 23:21:43,786: publishing the poses
[rosout][INFO] 2022-01-06 23:21:44,790: publishing the poses
[rosout][INFO] 2022-01-06 23:21:45,798: publishing the poses
[rosout][INFO] 2022-01-06 23:21:46,814: publishing the poses
[rosout][INFO] 2022-01-06 23:21:47,823: publishing the poses
[rosout][INFO] 2022-01-06 23:21:48,827: publishing the poses
[rosout][INFO] 2022-01-06 23:21:49,831: publishing the poses
[rosout][INFO] 2022-01-06 23:21:50,833: publishing the poses
[rosout][INFO] 2022-01-06 23:21:51,841: publishing the poses
[rosout][INFO] 2022-01-06 23:21:52,846: publishing the poses
[rosout][INFO] 2022-01-06 23:21:53,853: publishing the poses
[rosout][INFO] 2022-01-06 23:21:54,857: publishing the poses
[rosout][INFO] 2022-01-06 23:21:55,868: publishing the poses
[rosout][INFO] 2022-01-06 23:21:56,872: publishing the poses
[rosout][INFO] 2022-01-06 23:21:57,878: publishing the poses
[rosout][INFO] 2022-01-06 23:21:58,884: publishing the poses
[rosout][INFO] 2022-01-06 23:21:59,889: publishing the poses
[rosout][INFO] 2022-01-06 23:22:00,898: publishing the poses
[rosout][INFO] 2022-01-06 23:22:01,905: publishing the poses
[rosout][INFO] 2022-01-06 23:22:02,910: publishing the poses
[rosout][INFO] 2022-01-06 23:22:03,912: publishing the poses
[rosout][INFO] 2022-01-06 23:22:04,925: publishing the poses
[rosout][INFO] 2022-01-06 23:22:05,931: publishing the poses
[rosout][INFO] 2022-01-06 23:22:06,934: publishing the poses
[rosout][INFO] 2022-01-06 23:22:07,941: publishing the poses
[rosout][INFO] 2022-01-06 23:22:08,948: publishing the poses
[rosout][INFO] 2022-01-06 23:22:09,951: publishing the poses
[rosout][INFO] 2022-01-06 23:22:10,957: publishing the poses
[rosout][INFO] 2022-01-06 23:22:11,981: publishing the poses
[rosout][INFO] 2022-01-06 23:22:13,019: publishing the poses
[rosout][INFO] 2022-01-06 23:22:14,027: publishing the poses
[rosout][INFO] 2022-01-06 23:22:15,032: publishing the poses
[rosout][INFO] 2022-01-06 23:22:16,036: publishing the poses
[rosout][INFO] 2022-01-06 23:22:17,039: publishing the poses
[rosout][INFO] 2022-01-06 23:22:18,042: publishing the poses
[rosout][INFO] 2022-01-06 23:22:19,046: publishing the poses
[rosout][INFO] 2022-01-06 23:22:20,053: publishing the poses
[rosout][INFO] 2022-01-06 23:22:21,057: publishing the poses
[rosout][INFO] 2022-01-06 23:22:22,062: publishing the poses
[rosout][INFO] 2022-01-06 23:22:23,067: publishing the poses
[rosout][INFO] 2022-01-06 23:22:24,074: publishing the poses
[rosout][INFO] 2022-01-06 23:22:25,080: publishing the poses
[rosout][INFO] 2022-01-06 23:22:26,085: publishing the poses
[rosout][INFO] 2022-01-06 23:22:27,093: publishing the poses
[rosout][INFO] 2022-01-06 23:22:28,098: publishing the poses
[rosout][INFO] 2022-01-06 23:22:29,104: publishing the poses
[rosout][INFO] 2022-01-06 23:22:30,108: publishing the poses
[rosout][INFO] 2022-01-06 23:22:31,114: publishing the poses
[rosout][INFO] 2022-01-06 23:22:32,120: publishing the poses
[rosout][INFO] 2022-01-06 23:22:33,129: publishing the poses
[rosout][INFO] 2022-01-06 23:22:34,136: publishing the poses
[rosout][INFO] 2022-01-06 23:22:35,140: publishing the poses
[rosout][INFO] 2022-01-06 23:22:36,144: publishing the poses
[rosout][INFO] 2022-01-06 23:22:37,151: publishing the poses
[rosout][INFO] 2022-01-06 23:22:38,155: publishing the poses
[rosout][INFO] 2022-01-06 23:22:39,160: publishing the poses
[rosout][INFO] 2022-01-06 23:22:40,165: publishing the poses
[rosout][INFO] 2022-01-06 23:22:41,173: publishing the poses
[rosout][INFO] 2022-01-06 23:22:42,179: publishing the poses
[rosout][INFO] 2022-01-06 23:22:43,184: publishing the poses
[rosout][INFO] 2022-01-06 23:22:44,190: publishing the poses
[rosout][INFO] 2022-01-06 23:22:45,195: publishing the poses
[rosout][INFO] 2022-01-06 23:22:46,202: publishing the poses
[rosout][INFO] 2022-01-06 23:22:47,204: publishing the poses
[rosout][INFO] 2022-01-06 23:22:48,211: publishing the poses
[rosout][INFO] 2022-01-06 23:22:49,220: publishing the poses
[rosout][INFO] 2022-01-06 23:22:50,224: publishing the poses
[rosout][INFO] 2022-01-06 23:22:51,232: publishing the poses
[rosout][INFO] 2022-01-06 23:22:52,236: publishing the poses
[rosout][INFO] 2022-01-06 23:22:53,241: publishing the poses
[rosout][INFO] 2022-01-06 23:22:54,249: publishing the poses
[rosout][INFO] 2022-01-06 23:22:55,253: publishing the poses
[rosout][INFO] 2022-01-06 23:22:56,256: publishing the poses
[rosout][INFO] 2022-01-06 23:22:57,262: publishing the poses
[rosout][INFO] 2022-01-06 23:22:58,266: publishing the poses
[rosout][INFO] 2022-01-06 23:22:59,283: publishing the poses
[rosout][INFO] 2022-01-06 23:23:00,293: publishing the poses
[rosout][INFO] 2022-01-06 23:23:01,298: publishing the poses
[rosout][INFO] 2022-01-06 23:23:02,309: publishing the poses
[rosout][INFO] 2022-01-06 23:23:03,321: publishing the poses
[rosout][INFO] 2022-01-06 23:23:04,322: publishing the poses
[rosout][INFO] 2022-01-06 23:23:05,332: publishing the poses
[rosout][INFO] 2022-01-06 23:23:06,342: publishing the poses
[rosout][INFO] 2022-01-06 23:23:07,348: publishing the poses
[rosout][INFO] 2022-01-06 23:23:08,353: publishing the poses
[rosout][INFO] 2022-01-06 23:23:09,355: publishing the poses
[rosout][INFO] 2022-01-06 23:23:10,360: publishing the poses
[rosout][INFO] 2022-01-06 23:23:11,366: publishing the poses
[rosout][INFO] 2022-01-06 23:23:12,370: publishing the poses
[rosout][INFO] 2022-01-06 23:23:13,375: publishing the poses
[rosout][INFO] 2022-01-06 23:23:14,381: publishing the poses
[rosout][INFO] 2022-01-06 23:23:15,386: publishing the poses
[rosout][INFO] 2022-01-06 23:23:16,391: publishing the poses
[rosout][INFO] 2022-01-06 23:23:17,398: publishing the poses
[rosout][INFO] 2022-01-06 23:23:18,403: publishing the poses
[rosout][INFO] 2022-01-06 23:23:19,407: publishing the poses
[rosout][INFO] 2022-01-06 23:23:20,415: publishing the poses
[rosout][INFO] 2022-01-06 23:23:21,419: publishing the poses
[rosout][INFO] 2022-01-06 23:23:22,427: publishing the poses
[rosout][INFO] 2022-01-06 23:23:23,432: publishing the poses
[rosout][INFO] 2022-01-06 23:23:24,448: publishing the poses
[rosout][INFO] 2022-01-06 23:23:25,498: publishing the poses
[rosout][INFO] 2022-01-06 23:23:26,505: publishing the poses
[rosout][INFO] 2022-01-06 23:23:27,513: publishing the poses
[rosout][INFO] 2022-01-06 23:23:28,518: publishing the poses
[rosout][INFO] 2022-01-06 23:23:29,524: publishing the poses
[rosout][INFO] 2022-01-06 23:23:30,545: publishing the poses
[rosout][INFO] 2022-01-06 23:23:31,551: publishing the poses
[rosout][INFO] 2022-01-06 23:23:32,557: publishing the poses
[rosout][INFO] 2022-01-06 23:23:33,562: publishing the poses
[rosout][INFO] 2022-01-06 23:23:34,565: publishing the poses
[rosout][INFO] 2022-01-06 23:23:35,574: publishing the poses
[rosout][INFO] 2022-01-06 23:23:36,579: publishing the poses
[rosout][INFO] 2022-01-06 23:23:37,583: publishing the poses
[rosout][INFO] 2022-01-06 23:23:38,591: publishing the poses
[rosout][INFO] 2022-01-06 23:23:39,598: publishing the poses
[rosout][INFO] 2022-01-06 23:23:40,616: publishing the poses
[rosout][INFO] 2022-01-06 23:23:41,627: publishing the poses
[rosout][INFO] 2022-01-06 23:23:42,635: publishing the poses
[rosout][INFO] 2022-01-06 23:23:43,640: publishing the poses
[rosout][INFO] 2022-01-06 23:23:44,645: publishing the poses
[rosout][INFO] 2022-01-06 23:23:45,652: publishing the poses
[rosout][INFO] 2022-01-06 23:23:46,658: publishing the poses
[rosout][INFO] 2022-01-06 23:23:47,666: publishing the poses
[rosout][INFO] 2022-01-06 23:23:48,674: publishing the poses
[rosout][INFO] 2022-01-06 23:23:49,680: publishing the poses
[rosout][INFO] 2022-01-06 23:23:50,685: publishing the poses
[rosout][INFO] 2022-01-06 23:23:51,693: publishing the poses
[rosout][INFO] 2022-01-06 23:23:52,698: publishing the poses
[rosout][INFO] 2022-01-06 23:23:53,703: publishing the poses
[rosout][INFO] 2022-01-06 23:23:54,706: publishing the poses
[rosout][INFO] 2022-01-06 23:23:55,713: publishing the poses
[rosout][INFO] 2022-01-06 23:23:56,719: publishing the poses
[rosout][INFO] 2022-01-06 23:23:57,725: publishing the poses
[rosout][INFO] 2022-01-06 23:23:58,733: publishing the poses
[rosout][INFO] 2022-01-06 23:23:59,737: publishing the poses
[rosout][INFO] 2022-01-06 23:24:00,740: publishing the poses
[rosout][INFO] 2022-01-06 23:24:01,746: publishing the poses
[rosout][INFO] 2022-01-06 23:24:02,750: publishing the poses
[rosout][INFO] 2022-01-06 23:24:03,759: publishing the poses
[rosout][INFO] 2022-01-06 23:24:04,763: publishing the poses
[rosout][INFO] 2022-01-06 23:24:05,764: publishing the poses
[rosout][INFO] 2022-01-06 23:24:06,784: publishing the poses
[rosout][INFO] 2022-01-06 23:24:07,788: publishing the poses
[rosout][INFO] 2022-01-06 23:24:08,792: publishing the poses
[rosout][INFO] 2022-01-06 23:24:09,804: publishing the poses
[rosout][INFO] 2022-01-06 23:24:10,809: publishing the poses
[rosout][INFO] 2022-01-06 23:24:11,816: publishing the poses
[rosout][INFO] 2022-01-06 23:24:12,826: publishing the poses
[rosout][INFO] 2022-01-06 23:24:13,834: publishing the poses
[rosout][INFO] 2022-01-06 23:24:14,838: publishing the poses
[rosout][INFO] 2022-01-06 23:24:15,842: publishing the poses
[rosout][INFO] 2022-01-06 23:24:16,849: publishing the poses
[rosout][INFO] 2022-01-06 23:24:17,855: publishing the poses
[rosout][INFO] 2022-01-06 23:24:18,863: publishing the poses
[rosout][INFO] 2022-01-06 23:24:19,871: publishing the poses
[rosout][INFO] 2022-01-06 23:24:20,879: publishing the poses
[rosout][INFO] 2022-01-06 23:24:21,886: publishing the poses
[rosout][INFO] 2022-01-06 23:24:22,895: publishing the poses
[rosout][INFO] 2022-01-06 23:24:23,905: publishing the poses
[rosout][INFO] 2022-01-06 23:24:24,910: publishing the poses
[rosout][INFO] 2022-01-06 23:24:25,918: publishing the poses
[rosout][INFO] 2022-01-06 23:24:26,925: publishing the poses
[rosout][INFO] 2022-01-06 23:24:27,933: publishing the poses
[rosout][INFO] 2022-01-06 23:24:28,941: publishing the poses
[rosout][INFO] 2022-01-06 23:24:29,947: publishing the poses
[rosout][INFO] 2022-01-06 23:24:30,953: publishing the poses
[rosout][INFO] 2022-01-06 23:24:31,957: publishing the poses
[rosout][INFO] 2022-01-06 23:24:32,963: publishing the poses
[rosout][INFO] 2022-01-06 23:24:33,970: publishing the poses
[rosout][INFO] 2022-01-06 23:24:34,977: publishing the poses
[rosout][INFO] 2022-01-06 23:24:35,983: publishing the poses
[rosout][INFO] 2022-01-06 23:24:36,992: publishing the poses
[rosout][INFO] 2022-01-06 23:24:37,996: publishing the poses
[rosout][INFO] 2022-01-06 23:24:39,000: publishing the poses
[rosout][INFO] 2022-01-06 23:24:40,008: publishing the poses
[rosout][INFO] 2022-01-06 23:24:41,013: publishing the poses
[rosout][INFO] 2022-01-06 23:24:42,017: publishing the poses
[rosout][INFO] 2022-01-06 23:24:43,024: publishing the poses
[rosout][INFO] 2022-01-06 23:24:44,031: publishing the poses
[rosout][INFO] 2022-01-06 23:24:45,041: publishing the poses
[rosout][INFO] 2022-01-06 23:24:46,049: publishing the poses
[rosout][INFO] 2022-01-06 23:24:47,055: publishing the poses
[rosout][INFO] 2022-01-06 23:24:48,064: publishing the poses
[rosout][INFO] 2022-01-06 23:24:49,069: publishing the poses
[rosout][INFO] 2022-01-06 23:24:50,074: publishing the poses
[rosout][INFO] 2022-01-06 23:24:51,080: publishing the poses
[rosout][INFO] 2022-01-06 23:24:52,086: publishing the poses
[rosout][INFO] 2022-01-06 23:24:53,091: publishing the poses
[rosout][INFO] 2022-01-06 23:24:54,097: publishing the poses
[rosout][INFO] 2022-01-06 23:24:55,104: publishing the poses
[rosout][INFO] 2022-01-06 23:24:56,109: publishing the poses
[rosout][INFO] 2022-01-06 23:24:57,118: publishing the poses
[rosout][INFO] 2022-01-06 23:24:58,123: publishing the poses
[rosout][INFO] 2022-01-06 23:24:59,127: publishing the poses
[rosout][INFO] 2022-01-06 23:25:00,136: publishing the poses
[rosout][INFO] 2022-01-06 23:25:01,145: publishing the poses
[rosout][INFO] 2022-01-06 23:25:02,149: publishing the poses
[rosout][INFO] 2022-01-06 23:25:03,157: publishing the poses
[rosout][INFO] 2022-01-06 23:25:04,161: publishing the poses
[rosout][INFO] 2022-01-06 23:25:05,168: publishing the poses
[rosout][INFO] 2022-01-06 23:25:06,173: publishing the poses
[rosout][INFO] 2022-01-06 23:25:07,180: publishing the poses
[rosout][INFO] 2022-01-06 23:25:08,187: publishing the poses
[rosout][INFO] 2022-01-06 23:25:09,190: publishing the poses
[rosout][INFO] 2022-01-06 23:25:10,194: publishing the poses
[rosout][INFO] 2022-01-06 23:25:11,199: publishing the poses
[rosout][INFO] 2022-01-06 23:25:12,203: publishing the poses
[rosout][INFO] 2022-01-06 23:25:13,209: publishing the poses
[rosout][INFO] 2022-01-06 23:25:14,214: publishing the poses
[rosout][INFO] 2022-01-06 23:25:15,220: publishing the poses
[rosout][INFO] 2022-01-06 23:25:16,229: publishing the poses
[rosout][INFO] 2022-01-06 23:25:17,234: publishing the poses
[rosout][INFO] 2022-01-06 23:25:18,240: publishing the poses
[rosout][INFO] 2022-01-06 23:25:19,248: publishing the poses
[rosout][INFO] 2022-01-06 23:25:20,251: publishing the poses
[rosout][INFO] 2022-01-06 23:25:21,259: publishing the poses
[rosout][INFO] 2022-01-06 23:25:22,296: publishing the poses
[rosout][INFO] 2022-01-06 23:25:23,300: publishing the poses
[rosout][INFO] 2022-01-06 23:25:24,305: publishing the poses
[rosout][INFO] 2022-01-06 23:25:25,314: publishing the poses
[rosout][INFO] 2022-01-06 23:25:26,319: publishing the poses
[rosout][INFO] 2022-01-06 23:25:27,322: publishing the poses
[rosout][INFO] 2022-01-06 23:25:28,329: publishing the poses
[rosout][INFO] 2022-01-06 23:25:29,333: publishing the poses
[rosout][INFO] 2022-01-06 23:25:30,341: publishing the poses
[rosout][INFO] 2022-01-06 23:25:31,344: publishing the poses
[rosout][INFO] 2022-01-06 23:25:32,354: publishing the poses
[rosout][INFO] 2022-01-06 23:25:33,363: publishing the poses
[rosout][INFO] 2022-01-06 23:25:34,370: publishing the poses
[rosout][INFO] 2022-01-06 23:25:35,375: publishing the poses
[rosout][INFO] 2022-01-06 23:25:36,385: publishing the poses
[rosout][INFO] 2022-01-06 23:25:37,391: publishing the poses
[rosout][INFO] 2022-01-06 23:25:38,455: publishing the poses
[rosout][INFO] 2022-01-06 23:25:39,474: publishing the poses
[rosout][INFO] 2022-01-06 23:25:40,489: publishing the poses
[rosout][INFO] 2022-01-06 23:25:41,495: publishing the poses
[rosout][INFO] 2022-01-06 23:25:42,505: publishing the poses
[rosout][INFO] 2022-01-06 23:25:43,510: publishing the poses
[rosout][INFO] 2022-01-06 23:25:44,513: publishing the poses
[rosout][INFO] 2022-01-06 23:25:45,518: publishing the poses
[rosout][INFO] 2022-01-06 23:25:46,528: publishing the poses
[rosout][INFO] 2022-01-06 23:25:47,554: publishing the poses
[rosout][INFO] 2022-01-06 23:25:48,583: publishing the poses
[rosout][INFO] 2022-01-06 23:25:49,608: publishing the poses
[rosout][INFO] 2022-01-06 23:25:50,636: publishing the poses
[rosout][INFO] 2022-01-06 23:25:51,651: publishing the poses
[rosout][INFO] 2022-01-06 23:25:52,660: publishing the poses
[rosout][INFO] 2022-01-06 23:25:53,671: publishing the poses
[rosout][INFO] 2022-01-06 23:25:54,680: publishing the poses
[rosout][INFO] 2022-01-06 23:25:55,683: publishing the poses
[rosout][INFO] 2022-01-06 23:25:56,688: publishing the poses
[rosout][INFO] 2022-01-06 23:25:57,698: publishing the poses
[rosout][INFO] 2022-01-06 23:25:58,706: publishing the poses
[rosout][INFO] 2022-01-06 23:25:59,711: publishing the poses
[rosout][INFO] 2022-01-06 23:26:00,717: publishing the poses
[rosout][INFO] 2022-01-06 23:26:01,722: publishing the poses
[rosout][INFO] 2022-01-06 23:26:02,727: publishing the poses
[rosout][INFO] 2022-01-06 23:26:03,734: publishing the poses
[rosout][INFO] 2022-01-06 23:26:04,738: publishing the poses
[rosout][INFO] 2022-01-06 23:26:05,745: publishing the poses
[rosout][INFO] 2022-01-06 23:26:06,753: publishing the poses
[rosout][INFO] 2022-01-06 23:26:07,757: publishing the poses
[rosout][INFO] 2022-01-06 23:26:08,759: publishing the poses
[rosout][INFO] 2022-01-06 23:26:09,766: publishing the poses
[rosout][INFO] 2022-01-06 23:26:10,770: publishing the poses
[rosout][INFO] 2022-01-06 23:26:11,774: publishing the poses
[rosout][INFO] 2022-01-06 23:26:12,778: publishing the poses
[rosout][INFO] 2022-01-06 23:26:13,784: publishing the poses
[rosout][INFO] 2022-01-06 23:26:14,793: publishing the poses
[rosout][INFO] 2022-01-06 23:26:15,798: publishing the poses
[rosout][INFO] 2022-01-06 23:26:16,804: publishing the poses
[rosout][INFO] 2022-01-06 23:26:17,809: publishing the poses
[rosout][INFO] 2022-01-06 23:26:18,814: publishing the poses
[rosout][INFO] 2022-01-06 23:26:19,821: publishing the poses
[rosout][INFO] 2022-01-06 23:26:20,825: publishing the poses
[rosout][INFO] 2022-01-06 23:26:21,830: publishing the poses
[rosout][INFO] 2022-01-06 23:26:22,837: publishing the poses
[rosout][INFO] 2022-01-06 23:26:23,843: publishing the poses
[rosout][INFO] 2022-01-06 23:26:24,850: publishing the poses
[rosout][INFO] 2022-01-06 23:26:25,855: publishing the poses
[rosout][INFO] 2022-01-06 23:26:26,858: publishing the poses
[rosout][INFO] 2022-01-06 23:26:27,862: publishing the poses
[rosout][INFO] 2022-01-06 23:26:28,869: publishing the poses
[rosout][INFO] 2022-01-06 23:26:29,883: publishing the poses
[rosout][INFO] 2022-01-06 23:26:30,891: publishing the poses
[rosout][INFO] 2022-01-06 23:26:31,897: publishing the poses
[rosout][INFO] 2022-01-06 23:26:32,900: publishing the poses
[rosout][INFO] 2022-01-06 23:26:33,904: publishing the poses
[rosout][INFO] 2022-01-06 23:26:34,916: publishing the poses
[rosout][INFO] 2022-01-06 23:26:35,930: publishing the poses
[rosout][INFO] 2022-01-06 23:26:36,948: publishing the poses
[rosout][INFO] 2022-01-06 23:26:37,964: publishing the poses
[rosout][INFO] 2022-01-06 23:26:38,979: publishing the poses
[rosout][INFO] 2022-01-06 23:26:39,987: publishing the poses
[rosout][INFO] 2022-01-06 23:26:40,992: publishing the poses
[rosout][INFO] 2022-01-06 23:26:41,996: publishing the poses
[rosout][INFO] 2022-01-06 23:26:43,002: publishing the poses
[rosout][INFO] 2022-01-06 23:26:44,007: publishing the poses
[rosout][INFO] 2022-01-06 23:26:45,024: publishing the poses
[rosout][INFO] 2022-01-06 23:26:46,042: publishing the poses
[rosout][INFO] 2022-01-06 23:26:47,049: publishing the poses
[rosout][INFO] 2022-01-06 23:26:48,075: publishing the poses
[rosout][INFO] 2022-01-06 23:26:49,092: publishing the poses
[rosout][INFO] 2022-01-06 23:26:50,110: publishing the poses
[rosout][INFO] 2022-01-06 23:26:51,132: publishing the poses
[rosout][INFO] 2022-01-06 23:26:52,160: publishing the poses
[rosout][INFO] 2022-01-06 23:26:53,184: publishing the poses
[rosout][INFO] 2022-01-06 23:26:54,206: publishing the poses
[rosout][INFO] 2022-01-06 23:26:55,224: publishing the poses
[rosout][INFO] 2022-01-06 23:26:56,237: publishing the poses
[rosout][INFO] 2022-01-06 23:26:57,241: publishing the poses
[rosout][INFO] 2022-01-06 23:26:58,245: publishing the poses
[rosout][INFO] 2022-01-06 23:26:59,252: publishing the poses
[rosout][INFO] 2022-01-06 23:27:00,262: publishing the poses
[rosout][INFO] 2022-01-06 23:27:01,269: publishing the poses
[rosout][INFO] 2022-01-06 23:27:02,274: publishing the poses
[rosout][INFO] 2022-01-06 23:27:03,285: publishing the poses
[rosout][INFO] 2022-01-06 23:27:04,303: publishing the poses
[rosout][INFO] 2022-01-06 23:27:05,322: publishing the poses
[rosout][INFO] 2022-01-06 23:27:06,345: publishing the poses
[rosout][INFO] 2022-01-06 23:27:07,352: publishing the poses
[rosout][INFO] 2022-01-06 23:27:08,362: publishing the poses
[rosout][INFO] 2022-01-06 23:27:09,367: publishing the poses
[rosout][INFO] 2022-01-06 23:27:10,379: publishing the poses
[rosout][INFO] 2022-01-06 23:27:11,387: publishing the poses
[rosout][INFO] 2022-01-06 23:27:12,393: publishing the poses
[rosout][INFO] 2022-01-06 23:27:13,397: publishing the poses
[rosout][INFO] 2022-01-06 23:27:14,401: publishing the poses
[rosout][INFO] 2022-01-06 23:27:15,409: publishing the poses
[rosout][INFO] 2022-01-06 23:27:16,415: publishing the poses
[rosout][INFO] 2022-01-06 23:27:17,419: publishing the poses
[rosout][INFO] 2022-01-06 23:27:18,425: publishing the poses
[rosout][INFO] 2022-01-06 23:27:19,432: publishing the poses
[rosout][INFO] 2022-01-06 23:27:20,442: publishing the poses
[rosout][INFO] 2022-01-06 23:27:21,470: publishing the poses
[rosout][INFO] 2022-01-06 23:27:22,492: publishing the poses
[rosout][INFO] 2022-01-06 23:27:23,514: publishing the poses
[rosout][INFO] 2022-01-06 23:27:24,521: publishing the poses
[rosout][INFO] 2022-01-06 23:27:25,524: publishing the poses
[rosout][INFO] 2022-01-06 23:27:26,533: publishing the poses
[rosout][INFO] 2022-01-06 23:27:27,553: publishing the poses
[rosout][INFO] 2022-01-06 23:27:28,569: publishing the poses
[rosout][INFO] 2022-01-06 23:27:29,593: publishing the poses
[rosout][INFO] 2022-01-06 23:27:30,613: publishing the poses
[rosout][INFO] 2022-01-06 23:27:31,642: publishing the poses
[rosout][INFO] 2022-01-06 23:27:32,651: publishing the poses
[rosout][INFO] 2022-01-06 23:27:33,659: publishing the poses
[rosout][INFO] 2022-01-06 23:27:34,686: publishing the poses
[rosout][INFO] 2022-01-06 23:27:35,730: publishing the poses
[rosout][INFO] 2022-01-06 23:27:36,770: publishing the poses
[rosout][INFO] 2022-01-06 23:27:37,790: publishing the poses
[rosout][INFO] 2022-01-06 23:27:38,802: publishing the poses
[rosout][INFO] 2022-01-06 23:27:39,846: publishing the poses
[rosout][INFO] 2022-01-06 23:27:40,880: publishing the poses
[rosout][INFO] 2022-01-06 23:27:41,887: publishing the poses
[rosout][INFO] 2022-01-06 23:27:42,891: publishing the poses
[rosout][INFO] 2022-01-06 23:27:43,896: publishing the poses
[rosout][INFO] 2022-01-06 23:27:44,900: publishing the poses
[rosout][INFO] 2022-01-06 23:27:45,904: publishing the poses
[rosout][INFO] 2022-01-06 23:27:46,912: publishing the poses
[rosout][INFO] 2022-01-06 23:27:47,919: publishing the poses
[rosout][INFO] 2022-01-06 23:27:48,925: publishing the poses
[rosout][INFO] 2022-01-06 23:27:49,935: publishing the poses
[rosout][INFO] 2022-01-06 23:27:50,940: publishing the poses
[rosout][INFO] 2022-01-06 23:27:51,981: publishing the poses
[rosout][INFO] 2022-01-06 23:27:53,010: publishing the poses
[rosout][INFO] 2022-01-06 23:27:54,016: publishing the poses
[rosout][INFO] 2022-01-06 23:27:55,022: publishing the poses
[rosout][INFO] 2022-01-06 23:27:56,028: publishing the poses
[rosout][INFO] 2022-01-06 23:27:57,039: publishing the poses
[rosout][INFO] 2022-01-06 23:27:58,044: publishing the poses
[rosout][INFO] 2022-01-06 23:27:59,057: publishing the poses
[rosout][INFO] 2022-01-06 23:28:00,079: publishing the poses
[rosout][INFO] 2022-01-06 23:28:01,086: publishing the poses
[rosout][INFO] 2022-01-06 23:28:02,103: publishing the poses
[rosout][INFO] 2022-01-06 23:28:03,110: publishing the poses
[rosout][INFO] 2022-01-06 23:28:04,120: publishing the poses
[rosout][INFO] 2022-01-06 23:28:05,125: publishing the poses
[rosout][INFO] 2022-01-06 23:28:06,130: publishing the poses
[rosout][INFO] 2022-01-06 23:28:07,152: publishing the poses
[rosout][INFO] 2022-01-06 23:28:08,160: publishing the poses
[rosout][INFO] 2022-01-06 23:28:09,164: publishing the poses
[rosout][INFO] 2022-01-06 23:28:10,169: publishing the poses
[rosout][INFO] 2022-01-06 23:28:11,188: publishing the poses
[rosout][INFO] 2022-01-06 23:28:12,226: publishing the poses
[rosout][INFO] 2022-01-06 23:28:13,251: publishing the poses
[rosout][INFO] 2022-01-06 23:28:14,272: publishing the poses
[rosout][INFO] 2022-01-06 23:28:15,279: publishing the poses
[rosout][INFO] 2022-01-06 23:28:16,286: publishing the poses
[rosout][INFO] 2022-01-06 23:28:17,311: publishing the poses
[rosout][INFO] 2022-01-06 23:28:18,330: publishing the poses
[rosout][INFO] 2022-01-06 23:28:19,333: publishing the poses
[rosout][INFO] 2022-01-06 23:28:20,337: publishing the poses
[rosout][INFO] 2022-01-06 23:28:21,349: publishing the poses
[rosout][INFO] 2022-01-06 23:28:22,360: publishing the poses
[rosout][INFO] 2022-01-06 23:28:23,368: publishing the poses
[rosout][INFO] 2022-01-06 23:28:24,373: publishing the poses
[rosout][INFO] 2022-01-06 23:28:25,379: publishing the poses
[rosout][INFO] 2022-01-06 23:28:26,384: publishing the poses
[rosout][INFO] 2022-01-06 23:28:27,385: publishing the poses
[rosout][INFO] 2022-01-06 23:28:28,410: publishing the poses
[rosout][INFO] 2022-01-06 23:28:29,421: publishing the poses
[rosout][INFO] 2022-01-06 23:28:30,427: publishing the poses
[rosout][INFO] 2022-01-06 23:28:31,433: publishing the poses
[rosout][INFO] 2022-01-06 23:28:32,436: publishing the poses
[rosout][INFO] 2022-01-06 23:28:33,440: publishing the poses
[rosout][INFO] 2022-01-06 23:28:34,445: publishing the poses
[rosout][INFO] 2022-01-06 23:28:35,451: publishing the poses
[rosout][INFO] 2022-01-06 23:28:36,454: publishing the poses
[rosout][INFO] 2022-01-06 23:28:37,461: publishing the poses
[rosout][INFO] 2022-01-06 23:28:38,469: publishing the poses
[rosout][INFO] 2022-01-06 23:28:39,474: publishing the poses
[rosout][INFO] 2022-01-06 23:28:40,481: publishing the poses
[rosout][INFO] 2022-01-06 23:28:41,490: publishing the poses
[rosout][INFO] 2022-01-06 23:28:42,494: publishing the poses
[rosout][INFO] 2022-01-06 23:28:43,505: publishing the poses
[rosout][INFO] 2022-01-06 23:28:44,509: publishing the poses
[rosout][INFO] 2022-01-06 23:28:45,515: publishing the poses
[rosout][INFO] 2022-01-06 23:28:46,521: publishing the poses
[rosout][INFO] 2022-01-06 23:28:47,526: publishing the poses
[rosout][INFO] 2022-01-06 23:28:48,530: publishing the poses
[rosout][INFO] 2022-01-06 23:28:49,542: publishing the poses
[rosout][INFO] 2022-01-06 23:28:50,565: publishing the poses
[rosout][INFO] 2022-01-06 23:28:51,603: publishing the poses
[rosout][INFO] 2022-01-06 23:28:52,609: publishing the poses
[rosout][INFO] 2022-01-06 23:28:53,638: publishing the poses
[rosout][INFO] 2022-01-06 23:28:54,647: publishing the poses
[rosout][INFO] 2022-01-06 23:28:55,667: publishing the poses
[rosout][INFO] 2022-01-06 23:28:56,693: publishing the poses
[rosout][INFO] 2022-01-06 23:28:57,735: publishing the poses
[rosout][INFO] 2022-01-06 23:28:58,741: publishing the poses
[rosout][INFO] 2022-01-06 23:28:59,746: publishing the poses
[rosout][INFO] 2022-01-06 23:29:00,751: publishing the poses
[rosout][INFO] 2022-01-06 23:29:01,756: publishing the poses
[rosout][INFO] 2022-01-06 23:29:02,767: publishing the poses
[rosout][INFO] 2022-01-06 23:29:03,772: publishing the poses
[rosout][INFO] 2022-01-06 23:29:04,780: publishing the poses
[rosout][INFO] 2022-01-06 23:29:05,785: publishing the poses
[rosout][INFO] 2022-01-06 23:29:06,795: publishing the poses
[rosout][INFO] 2022-01-06 23:29:07,800: publishing the poses
[rosout][INFO] 2022-01-06 23:29:08,805: publishing the poses
[rosout][INFO] 2022-01-06 23:29:09,809: publishing the poses
[rosout][INFO] 2022-01-06 23:29:10,820: publishing the poses
[rosout][INFO] 2022-01-06 23:29:11,830: publishing the poses
[rosout][INFO] 2022-01-06 23:29:12,878: publishing the poses
[rosout][INFO] 2022-01-06 23:29:13,923: publishing the poses
[rosout][INFO] 2022-01-06 23:29:14,929: publishing the poses
[rosout][INFO] 2022-01-06 23:29:15,938: publishing the poses
[rosout][INFO] 2022-01-06 23:29:16,941: publishing the poses
[rosout][INFO] 2022-01-06 23:29:17,949: publishing the poses
[rosout][INFO] 2022-01-06 23:29:18,954: publishing the poses
[rosout][INFO] 2022-01-06 23:29:19,962: publishing the poses
[rosout][INFO] 2022-01-06 23:29:20,966: publishing the poses
[rosout][INFO] 2022-01-06 23:29:21,972: publishing the poses
[rosout][INFO] 2022-01-06 23:29:22,982: publishing the poses
[rosout][INFO] 2022-01-06 23:29:23,992: publishing the poses
[rosout][INFO] 2022-01-06 23:29:25,001: publishing the poses
[rosout][INFO] 2022-01-06 23:29:26,007: publishing the poses
[rosout][INFO] 2022-01-06 23:29:27,012: publishing the poses
[rosout][INFO] 2022-01-06 23:29:28,017: publishing the poses
[rosout][INFO] 2022-01-06 23:29:29,025: publishing the poses
[rosout][INFO] 2022-01-06 23:29:30,031: publishing the poses
[rosout][INFO] 2022-01-06 23:29:31,036: publishing the poses
[rosout][INFO] 2022-01-06 23:29:32,042: publishing the poses
[rosout][INFO] 2022-01-06 23:29:33,051: publishing the poses
[rosout][INFO] 2022-01-06 23:29:34,057: publishing the poses
[rosout][INFO] 2022-01-06 23:29:35,062: publishing the poses
[rosout][INFO] 2022-01-06 23:29:36,068: publishing the poses
[rosout][INFO] 2022-01-06 23:29:37,071: publishing the poses
[rosout][INFO] 2022-01-06 23:29:38,077: publishing the poses
[rosout][INFO] 2022-01-06 23:29:39,081: publishing the poses
[rosout][INFO] 2022-01-06 23:29:40,091: publishing the poses
[rosout][INFO] 2022-01-06 23:29:41,094: publishing the poses
[rosout][INFO] 2022-01-06 23:29:42,102: publishing the poses
[rosout][INFO] 2022-01-06 23:29:43,111: publishing the poses
[rosout][INFO] 2022-01-06 23:29:44,119: publishing the poses
[rosout][INFO] 2022-01-06 23:29:45,125: publishing the poses
[rosout][INFO] 2022-01-06 23:29:46,129: publishing the poses
[rosout][INFO] 2022-01-06 23:29:47,134: publishing the poses
[rosout][INFO] 2022-01-06 23:29:48,141: publishing the poses
[rosout][INFO] 2022-01-06 23:29:49,148: publishing the poses
[rosout][INFO] 2022-01-06 23:29:50,154: publishing the poses
[rosout][INFO] 2022-01-06 23:29:51,158: publishing the poses
[rosout][INFO] 2022-01-06 23:29:52,165: publishing the poses
[rosout][INFO] 2022-01-06 23:29:53,169: publishing the poses
[rosout][INFO] 2022-01-06 23:29:54,172: publishing the poses
[rosout][INFO] 2022-01-06 23:29:55,176: publishing the poses
[rosout][INFO] 2022-01-06 23:29:56,181: publishing the poses
[rosout][INFO] 2022-01-06 23:29:57,187: publishing the poses
[rosout][INFO] 2022-01-06 23:29:58,195: publishing the poses
[rosout][INFO] 2022-01-06 23:29:59,199: publishing the poses
[rosout][INFO] 2022-01-06 23:30:00,207: publishing the poses
[rosout][INFO] 2022-01-06 23:30:01,208: publishing the poses
[rosout][INFO] 2022-01-06 23:30:02,220: publishing the poses
[rosout][INFO] 2022-01-06 23:30:03,229: publishing the poses
[rosout][INFO] 2022-01-06 23:30:04,235: publishing the poses
[rosout][INFO] 2022-01-06 23:30:05,242: publishing the poses
[rosout][INFO] 2022-01-06 23:30:06,248: publishing the poses
[rosout][INFO] 2022-01-06 23:30:07,253: publishing the poses
[rosout][INFO] 2022-01-06 23:30:08,258: publishing the poses
[rosout][INFO] 2022-01-06 23:30:09,262: publishing the poses
[rosout][INFO] 2022-01-06 23:30:10,264: publishing the poses
[rosout][INFO] 2022-01-06 23:30:11,268: publishing the poses
[rosout][INFO] 2022-01-06 23:30:12,273: publishing the poses
[rosout][INFO] 2022-01-06 23:30:13,276: publishing the poses
[rosout][INFO] 2022-01-06 23:30:14,281: publishing the poses
[rosout][INFO] 2022-01-06 23:30:15,288: publishing the poses
[rosout][INFO] 2022-01-06 23:30:16,291: publishing the poses
[rosout][INFO] 2022-01-06 23:30:17,296: publishing the poses
[rosout][INFO] 2022-01-06 23:30:18,299: publishing the poses
[rosout][INFO] 2022-01-06 23:30:19,305: publishing the poses
[rosout][INFO] 2022-01-06 23:30:20,308: publishing the poses
[rosout][INFO] 2022-01-06 23:30:21,315: publishing the poses
[rosout][INFO] 2022-01-06 23:30:22,321: publishing the poses
[rosout][INFO] 2022-01-06 23:30:23,325: publishing the poses
[rosout][INFO] 2022-01-06 23:30:24,333: publishing the poses
[rosout][INFO] 2022-01-06 23:30:25,339: publishing the poses
[rosout][INFO] 2022-01-06 23:30:26,343: publishing the poses
[rosout][INFO] 2022-01-06 23:30:27,346: publishing the poses
[rosout][INFO] 2022-01-06 23:30:28,354: publishing the poses
[rosout][INFO] 2022-01-06 23:30:29,361: publishing the poses
[rosout][INFO] 2022-01-06 23:30:30,365: publishing the poses
[rosout][INFO] 2022-01-06 23:30:31,371: publishing the poses
[rosout][INFO] 2022-01-06 23:30:32,375: publishing the poses
[rosout][INFO] 2022-01-06 23:30:33,378: publishing the poses
[rosout][INFO] 2022-01-06 23:30:34,383: publishing the poses
[rosout][INFO] 2022-01-06 23:30:35,387: publishing the poses
[rosout][INFO] 2022-01-06 23:30:36,393: publishing the poses
[rosout][INFO] 2022-01-06 23:30:37,397: publishing the poses
[rosout][INFO] 2022-01-06 23:30:38,403: publishing the poses
[rosout][INFO] 2022-01-06 23:30:39,408: publishing the poses
[rosout][INFO] 2022-01-06 23:30:40,416: publishing the poses
[rosout][INFO] 2022-01-06 23:30:41,421: publishing the poses
[rosout][INFO] 2022-01-06 23:30:42,425: publishing the poses
[rosout][INFO] 2022-01-06 23:30:43,430: publishing the poses
[rosout][INFO] 2022-01-06 23:30:44,440: publishing the poses
[rosout][INFO] 2022-01-06 23:30:45,446: publishing the poses
[rosout][INFO] 2022-01-06 23:30:46,449: publishing the poses
[rosout][INFO] 2022-01-06 23:30:47,453: publishing the poses
[rosout][INFO] 2022-01-06 23:30:48,460: publishing the poses
[rosout][INFO] 2022-01-06 23:30:49,467: publishing the poses
[rosout][INFO] 2022-01-06 23:30:50,472: publishing the poses
[rosout][INFO] 2022-01-06 23:30:51,479: publishing the poses
[rosout][INFO] 2022-01-06 23:30:52,485: publishing the poses
[rosout][INFO] 2022-01-06 23:30:53,490: publishing the poses
[rosout][INFO] 2022-01-06 23:30:54,495: publishing the poses
[rosout][INFO] 2022-01-06 23:30:55,499: publishing the poses
[rosout][INFO] 2022-01-06 23:30:56,502: publishing the poses
[rosout][INFO] 2022-01-06 23:30:57,506: publishing the poses
[rosout][INFO] 2022-01-06 23:30:58,512: publishing the poses
[rosout][INFO] 2022-01-06 23:30:59,515: publishing the poses
[rosout][INFO] 2022-01-06 23:31:00,518: publishing the poses
[rosout][INFO] 2022-01-06 23:31:01,524: publishing the poses
[rosout][INFO] 2022-01-06 23:31:02,533: publishing the poses
[rosout][INFO] 2022-01-06 23:31:03,536: publishing the poses
[rosout][INFO] 2022-01-06 23:31:04,544: publishing the poses
[rosout][INFO] 2022-01-06 23:31:05,550: publishing the poses
[rosout][INFO] 2022-01-06 23:31:06,562: publishing the poses
[rosout][INFO] 2022-01-06 23:31:07,566: publishing the poses
[rosout][INFO] 2022-01-06 23:31:08,574: publishing the poses
[rosout][INFO] 2022-01-06 23:31:09,587: publishing the poses
[rosout][INFO] 2022-01-06 23:31:10,597: publishing the poses
[rosout][INFO] 2022-01-06 23:31:11,605: publishing the poses
[rosout][INFO] 2022-01-06 23:31:12,609: publishing the poses
[rosout][INFO] 2022-01-06 23:31:13,614: publishing the poses
[rosout][INFO] 2022-01-06 23:31:14,618: publishing the poses
[rosout][INFO] 2022-01-06 23:31:15,625: publishing the poses
[rosout][INFO] 2022-01-06 23:31:16,629: publishing the poses
[rosout][INFO] 2022-01-06 23:31:17,635: publishing the poses
[rosout][INFO] 2022-01-06 23:31:18,642: publishing the poses
[rosout][INFO] 2022-01-06 23:31:19,650: publishing the poses
[rosout][INFO] 2022-01-06 23:31:20,654: publishing the poses
[rosout][INFO] 2022-01-06 23:31:21,662: publishing the poses
[rosout][INFO] 2022-01-06 23:31:22,666: publishing the poses
[rosout][INFO] 2022-01-06 23:31:23,672: publishing the poses
[rosout][INFO] 2022-01-06 23:31:24,677: publishing the poses
[rosout][INFO] 2022-01-06 23:31:25,684: publishing the poses
[rosout][INFO] 2022-01-06 23:31:26,693: publishing the poses
[rosout][INFO] 2022-01-06 23:31:27,696: publishing the poses
[rosout][INFO] 2022-01-06 23:31:28,701: publishing the poses
[rosout][INFO] 2022-01-06 23:31:29,705: publishing the poses
[rosout][INFO] 2022-01-06 23:31:30,713: publishing the poses
[rosout][INFO] 2022-01-06 23:31:31,720: publishing the poses
[rosout][INFO] 2022-01-06 23:31:32,722: publishing the poses
[rosout][INFO] 2022-01-06 23:31:33,727: publishing the poses
[rosout][INFO] 2022-01-06 23:31:34,732: publishing the poses
[rosout][INFO] 2022-01-06 23:31:35,742: publishing the poses
[rosout][INFO] 2022-01-06 23:31:36,747: publishing the poses
[rosout][INFO] 2022-01-06 23:31:37,752: publishing the poses
[rosout][INFO] 2022-01-06 23:31:38,757: publishing the poses
[rosout][INFO] 2022-01-06 23:31:39,761: publishing the poses
[rosout][INFO] 2022-01-06 23:31:40,765: publishing the poses
[rosout][INFO] 2022-01-06 23:31:41,768: publishing the poses
[rosout][INFO] 2022-01-06 23:31:42,772: publishing the poses
[rosout][INFO] 2022-01-06 23:31:43,772: publishing the poses
[rosout][INFO] 2022-01-06 23:31:44,777: publishing the poses
[rosout][INFO] 2022-01-06 23:31:45,786: publishing the poses
[rosout][INFO] 2022-01-06 23:31:46,791: publishing the poses
[rosout][INFO] 2022-01-06 23:31:47,796: publishing the poses
[rosout][INFO] 2022-01-06 23:31:48,802: publishing the poses
[rosout][INFO] 2022-01-06 23:31:49,823: publishing the poses
[rosout][INFO] 2022-01-06 23:31:50,846: publishing the poses
[rosout][INFO] 2022-01-06 23:31:51,849: publishing the poses
[rosout][INFO] 2022-01-06 23:31:52,870: publishing the poses
[rosout][INFO] 2022-01-06 23:31:53,897: publishing the poses
[rosout][INFO] 2022-01-06 23:31:54,918: publishing the poses
[rosout][INFO] 2022-01-06 23:31:55,946: publishing the poses
[rosout][INFO] 2022-01-06 23:31:56,971: publishing the poses
[rosout][INFO] 2022-01-06 23:31:57,997: publishing the poses
[rosout][INFO] 2022-01-06 23:31:59,032: publishing the poses
[rosout][INFO] 2022-01-06 23:32:00,049: publishing the poses
[rosout][INFO] 2022-01-06 23:32:01,054: publishing the poses
[rosout][INFO] 2022-01-06 23:32:02,063: publishing the poses
[rosout][INFO] 2022-01-06 23:32:03,069: publishing the poses
[rosout][INFO] 2022-01-06 23:32:04,074: publishing the poses
[rosout][INFO] 2022-01-06 23:32:05,078: publishing the poses
[rosout][INFO] 2022-01-06 23:32:06,081: publishing the poses
[rosout][INFO] 2022-01-06 23:32:07,087: publishing the poses
[rosout][INFO] 2022-01-06 23:32:08,095: publishing the poses
[rosout][INFO] 2022-01-06 23:32:09,101: publishing the poses
[rosout][INFO] 2022-01-06 23:32:10,104: publishing the poses
[rosout][INFO] 2022-01-06 23:32:11,106: publishing the poses
[rosout][INFO] 2022-01-06 23:32:12,113: publishing the poses
[rosout][INFO] 2022-01-06 23:32:13,117: publishing the poses
[rosout][INFO] 2022-01-06 23:32:14,120: publishing the poses
[rosout][INFO] 2022-01-06 23:32:15,124: publishing the poses
[rosout][INFO] 2022-01-06 23:32:16,128: publishing the poses
[rosout][INFO] 2022-01-06 23:32:17,133: publishing the poses
[rosout][INFO] 2022-01-06 23:32:18,137: publishing the poses
[rosout][INFO] 2022-01-06 23:32:19,141: publishing the poses
[rosout][INFO] 2022-01-06 23:32:20,144: publishing the poses
[rosout][INFO] 2022-01-06 23:32:21,149: publishing the poses
[rosout][INFO] 2022-01-06 23:32:22,152: publishing the poses
[rosout][INFO] 2022-01-06 23:32:23,156: publishing the poses
[rosout][INFO] 2022-01-06 23:32:24,159: publishing the poses
[rosout][INFO] 2022-01-06 23:32:25,162: publishing the poses
[rosout][INFO] 2022-01-06 23:32:26,231: publishing the poses
[rosout][INFO] 2022-01-06 23:32:27,240: publishing the poses
[rosout][INFO] 2022-01-06 23:32:28,250: publishing the poses
[rosout][INFO] 2022-01-06 23:32:29,269: publishing the poses
[rosout][INFO] 2022-01-06 23:32:30,280: publishing the poses
[rosout][INFO] 2022-01-06 23:32:31,294: publishing the poses
[rosout][INFO] 2022-01-06 23:32:32,298: publishing the poses
[rosout][INFO] 2022-01-06 23:32:33,302: publishing the poses
[rosout][INFO] 2022-01-06 23:32:34,305: publishing the poses
[rosout][INFO] 2022-01-06 23:32:35,308: publishing the poses
[rosout][INFO] 2022-01-06 23:32:36,313: publishing the poses
[rosout][INFO] 2022-01-06 23:32:37,320: publishing the poses
[rosout][INFO] 2022-01-06 23:32:38,324: publishing the poses
[rosout][INFO] 2022-01-06 23:32:39,327: publishing the poses
[rosout][INFO] 2022-01-06 23:32:40,331: publishing the poses
[rosout][INFO] 2022-01-06 23:32:41,335: publishing the poses
[rosout][INFO] 2022-01-06 23:32:42,338: publishing the poses
[rosout][INFO] 2022-01-06 23:32:43,341: publishing the poses
[rosout][INFO] 2022-01-06 23:32:44,344: publishing the poses
[rosout][INFO] 2022-01-06 23:32:45,347: publishing the poses
[rosout][INFO] 2022-01-06 23:32:46,350: publishing the poses
[rosout][INFO] 2022-01-06 23:32:47,354: publishing the poses
[rosout][INFO] 2022-01-06 23:32:48,357: publishing the poses
[rosout][INFO] 2022-01-06 23:32:49,360: publishing the poses
[rosout][INFO] 2022-01-06 23:32:50,363: publishing the poses
[rosout][INFO] 2022-01-06 23:32:51,366: publishing the poses
[rosout][INFO] 2022-01-06 23:32:52,368: publishing the poses
[rosout][INFO] 2022-01-06 23:32:53,371: publishing the poses
[rosout][INFO] 2022-01-06 23:32:54,377: publishing the poses
[rosout][INFO] 2022-01-06 23:32:55,379: publishing the poses
[rosout][INFO] 2022-01-06 23:32:56,382: publishing the poses
[rosout][INFO] 2022-01-06 23:32:57,385: publishing the poses
[rosout][INFO] 2022-01-06 23:32:58,391: publishing the poses
[rosout][INFO] 2022-01-06 23:32:59,395: publishing the poses
[rosout][INFO] 2022-01-06 23:33:00,398: publishing the poses
[rosout][INFO] 2022-01-06 23:33:01,401: publishing the poses
[rosout][INFO] 2022-01-06 23:33:02,405: publishing the poses
[rosout][INFO] 2022-01-06 23:33:03,409: publishing the poses
[rospy.core][INFO] 2022-01-06 23:33:04,299: signal_shutdown [signal-2]
[rospy.internal][INFO] 2022-01-06 23:33:04,306: topic[/rosout] removing connection to /rosout
[rospy.internal][INFO] 2022-01-06 23:33:04,307: topic[/robot1/cmd_vel] removing connection to /gazebo
[rospy.internal][INFO] 2022-01-06 23:33:04,307: topic[/robot2/cmd_vel] removing connection to /gazebo
[rospy.internal][INFO] 2022-01-06 23:33:04,307: topic[/robot3/cmd_vel] removing connection to /gazebo
[rospy.internal][INFO] 2022-01-06 23:33:04,307: topic[/robot4/cmd_vel] removing connection to /gazebo
[rospy.internal][INFO] 2022-01-06 23:33:04,308: topic[/grid3/allRobots/poses] removing connection to /brain_20586_1641491431266
[rospy.internal][INFO] 2022-01-06 23:33:04,308: topic[/grid3/allRobots/poses] removing connection to /trajectory_planner
[rospy.internal][INFO] 2022-01-06 23:33:04,308: topic[/grid3/allRobots/poses] removing connection to /controller_ros_interface_20750_1641491440699
[rospy.internal][INFO] 2022-01-06 23:33:04,309: topic[/clock] removing connection to http://prajwal-IdeaPad-L340-15IRH-Gaming:36261/
[rospy.internal][INFO] 2022-01-06 23:33:04,309: topic[/robot1/odom] removing connection to http://prajwal-IdeaPad-L340-15IRH-Gaming:36261/
[rospy.internal][INFO] 2022-01-06 23:33:04,310: topic[/robot2/odom] removing connection to http://prajwal-IdeaPad-L340-15IRH-Gaming:36261/
[rospy.internal][WARNING] 2022-01-06 23:33:04,310: Unknown error initiating TCP/IP socket to prajwal-IdeaPad-L340-15IRH-Gaming:58737 (http://prajwal-IdeaPad-L340-15IRH-Gaming:36261/): Traceback (most recent call last):
  File "/opt/ros/noetic/lib/python3/dist-packages/rospy/impl/tcpros_base.py", line 562, in connect
    self.read_header()
  File "/opt/ros/noetic/lib/python3/dist-packages/rospy/impl/tcpros_base.py", line 657, in read_header
    self._validate_header(read_ros_handshake_header(sock, self.read_buff, self.protocol.buff_size))
AttributeError: 'NoneType' object has no attribute 'buff_size'

[rospy.internal][INFO] 2022-01-06 23:33:04,310: topic[/robot3/odom] removing connection to http://prajwal-IdeaPad-L340-15IRH-Gaming:36261/
[rospy.internal][WARNING] 2022-01-06 23:33:04,311: Unknown error initiating TCP/IP socket to prajwal-IdeaPad-L340-15IRH-Gaming:58737 (http://prajwal-IdeaPad-L340-15IRH-Gaming:36261/): Traceback (most recent call last):
  File "/opt/ros/noetic/lib/python3/dist-packages/rospy/impl/tcpros_base.py", line 563, in connect
    self.local_endpoint = self.socket.getsockname()
AttributeError: 'NoneType' object has no attribute 'getsockname'

[rospy.internal][INFO] 2022-01-06 23:33:04,311: topic[/robot4/odom] removing connection to http://prajwal-IdeaPad-L340-15IRH-Gaming:36261/
[rospy.impl.masterslave][INFO] 2022-01-06 23:33:04,312: signal-2
[rospy.internal][WARNING] 2022-01-06 23:33:04,312: Unknown error initiating TCP/IP socket to prajwal-IdeaPad-L340-15IRH-Gaming:58737 (http://prajwal-IdeaPad-L340-15IRH-Gaming:36261/): Traceback (most recent call last):
  File "/opt/ros/noetic/lib/python3/dist-packages/rospy/impl/tcpros_base.py", line 562, in connect
    self.read_header()
  File "/opt/ros/noetic/lib/python3/dist-packages/rospy/impl/tcpros_base.py", line 657, in read_header
    self._validate_header(read_ros_handshake_header(sock, self.read_buff, self.protocol.buff_size))
AttributeError: 'NoneType' object has no attribute 'buff_size'

[rospy.core][INFO] 2022-01-06 23:33:05,265: signal_shutdown [atexit]
