[rospy.client][INFO] 2022-01-06 23:20:27,931: init_node, name[/myrobot_spawn3], pid[20324]
[xmlrpc][INFO] 2022-01-06 23:20:27,932: XML-RPC server binding to 0.0.0.0:0
[xmlrpc][INFO] 2022-01-06 23:20:27,932: Started XML-RPC server [http://prajwal-IdeaPad-L340-15IRH-Gaming:35399/]
[rospy.impl.masterslave][INFO] 2022-01-06 23:20:27,932: _ready: http://prajwal-IdeaPad-L340-15IRH-Gaming:35399/
[rospy.init][INFO] 2022-01-06 23:20:27,932: ROS Slave URI: [http://prajwal-IdeaPad-L340-15IRH-Gaming:35399/]
[rospy.registration][INFO] 2022-01-06 23:20:27,933: Registering with master node http://localhost:11311
[xmlrpc][INFO] 2022-01-06 23:20:27,933: xml rpc node: starting XML-RPC server
[rospy.init][INFO] 2022-01-06 23:20:28,033: registered with master
[rospy.rosout][INFO] 2022-01-06 23:20:28,033: initializing /rosout core topic
[rospy.rosout][INFO] 2022-01-06 23:20:28,035: connected to core topic /rosout
[rospy.simtime][INFO] 2022-01-06 23:20:28,036: initializing /clock core topic
[rospy.simtime][INFO] 2022-01-06 23:20:28,037: connected to core topic /clock
[rosout][INFO] 2022-01-06 23:20:28,039: Loading model XML from ros parameter /robot3/robot_description
[rosout][INFO] 2022-01-06 23:20:28,043: Waiting for service /gazebo/spawn_urdf_model
[rospy.internal][INFO] 2022-01-06 23:20:28,317: topic[/rosout] adding connection to [/rosout], count 0
[rospy.internal][INFO] 2022-01-06 23:20:29,120: topic[/clock] adding connection to [http://prajwal-IdeaPad-L340-15IRH-Gaming:36261/], count 0
[rosout][INFO] 2022-01-06 23:20:29,248: Calling service /gazebo/spawn_urdf_model
[rosout][INFO] 2022-01-06 23:20:30,040: Spawn status: SpawnModel: Successfully spawned entity
[rospy.core][INFO] 2022-01-06 23:20:30,043: signal_shutdown [atexit]
[rospy.internal][INFO] 2022-01-06 23:20:30,047: topic[/rosout] removing connection to /rosout
[rospy.internal][INFO] 2022-01-06 23:20:30,047: topic[/clock] removing connection to http://prajwal-IdeaPad-L340-15IRH-Gaming:36261/
[rospy.impl.masterslave][INFO] 2022-01-06 23:20:30,048: atexit
