[rospy.client][INFO] 2022-01-06 23:20:27,997: init_node, name[/myrobot_spawn4], pid[20325]
[xmlrpc][INFO] 2022-01-06 23:20:27,998: XML-RPC server binding to 0.0.0.0:0
[xmlrpc][INFO] 2022-01-06 23:20:27,998: Started XML-RPC server [http://prajwal-IdeaPad-L340-15IRH-Gaming:33797/]
[rospy.impl.masterslave][INFO] 2022-01-06 23:20:27,998: _ready: http://prajwal-IdeaPad-L340-15IRH-Gaming:33797/
[rospy.registration][INFO] 2022-01-06 23:20:27,999: Registering with master node http://localhost:11311
[xmlrpc][INFO] 2022-01-06 23:20:27,999: xml rpc node: starting XML-RPC server
[rospy.init][INFO] 2022-01-06 23:20:27,999: ROS Slave URI: [http://prajwal-IdeaPad-L340-15IRH-Gaming:33797/]
[rospy.init][INFO] 2022-01-06 23:20:27,999: registered with master
[rospy.rosout][INFO] 2022-01-06 23:20:27,999: initializing /rosout core topic
[rospy.rosout][INFO] 2022-01-06 23:20:28,002: connected to core topic /rosout
[rospy.simtime][INFO] 2022-01-06 23:20:28,003: initializing /clock core topic
[rospy.simtime][INFO] 2022-01-06 23:20:28,004: connected to core topic /clock
[rosout][INFO] 2022-01-06 23:20:28,006: Loading model XML from ros parameter /robot4/robot_description
[rosout][INFO] 2022-01-06 23:20:28,012: Waiting for service /gazebo/spawn_urdf_model
[rospy.internal][INFO] 2022-01-06 23:20:28,214: topic[/rosout] adding connection to [/rosout], count 0
[rospy.internal][INFO] 2022-01-06 23:20:29,118: topic[/clock] adding connection to [http://prajwal-IdeaPad-L340-15IRH-Gaming:36261/], count 0
[rosout][INFO] 2022-01-06 23:20:29,221: Calling service /gazebo/spawn_urdf_model
[rosout][INFO] 2022-01-06 23:20:29,539: Spawn status: SpawnModel: Successfully spawned entity
[rospy.core][INFO] 2022-01-06 23:20:29,540: signal_shutdown [atexit]
[rospy.internal][INFO] 2022-01-06 23:20:29,543: topic[/rosout] removing connection to /rosout
[rospy.internal][INFO] 2022-01-06 23:20:29,543: topic[/clock] removing connection to http://prajwal-IdeaPad-L340-15IRH-Gaming:36261/
[rospy.impl.masterslave][INFO] 2022-01-06 23:20:29,543: atexit
[rospy.internal][WARNING] 2022-01-06 23:20:29,544: Unknown error initiating TCP/IP socket to prajwal-IdeaPad-L340-15IRH-Gaming:58737 (http://prajwal-IdeaPad-L340-15IRH-Gaming:36261/): Traceback (most recent call last):
  File "/opt/ros/noetic/lib/python3/dist-packages/rospy/impl/tcpros_base.py", line 562, in connect
    self.read_header()
  File "/opt/ros/noetic/lib/python3/dist-packages/rospy/impl/tcpros_base.py", line 657, in read_header
    self._validate_header(read_ros_handshake_header(sock, self.read_buff, self.protocol.buff_size))
AttributeError: 'NoneType' object has no attribute 'buff_size'

