[rospy.client][INFO] 2022-01-06 23:20:27,874: init_node, name[/myrobot_spawn2], pid[20323]
[xmlrpc][INFO] 2022-01-06 23:20:27,874: XML-RPC server binding to 0.0.0.0:0
[xmlrpc][INFO] 2022-01-06 23:20:27,874: Started XML-RPC server [http://prajwal-IdeaPad-L340-15IRH-Gaming:46067/]
[rospy.init][INFO] 2022-01-06 23:20:27,875: ROS Slave URI: [http://prajwal-IdeaPad-L340-15IRH-Gaming:46067/]
[rospy.impl.masterslave][INFO] 2022-01-06 23:20:27,875: _ready: http://prajwal-IdeaPad-L340-15IRH-Gaming:46067/
[rospy.registration][INFO] 2022-01-06 23:20:27,875: Registering with master node http://localhost:11311
[xmlrpc][INFO] 2022-01-06 23:20:27,875: xml rpc node: starting XML-RPC server
[rospy.init][INFO] 2022-01-06 23:20:27,975: registered with master
[rospy.rosout][INFO] 2022-01-06 23:20:27,975: initializing /rosout core topic
[rospy.rosout][INFO] 2022-01-06 23:20:27,978: connected to core topic /rosout
[rospy.simtime][INFO] 2022-01-06 23:20:27,979: initializing /clock core topic
[rospy.simtime][INFO] 2022-01-06 23:20:27,981: connected to core topic /clock
[rosout][INFO] 2022-01-06 23:20:27,984: Loading model XML from ros parameter /robot2/robot_description
[rosout][INFO] 2022-01-06 23:20:27,988: Waiting for service /gazebo/spawn_urdf_model
[rospy.internal][INFO] 2022-01-06 23:20:28,214: topic[/rosout] adding connection to [/rosout], count 0
[rospy.internal][INFO] 2022-01-06 23:20:29,117: topic[/clock] adding connection to [http://prajwal-IdeaPad-L340-15IRH-Gaming:36261/], count 0
[rosout][INFO] 2022-01-06 23:20:29,194: Calling service /gazebo/spawn_urdf_model
[rosout][INFO] 2022-01-06 23:20:29,280: Spawn status: SpawnModel: Successfully spawned entity
[rospy.core][INFO] 2022-01-06 23:20:29,281: signal_shutdown [atexit]
[rospy.internal][INFO] 2022-01-06 23:20:29,283: topic[/rosout] removing connection to /rosout
[rospy.internal][INFO] 2022-01-06 23:20:29,283: topic[/clock] removing connection to http://prajwal-IdeaPad-L340-15IRH-Gaming:36261/
[rospy.impl.masterslave][INFO] 2022-01-06 23:20:29,283: atexit
[rospy.internal][WARNING] 2022-01-06 23:20:29,284: Unknown error initiating TCP/IP socket to prajwal-IdeaPad-L340-15IRH-Gaming:58737 (http://prajwal-IdeaPad-L340-15IRH-Gaming:36261/): Traceback (most recent call last):
  File "/opt/ros/noetic/lib/python3/dist-packages/rospy/impl/tcpros_base.py", line 563, in connect
    self.local_endpoint = self.socket.getsockname()
AttributeError: 'NoneType' object has no attribute 'getsockname'

