[rospy.client][INFO] 2022-01-06 23:20:27,902: init_node, name[/myrobot_spawn1], pid[20322]
[xmlrpc][INFO] 2022-01-06 23:20:27,902: XML-RPC server binding to 0.0.0.0:0
[xmlrpc][INFO] 2022-01-06 23:20:27,903: Started XML-RPC server [http://prajwal-IdeaPad-L340-15IRH-Gaming:42117/]
[rospy.impl.masterslave][INFO] 2022-01-06 23:20:27,903: _ready: http://prajwal-IdeaPad-L340-15IRH-Gaming:42117/
[rospy.init][INFO] 2022-01-06 23:20:27,903: ROS Slave URI: [http://prajwal-IdeaPad-L340-15IRH-Gaming:42117/]
[rospy.registration][INFO] 2022-01-06 23:20:27,903: Registering with master node http://localhost:11311
[xmlrpc][INFO] 2022-01-06 23:20:27,903: xml rpc node: starting XML-RPC server
[rospy.init][INFO] 2022-01-06 23:20:28,004: registered with master
[rospy.rosout][INFO] 2022-01-06 23:20:28,004: initializing /rosout core topic
[rospy.rosout][INFO] 2022-01-06 23:20:28,009: connected to core topic /rosout
[rospy.simtime][INFO] 2022-01-06 23:20:28,010: initializing /clock core topic
[rospy.simtime][INFO] 2022-01-06 23:20:28,011: connected to core topic /clock
[rosout][INFO] 2022-01-06 23:20:28,015: Loading model XML from ros parameter /robot1/robot_description
[rosout][INFO] 2022-01-06 23:20:28,021: Waiting for service /gazebo/spawn_urdf_model
[rospy.internal][INFO] 2022-01-06 23:20:28,214: topic[/rosout] adding connection to [/rosout], count 0
[rospy.internal][INFO] 2022-01-06 23:20:29,120: topic[/clock] adding connection to [http://prajwal-IdeaPad-L340-15IRH-Gaming:36261/], count 0
[rosout][INFO] 2022-01-06 23:20:29,227: Calling service /gazebo/spawn_urdf_model
[rosout][INFO] 2022-01-06 23:20:29,787: Spawn status: SpawnModel: Successfully spawned entity
[rospy.core][INFO] 2022-01-06 23:20:29,788: signal_shutdown [atexit]
[rospy.internal][INFO] 2022-01-06 23:20:29,792: topic[/rosout] removing connection to /rosout
[rospy.internal][INFO] 2022-01-06 23:20:29,792: topic[/clock] removing connection to http://prajwal-IdeaPad-L340-15IRH-Gaming:36261/
[rospy.impl.masterslave][INFO] 2022-01-06 23:20:29,792: atexit
