[rospy.client][INFO] 2022-01-06 23:20:31,773: init_node, name[/rqt_gui], pid[20575]
[xmlrpc][INFO] 2022-01-06 23:20:31,773: XML-RPC server binding to 0.0.0.0:0
[xmlrpc][INFO] 2022-01-06 23:20:31,773: Started XML-RPC server [http://prajwal-IdeaPad-L340-15IRH-Gaming:40987/]
[rospy.impl.masterslave][INFO] 2022-01-06 23:20:31,773: _ready: http://prajwal-IdeaPad-L340-15IRH-Gaming:40987/
[rospy.init][INFO] 2022-01-06 23:20:31,773: ROS Slave URI: [http://prajwal-IdeaPad-L340-15IRH-Gaming:40987/]
[rospy.registration][INFO] 2022-01-06 23:20:31,774: Registering with master node http://localhost:11311
[xmlrpc][INFO] 2022-01-06 23:20:31,774: xml rpc node: starting XML-RPC server
[rospy.init][INFO] 2022-01-06 23:20:31,874: registered with master
[rospy.rosout][INFO] 2022-01-06 23:20:31,874: initializing /rosout core topic
[rospy.rosout][INFO] 2022-01-06 23:20:31,876: connected to core topic /rosout
[rospy.simtime][INFO] 2022-01-06 23:20:31,878: initializing /clock core topic
[rospy.simtime][INFO] 2022-01-06 23:20:31,881: connected to core topic /clock
[rospy.internal][INFO] 2022-01-06 23:20:31,884: topic[/clock] adding connection to [http://prajwal-IdeaPad-L340-15IRH-Gaming:36261/], count 0
[rospy.internal][INFO] 2022-01-06 23:20:32,133: topic[/rosout] adding connection to [/rosout], count 0
[rospy.internal][INFO] 2022-01-06 23:20:32,268: topic[/grid3/droppingCompleted] adding connection to [/brain_20586_1641491431266], count 0
[rospy.internal][INFO] 2022-01-06 23:20:32,269: topic[/grid3/packageLoaded] adding connection to [/brain_20586_1641491431266], count 0
[rospy.internal][INFO] 2022-01-06 23:33:04,314: topic impl's ref count is zero, deleting topic /grid3/droppingCompleted...
[rospy.internal][INFO] 2022-01-06 23:33:04,314: topic[/grid3/droppingCompleted] removing connection to /brain_20586_1641491431266
[rospy.internal][INFO] 2022-01-06 23:33:04,316: topic impl's ref count is zero, deleting topic /grid3/packageLoaded...
[rospy.internal][INFO] 2022-01-06 23:33:04,316: topic[/grid3/packageLoaded] removing connection to /brain_20586_1641491431266
[rosout][WARNING] 2022-01-06 23:33:04,315: Could not process inbound connection: [/rqt_gui] is not a publisher of [/grid3/droppingCompleted]. Topics are [['/rosout', 'rosgraph_msgs/Log'], ['/grid3/packageLoaded', 'grid3/packageLoaded'], ['/robot1/cmd_ve', 'geometry_msgs/Twist'], ['/robot2/cmd_ve', 'geometry_msgs/Twist'], ['/robot3/cmd_ve', 'geometry_msgs/Twist'], ['/robot4/cmd_ve', 'geometry_msgs/Twist']]{'callerid': '/brain_20586_1641491431266', 'md5sum': '90041601f8236fdd572be94e8c0d4f45', 'message_definition': 'bool[] status', 'tcp_nodelay': '0', 'topic': '/grid3/droppingCompleted', 'type': 'grid3/droppingCompleted'}
[rosout][WARNING] 2022-01-06 23:33:04,317: Could not process inbound connection: [/rqt_gui] is not a publisher of [/grid3/packageLoaded]. Topics are [['/rosout', 'rosgraph_msgs/Log'], ['/robot1/cmd_ve', 'geometry_msgs/Twist'], ['/robot2/cmd_ve', 'geometry_msgs/Twist'], ['/robot3/cmd_ve', 'geometry_msgs/Twist'], ['/robot4/cmd_ve', 'geometry_msgs/Twist']]{'callerid': '/brain_20586_1641491431266', 'md5sum': '90041601f8236fdd572be94e8c0d4f45', 'message_definition': 'bool[] status', 'tcp_nodelay': '0', 'topic': '/grid3/packageLoaded', 'type': 'grid3/packageLoaded'}
[rospy.internal][INFO] 2022-01-06 23:33:04,320: topic impl's ref count is zero, deleting topic /robot1/cmd_ve...
[rospy.internal][INFO] 2022-01-06 23:33:04,322: topic impl's ref count is zero, deleting topic /robot2/cmd_ve...
[rospy.internal][INFO] 2022-01-06 23:33:04,323: topic impl's ref count is zero, deleting topic /robot3/cmd_ve...
[rospy.internal][INFO] 2022-01-06 23:33:04,324: topic impl's ref count is zero, deleting topic /robot4/cmd_ve...
[rospy.core][INFO] 2022-01-06 23:33:04,363: signal_shutdown [atexit]
[rospy.internal][INFO] 2022-01-06 23:33:04,365: topic[/rosout] removing connection to /rosout
[rospy.internal][INFO] 2022-01-06 23:33:04,365: topic[/clock] removing connection to http://prajwal-IdeaPad-L340-15IRH-Gaming:36261/
[rospy.impl.masterslave][INFO] 2022-01-06 23:33:04,365: atexit
[rospy.internal][WARNING] 2022-01-06 23:33:04,366: Unknown error initiating TCP/IP socket to prajwal-IdeaPad-L340-15IRH-Gaming:58737 (http://prajwal-IdeaPad-L340-15IRH-Gaming:36261/): Traceback (most recent call last):
  File "/opt/ros/noetic/lib/python3/dist-packages/rospy/impl/tcpros_base.py", line 562, in connect
    self.read_header()
  File "/opt/ros/noetic/lib/python3/dist-packages/rospy/impl/tcpros_base.py", line 657, in read_header
    self._validate_header(read_ros_handshake_header(sock, self.read_buff, self.protocol.buff_size))
AttributeError: 'NoneType' object has no attribute 'buff_size'

