[rosmaster.main][INFO] 2022-01-06 22:29:00,352: initialization complete, waiting for shutdown
[rosmaster.main][INFO] 2022-01-06 22:29:00,352: Starting ROS Master Node
[xmlrpc][INFO] 2022-01-06 22:29:00,353: XML-RPC server binding to 0.0.0.0:11311
[xmlrpc][INFO] 2022-01-06 22:29:00,353: Started XML-RPC server [http://prajwal-IdeaPad-L340-15IRH-Gaming:11311/]
[xmlrpc][INFO] 2022-01-06 22:29:00,353: xml rpc node: starting XML-RPC server
[rosmaster.master][INFO] 2022-01-06 22:29:00,353: Master initialized: port[11311], uri[http://prajwal-IdeaPad-L340-15IRH-Gaming:11311/]
[rosmaster.master][INFO] 2022-01-06 22:29:00,439: +PARAM [/run_id] by /roslaunch
[rosmaster.master][INFO] 2022-01-06 22:29:00,440: +PARAM [/roslaunch/uris/host_prajwal_ideapad_l340_15irh_gaming__39473] by /roslaunch
[rosmaster.master][INFO] 2022-01-06 22:29:00,504: +PARAM [/rosversion] by /roslaunch
[rosmaster.master][INFO] 2022-01-06 22:29:00,504: +PARAM [/rosdistro] by /roslaunch
[rosmaster.master][INFO] 2022-01-06 22:29:00,511: +SERVICE [/rosout/get_loggers] /rosout http://prajwal-IdeaPad-L340-15IRH-Gaming:36463/
[rosmaster.master][INFO] 2022-01-06 22:29:00,511: +SERVICE [/rosout/set_logger_level] /rosout http://prajwal-IdeaPad-L340-15IRH-Gaming:36463/
[rosmaster.master][INFO] 2022-01-06 22:29:00,512: +PUB [/rosout_agg] /rosout http://prajwal-IdeaPad-L340-15IRH-Gaming:36463/
[rosmaster.master][INFO] 2022-01-06 22:29:00,513: +SUB [/rosout] /rosout http://prajwal-IdeaPad-L340-15IRH-Gaming:36463/
[rosmaster.master][INFO] 2022-01-06 22:29:00,760: +PUB [/rosout] /trajectory_planner http://prajwal-IdeaPad-L340-15IRH-Gaming:38201/
[rosmaster.master][INFO] 2022-01-06 22:29:00,762: +SERVICE [/trajectory_planner/get_loggers] /trajectory_planner http://prajwal-IdeaPad-L340-15IRH-Gaming:38201/
[rosmaster.master][INFO] 2022-01-06 22:29:00,763: +SERVICE [/trajectory_planner/set_logger_level] /trajectory_planner http://prajwal-IdeaPad-L340-15IRH-Gaming:38201/
[rosmaster.master][INFO] 2022-01-06 22:29:00,764: +SUB [/grid3/allRobots/poses] /trajectory_planner http://prajwal-IdeaPad-L340-15IRH-Gaming:38201/
[rosmaster.master][INFO] 2022-01-06 22:29:00,765: +SUB [/grid3/allRobots/goals] /trajectory_planner http://prajwal-IdeaPad-L340-15IRH-Gaming:38201/
[rosmaster.master][INFO] 2022-01-06 22:29:00,765: +PUB [/grid3/robotTrajectories] /trajectory_planner http://prajwal-IdeaPad-L340-15IRH-Gaming:38201/
[rosmaster.master][INFO] 2022-01-06 22:29:00,766: +PUB [/grid3/planner/status] /trajectory_planner http://prajwal-IdeaPad-L340-15IRH-Gaming:38201/
[rosmaster.master][INFO] 2022-01-06 22:29:00,769: +SUB [/grid3/controller/status] /trajectory_planner http://prajwal-IdeaPad-L340-15IRH-Gaming:38201/
[rosmaster.master][INFO] 2022-01-06 22:29:00,853: publisherUpdate[/rosout] -> http://prajwal-IdeaPad-L340-15IRH-Gaming:36463/ ['http://prajwal-IdeaPad-L340-15IRH-Gaming:38201/']
[rosmaster.master][INFO] 2022-01-06 22:29:00,855: publisherUpdate[/rosout] -> http://prajwal-IdeaPad-L340-15IRH-Gaming:36463/ ['http://prajwal-IdeaPad-L340-15IRH-Gaming:38201/']: sec=0.00, result=[1, '', 0]
[rosmaster.master][INFO] 2022-01-06 22:29:00,894: +PUB [/rosout] /fake_pose_publisher http://prajwal-IdeaPad-L340-15IRH-Gaming:35545/
[rosmaster.master][INFO] 2022-01-06 22:29:00,896: +SERVICE [/fake_pose_publisher/get_loggers] /fake_pose_publisher http://prajwal-IdeaPad-L340-15IRH-Gaming:35545/
[rosmaster.master][INFO] 2022-01-06 22:29:00,896: +SERVICE [/fake_pose_publisher/set_logger_level] /fake_pose_publisher http://prajwal-IdeaPad-L340-15IRH-Gaming:35545/
[rosmaster.master][INFO] 2022-01-06 22:29:00,897: +PUB [/robot1/cmd_vel] /fake_pose_publisher http://prajwal-IdeaPad-L340-15IRH-Gaming:35545/
[rosmaster.master][INFO] 2022-01-06 22:29:00,897: +PUB [/robot2/cmd_vel] /fake_pose_publisher http://prajwal-IdeaPad-L340-15IRH-Gaming:35545/
[rosmaster.master][INFO] 2022-01-06 22:29:00,898: +PUB [/robot3/cmd_vel] /fake_pose_publisher http://prajwal-IdeaPad-L340-15IRH-Gaming:35545/
[rosmaster.master][INFO] 2022-01-06 22:29:00,898: +PUB [/robot4/cmd_vel] /fake_pose_publisher http://prajwal-IdeaPad-L340-15IRH-Gaming:35545/
[rosmaster.master][INFO] 2022-01-06 22:29:00,899: +PUB [/grid3/allRobots/poses] /fake_pose_publisher http://prajwal-IdeaPad-L340-15IRH-Gaming:35545/
[rosmaster.master][INFO] 2022-01-06 22:29:00,899: +PUB [/grid3/allRobots/posesRC] /fake_pose_publisher http://prajwal-IdeaPad-L340-15IRH-Gaming:35545/
[rosmaster.master][INFO] 2022-01-06 22:29:00,900: +SUB [/robot1/odom] /fake_pose_publisher http://prajwal-IdeaPad-L340-15IRH-Gaming:35545/
[rosmaster.master][INFO] 2022-01-06 22:29:00,902: +SUB [/robot2/odom] /fake_pose_publisher http://prajwal-IdeaPad-L340-15IRH-Gaming:35545/
[rosmaster.master][INFO] 2022-01-06 22:29:00,903: +SUB [/robot3/odom] /fake_pose_publisher http://prajwal-IdeaPad-L340-15IRH-Gaming:35545/
[rosmaster.master][INFO] 2022-01-06 22:29:00,904: +SUB [/robot4/odom] /fake_pose_publisher http://prajwal-IdeaPad-L340-15IRH-Gaming:35545/
[rosmaster.master][INFO] 2022-01-06 22:29:00,954: publisherUpdate[/rosout] -> http://prajwal-IdeaPad-L340-15IRH-Gaming:36463/ ['http://prajwal-IdeaPad-L340-15IRH-Gaming:38201/', 'http://prajwal-IdeaPad-L340-15IRH-Gaming:35545/']
[rosmaster.master][INFO] 2022-01-06 22:29:00,954: publisherUpdate[/grid3/allRobots/poses] -> http://prajwal-IdeaPad-L340-15IRH-Gaming:38201/ ['http://prajwal-IdeaPad-L340-15IRH-Gaming:35545/']
[rosmaster.master][INFO] 2022-01-06 22:29:00,954: publisherUpdate[/rosout] -> http://prajwal-IdeaPad-L340-15IRH-Gaming:36463/ ['http://prajwal-IdeaPad-L340-15IRH-Gaming:38201/', 'http://prajwal-IdeaPad-L340-15IRH-Gaming:35545/']: sec=0.00, result=[1, '', 0]
[rosmaster.master][INFO] 2022-01-06 22:29:00,955: publisherUpdate[/grid3/allRobots/poses] -> http://prajwal-IdeaPad-L340-15IRH-Gaming:38201/ ['http://prajwal-IdeaPad-L340-15IRH-Gaming:35545/']: sec=0.00, result=[1, '', 0]
[rosmaster.master][INFO] 2022-01-06 22:29:01,363: +PUB [/rosout] /rqt_gui http://prajwal-IdeaPad-L340-15IRH-Gaming:39279/
[rosmaster.master][INFO] 2022-01-06 22:29:01,364: +SERVICE [/rqt_gui/get_loggers] /rqt_gui http://prajwal-IdeaPad-L340-15IRH-Gaming:39279/
[rosmaster.master][INFO] 2022-01-06 22:29:01,365: +SERVICE [/rqt_gui/set_logger_level] /rqt_gui http://prajwal-IdeaPad-L340-15IRH-Gaming:39279/
[rosmaster.master][INFO] 2022-01-06 22:29:01,455: publisherUpdate[/rosout] -> http://prajwal-IdeaPad-L340-15IRH-Gaming:36463/ ['http://prajwal-IdeaPad-L340-15IRH-Gaming:38201/', 'http://prajwal-IdeaPad-L340-15IRH-Gaming:35545/', 'http://prajwal-IdeaPad-L340-15IRH-Gaming:39279/']
[rosmaster.master][INFO] 2022-01-06 22:29:01,456: publisherUpdate[/rosout] -> http://prajwal-IdeaPad-L340-15IRH-Gaming:36463/ ['http://prajwal-IdeaPad-L340-15IRH-Gaming:38201/', 'http://prajwal-IdeaPad-L340-15IRH-Gaming:35545/', 'http://prajwal-IdeaPad-L340-15IRH-Gaming:39279/']: sec=0.00, result=[1, '', 0]
[rosmaster.master][INFO] 2022-01-06 22:29:01,680: +PUB [/grid3/droppingCompleted] /rqt_gui http://prajwal-IdeaPad-L340-15IRH-Gaming:39279/
[rosmaster.master][INFO] 2022-01-06 22:29:01,681: +PUB [/grid3/packageLoaded] /rqt_gui http://prajwal-IdeaPad-L340-15IRH-Gaming:39279/
[rosmaster.master][INFO] 2022-01-06 22:29:01,682: +PUB [/robot1/cmd_ve] /rqt_gui http://prajwal-IdeaPad-L340-15IRH-Gaming:39279/
[rosmaster.master][INFO] 2022-01-06 22:29:01,686: +PUB [/robot2/cmd_ve] /rqt_gui http://prajwal-IdeaPad-L340-15IRH-Gaming:39279/
[rosmaster.master][INFO] 2022-01-06 22:29:01,689: +PUB [/robot3/cmd_ve] /rqt_gui http://prajwal-IdeaPad-L340-15IRH-Gaming:39279/
[rosmaster.master][INFO] 2022-01-06 22:29:01,694: +PUB [/robot4/cmd_ve] /rqt_gui http://prajwal-IdeaPad-L340-15IRH-Gaming:39279/
[rosmaster.master][INFO] 2022-01-06 22:29:18,990: -SUB [/grid3/allRobots/poses] /trajectory_planner http://prajwal-IdeaPad-L340-15IRH-Gaming:38201/
[rosmaster.master][INFO] 2022-01-06 22:29:18,990: -SUB [/grid3/allRobots/goals] /trajectory_planner http://prajwal-IdeaPad-L340-15IRH-Gaming:38201/
[rosmaster.master][INFO] 2022-01-06 22:29:18,990: -SUB [/grid3/controller/status] /trajectory_planner http://prajwal-IdeaPad-L340-15IRH-Gaming:38201/
[rosmaster.master][INFO] 2022-01-06 22:29:18,990: -PUB [/rosout] /trajectory_planner http://prajwal-IdeaPad-L340-15IRH-Gaming:38201/
[rosmaster.master][INFO] 2022-01-06 22:29:18,992: publisherUpdate[/rosout] -> http://prajwal-IdeaPad-L340-15IRH-Gaming:36463/ ['http://prajwal-IdeaPad-L340-15IRH-Gaming:35545/', 'http://prajwal-IdeaPad-L340-15IRH-Gaming:39279/']
[rosmaster.master][INFO] 2022-01-06 22:29:18,992: -SUB [/robot1/odom] /fake_pose_publisher http://prajwal-IdeaPad-L340-15IRH-Gaming:35545/
[rosmaster.master][INFO] 2022-01-06 22:29:18,993: -PUB [/grid3/robotTrajectories] /trajectory_planner http://prajwal-IdeaPad-L340-15IRH-Gaming:38201/
[rosmaster.master][INFO] 2022-01-06 22:29:18,993: publisherUpdate[/rosout] -> http://prajwal-IdeaPad-L340-15IRH-Gaming:36463/ ['http://prajwal-IdeaPad-L340-15IRH-Gaming:35545/', 'http://prajwal-IdeaPad-L340-15IRH-Gaming:39279/']: sec=0.00, result=[1, '', 0]
[rosmaster.master][INFO] 2022-01-06 22:29:18,994: -SUB [/robot2/odom] /fake_pose_publisher http://prajwal-IdeaPad-L340-15IRH-Gaming:35545/
[rosmaster.master][INFO] 2022-01-06 22:29:18,994: -PUB [/grid3/planner/status] /trajectory_planner http://prajwal-IdeaPad-L340-15IRH-Gaming:38201/
[rosmaster.master][INFO] 2022-01-06 22:29:18,994: -SUB [/robot3/odom] /fake_pose_publisher http://prajwal-IdeaPad-L340-15IRH-Gaming:35545/
[rosmaster.master][INFO] 2022-01-06 22:29:18,995: -SERVICE [/trajectory_planner/get_loggers] /trajectory_planner rosrpc://prajwal-IdeaPad-L340-15IRH-Gaming:43533
[rosmaster.master][INFO] 2022-01-06 22:29:18,995: -SUB [/robot4/odom] /fake_pose_publisher http://prajwal-IdeaPad-L340-15IRH-Gaming:35545/
[rosmaster.master][INFO] 2022-01-06 22:29:18,995: -PUB [/rosout] /fake_pose_publisher http://prajwal-IdeaPad-L340-15IRH-Gaming:35545/
[rosmaster.master][INFO] 2022-01-06 22:29:18,996: -PUB [/robot1/cmd_vel] /fake_pose_publisher http://prajwal-IdeaPad-L340-15IRH-Gaming:35545/
[rosmaster.master][INFO] 2022-01-06 22:29:18,996: -PUB [/robot2/cmd_vel] /fake_pose_publisher http://prajwal-IdeaPad-L340-15IRH-Gaming:35545/
[rosmaster.master][INFO] 2022-01-06 22:29:18,996: -PUB [/robot3/cmd_vel] /fake_pose_publisher http://prajwal-IdeaPad-L340-15IRH-Gaming:35545/
[rosmaster.master][INFO] 2022-01-06 22:29:18,996: -PUB [/robot4/cmd_vel] /fake_pose_publisher http://prajwal-IdeaPad-L340-15IRH-Gaming:35545/
[rosmaster.master][INFO] 2022-01-06 22:29:18,996: -PUB [/grid3/allRobots/poses] /fake_pose_publisher http://prajwal-IdeaPad-L340-15IRH-Gaming:35545/
[rosmaster.master][INFO] 2022-01-06 22:29:18,996: -SERVICE [/trajectory_planner/set_logger_level] /trajectory_planner rosrpc://prajwal-IdeaPad-L340-15IRH-Gaming:43533
[rosmaster.master][INFO] 2022-01-06 22:29:18,997: -PUB [/grid3/allRobots/posesRC] /fake_pose_publisher http://prajwal-IdeaPad-L340-15IRH-Gaming:35545/
[rosmaster.master][INFO] 2022-01-06 22:29:18,997: -SERVICE [/fake_pose_publisher/get_loggers] /fake_pose_publisher rosrpc://prajwal-IdeaPad-L340-15IRH-Gaming:46767
[rosmaster.master][INFO] 2022-01-06 22:29:18,998: -SERVICE [/fake_pose_publisher/set_logger_level] /fake_pose_publisher rosrpc://prajwal-IdeaPad-L340-15IRH-Gaming:46767
[rosmaster.master][INFO] 2022-01-06 22:29:19,015: -PUB [/grid3/droppingCompleted] /rqt_gui http://prajwal-IdeaPad-L340-15IRH-Gaming:39279/
[rosmaster.master][INFO] 2022-01-06 22:29:19,015: -PUB [/grid3/packageLoaded] /rqt_gui http://prajwal-IdeaPad-L340-15IRH-Gaming:39279/
[rosmaster.master][INFO] 2022-01-06 22:29:19,016: -PUB [/robot1/cmd_ve] /rqt_gui http://prajwal-IdeaPad-L340-15IRH-Gaming:39279/
[rosmaster.master][INFO] 2022-01-06 22:29:19,017: -PUB [/robot2/cmd_ve] /rqt_gui http://prajwal-IdeaPad-L340-15IRH-Gaming:39279/
[rosmaster.master][INFO] 2022-01-06 22:29:19,018: -PUB [/robot3/cmd_ve] /rqt_gui http://prajwal-IdeaPad-L340-15IRH-Gaming:39279/
[rosmaster.master][INFO] 2022-01-06 22:29:19,019: -PUB [/robot4/cmd_ve] /rqt_gui http://prajwal-IdeaPad-L340-15IRH-Gaming:39279/
[rosmaster.master][INFO] 2022-01-06 22:29:19,050: -PUB [/rosout] /rqt_gui http://prajwal-IdeaPad-L340-15IRH-Gaming:39279/
[rosmaster.master][INFO] 2022-01-06 22:29:19,050: -SERVICE [/rqt_gui/get_loggers] /rqt_gui rosrpc://prajwal-IdeaPad-L340-15IRH-Gaming:35421
[rosmaster.master][INFO] 2022-01-06 22:29:19,050: -SERVICE [/rqt_gui/set_logger_level] /rqt_gui rosrpc://prajwal-IdeaPad-L340-15IRH-Gaming:35421
[rosmaster.master][INFO] 2022-01-06 22:29:19,092: publisherUpdate[/rosout] -> http://prajwal-IdeaPad-L340-15IRH-Gaming:36463/ ['http://prajwal-IdeaPad-L340-15IRH-Gaming:39279/']
[rosmaster.master][INFO] 2022-01-06 22:29:19,093: publisherUpdate[/rosout] -> http://prajwal-IdeaPad-L340-15IRH-Gaming:36463/ ['http://prajwal-IdeaPad-L340-15IRH-Gaming:39279/']: sec=0.00, result=[1, '', 0]
[rosmaster.master][INFO] 2022-01-06 22:29:19,093: publisherUpdate[/rosout] -> http://prajwal-IdeaPad-L340-15IRH-Gaming:36463/ []
[rosmaster.master][INFO] 2022-01-06 22:29:19,093: publisherUpdate[/rosout] -> http://prajwal-IdeaPad-L340-15IRH-Gaming:36463/ []: sec=0.00, result=[1, '', 0]
[rosmaster.master][INFO] 2022-01-06 22:29:20,195: -PUB [/rosout_agg] /rosout http://prajwal-IdeaPad-L340-15IRH-Gaming:36463/
[rosmaster.master][INFO] 2022-01-06 22:29:20,195: -SUB [/rosout] /rosout http://prajwal-IdeaPad-L340-15IRH-Gaming:36463/
[rosmaster.master][INFO] 2022-01-06 22:29:20,196: -SERVICE [/rosout/get_loggers] /rosout rosrpc://prajwal-IdeaPad-L340-15IRH-Gaming:34995
[rosmaster.master][INFO] 2022-01-06 22:29:20,196: -SERVICE [/rosout/set_logger_level] /rosout rosrpc://prajwal-IdeaPad-L340-15IRH-Gaming:34995
[rosmaster.main][INFO] 2022-01-06 22:29:20,293: keyboard interrupt, will exit
[rosmaster.main][INFO] 2022-01-06 22:29:20,293: stopping master...
[rospy.core][INFO] 2022-01-06 22:29:20,293: signal_shutdown [atexit]
