[rospy.client][INFO] 2022-01-06 22:29:01,261: init_node, name[/rqt_gui], pid[15496]
[xmlrpc][INFO] 2022-01-06 22:29:01,261: XML-RPC server binding to 0.0.0.0:0
[xmlrpc][INFO] 2022-01-06 22:29:01,261: Started XML-RPC server [http://prajwal-IdeaPad-L340-15IRH-Gaming:39279/]
[rospy.impl.masterslave][INFO] 2022-01-06 22:29:01,262: _ready: http://prajwal-IdeaPad-L340-15IRH-Gaming:39279/
[rospy.init][INFO] 2022-01-06 22:29:01,262: ROS Slave URI: [http://prajwal-IdeaPad-L340-15IRH-Gaming:39279/]
[rospy.registration][INFO] 2022-01-06 22:29:01,262: Registering with master node http://localhost:11311
[xmlrpc][INFO] 2022-01-06 22:29:01,262: xml rpc node: starting XML-RPC server
[rospy.init][INFO] 2022-01-06 22:29:01,362: registered with master
[rospy.rosout][INFO] 2022-01-06 22:29:01,362: initializing /rosout core topic
[rospy.rosout][INFO] 2022-01-06 22:29:01,363: connected to core topic /rosout
[rospy.simtime][INFO] 2022-01-06 22:29:01,364: /use_sim_time is not set, will not subscribe to simulated time [/clock] topic
[rospy.internal][INFO] 2022-01-06 22:29:01,657: topic[/rosout] adding connection to [/rosout], count 0
[rospy.internal][INFO] 2022-01-06 22:29:19,014: topic impl's ref count is zero, deleting topic /grid3/droppingCompleted...
[rospy.internal][INFO] 2022-01-06 22:29:19,015: topic impl's ref count is zero, deleting topic /grid3/packageLoaded...
[rospy.internal][INFO] 2022-01-06 22:29:19,016: topic impl's ref count is zero, deleting topic /robot1/cmd_ve...
[rospy.internal][INFO] 2022-01-06 22:29:19,017: topic impl's ref count is zero, deleting topic /robot2/cmd_ve...
[rospy.internal][INFO] 2022-01-06 22:29:19,018: topic impl's ref count is zero, deleting topic /robot3/cmd_ve...
[rospy.internal][INFO] 2022-01-06 22:29:19,019: topic impl's ref count is zero, deleting topic /robot4/cmd_ve...
[rospy.core][INFO] 2022-01-06 22:29:19,049: signal_shutdown [atexit]
[rospy.internal][INFO] 2022-01-06 22:29:19,051: topic[/rosout] removing connection to /rosout
[rospy.impl.masterslave][INFO] 2022-01-06 22:29:19,051: atexit
