[rospy.client][INFO] 2022-01-08 12:08:45,278: init_node, name[/fake_pose_publisher], pid[24068]
[xmlrpc][INFO] 2022-01-08 12:08:45,279: XML-RPC server binding to 0.0.0.0:0
[xmlrpc][INFO] 2022-01-08 12:08:45,279: Started XML-RPC server [http://prajwal-IdeaPad-L340-15IRH-Gaming:46113/]
[rospy.init][INFO] 2022-01-08 12:08:45,279: ROS Slave URI: [http://prajwal-IdeaPad-L340-15IRH-Gaming:46113/]
[rospy.impl.masterslave][INFO] 2022-01-08 12:08:45,279: _ready: http://prajwal-IdeaPad-L340-15IRH-Gaming:46113/
[rospy.registration][INFO] 2022-01-08 12:08:45,279: Registering with master node http://localhost:11311
[xmlrpc][INFO] 2022-01-08 12:08:45,280: xml rpc node: starting XML-RPC server
[rospy.init][INFO] 2022-01-08 12:08:45,379: registered with master
[rospy.rosout][INFO] 2022-01-08 12:08:45,380: initializing /rosout core topic
[rospy.rosout][INFO] 2022-01-08 12:08:45,382: connected to core topic /rosout
[rospy.simtime][INFO] 2022-01-08 12:08:45,383: /use_sim_time is not set, will not subscribe to simulated time [/clock] topic
[rosout][INFO] 2022-01-08 12:08:45,394: publishing the poses
[rospy.internal][INFO] 2022-01-08 12:08:45,398: topic[/grid3/allRobots/poses] adding connection to [/trajectory_planner], count 0
[rospy.internal][INFO] 2022-01-08 12:08:45,440: topic[/grid3/allRobots/poses] adding connection to [/brain_24097_1641623925300], count 1
[rosout][INFO] 2022-01-08 12:08:45,494: publishing the poses
[rosout][INFO] 2022-01-08 12:08:45,594: publishing the poses
[rospy.internal][INFO] 2022-01-08 12:08:45,596: topic[/rosout] adding connection to [/rosout], count 0
[rosout][INFO] 2022-01-08 12:08:45,694: publishing the poses
[rosout][INFO] 2022-01-08 12:08:45,794: publishing the poses
[rosout][INFO] 2022-01-08 12:08:45,894: publishing the poses
[rosout][INFO] 2022-01-08 12:08:45,994: publishing the poses
[rosout][INFO] 2022-01-08 12:08:46,094: publishing the poses
[rosout][INFO] 2022-01-08 12:08:46,194: publishing the poses
[rosout][INFO] 2022-01-08 12:08:46,294: publishing the poses
[rosout][INFO] 2022-01-08 12:08:46,394: publishing the poses
[rosout][INFO] 2022-01-08 12:08:46,494: publishing the poses
[rosout][INFO] 2022-01-08 12:08:46,594: publishing the poses
[rosout][INFO] 2022-01-08 12:08:46,694: publishing the poses
[rosout][INFO] 2022-01-08 12:08:46,794: publishing the poses
[rosout][INFO] 2022-01-08 12:08:46,894: publishing the poses
[rosout][INFO] 2022-01-08 12:08:46,994: publishing the poses
[rosout][INFO] 2022-01-08 12:08:47,094: publishing the poses
[rosout][INFO] 2022-01-08 12:08:47,194: publishing the poses
[rosout][INFO] 2022-01-08 12:08:47,294: publishing the poses
[rosout][INFO] 2022-01-08 12:08:47,394: publishing the poses
[rosout][INFO] 2022-01-08 12:08:47,494: publishing the poses
[rosout][INFO] 2022-01-08 12:08:47,594: publishing the poses
[rosout][INFO] 2022-01-08 12:08:47,694: publishing the poses
[rosout][INFO] 2022-01-08 12:08:47,794: publishing the poses
[rosout][INFO] 2022-01-08 12:08:47,894: publishing the poses
[rosout][INFO] 2022-01-08 12:08:47,994: publishing the poses
[rosout][INFO] 2022-01-08 12:08:48,094: publishing the poses
[rosout][INFO] 2022-01-08 12:08:48,194: publishing the poses
[rosout][INFO] 2022-01-08 12:08:48,294: publishing the poses
[rosout][INFO] 2022-01-08 12:08:48,394: publishing the poses
[rosout][INFO] 2022-01-08 12:08:48,494: publishing the poses
[rosout][INFO] 2022-01-08 12:08:48,594: publishing the poses
[rosout][INFO] 2022-01-08 12:08:48,694: publishing the poses
[rosout][INFO] 2022-01-08 12:08:48,794: publishing the poses
[rosout][INFO] 2022-01-08 12:08:48,894: publishing the poses
[rosout][INFO] 2022-01-08 12:08:48,994: publishing the poses
[rosout][INFO] 2022-01-08 12:08:49,094: publishing the poses
[rosout][INFO] 2022-01-08 12:08:49,194: publishing the poses
[rosout][INFO] 2022-01-08 12:08:49,294: publishing the poses
[rospy.core][INFO] 2022-01-08 12:08:49,371: signal_shutdown [signal-2]
[rospy.internal][INFO] 2022-01-08 12:08:49,376: topic[/rosout] removing connection to /rosout
[rospy.internal][INFO] 2022-01-08 12:08:49,376: topic[/grid3/allRobots/poses] removing connection to /trajectory_planner
[rospy.internal][INFO] 2022-01-08 12:08:49,376: topic[/grid3/allRobots/poses] removing connection to /brain_24097_1641623925300
[rospy.impl.masterslave][INFO] 2022-01-08 12:08:49,376: signal-2
[rospy.core][INFO] 2022-01-08 12:08:49,972: signal_shutdown [atexit]
