[rospy.client][INFO] 2022-01-08 12:08:45,937: init_node, name[/rqt_gui], pid[24070]
[xmlrpc][INFO] 2022-01-08 12:08:45,938: XML-RPC server binding to 0.0.0.0:0
[xmlrpc][INFO] 2022-01-08 12:08:45,938: Started XML-RPC server [http://prajwal-IdeaPad-L340-15IRH-Gaming:39003/]
[rospy.init][INFO] 2022-01-08 12:08:45,938: ROS Slave URI: [http://prajwal-IdeaPad-L340-15IRH-Gaming:39003/]
[rospy.impl.masterslave][INFO] 2022-01-08 12:08:45,938: _ready: http://prajwal-IdeaPad-L340-15IRH-Gaming:39003/
[rospy.registration][INFO] 2022-01-08 12:08:45,938: Registering with master node http://localhost:11311
[xmlrpc][INFO] 2022-01-08 12:08:45,939: xml rpc node: starting XML-RPC server
[rospy.init][INFO] 2022-01-08 12:08:46,038: registered with master
[rospy.rosout][INFO] 2022-01-08 12:08:46,039: initializing /rosout core topic
[rospy.rosout][INFO] 2022-01-08 12:08:46,040: connected to core topic /rosout
[rospy.simtime][INFO] 2022-01-08 12:08:46,040: /use_sim_time is not set, will not subscribe to simulated time [/clock] topic
[rospy.internal][INFO] 2022-01-08 12:08:46,214: topic[/rosout] adding connection to [/rosout], count 0
[rospy.internal][INFO] 2022-01-08 12:08:46,502: topic[/grid3/droppingCompleted] adding connection to [/brain_24097_1641623925300], count 0
[rospy.internal][INFO] 2022-01-08 12:08:46,502: topic[/grid3/packageLoaded] adding connection to [/brain_24097_1641623925300], count 0
[rospy.internal][INFO] 2022-01-08 12:08:49,442: topic impl's ref count is zero, deleting topic /grid3/droppingCompleted...
[rospy.internal][INFO] 2022-01-08 12:08:49,443: topic[/grid3/droppingCompleted] removing connection to /brain_24097_1641623925300
[rospy.internal][INFO] 2022-01-08 12:08:49,444: topic impl's ref count is zero, deleting topic /grid3/packageLoaded...
[rospy.internal][INFO] 2022-01-08 12:08:49,444: topic[/grid3/packageLoaded] removing connection to /brain_24097_1641623925300
[rosout][WARNING] 2022-01-08 12:08:49,443: Could not process inbound connection: [/rqt_gui] is not a publisher of [/grid3/droppingCompleted]. Topics are [['/rosout', 'rosgraph_msgs/Log'], ['/grid3/packageLoaded', 'grid3/packageLoaded'], ['/robot1/cmd_vel', 'geometry_msgs/Twist'], ['/robot2/cmd_vel', 'geometry_msgs/Twist'], ['/robot3/cmd_vel', 'geometry_msgs/Twist'], ['/robot4/cmd_ve', 'geometry_msgs/Twist']]{'callerid': '/brain_24097_1641623925300', 'md5sum': '90041601f8236fdd572be94e8c0d4f45', 'message_definition': 'bool[] status', 'tcp_nodelay': '0', 'topic': '/grid3/droppingCompleted', 'type': 'grid3/droppingCompleted'}
[rosout][WARNING] 2022-01-08 12:08:49,445: Could not process inbound connection: [/rqt_gui] is not a publisher of [/grid3/packageLoaded]. Topics are [['/rosout', 'rosgraph_msgs/Log'], ['/robot1/cmd_vel', 'geometry_msgs/Twist'], ['/robot2/cmd_vel', 'geometry_msgs/Twist'], ['/robot3/cmd_vel', 'geometry_msgs/Twist'], ['/robot4/cmd_ve', 'geometry_msgs/Twist']]{'callerid': '/brain_24097_1641623925300', 'md5sum': '90041601f8236fdd572be94e8c0d4f45', 'message_definition': 'bool[] status', 'tcp_nodelay': '0', 'topic': '/grid3/packageLoaded', 'type': 'grid3/packageLoaded'}
[rospy.internal][INFO] 2022-01-08 12:08:49,447: topic impl's ref count is zero, deleting topic /robot1/cmd_vel...
[rospy.internal][INFO] 2022-01-08 12:08:49,448: topic impl's ref count is zero, deleting topic /robot2/cmd_vel...
[rospy.internal][INFO] 2022-01-08 12:08:49,448: topic impl's ref count is zero, deleting topic /robot3/cmd_vel...
[rospy.internal][INFO] 2022-01-08 12:08:49,449: topic impl's ref count is zero, deleting topic /robot4/cmd_ve...
[rospy.core][INFO] 2022-01-08 12:08:49,491: signal_shutdown [atexit]
[rospy.internal][INFO] 2022-01-08 12:08:49,493: topic[/rosout] removing connection to /rosout
[rospy.impl.masterslave][INFO] 2022-01-08 12:08:49,493: atexit
