[rospy.client][INFO] 2022-01-06 23:05:28,349: init_node, name[/controller_ros_interface_18778_1641490528322], pid[18778]
[xmlrpc][INFO] 2022-01-06 23:05:28,350: XML-RPC server binding to 0.0.0.0:0
[xmlrpc][INFO] 2022-01-06 23:05:28,350: Started XML-RPC server [http://prajwal-IdeaPad-L340-15IRH-Gaming:36611/]
[rospy.impl.masterslave][INFO] 2022-01-06 23:05:28,350: _ready: http://prajwal-IdeaPad-L340-15IRH-Gaming:36611/
[rospy.init][INFO] 2022-01-06 23:05:28,350: ROS Slave URI: [http://prajwal-IdeaPad-L340-15IRH-Gaming:36611/]
[rospy.registration][INFO] 2022-01-06 23:05:28,350: Registering with master node http://localhost:11311
[xmlrpc][INFO] 2022-01-06 23:05:28,350: xml rpc node: starting XML-RPC server
[rospy.init][INFO] 2022-01-06 23:05:28,451: registered with master
[rospy.rosout][INFO] 2022-01-06 23:05:28,451: initializing /rosout core topic
[rospy.rosout][INFO] 2022-01-06 23:05:28,454: connected to core topic /rosout
[rospy.simtime][INFO] 2022-01-06 23:05:28,455: initializing /clock core topic
[rospy.simtime][INFO] 2022-01-06 23:05:28,456: connected to core topic /clock
[rospy.internal][INFO] 2022-01-06 23:05:28,458: topic[/clock] adding connection to [http://prajwal-IdeaPad-L340-15IRH-Gaming:34133/], count 0
[rospy.internal][INFO] 2022-01-06 23:05:28,464: topic[/grid3/allRobots/poses] adding connection to [http://prajwal-IdeaPad-L340-15IRH-Gaming:35553/], count 0
[rospy.internal][INFO] 2022-01-06 23:05:28,467: topic[/grid3/robotTrajectories] adding connection to [http://prajwal-IdeaPad-L340-15IRH-Gaming:44373/], count 0
[rospy.internal][INFO] 2022-01-06 23:05:28,468: topic[/grid3/planner/status] adding connection to [http://prajwal-IdeaPad-L340-15IRH-Gaming:44373/], count 0
[rospy.internal][INFO] 2022-01-06 23:05:28,686: topic[/rosout] adding connection to [/rosout], count 0
[rospy.internal][INFO] 2022-01-06 23:06:33,228: topic[/grid3/controller/cmd] adding connection to [/gazebo_controller], count 0
[rosout][WARNING] 2022-01-06 23:06:56,295: Inbound TCP/IP connection failed: connection from sender terminated before handshake header received. 0 bytes were received. Please check sender for additional details.
[rospy.internal][ERROR] 2022-01-06 23:06:56,297: Inbound TCP/IP connection failed:
Traceback (most recent call last):
  File "/opt/ros/noetic/lib/python3/dist-packages/rospy/impl/tcpros_base.py", line 327, in _tcp_server_callback
    header = read_ros_handshake_header(sock, BytesIO(), buff_size)
  File "/opt/ros/noetic/lib/python3/dist-packages/rosgraph/network.py", line 359, in read_ros_handshake_header
    raise ROSHandshakeException("connection from sender terminated before handshake header received. %s bytes were received. Please check sender for additional details."%b.tell())
rosgraph.network.ROSHandshakeException: connection from sender terminated before handshake header received. 0 bytes were received. Please check sender for additional details.

[rospy.internal][INFO] 2022-01-06 23:06:56,492: topic[/grid3/controller/cmd] removing connection to /gazebo_controller
[rospy.internal][INFO] 2022-01-06 23:07:15,244: topic[/grid3/controller/cmd] adding connection to [/gazebo_controller], count 0
[rospy.core][INFO] 2022-01-06 23:09:12,737: signal_shutdown [signal-2]
[rospy.internal][INFO] 2022-01-06 23:09:12,740: topic[/rosout] removing connection to /rosout
[rospy.internal][INFO] 2022-01-06 23:09:12,740: topic[/grid3/controller/cmd] removing connection to /gazebo_controller
[rospy.internal][INFO] 2022-01-06 23:09:12,741: topic[/clock] removing connection to http://prajwal-IdeaPad-L340-15IRH-Gaming:34133/
[rospy.internal][INFO] 2022-01-06 23:09:12,741: topic[/grid3/allRobots/poses] removing connection to http://prajwal-IdeaPad-L340-15IRH-Gaming:35553/
[rospy.internal][INFO] 2022-01-06 23:09:12,741: topic[/grid3/robotTrajectories] removing connection to http://prajwal-IdeaPad-L340-15IRH-Gaming:44373/
[rospy.internal][WARNING] 2022-01-06 23:09:12,742: Unknown error initiating TCP/IP socket to prajwal-IdeaPad-L340-15IRH-Gaming:35335 (http://prajwal-IdeaPad-L340-15IRH-Gaming:34133/): Traceback (most recent call last):
  File "/opt/ros/noetic/lib/python3/dist-packages/rospy/impl/tcpros_base.py", line 562, in connect
    self.read_header()
  File "/opt/ros/noetic/lib/python3/dist-packages/rospy/impl/tcpros_base.py", line 657, in read_header
    self._validate_header(read_ros_handshake_header(sock, self.read_buff, self.protocol.buff_size))
AttributeError: 'NoneType' object has no attribute 'buff_size'

[rospy.internal][INFO] 2022-01-06 23:09:12,742: topic[/grid3/planner/status] removing connection to http://prajwal-IdeaPad-L340-15IRH-Gaming:44373/
[rospy.internal][WARNING] 2022-01-06 23:09:12,742: Unknown error initiating TCP/IP socket to prajwal-IdeaPad-L340-15IRH-Gaming:41853 (http://prajwal-IdeaPad-L340-15IRH-Gaming:44373/): Traceback (most recent call last):
  File "/opt/ros/noetic/lib/python3/dist-packages/rospy/impl/tcpros_base.py", line 562, in connect
    self.read_header()
  File "/opt/ros/noetic/lib/python3/dist-packages/rospy/impl/tcpros_base.py", line 657, in read_header
    self._validate_header(read_ros_handshake_header(sock, self.read_buff, self.protocol.buff_size))
AttributeError: 'NoneType' object has no attribute 'buff_size'

[rospy.impl.masterslave][INFO] 2022-01-06 23:09:12,742: signal-2
[rospy.core][INFO] 2022-01-06 23:09:13,939: signal_shutdown [atexit]
