[rospy.client][INFO] 2022-01-08 12:09:59,770: init_node, name[/controller_ros_interface_24972_1641623999743], pid[24972]
[xmlrpc][INFO] 2022-01-08 12:09:59,771: XML-RPC server binding to 0.0.0.0:0
[xmlrpc][INFO] 2022-01-08 12:09:59,771: Started XML-RPC server [http://prajwal-IdeaPad-L340-15IRH-Gaming:44595/]
[rospy.impl.masterslave][INFO] 2022-01-08 12:09:59,771: _ready: http://prajwal-IdeaPad-L340-15IRH-Gaming:44595/
[rospy.init][INFO] 2022-01-08 12:09:59,771: ROS Slave URI: [http://prajwal-IdeaPad-L340-15IRH-Gaming:44595/]
[rospy.registration][INFO] 2022-01-08 12:09:59,771: Registering with master node http://localhost:11311
[xmlrpc][INFO] 2022-01-08 12:09:59,772: xml rpc node: starting XML-RPC server
[rospy.init][INFO] 2022-01-08 12:09:59,872: registered with master
[rospy.rosout][INFO] 2022-01-08 12:09:59,872: initializing /rosout core topic
[rospy.rosout][INFO] 2022-01-08 12:09:59,874: connected to core topic /rosout
[rospy.simtime][INFO] 2022-01-08 12:09:59,874: initializing /clock core topic
[rospy.simtime][INFO] 2022-01-08 12:09:59,875: connected to core topic /clock
[rospy.internal][INFO] 2022-01-08 12:09:59,876: topic[/clock] adding connection to [http://prajwal-IdeaPad-L340-15IRH-Gaming:43245/], count 0
[rospy.internal][INFO] 2022-01-08 12:09:59,883: topic[/grid3/allRobots/poses] adding connection to [http://prajwal-IdeaPad-L340-15IRH-Gaming:43559/], count 0
[rospy.internal][INFO] 2022-01-08 12:09:59,889: topic[/grid3/robotTrajectories] adding connection to [http://prajwal-IdeaPad-L340-15IRH-Gaming:33983/], count 0
[rospy.internal][INFO] 2022-01-08 12:09:59,890: topic[/grid3/planner/status] adding connection to [http://prajwal-IdeaPad-L340-15IRH-Gaming:33983/], count 0
[rospy.core][INFO] 2022-01-08 12:09:59,981: signal_shutdown [atexit]
[rospy.internal][INFO] 2022-01-08 12:09:59,983: topic[/clock] removing connection to http://prajwal-IdeaPad-L340-15IRH-Gaming:43245/
[rospy.internal][INFO] 2022-01-08 12:09:59,983: topic[/grid3/allRobots/poses] removing connection to http://prajwal-IdeaPad-L340-15IRH-Gaming:43559/
[rospy.internal][INFO] 2022-01-08 12:09:59,983: topic[/grid3/robotTrajectories] removing connection to http://prajwal-IdeaPad-L340-15IRH-Gaming:33983/
[rospy.internal][INFO] 2022-01-08 12:09:59,984: topic[/grid3/planner/status] removing connection to http://prajwal-IdeaPad-L340-15IRH-Gaming:33983/
[rospy.internal][WARNING] 2022-01-08 12:09:59,984: Unknown error initiating TCP/IP socket to prajwal-IdeaPad-L340-15IRH-Gaming:40891 (http://prajwal-IdeaPad-L340-15IRH-Gaming:43245/): Traceback (most recent call last):
  File "/opt/ros/noetic/lib/python3/dist-packages/rospy/impl/tcpros_base.py", line 562, in connect
    self.read_header()
  File "/opt/ros/noetic/lib/python3/dist-packages/rospy/impl/tcpros_base.py", line 657, in read_header
    self._validate_header(read_ros_handshake_header(sock, self.read_buff, self.protocol.buff_size))
AttributeError: 'NoneType' object has no attribute 'buff_size'

[rospy.impl.masterslave][INFO] 2022-01-08 12:09:59,984: atexit
[rospy.internal][WARNING] 2022-01-08 12:09:59,984: Unknown error initiating TCP/IP socket to prajwal-IdeaPad-L340-15IRH-Gaming:39163 (http://prajwal-IdeaPad-L340-15IRH-Gaming:33983/): Traceback (most recent call last):
  File "/opt/ros/noetic/lib/python3/dist-packages/rospy/impl/tcpros_base.py", line 562, in connect
    self.read_header()
  File "/opt/ros/noetic/lib/python3/dist-packages/rospy/impl/tcpros_base.py", line 657, in read_header
    self._validate_header(read_ros_handshake_header(sock, self.read_buff, self.protocol.buff_size))
AttributeError: 'NoneType' object has no attribute 'buff_size'

[rospy.internal][WARNING] 2022-01-08 12:09:59,984: Unknown error initiating TCP/IP socket to prajwal-IdeaPad-L340-15IRH-Gaming:39163 (http://prajwal-IdeaPad-L340-15IRH-Gaming:33983/): Traceback (most recent call last):
  File "/opt/ros/noetic/lib/python3/dist-packages/rospy/impl/tcpros_base.py", line 562, in connect
    self.read_header()
  File "/opt/ros/noetic/lib/python3/dist-packages/rospy/impl/tcpros_base.py", line 657, in read_header
    self._validate_header(read_ros_handshake_header(sock, self.read_buff, self.protocol.buff_size))
AttributeError: 'NoneType' object has no attribute 'buff_size'

