[rospy.client][INFO] 2022-01-06 23:10:11,160: init_node, name[/controller_ros_interface_19268_1641490811134], pid[19268]
[xmlrpc][INFO] 2022-01-06 23:10:11,160: XML-RPC server binding to 0.0.0.0:0
[xmlrpc][INFO] 2022-01-06 23:10:11,160: Started XML-RPC server [http://prajwal-IdeaPad-L340-15IRH-Gaming:40089/]
[rospy.init][INFO] 2022-01-06 23:10:11,161: ROS Slave URI: [http://prajwal-IdeaPad-L340-15IRH-Gaming:40089/]
[rospy.impl.masterslave][INFO] 2022-01-06 23:10:11,161: _ready: http://prajwal-IdeaPad-L340-15IRH-Gaming:40089/
[rospy.registration][INFO] 2022-01-06 23:10:11,161: Registering with master node http://localhost:11311
[xmlrpc][INFO] 2022-01-06 23:10:11,161: xml rpc node: starting XML-RPC server
[rospy.init][INFO] 2022-01-06 23:10:11,261: registered with master
[rospy.rosout][INFO] 2022-01-06 23:10:11,261: initializing /rosout core topic
[rospy.rosout][INFO] 2022-01-06 23:10:11,264: connected to core topic /rosout
[rospy.simtime][INFO] 2022-01-06 23:10:11,265: initializing /clock core topic
[rospy.simtime][INFO] 2022-01-06 23:10:11,267: connected to core topic /clock
[rospy.internal][INFO] 2022-01-06 23:10:11,268: topic[/clock] adding connection to [http://prajwal-IdeaPad-L340-15IRH-Gaming:34133/], count 0
[rospy.internal][INFO] 2022-01-06 23:10:11,277: topic[/grid3/allRobots/poses] adding connection to [http://prajwal-IdeaPad-L340-15IRH-Gaming:35553/], count 0
[rospy.internal][INFO] 2022-01-06 23:10:11,279: topic[/grid3/robotTrajectories] adding connection to [http://prajwal-IdeaPad-L340-15IRH-Gaming:44373/], count 0
[rospy.internal][INFO] 2022-01-06 23:10:11,280: topic[/grid3/planner/status] adding connection to [http://prajwal-IdeaPad-L340-15IRH-Gaming:44373/], count 0
[rospy.internal][INFO] 2022-01-06 23:10:11,485: topic[/rosout] adding connection to [/rosout], count 0
[rospy.internal][INFO] 2022-01-06 23:10:16,956: topic[/grid3/controller/cmd] adding connection to [/gazebo_controller], count 0
[rospy.internal][INFO] 2022-01-06 23:11:36,323: topic[/grid3/controller/cmd] adding connection to [/rostopic_19411_1641490896177], count 1
[rospy.core][INFO] 2022-01-06 23:13:42,842: signal_shutdown [signal-2]
[rospy.internal][INFO] 2022-01-06 23:13:42,845: topic[/rosout] removing connection to /rosout
[rospy.internal][INFO] 2022-01-06 23:13:42,845: topic[/grid3/controller/cmd] removing connection to /gazebo_controller
[rospy.internal][INFO] 2022-01-06 23:13:42,846: topic[/grid3/controller/cmd] removing connection to /rostopic_19411_1641490896177
[rospy.internal][INFO] 2022-01-06 23:13:42,846: topic[/clock] removing connection to http://prajwal-IdeaPad-L340-15IRH-Gaming:34133/
[rospy.internal][INFO] 2022-01-06 23:13:42,846: topic[/grid3/allRobots/poses] removing connection to http://prajwal-IdeaPad-L340-15IRH-Gaming:35553/
[rospy.internal][INFO] 2022-01-06 23:13:42,847: topic[/grid3/robotTrajectories] removing connection to http://prajwal-IdeaPad-L340-15IRH-Gaming:44373/
[rospy.internal][INFO] 2022-01-06 23:13:42,847: topic[/grid3/planner/status] removing connection to http://prajwal-IdeaPad-L340-15IRH-Gaming:44373/
[rospy.impl.masterslave][INFO] 2022-01-06 23:13:42,847: signal-2
[rospy.core][INFO] 2022-01-06 23:13:43,968: signal_shutdown [atexit]
