[rospy.client][INFO] 2022-01-07 17:09:16,085: init_node, name[/controller_ros_interface_19907_1641555556059], pid[19907]
[xmlrpc][INFO] 2022-01-07 17:09:16,086: XML-RPC server binding to 0.0.0.0:0
[xmlrpc][INFO] 2022-01-07 17:09:16,086: Started XML-RPC server [http://prajwal-IdeaPad-L340-15IRH-Gaming:43917/]
[rospy.impl.masterslave][INFO] 2022-01-07 17:09:16,086: _ready: http://prajwal-IdeaPad-L340-15IRH-Gaming:43917/
[rospy.init][INFO] 2022-01-07 17:09:16,086: ROS Slave URI: [http://prajwal-IdeaPad-L340-15IRH-Gaming:43917/]
[rospy.registration][INFO] 2022-01-07 17:09:16,086: Registering with master node http://localhost:11311
[xmlrpc][INFO] 2022-01-07 17:09:16,087: xml rpc node: starting XML-RPC server
[rospy.init][INFO] 2022-01-07 17:09:16,186: registered with master
[rospy.rosout][INFO] 2022-01-07 17:09:16,187: initializing /rosout core topic
[rospy.rosout][INFO] 2022-01-07 17:09:16,190: connected to core topic /rosout
[rospy.simtime][INFO] 2022-01-07 17:09:16,190: initializing /clock core topic
[rospy.simtime][INFO] 2022-01-07 17:09:16,192: connected to core topic /clock
[rospy.internal][INFO] 2022-01-07 17:09:16,193: topic[/clock] adding connection to [http://prajwal-IdeaPad-L340-15IRH-Gaming:33047/], count 0
[rospy.internal][INFO] 2022-01-07 17:09:16,200: topic[/grid3/allRobots/poses] adding connection to [http://prajwal-IdeaPad-L340-15IRH-Gaming:44685/], count 0
[rospy.internal][INFO] 2022-01-07 17:09:16,205: topic[/grid3/robotTrajectories] adding connection to [http://prajwal-IdeaPad-L340-15IRH-Gaming:41119/], count 0
[rospy.internal][INFO] 2022-01-07 17:09:16,206: topic[/grid3/planner/status] adding connection to [http://prajwal-IdeaPad-L340-15IRH-Gaming:41119/], count 0
[rospy.internal][INFO] 2022-01-07 17:09:16,396: topic[/rosout] adding connection to [/rosout], count 0
[rospy.internal][INFO] 2022-01-07 17:09:18,550: topic[/grid3/controller/cmd] adding connection to [/gazebo_controller], count 0
[rospy.internal][INFO] 2022-01-07 17:10:16,428: topic[/grid3/controller/cmd] adding connection to [/rqt_gui], count 1
[rosout][WARNING] 2022-01-07 17:14:46,953: Inbound TCP/IP connection failed: connection from sender terminated before handshake header received. 0 bytes were received. Please check sender for additional details.
[rospy.internal][ERROR] 2022-01-07 17:14:46,955: Inbound TCP/IP connection failed:
Traceback (most recent call last):
  File "/opt/ros/noetic/lib/python3/dist-packages/rospy/impl/tcpros_base.py", line 327, in _tcp_server_callback
    header = read_ros_handshake_header(sock, BytesIO(), buff_size)
  File "/opt/ros/noetic/lib/python3/dist-packages/rosgraph/network.py", line 359, in read_ros_handshake_header
    raise ROSHandshakeException("connection from sender terminated before handshake header received. %s bytes were received. Please check sender for additional details."%b.tell())
rosgraph.network.ROSHandshakeException: connection from sender terminated before handshake header received. 0 bytes were received. Please check sender for additional details.

[rospy.internal][INFO] 2022-01-07 17:14:47,147: topic[/grid3/controller/cmd] removing connection to /rqt_gui
[rospy.core][INFO] 2022-01-07 17:14:51,657: signal_shutdown [signal-2]
[rospy.internal][INFO] 2022-01-07 17:14:51,660: topic[/rosout] removing connection to /rosout
[rospy.internal][INFO] 2022-01-07 17:14:51,661: topic[/grid3/controller/cmd] removing connection to /gazebo_controller
[rospy.internal][INFO] 2022-01-07 17:14:51,661: topic[/clock] removing connection to http://prajwal-IdeaPad-L340-15IRH-Gaming:33047/
[rospy.internal][INFO] 2022-01-07 17:14:51,661: topic[/grid3/allRobots/poses] removing connection to http://prajwal-IdeaPad-L340-15IRH-Gaming:44685/
[rospy.internal][INFO] 2022-01-07 17:14:51,662: topic[/grid3/robotTrajectories] removing connection to http://prajwal-IdeaPad-L340-15IRH-Gaming:41119/
[rospy.internal][INFO] 2022-01-07 17:14:51,662: topic[/grid3/planner/status] removing connection to http://prajwal-IdeaPad-L340-15IRH-Gaming:41119/
[rospy.impl.masterslave][INFO] 2022-01-07 17:14:51,662: signal-2
[rospy.internal][WARNING] 2022-01-07 17:14:51,662: Unknown error initiating TCP/IP socket to prajwal-IdeaPad-L340-15IRH-Gaming:38457 (http://prajwal-IdeaPad-L340-15IRH-Gaming:41119/): Traceback (most recent call last):
  File "/opt/ros/noetic/lib/python3/dist-packages/rospy/impl/tcpros_base.py", line 562, in connect
    self.read_header()
  File "/opt/ros/noetic/lib/python3/dist-packages/rospy/impl/tcpros_base.py", line 657, in read_header
    self._validate_header(read_ros_handshake_header(sock, self.read_buff, self.protocol.buff_size))
AttributeError: 'NoneType' object has no attribute 'buff_size'

[rospy.core][INFO] 2022-01-07 17:14:52,670: signal_shutdown [atexit]
