[rospy.client][INFO] 2022-01-08 12:22:12,742: init_node, name[/controller_ros_interface_26853_1641624732716], pid[26853]
[xmlrpc][INFO] 2022-01-08 12:22:12,742: XML-RPC server binding to 0.0.0.0:0
[xmlrpc][INFO] 2022-01-08 12:22:12,742: Started XML-RPC server [http://prajwal-IdeaPad-L340-15IRH-Gaming:37127/]
[rospy.impl.masterslave][INFO] 2022-01-08 12:22:12,743: _ready: http://prajwal-IdeaPad-L340-15IRH-Gaming:37127/
[rospy.init][INFO] 2022-01-08 12:22:12,743: ROS Slave URI: [http://prajwal-IdeaPad-L340-15IRH-Gaming:37127/]
[rospy.registration][INFO] 2022-01-08 12:22:12,743: Registering with master node http://localhost:11311
[xmlrpc][INFO] 2022-01-08 12:22:12,743: xml rpc node: starting XML-RPC server
[rospy.init][INFO] 2022-01-08 12:22:12,843: registered with master
[rospy.rosout][INFO] 2022-01-08 12:22:12,843: initializing /rosout core topic
[rospy.rosout][INFO] 2022-01-08 12:22:12,847: connected to core topic /rosout
[rospy.simtime][INFO] 2022-01-08 12:22:12,848: initializing /clock core topic
[rospy.simtime][INFO] 2022-01-08 12:22:12,849: connected to core topic /clock
[rospy.internal][INFO] 2022-01-08 12:22:12,852: topic[/clock] adding connection to [http://prajwal-IdeaPad-L340-15IRH-Gaming:41297/], count 0
[rospy.internal][INFO] 2022-01-08 12:22:12,860: topic[/grid3/allRobots/poses] adding connection to [http://prajwal-IdeaPad-L340-15IRH-Gaming:41809/], count 0
[rospy.internal][INFO] 2022-01-08 12:22:12,867: topic[/grid3/robotTrajectories] adding connection to [http://prajwal-IdeaPad-L340-15IRH-Gaming:35423/], count 0
[rospy.internal][INFO] 2022-01-08 12:22:12,867: topic[/grid3/planner/status] adding connection to [http://prajwal-IdeaPad-L340-15IRH-Gaming:35423/], count 0
[rospy.core][INFO] 2022-01-08 12:22:12,959: signal_shutdown [atexit]
[rospy.internal][INFO] 2022-01-08 12:22:12,961: topic[/clock] removing connection to http://prajwal-IdeaPad-L340-15IRH-Gaming:41297/
[rospy.internal][INFO] 2022-01-08 12:22:12,961: topic[/grid3/allRobots/poses] removing connection to http://prajwal-IdeaPad-L340-15IRH-Gaming:41809/
[rospy.internal][INFO] 2022-01-08 12:22:12,961: topic[/grid3/robotTrajectories] removing connection to http://prajwal-IdeaPad-L340-15IRH-Gaming:35423/
[rospy.internal][INFO] 2022-01-08 12:22:12,961: topic[/grid3/planner/status] removing connection to http://prajwal-IdeaPad-L340-15IRH-Gaming:35423/
[rospy.impl.masterslave][INFO] 2022-01-08 12:22:12,961: atexit
[rospy.internal][WARNING] 2022-01-08 12:22:12,962: Unknown error initiating TCP/IP socket to prajwal-IdeaPad-L340-15IRH-Gaming:32841 (http://prajwal-IdeaPad-L340-15IRH-Gaming:41297/): Traceback (most recent call last):
  File "/opt/ros/noetic/lib/python3/dist-packages/rospy/impl/tcpros_base.py", line 562, in connect
    self.read_header()
  File "/opt/ros/noetic/lib/python3/dist-packages/rospy/impl/tcpros_base.py", line 657, in read_header
    self._validate_header(read_ros_handshake_header(sock, self.read_buff, self.protocol.buff_size))
AttributeError: 'NoneType' object has no attribute 'buff_size'

