[rospy.client][INFO] 2022-01-06 20:14:15,157: init_node, name[/controller_ros_interface_6824_1641480255130], pid[6824]
[xmlrpc][INFO] 2022-01-06 20:14:15,157: XML-RPC server binding to 0.0.0.0:0
[xmlrpc][INFO] 2022-01-06 20:14:15,157: Started XML-RPC server [http://prajwal-IdeaPad-L340-15IRH-Gaming:41345/]
[rospy.impl.masterslave][INFO] 2022-01-06 20:14:15,158: _ready: http://prajwal-IdeaPad-L340-15IRH-Gaming:41345/
[rospy.init][INFO] 2022-01-06 20:14:15,158: ROS Slave URI: [http://prajwal-IdeaPad-L340-15IRH-Gaming:41345/]
[rospy.registration][INFO] 2022-01-06 20:14:15,158: Registering with master node http://localhost:11311
[xmlrpc][INFO] 2022-01-06 20:14:15,158: xml rpc node: starting XML-RPC server
[rospy.init][INFO] 2022-01-06 20:14:15,258: registered with master
[rospy.rosout][INFO] 2022-01-06 20:14:15,258: initializing /rosout core topic
[rospy.rosout][INFO] 2022-01-06 20:14:15,261: connected to core topic /rosout
[rospy.simtime][INFO] 2022-01-06 20:14:15,261: initializing /clock core topic
[rospy.simtime][INFO] 2022-01-06 20:14:15,262: connected to core topic /clock
[rospy.internal][INFO] 2022-01-06 20:14:15,264: topic[/clock] adding connection to [http://prajwal-IdeaPad-L340-15IRH-Gaming:36257/], count 0
[rospy.internal][INFO] 2022-01-06 20:14:15,270: topic[/grid3/allRobots/poses] adding connection to [http://prajwal-IdeaPad-L340-15IRH-Gaming:32909/], count 0
[rospy.internal][INFO] 2022-01-06 20:14:15,270: topic[/grid3/planner/status] adding connection to [http://prajwal-IdeaPad-L340-15IRH-Gaming:37443/], count 0
[rospy.internal][INFO] 2022-01-06 20:14:15,270: topic[/grid3/robotTrajectories] adding connection to [http://prajwal-IdeaPad-L340-15IRH-Gaming:37443/], count 0
[rospy.internal][INFO] 2022-01-06 20:14:15,508: topic[/rosout] adding connection to [/rosout], count 0
[rospy.internal][INFO] 2022-01-06 20:14:18,129: topic[/grid3/controller/cmd] adding connection to [/gazebo_controller], count 0
[rospy.internal][INFO] 2022-01-06 20:16:17,300: topic[/grid3/controller/cmd] removing connection to /gazebo_controller
[rospy.internal][INFO] 2022-01-06 20:16:26,557: topic[/grid3/controller/cmd] adding connection to [/gazebo_controller], count 0
[rospy.internal][INFO] 2022-01-06 20:17:30,820: topic[/grid3/controller/cmd] removing connection to /gazebo_controller
[rospy.internal][INFO] 2022-01-06 20:17:34,494: topic[/grid3/controller/cmd] adding connection to [/gazebo_controller], count 0
[rosout][WARNING] 2022-01-06 20:17:44,501: Inbound TCP/IP connection failed: connection from sender terminated before handshake header received. 0 bytes were received. Please check sender for additional details.
[rospy.internal][ERROR] 2022-01-06 20:17:44,503: Inbound TCP/IP connection failed:
Traceback (most recent call last):
  File "/opt/ros/noetic/lib/python3/dist-packages/rospy/impl/tcpros_base.py", line 327, in _tcp_server_callback
    header = read_ros_handshake_header(sock, BytesIO(), buff_size)
  File "/opt/ros/noetic/lib/python3/dist-packages/rosgraph/network.py", line 359, in read_ros_handshake_header
    raise ROSHandshakeException("connection from sender terminated before handshake header received. %s bytes were received. Please check sender for additional details."%b.tell())
rosgraph.network.ROSHandshakeException: connection from sender terminated before handshake header received. 0 bytes were received. Please check sender for additional details.

[rospy.internal][INFO] 2022-01-06 20:17:44,824: topic[/grid3/controller/cmd] removing connection to /gazebo_controller
[rospy.core][INFO] 2022-01-06 20:17:53,909: signal_shutdown [signal-2]
[rospy.internal][INFO] 2022-01-06 20:17:53,912: topic[/rosout] removing connection to /rosout
[rospy.internal][INFO] 2022-01-06 20:17:53,913: topic[/clock] removing connection to http://prajwal-IdeaPad-L340-15IRH-Gaming:36257/
[rospy.internal][INFO] 2022-01-06 20:17:53,913: topic[/grid3/allRobots/poses] removing connection to http://prajwal-IdeaPad-L340-15IRH-Gaming:32909/
[rospy.internal][WARNING] 2022-01-06 20:17:53,913: Unknown error initiating TCP/IP socket to prajwal-IdeaPad-L340-15IRH-Gaming:35089 (http://prajwal-IdeaPad-L340-15IRH-Gaming:36257/): Traceback (most recent call last):
  File "/opt/ros/noetic/lib/python3/dist-packages/rospy/impl/tcpros_base.py", line 562, in connect
    self.read_header()
  File "/opt/ros/noetic/lib/python3/dist-packages/rospy/impl/tcpros_base.py", line 657, in read_header
    self._validate_header(read_ros_handshake_header(sock, self.read_buff, self.protocol.buff_size))
AttributeError: 'NoneType' object has no attribute 'buff_size'

[rospy.internal][INFO] 2022-01-06 20:17:53,913: topic[/grid3/robotTrajectories] removing connection to http://prajwal-IdeaPad-L340-15IRH-Gaming:37443/
[rospy.internal][INFO] 2022-01-06 20:17:53,914: topic[/grid3/planner/status] removing connection to http://prajwal-IdeaPad-L340-15IRH-Gaming:37443/
[rospy.impl.masterslave][INFO] 2022-01-06 20:17:53,914: signal-2
[rospy.internal][WARNING] 2022-01-06 20:17:53,914: Unknown error initiating TCP/IP socket to prajwal-IdeaPad-L340-15IRH-Gaming:41817 (http://prajwal-IdeaPad-L340-15IRH-Gaming:37443/): Traceback (most recent call last):
  File "/opt/ros/noetic/lib/python3/dist-packages/rospy/impl/tcpros_base.py", line 562, in connect
    self.read_header()
  File "/opt/ros/noetic/lib/python3/dist-packages/rospy/impl/tcpros_base.py", line 657, in read_header
    self._validate_header(read_ros_handshake_header(sock, self.read_buff, self.protocol.buff_size))
AttributeError: 'NoneType' object has no attribute 'buff_size'

[rospy.internal][WARNING] 2022-01-06 20:17:53,915: Unknown error initiating TCP/IP socket to prajwal-IdeaPad-L340-15IRH-Gaming:41817 (http://prajwal-IdeaPad-L340-15IRH-Gaming:37443/): Traceback (most recent call last):
  File "/opt/ros/noetic/lib/python3/dist-packages/rospy/impl/tcpros_base.py", line 562, in connect
    self.read_header()
  File "/opt/ros/noetic/lib/python3/dist-packages/rospy/impl/tcpros_base.py", line 657, in read_header
    self._validate_header(read_ros_handshake_header(sock, self.read_buff, self.protocol.buff_size))
AttributeError: 'NoneType' object has no attribute 'buff_size'

[rospy.internal][WARNING] 2022-01-06 20:17:53,915: Unknown error initiating TCP/IP socket to prajwal-IdeaPad-L340-15IRH-Gaming:34643 (http://prajwal-IdeaPad-L340-15IRH-Gaming:32909/): Traceback (most recent call last):
  File "/opt/ros/noetic/lib/python3/dist-packages/rospy/impl/tcpros_base.py", line 562, in connect
    self.read_header()
  File "/opt/ros/noetic/lib/python3/dist-packages/rospy/impl/tcpros_base.py", line 657, in read_header
    self._validate_header(read_ros_handshake_header(sock, self.read_buff, self.protocol.buff_size))
AttributeError: 'NoneType' object has no attribute 'buff_size'

[rospy.core][INFO] 2022-01-06 20:17:55,342: signal_shutdown [atexit]
