[rospy.client][INFO] 2022-01-08 12:26:10,280: init_node, name[/controller_ros_interface_27200_1641624970253], pid[27200]
[xmlrpc][INFO] 2022-01-08 12:26:10,280: XML-RPC server binding to 0.0.0.0:0
[xmlrpc][INFO] 2022-01-08 12:26:10,280: Started XML-RPC server [http://prajwal-IdeaPad-L340-15IRH-Gaming:40937/]
[rospy.impl.masterslave][INFO] 2022-01-08 12:26:10,280: _ready: http://prajwal-IdeaPad-L340-15IRH-Gaming:40937/
[rospy.init][INFO] 2022-01-08 12:26:10,280: ROS Slave URI: [http://prajwal-IdeaPad-L340-15IRH-Gaming:40937/]
[rospy.registration][INFO] 2022-01-08 12:26:10,281: Registering with master node http://localhost:11311
[xmlrpc][INFO] 2022-01-08 12:26:10,281: xml rpc node: starting XML-RPC server
[rospy.init][INFO] 2022-01-08 12:26:10,381: registered with master
[rospy.rosout][INFO] 2022-01-08 12:26:10,381: initializing /rosout core topic
[rospy.rosout][INFO] 2022-01-08 12:26:10,388: connected to core topic /rosout
[rospy.simtime][INFO] 2022-01-08 12:26:10,390: initializing /clock core topic
[rospy.simtime][INFO] 2022-01-08 12:26:10,393: connected to core topic /clock
[rospy.internal][INFO] 2022-01-08 12:26:10,398: topic[/clock] adding connection to [http://prajwal-IdeaPad-L340-15IRH-Gaming:41297/], count 0
[rospy.internal][INFO] 2022-01-08 12:26:10,410: topic[/grid3/allRobots/poses] adding connection to [http://prajwal-IdeaPad-L340-15IRH-Gaming:41809/], count 0
[rospy.internal][INFO] 2022-01-08 12:26:10,414: topic[/grid3/planner/status] adding connection to [http://prajwal-IdeaPad-L340-15IRH-Gaming:35423/], count 0
[rospy.internal][INFO] 2022-01-08 12:26:10,414: topic[/grid3/robotTrajectories] adding connection to [http://prajwal-IdeaPad-L340-15IRH-Gaming:35423/], count 0
[rospy.core][INFO] 2022-01-08 12:26:10,608: signal_shutdown [atexit]
[rospy.internal][INFO] 2022-01-08 12:26:10,610: topic[/clock] removing connection to http://prajwal-IdeaPad-L340-15IRH-Gaming:41297/
[rospy.internal][INFO] 2022-01-08 12:26:10,610: topic[/grid3/allRobots/poses] removing connection to http://prajwal-IdeaPad-L340-15IRH-Gaming:41809/
[rospy.internal][INFO] 2022-01-08 12:26:10,610: topic[/grid3/robotTrajectories] removing connection to http://prajwal-IdeaPad-L340-15IRH-Gaming:35423/
[rospy.internal][INFO] 2022-01-08 12:26:10,610: topic[/grid3/planner/status] removing connection to http://prajwal-IdeaPad-L340-15IRH-Gaming:35423/
[rospy.impl.masterslave][INFO] 2022-01-08 12:26:10,610: atexit
[rospy.internal][WARNING] 2022-01-08 12:26:10,610: Unknown error initiating TCP/IP socket to prajwal-IdeaPad-L340-15IRH-Gaming:32841 (http://prajwal-IdeaPad-L340-15IRH-Gaming:41297/): Traceback (most recent call last):
  File "/opt/ros/noetic/lib/python3/dist-packages/rospy/impl/tcpros_base.py", line 562, in connect
    self.read_header()
  File "/opt/ros/noetic/lib/python3/dist-packages/rospy/impl/tcpros_base.py", line 657, in read_header
    self._validate_header(read_ros_handshake_header(sock, self.read_buff, self.protocol.buff_size))
AttributeError: 'NoneType' object has no attribute 'buff_size'

