[rospy.client][INFO] 2022-01-08 12:55:15,955: init_node, name[/controller_ros_interface_28557_1641626715926], pid[28557]
[xmlrpc][INFO] 2022-01-08 12:55:15,955: XML-RPC server binding to 0.0.0.0:0
[xmlrpc][INFO] 2022-01-08 12:55:15,956: Started XML-RPC server [http://prajwal-IdeaPad-L340-15IRH-Gaming:38029/]
[rospy.impl.masterslave][INFO] 2022-01-08 12:55:15,956: _ready: http://prajwal-IdeaPad-L340-15IRH-Gaming:38029/
[rospy.init][INFO] 2022-01-08 12:55:15,956: ROS Slave URI: [http://prajwal-IdeaPad-L340-15IRH-Gaming:38029/]
[rospy.registration][INFO] 2022-01-08 12:55:15,956: Registering with master node http://localhost:11311
[xmlrpc][INFO] 2022-01-08 12:55:15,956: xml rpc node: starting XML-RPC server
[rospy.init][INFO] 2022-01-08 12:55:16,057: registered with master
[rospy.rosout][INFO] 2022-01-08 12:55:16,057: initializing /rosout core topic
[rospy.rosout][INFO] 2022-01-08 12:55:16,061: connected to core topic /rosout
[rospy.simtime][INFO] 2022-01-08 12:55:16,062: initializing /clock core topic
[rospy.simtime][INFO] 2022-01-08 12:55:16,064: connected to core topic /clock
[rospy.internal][INFO] 2022-01-08 12:55:16,066: topic[/clock] adding connection to [http://prajwal-IdeaPad-L340-15IRH-Gaming:41297/], count 0
[rospy.internal][INFO] 2022-01-08 12:55:16,076: topic[/grid3/allRobots/poses] adding connection to [http://prajwal-IdeaPad-L340-15IRH-Gaming:41809/], count 0
[rospy.internal][INFO] 2022-01-08 12:55:16,081: topic[/grid3/robotTrajectories] adding connection to [http://prajwal-IdeaPad-L340-15IRH-Gaming:35423/], count 0
[rospy.internal][INFO] 2022-01-08 12:55:16,082: topic[/grid3/planner/status] adding connection to [http://prajwal-IdeaPad-L340-15IRH-Gaming:35423/], count 0
[rospy.internal][INFO] 2022-01-08 12:55:16,359: topic[/rosout] adding connection to [/rosout], count 0
[rospy.core][INFO] 2022-01-08 12:55:26,181: signal_shutdown [signal-2]
[rospy.internal][INFO] 2022-01-08 12:55:26,184: topic[/rosout] removing connection to /rosout
[rospy.internal][INFO] 2022-01-08 12:55:26,184: topic[/clock] removing connection to http://prajwal-IdeaPad-L340-15IRH-Gaming:41297/
[rospy.internal][INFO] 2022-01-08 12:55:26,184: topic[/grid3/allRobots/poses] removing connection to http://prajwal-IdeaPad-L340-15IRH-Gaming:41809/
[rospy.internal][INFO] 2022-01-08 12:55:26,185: topic[/grid3/robotTrajectories] removing connection to http://prajwal-IdeaPad-L340-15IRH-Gaming:35423/
[rospy.internal][INFO] 2022-01-08 12:55:26,185: topic[/grid3/planner/status] removing connection to http://prajwal-IdeaPad-L340-15IRH-Gaming:35423/
[rospy.impl.masterslave][INFO] 2022-01-08 12:55:26,185: signal-2
[rospy.core][INFO] 2022-01-08 12:55:27,344: signal_shutdown [atexit]
