[rospy.client][INFO] 2022-01-08 13:54:55,671: init_node, name[/controller_ros_interface_35537_1641630295644], pid[35537]
[xmlrpc][INFO] 2022-01-08 13:54:55,671: XML-RPC server binding to 0.0.0.0:0
[xmlrpc][INFO] 2022-01-08 13:54:55,671: Started XML-RPC server [http://prajwal-IdeaPad-L340-15IRH-Gaming:37189/]
[rospy.init][INFO] 2022-01-08 13:54:55,671: ROS Slave URI: [http://prajwal-IdeaPad-L340-15IRH-Gaming:37189/]
[rospy.impl.masterslave][INFO] 2022-01-08 13:54:55,671: _ready: http://prajwal-IdeaPad-L340-15IRH-Gaming:37189/
[rospy.registration][INFO] 2022-01-08 13:54:55,672: Registering with master node http://localhost:11311
[xmlrpc][INFO] 2022-01-08 13:54:55,672: xml rpc node: starting XML-RPC server
[rospy.init][INFO] 2022-01-08 13:54:55,772: registered with master
[rospy.rosout][INFO] 2022-01-08 13:54:55,772: initializing /rosout core topic
[rospy.rosout][INFO] 2022-01-08 13:54:55,778: connected to core topic /rosout
[rospy.simtime][INFO] 2022-01-08 13:54:55,780: initializing /clock core topic
[rospy.simtime][INFO] 2022-01-08 13:54:55,783: connected to core topic /clock
[rospy.internal][INFO] 2022-01-08 13:54:55,786: topic[/clock] adding connection to [http://prajwal-IdeaPad-L340-15IRH-Gaming:37677/], count 0
[rospy.internal][INFO] 2022-01-08 13:54:55,806: topic[/grid3/allRobots/poses] adding connection to [http://prajwal-IdeaPad-L340-15IRH-Gaming:32987/], count 0
[rospy.internal][INFO] 2022-01-08 13:54:55,808: topic[/grid3/robotTrajectories] adding connection to [http://prajwal-IdeaPad-L340-15IRH-Gaming:34867/], count 0
[rospy.internal][INFO] 2022-01-08 13:54:55,809: topic[/grid3/planner/status] adding connection to [http://prajwal-IdeaPad-L340-15IRH-Gaming:34867/], count 0
[rospy.internal][INFO] 2022-01-08 13:54:56,001: topic[/rosout] adding connection to [/rosout], count 0
[rospy.internal][ERROR] 2022-01-08 14:00:53,240: Unable to initiate TCP/IP socket to prajwal-IdeaPad-L340-15IRH-Gaming:43781 (http://prajwal-IdeaPad-L340-15IRH-Gaming:34867/): Traceback (most recent call last):
  File "/opt/ros/noetic/lib/python3/dist-packages/rospy/impl/tcpros_base.py", line 562, in connect
    self.read_header()
  File "/opt/ros/noetic/lib/python3/dist-packages/rospy/impl/tcpros_base.py", line 657, in read_header
    self._validate_header(read_ros_handshake_header(sock, self.read_buff, self.protocol.buff_size))
  File "/opt/ros/noetic/lib/python3/dist-packages/rospy/impl/tcpros_base.py", line 600, in _validate_header
    raise TransportInitError("remote error reported: %s"%header['error'])
rospy.exceptions.TransportInitError: remote error reported: node shutting down

[rospy.internal][ERROR] 2022-01-08 14:00:53,242: Unable to initiate TCP/IP socket to prajwal-IdeaPad-L340-15IRH-Gaming:43781 (http://prajwal-IdeaPad-L340-15IRH-Gaming:34867/): Traceback (most recent call last):
  File "/opt/ros/noetic/lib/python3/dist-packages/rospy/impl/tcpros_base.py", line 562, in connect
    self.read_header()
  File "/opt/ros/noetic/lib/python3/dist-packages/rospy/impl/tcpros_base.py", line 657, in read_header
    self._validate_header(read_ros_handshake_header(sock, self.read_buff, self.protocol.buff_size))
  File "/opt/ros/noetic/lib/python3/dist-packages/rospy/impl/tcpros_base.py", line 600, in _validate_header
    raise TransportInitError("remote error reported: %s"%header['error'])
rospy.exceptions.TransportInitError: remote error reported: node shutting down

[rospy.internal][ERROR] 2022-01-08 14:00:53,247: Unable to initiate TCP/IP socket to prajwal-IdeaPad-L340-15IRH-Gaming:37647 (http://prajwal-IdeaPad-L340-15IRH-Gaming:32987/): Traceback (most recent call last):
  File "/opt/ros/noetic/lib/python3/dist-packages/rospy/impl/tcpros_base.py", line 562, in connect
    self.read_header()
  File "/opt/ros/noetic/lib/python3/dist-packages/rospy/impl/tcpros_base.py", line 657, in read_header
    self._validate_header(read_ros_handshake_header(sock, self.read_buff, self.protocol.buff_size))
  File "/opt/ros/noetic/lib/python3/dist-packages/rospy/impl/tcpros_base.py", line 600, in _validate_header
    raise TransportInitError("remote error reported: %s"%header['error'])
rospy.exceptions.TransportInitError: remote error reported: node shutting down

[rospy.internal][WARNING] 2022-01-08 14:00:54,243: Unknown error initiating TCP/IP socket to prajwal-IdeaPad-L340-15IRH-Gaming:43781 (http://prajwal-IdeaPad-L340-15IRH-Gaming:34867/): Traceback (most recent call last):
  File "/opt/ros/noetic/lib/python3/dist-packages/rospy/impl/tcpros_base.py", line 560, in connect
    self.socket.connect((dest_addr, dest_port))
ConnectionRefusedError: [Errno 111] Connection refused

[rospy.internal][WARNING] 2022-01-08 14:00:54,244: Unknown error initiating TCP/IP socket to prajwal-IdeaPad-L340-15IRH-Gaming:43781 (http://prajwal-IdeaPad-L340-15IRH-Gaming:34867/): Traceback (most recent call last):
  File "/opt/ros/noetic/lib/python3/dist-packages/rospy/impl/tcpros_base.py", line 562, in connect
    self.read_header()
  File "/opt/ros/noetic/lib/python3/dist-packages/rospy/impl/tcpros_base.py", line 657, in read_header
    self._validate_header(read_ros_handshake_header(sock, self.read_buff, self.protocol.buff_size))
  File "/opt/ros/noetic/lib/python3/dist-packages/rosgraph/network.py", line 357, in read_ros_handshake_header
    d = sock.recv(buff_size)
ConnectionResetError: [Errno 104] Connection reset by peer

[rospy.internal][INFO] 2022-01-08 14:00:54,244: topic[/grid3/planner/status] removing connection to http://prajwal-IdeaPad-L340-15IRH-Gaming:34867/
[rospy.internal][INFO] 2022-01-08 14:00:54,244: topic[/grid3/robotTrajectories] removing connection to http://prajwal-IdeaPad-L340-15IRH-Gaming:34867/
[rospy.internal][WARNING] 2022-01-08 14:00:54,248: Unknown error initiating TCP/IP socket to prajwal-IdeaPad-L340-15IRH-Gaming:37647 (http://prajwal-IdeaPad-L340-15IRH-Gaming:32987/): Traceback (most recent call last):
  File "/opt/ros/noetic/lib/python3/dist-packages/rospy/impl/tcpros_base.py", line 560, in connect
    self.socket.connect((dest_addr, dest_port))
ConnectionRefusedError: [Errno 111] Connection refused

[rospy.internal][INFO] 2022-01-08 14:00:54,249: topic[/grid3/allRobots/poses] removing connection to http://prajwal-IdeaPad-L340-15IRH-Gaming:32987/
[rospy.core][INFO] 2022-01-08 14:00:54,518: signal_shutdown [signal-2]
[rospy.internal][INFO] 2022-01-08 14:00:54,525: topic[/rosout] removing connection to /rosout
[rospy.internal][INFO] 2022-01-08 14:00:54,525: topic[/clock] removing connection to http://prajwal-IdeaPad-L340-15IRH-Gaming:37677/
[rospy.impl.masterslave][INFO] 2022-01-08 14:00:54,526: signal-2
[rospy.core][INFO] 2022-01-08 14:00:56,184: signal_shutdown [atexit]
