[rospy.client][INFO] 2022-01-08 13:01:55,841: init_node, name[/controller_ros_interface_29288_1641627115815], pid[29288]
[xmlrpc][INFO] 2022-01-08 13:01:55,842: XML-RPC server binding to 0.0.0.0:0
[xmlrpc][INFO] 2022-01-08 13:01:55,842: Started XML-RPC server [http://prajwal-IdeaPad-L340-15IRH-Gaming:37945/]
[rospy.init][INFO] 2022-01-08 13:01:55,842: ROS Slave URI: [http://prajwal-IdeaPad-L340-15IRH-Gaming:37945/]
[rospy.impl.masterslave][INFO] 2022-01-08 13:01:55,842: _ready: http://prajwal-IdeaPad-L340-15IRH-Gaming:37945/
[rospy.registration][INFO] 2022-01-08 13:01:55,842: Registering with master node http://localhost:11311
[xmlrpc][INFO] 2022-01-08 13:01:55,842: xml rpc node: starting XML-RPC server
[rospy.init][INFO] 2022-01-08 13:01:55,942: registered with master
[rospy.rosout][INFO] 2022-01-08 13:01:55,943: initializing /rosout core topic
[rospy.rosout][INFO] 2022-01-08 13:01:55,947: connected to core topic /rosout
[rospy.simtime][INFO] 2022-01-08 13:01:55,948: initializing /clock core topic
[rospy.simtime][INFO] 2022-01-08 13:01:55,950: connected to core topic /clock
[rospy.internal][INFO] 2022-01-08 13:01:55,953: topic[/clock] adding connection to [http://prajwal-IdeaPad-L340-15IRH-Gaming:41297/], count 0
[rospy.internal][INFO] 2022-01-08 13:01:55,960: topic[/grid3/allRobots/poses] adding connection to [http://prajwal-IdeaPad-L340-15IRH-Gaming:41809/], count 0
[rospy.internal][INFO] 2022-01-08 13:01:55,963: topic[/grid3/robotTrajectories] adding connection to [http://prajwal-IdeaPad-L340-15IRH-Gaming:35423/], count 0
[rospy.internal][INFO] 2022-01-08 13:01:55,963: topic[/grid3/planner/status] adding connection to [http://prajwal-IdeaPad-L340-15IRH-Gaming:35423/], count 0
[rospy.internal][INFO] 2022-01-08 13:01:56,224: topic[/rosout] adding connection to [/rosout], count 0
[rospy.core][INFO] 2022-01-08 13:03:36,044: signal_shutdown [signal-2]
[rospy.internal][INFO] 2022-01-08 13:03:36,047: topic[/rosout] removing connection to /rosout
[rospy.internal][INFO] 2022-01-08 13:03:36,047: topic[/clock] removing connection to http://prajwal-IdeaPad-L340-15IRH-Gaming:41297/
[rospy.internal][INFO] 2022-01-08 13:03:36,047: topic[/grid3/allRobots/poses] removing connection to http://prajwal-IdeaPad-L340-15IRH-Gaming:41809/
[rospy.internal][INFO] 2022-01-08 13:03:36,047: topic[/grid3/robotTrajectories] removing connection to http://prajwal-IdeaPad-L340-15IRH-Gaming:35423/
[rospy.internal][INFO] 2022-01-08 13:03:36,048: topic[/grid3/planner/status] removing connection to http://prajwal-IdeaPad-L340-15IRH-Gaming:35423/
[rospy.impl.masterslave][INFO] 2022-01-08 13:03:36,048: signal-2
[rospy.internal][WARNING] 2022-01-08 13:03:36,049: Unknown error initiating TCP/IP socket to prajwal-IdeaPad-L340-15IRH-Gaming:35307 (http://prajwal-IdeaPad-L340-15IRH-Gaming:35423/): Traceback (most recent call last):
  File "/opt/ros/noetic/lib/python3/dist-packages/rospy/impl/tcpros_base.py", line 563, in connect
    self.local_endpoint = self.socket.getsockname()
AttributeError: 'NoneType' object has no attribute 'getsockname'

[rospy.core][INFO] 2022-01-08 13:03:37,219: signal_shutdown [atexit]
