[rospy.client][INFO] 2022-01-08 13:03:38,245: init_node, name[/controller_ros_interface_29379_1641627218219], pid[29379]
[xmlrpc][INFO] 2022-01-08 13:03:38,246: XML-RPC server binding to 0.0.0.0:0
[xmlrpc][INFO] 2022-01-08 13:03:38,246: Started XML-RPC server [http://prajwal-IdeaPad-L340-15IRH-Gaming:44067/]
[rospy.impl.masterslave][INFO] 2022-01-08 13:03:38,246: _ready: http://prajwal-IdeaPad-L340-15IRH-Gaming:44067/
[rospy.init][INFO] 2022-01-08 13:03:38,246: ROS Slave URI: [http://prajwal-IdeaPad-L340-15IRH-Gaming:44067/]
[rospy.registration][INFO] 2022-01-08 13:03:38,246: Registering with master node http://localhost:11311
[xmlrpc][INFO] 2022-01-08 13:03:38,246: xml rpc node: starting XML-RPC server
[rospy.init][INFO] 2022-01-08 13:03:38,346: registered with master
[rospy.rosout][INFO] 2022-01-08 13:03:38,347: initializing /rosout core topic
[rospy.rosout][INFO] 2022-01-08 13:03:38,353: connected to core topic /rosout
[rospy.simtime][INFO] 2022-01-08 13:03:38,355: initializing /clock core topic
[rospy.simtime][INFO] 2022-01-08 13:03:38,358: connected to core topic /clock
[rospy.internal][INFO] 2022-01-08 13:03:38,361: topic[/clock] adding connection to [http://prajwal-IdeaPad-L340-15IRH-Gaming:41297/], count 0
[rospy.internal][INFO] 2022-01-08 13:03:38,379: topic[/grid3/allRobots/poses] adding connection to [http://prajwal-IdeaPad-L340-15IRH-Gaming:41809/], count 0
[rospy.internal][INFO] 2022-01-08 13:03:38,384: topic[/grid3/robotTrajectories] adding connection to [http://prajwal-IdeaPad-L340-15IRH-Gaming:35423/], count 0
[rospy.internal][INFO] 2022-01-08 13:03:38,385: topic[/grid3/planner/status] adding connection to [http://prajwal-IdeaPad-L340-15IRH-Gaming:35423/], count 0
[rospy.internal][INFO] 2022-01-08 13:03:38,570: topic[/rosout] adding connection to [/rosout], count 0
[rospy.core][INFO] 2022-01-08 13:04:20,674: signal_shutdown [signal-2]
[rospy.internal][INFO] 2022-01-08 13:04:20,678: topic[/rosout] removing connection to /rosout
[rospy.internal][INFO] 2022-01-08 13:04:20,678: topic[/clock] removing connection to http://prajwal-IdeaPad-L340-15IRH-Gaming:41297/
[rospy.internal][INFO] 2022-01-08 13:04:20,678: topic[/grid3/allRobots/poses] removing connection to http://prajwal-IdeaPad-L340-15IRH-Gaming:41809/
[rospy.internal][INFO] 2022-01-08 13:04:20,679: topic[/grid3/robotTrajectories] removing connection to http://prajwal-IdeaPad-L340-15IRH-Gaming:35423/
[rospy.internal][INFO] 2022-01-08 13:04:20,679: topic[/grid3/planner/status] removing connection to http://prajwal-IdeaPad-L340-15IRH-Gaming:35423/
[rospy.impl.masterslave][INFO] 2022-01-08 13:04:20,679: signal-2
[rospy.internal][WARNING] 2022-01-08 13:04:20,680: Unknown error initiating TCP/IP socket to prajwal-IdeaPad-L340-15IRH-Gaming:32841 (http://prajwal-IdeaPad-L340-15IRH-Gaming:41297/): Traceback (most recent call last):
  File "/opt/ros/noetic/lib/python3/dist-packages/rospy/impl/tcpros_base.py", line 562, in connect
    self.read_header()
  File "/opt/ros/noetic/lib/python3/dist-packages/rospy/impl/tcpros_base.py", line 657, in read_header
    self._validate_header(read_ros_handshake_header(sock, self.read_buff, self.protocol.buff_size))
AttributeError: 'NoneType' object has no attribute 'buff_size'

[rospy.internal][WARNING] 2022-01-08 13:04:20,680: Unknown error initiating TCP/IP socket to prajwal-IdeaPad-L340-15IRH-Gaming:35307 (http://prajwal-IdeaPad-L340-15IRH-Gaming:35423/): Traceback (most recent call last):
  File "/opt/ros/noetic/lib/python3/dist-packages/rospy/impl/tcpros_base.py", line 562, in connect
    self.read_header()
  File "/opt/ros/noetic/lib/python3/dist-packages/rospy/impl/tcpros_base.py", line 657, in read_header
    self._validate_header(read_ros_handshake_header(sock, self.read_buff, self.protocol.buff_size))
AttributeError: 'NoneType' object has no attribute 'buff_size'

[rospy.core][INFO] 2022-01-08 13:04:21,905: signal_shutdown [atexit]
