[rospy.client][INFO] 2022-01-07 16:24:24,427: init_node, name[/controller_ros_interface_14065_1641552864400], pid[14065]
[xmlrpc][INFO] 2022-01-07 16:24:24,427: XML-RPC server binding to 0.0.0.0:0
[xmlrpc][INFO] 2022-01-07 16:24:24,427: Started XML-RPC server [http://prajwal-IdeaPad-L340-15IRH-Gaming:35193/]
[rospy.impl.masterslave][INFO] 2022-01-07 16:24:24,428: _ready: http://prajwal-IdeaPad-L340-15IRH-Gaming:35193/
[rospy.init][INFO] 2022-01-07 16:24:24,428: ROS Slave URI: [http://prajwal-IdeaPad-L340-15IRH-Gaming:35193/]
[rospy.registration][INFO] 2022-01-07 16:24:24,428: Registering with master node http://localhost:11311
[xmlrpc][INFO] 2022-01-07 16:24:24,428: xml rpc node: starting XML-RPC server
[rospy.init][INFO] 2022-01-07 16:24:24,528: registered with master
[rospy.rosout][INFO] 2022-01-07 16:24:24,528: initializing /rosout core topic
[rospy.rosout][INFO] 2022-01-07 16:24:24,531: connected to core topic /rosout
[rospy.simtime][INFO] 2022-01-07 16:24:24,531: initializing /clock core topic
[rospy.simtime][INFO] 2022-01-07 16:24:24,532: connected to core topic /clock
[rospy.internal][INFO] 2022-01-07 16:24:24,534: topic[/clock] adding connection to [http://prajwal-IdeaPad-L340-15IRH-Gaming:43309/], count 0
[rospy.internal][INFO] 2022-01-07 16:24:24,540: topic[/grid3/allRobots/poses] adding connection to [http://prajwal-IdeaPad-L340-15IRH-Gaming:40309/], count 0
[rospy.internal][INFO] 2022-01-07 16:24:24,540: topic[/grid3/planner/status] adding connection to [http://prajwal-IdeaPad-L340-15IRH-Gaming:36925/], count 0
[rospy.internal][INFO] 2022-01-07 16:24:24,541: topic[/grid3/robotTrajectories] adding connection to [http://prajwal-IdeaPad-L340-15IRH-Gaming:36925/], count 0
[rospy.core][INFO] 2022-01-07 16:24:24,739: signal_shutdown [atexit]
[rospy.internal][INFO] 2022-01-07 16:24:24,741: topic[/clock] removing connection to http://prajwal-IdeaPad-L340-15IRH-Gaming:43309/
[rospy.internal][INFO] 2022-01-07 16:24:24,741: topic[/grid3/allRobots/poses] removing connection to http://prajwal-IdeaPad-L340-15IRH-Gaming:40309/
[rospy.internal][INFO] 2022-01-07 16:24:24,741: topic[/grid3/robotTrajectories] removing connection to http://prajwal-IdeaPad-L340-15IRH-Gaming:36925/
[rospy.internal][INFO] 2022-01-07 16:24:24,741: topic[/grid3/planner/status] removing connection to http://prajwal-IdeaPad-L340-15IRH-Gaming:36925/
[rospy.impl.masterslave][INFO] 2022-01-07 16:24:24,742: atexit
[rospy.internal][WARNING] 2022-01-07 16:24:24,742: Unknown error initiating TCP/IP socket to prajwal-IdeaPad-L340-15IRH-Gaming:54333 (http://prajwal-IdeaPad-L340-15IRH-Gaming:43309/): Traceback (most recent call last):
  File "/opt/ros/noetic/lib/python3/dist-packages/rospy/impl/tcpros_base.py", line 562, in connect
    self.read_header()
  File "/opt/ros/noetic/lib/python3/dist-packages/rospy/impl/tcpros_base.py", line 657, in read_header
    self._validate_header(read_ros_handshake_header(sock, self.read_buff, self.protocol.buff_size))
AttributeError: 'NoneType' object has no attribute 'buff_size'

