[rospy.client][INFO] 2022-01-08 12:59:46,494: init_node, name[/controller_ros_interface_29076_1641626986467], pid[29076]
[xmlrpc][INFO] 2022-01-08 12:59:46,494: XML-RPC server binding to 0.0.0.0:0
[xmlrpc][INFO] 2022-01-08 12:59:46,495: Started XML-RPC server [http://prajwal-IdeaPad-L340-15IRH-Gaming:45229/]
[rospy.init][INFO] 2022-01-08 12:59:46,495: ROS Slave URI: [http://prajwal-IdeaPad-L340-15IRH-Gaming:45229/]
[rospy.impl.masterslave][INFO] 2022-01-08 12:59:46,495: _ready: http://prajwal-IdeaPad-L340-15IRH-Gaming:45229/
[rospy.registration][INFO] 2022-01-08 12:59:46,495: Registering with master node http://localhost:11311
[xmlrpc][INFO] 2022-01-08 12:59:46,495: xml rpc node: starting XML-RPC server
[rospy.init][INFO] 2022-01-08 12:59:46,595: registered with master
[rospy.rosout][INFO] 2022-01-08 12:59:46,595: initializing /rosout core topic
[rospy.rosout][INFO] 2022-01-08 12:59:46,598: connected to core topic /rosout
[rospy.simtime][INFO] 2022-01-08 12:59:46,599: initializing /clock core topic
[rospy.simtime][INFO] 2022-01-08 12:59:46,601: connected to core topic /clock
[rospy.internal][INFO] 2022-01-08 12:59:46,603: topic[/clock] adding connection to [http://prajwal-IdeaPad-L340-15IRH-Gaming:41297/], count 0
[rospy.internal][INFO] 2022-01-08 12:59:46,611: topic[/grid3/allRobots/poses] adding connection to [http://prajwal-IdeaPad-L340-15IRH-Gaming:41809/], count 0
[rospy.internal][INFO] 2022-01-08 12:59:46,615: topic[/grid3/robotTrajectories] adding connection to [http://prajwal-IdeaPad-L340-15IRH-Gaming:35423/], count 0
[rospy.internal][INFO] 2022-01-08 12:59:46,615: topic[/grid3/planner/status] adding connection to [http://prajwal-IdeaPad-L340-15IRH-Gaming:35423/], count 0
[rospy.internal][INFO] 2022-01-08 12:59:46,842: topic[/rosout] adding connection to [/rosout], count 0
[rospy.core][INFO] 2022-01-08 13:00:58,308: signal_shutdown [signal-2]
[rospy.internal][INFO] 2022-01-08 13:00:58,314: topic[/rosout] removing connection to /rosout
[rospy.internal][INFO] 2022-01-08 13:00:58,314: topic[/clock] removing connection to http://prajwal-IdeaPad-L340-15IRH-Gaming:41297/
[rospy.internal][INFO] 2022-01-08 13:00:58,315: topic[/grid3/allRobots/poses] removing connection to http://prajwal-IdeaPad-L340-15IRH-Gaming:41809/
[rospy.internal][INFO] 2022-01-08 13:00:58,315: topic[/grid3/robotTrajectories] removing connection to http://prajwal-IdeaPad-L340-15IRH-Gaming:35423/
[rospy.internal][WARNING] 2022-01-08 13:00:58,316: Unknown error initiating TCP/IP socket to prajwal-IdeaPad-L340-15IRH-Gaming:35733 (http://prajwal-IdeaPad-L340-15IRH-Gaming:41809/): Traceback (most recent call last):
  File "/opt/ros/noetic/lib/python3/dist-packages/rospy/impl/tcpros_base.py", line 563, in connect
    self.local_endpoint = self.socket.getsockname()
AttributeError: 'NoneType' object has no attribute 'getsockname'

[rospy.internal][INFO] 2022-01-08 13:00:58,317: topic[/grid3/planner/status] removing connection to http://prajwal-IdeaPad-L340-15IRH-Gaming:35423/
[rospy.impl.masterslave][INFO] 2022-01-08 13:00:58,317: signal-2
[rospy.internal][WARNING] 2022-01-08 13:00:58,318: Unknown error initiating TCP/IP socket to prajwal-IdeaPad-L340-15IRH-Gaming:35307 (http://prajwal-IdeaPad-L340-15IRH-Gaming:35423/): Traceback (most recent call last):
  File "/opt/ros/noetic/lib/python3/dist-packages/rospy/impl/tcpros_base.py", line 563, in connect
    self.local_endpoint = self.socket.getsockname()
AttributeError: 'NoneType' object has no attribute 'getsockname'

[rospy.internal][WARNING] 2022-01-08 13:00:58,318: Unknown error initiating TCP/IP socket to prajwal-IdeaPad-L340-15IRH-Gaming:35307 (http://prajwal-IdeaPad-L340-15IRH-Gaming:35423/): Traceback (most recent call last):
  File "/opt/ros/noetic/lib/python3/dist-packages/rospy/impl/tcpros_base.py", line 563, in connect
    self.local_endpoint = self.socket.getsockname()
AttributeError: 'NoneType' object has no attribute 'getsockname'

[rospy.core][INFO] 2022-01-08 13:00:59,344: signal_shutdown [atexit]
