[rospy.client][INFO] 2022-01-08 12:26:26,220: init_node, name[/controller_ros_interface_27259_1641624986191], pid[27259]
[xmlrpc][INFO] 2022-01-08 12:26:26,220: XML-RPC server binding to 0.0.0.0:0
[xmlrpc][INFO] 2022-01-08 12:26:26,220: Started XML-RPC server [http://prajwal-IdeaPad-L340-15IRH-Gaming:34103/]
[rospy.impl.masterslave][INFO] 2022-01-08 12:26:26,221: _ready: http://prajwal-IdeaPad-L340-15IRH-Gaming:34103/
[rospy.init][INFO] 2022-01-08 12:26:26,221: ROS Slave URI: [http://prajwal-IdeaPad-L340-15IRH-Gaming:34103/]
[rospy.registration][INFO] 2022-01-08 12:26:26,221: Registering with master node http://localhost:11311
[xmlrpc][INFO] 2022-01-08 12:26:26,221: xml rpc node: starting XML-RPC server
[rospy.init][INFO] 2022-01-08 12:26:26,321: registered with master
[rospy.rosout][INFO] 2022-01-08 12:26:26,321: initializing /rosout core topic
[rospy.rosout][INFO] 2022-01-08 12:26:26,325: connected to core topic /rosout
[rospy.simtime][INFO] 2022-01-08 12:26:26,326: initializing /clock core topic
[rospy.simtime][INFO] 2022-01-08 12:26:26,328: connected to core topic /clock
[rospy.internal][INFO] 2022-01-08 12:26:26,331: topic[/clock] adding connection to [http://prajwal-IdeaPad-L340-15IRH-Gaming:41297/], count 0
[rospy.internal][INFO] 2022-01-08 12:26:26,340: topic[/grid3/allRobots/poses] adding connection to [http://prajwal-IdeaPad-L340-15IRH-Gaming:41809/], count 0
[rospy.internal][INFO] 2022-01-08 12:26:26,344: topic[/grid3/robotTrajectories] adding connection to [http://prajwal-IdeaPad-L340-15IRH-Gaming:35423/], count 0
[rospy.internal][INFO] 2022-01-08 12:26:26,345: topic[/grid3/planner/status] adding connection to [http://prajwal-IdeaPad-L340-15IRH-Gaming:35423/], count 0
[rospy.core][INFO] 2022-01-08 12:26:26,551: signal_shutdown [atexit]
[rospy.internal][INFO] 2022-01-08 12:26:26,553: topic[/clock] removing connection to http://prajwal-IdeaPad-L340-15IRH-Gaming:41297/
[rospy.internal][INFO] 2022-01-08 12:26:26,553: topic[/grid3/allRobots/poses] removing connection to http://prajwal-IdeaPad-L340-15IRH-Gaming:41809/
[rospy.internal][INFO] 2022-01-08 12:26:26,553: topic[/grid3/robotTrajectories] removing connection to http://prajwal-IdeaPad-L340-15IRH-Gaming:35423/
[rospy.internal][INFO] 2022-01-08 12:26:26,553: topic[/grid3/planner/status] removing connection to http://prajwal-IdeaPad-L340-15IRH-Gaming:35423/
[rospy.impl.masterslave][INFO] 2022-01-08 12:26:26,553: atexit
