[rospy.client][INFO] 2022-01-08 12:28:14,075: init_node, name[/controller_ros_interface_27417_1641625094047], pid[27417]
[xmlrpc][INFO] 2022-01-08 12:28:14,075: XML-RPC server binding to 0.0.0.0:0
[xmlrpc][INFO] 2022-01-08 12:28:14,075: Started XML-RPC server [http://prajwal-IdeaPad-L340-15IRH-Gaming:43493/]
[rospy.init][INFO] 2022-01-08 12:28:14,075: ROS Slave URI: [http://prajwal-IdeaPad-L340-15IRH-Gaming:43493/]
[rospy.impl.masterslave][INFO] 2022-01-08 12:28:14,075: _ready: http://prajwal-IdeaPad-L340-15IRH-Gaming:43493/
[rospy.registration][INFO] 2022-01-08 12:28:14,076: Registering with master node http://localhost:11311
[xmlrpc][INFO] 2022-01-08 12:28:14,076: xml rpc node: starting XML-RPC server
[rospy.init][INFO] 2022-01-08 12:28:14,176: registered with master
[rospy.rosout][INFO] 2022-01-08 12:28:14,176: initializing /rosout core topic
[rospy.rosout][INFO] 2022-01-08 12:28:14,179: connected to core topic /rosout
[rospy.simtime][INFO] 2022-01-08 12:28:14,180: initializing /clock core topic
[rospy.simtime][INFO] 2022-01-08 12:28:14,181: connected to core topic /clock
[rospy.internal][INFO] 2022-01-08 12:28:14,184: topic[/clock] adding connection to [http://prajwal-IdeaPad-L340-15IRH-Gaming:41297/], count 0
[rospy.internal][INFO] 2022-01-08 12:28:14,194: topic[/grid3/allRobots/poses] adding connection to [http://prajwal-IdeaPad-L340-15IRH-Gaming:41809/], count 0
[rospy.internal][INFO] 2022-01-08 12:28:14,195: topic[/grid3/planner/status] adding connection to [http://prajwal-IdeaPad-L340-15IRH-Gaming:35423/], count 0
[rospy.internal][INFO] 2022-01-08 12:28:14,195: topic[/grid3/robotTrajectories] adding connection to [http://prajwal-IdeaPad-L340-15IRH-Gaming:35423/], count 0
[rospy.internal][INFO] 2022-01-08 12:28:14,406: topic[/rosout] adding connection to [/rosout], count 0
[rospy.core][INFO] 2022-01-08 12:30:30,184: signal_shutdown [signal-2]
[rospy.internal][INFO] 2022-01-08 12:30:30,188: topic[/rosout] removing connection to /rosout
[rospy.internal][INFO] 2022-01-08 12:30:30,188: topic[/clock] removing connection to http://prajwal-IdeaPad-L340-15IRH-Gaming:41297/
[rospy.internal][INFO] 2022-01-08 12:30:30,188: topic[/grid3/allRobots/poses] removing connection to http://prajwal-IdeaPad-L340-15IRH-Gaming:41809/
[rospy.internal][INFO] 2022-01-08 12:30:30,189: topic[/grid3/robotTrajectories] removing connection to http://prajwal-IdeaPad-L340-15IRH-Gaming:35423/
[rospy.internal][INFO] 2022-01-08 12:30:30,189: topic[/grid3/planner/status] removing connection to http://prajwal-IdeaPad-L340-15IRH-Gaming:35423/
[rospy.impl.masterslave][INFO] 2022-01-08 12:30:30,189: signal-2
[rospy.internal][WARNING] 2022-01-08 12:30:30,190: Unknown error initiating TCP/IP socket to prajwal-IdeaPad-L340-15IRH-Gaming:35307 (http://prajwal-IdeaPad-L340-15IRH-Gaming:35423/): Traceback (most recent call last):
  File "/opt/ros/noetic/lib/python3/dist-packages/rospy/impl/tcpros_base.py", line 563, in connect
    self.local_endpoint = self.socket.getsockname()
AttributeError: 'NoneType' object has no attribute 'getsockname'

[rospy.internal][WARNING] 2022-01-08 12:30:30,190: Unknown error initiating TCP/IP socket to prajwal-IdeaPad-L340-15IRH-Gaming:35307 (http://prajwal-IdeaPad-L340-15IRH-Gaming:35423/): Traceback (most recent call last):
  File "/opt/ros/noetic/lib/python3/dist-packages/rospy/impl/tcpros_base.py", line 563, in connect
    self.local_endpoint = self.socket.getsockname()
AttributeError: 'NoneType' object has no attribute 'getsockname'

[rospy.internal][WARNING] 2022-01-08 12:30:30,191: Unknown error initiating TCP/IP socket to prajwal-IdeaPad-L340-15IRH-Gaming:32841 (http://prajwal-IdeaPad-L340-15IRH-Gaming:41297/): Traceback (most recent call last):
  File "/opt/ros/noetic/lib/python3/dist-packages/rospy/impl/tcpros_base.py", line 562, in connect
    self.read_header()
  File "/opt/ros/noetic/lib/python3/dist-packages/rospy/impl/tcpros_base.py", line 657, in read_header
    self._validate_header(read_ros_handshake_header(sock, self.read_buff, self.protocol.buff_size))
AttributeError: 'NoneType' object has no attribute 'buff_size'

[rospy.core][INFO] 2022-01-08 12:30:31,327: signal_shutdown [atexit]
