[rospy.client][INFO] 2022-01-08 12:57:46,493: init_node, name[/controller_ros_interface_28937_1641626866467], pid[28937]
[xmlrpc][INFO] 2022-01-08 12:57:46,493: XML-RPC server binding to 0.0.0.0:0
[xmlrpc][INFO] 2022-01-08 12:57:46,493: Started XML-RPC server [http://prajwal-IdeaPad-L340-15IRH-Gaming:36163/]
[rospy.impl.masterslave][INFO] 2022-01-08 12:57:46,493: _ready: http://prajwal-IdeaPad-L340-15IRH-Gaming:36163/
[rospy.init][INFO] 2022-01-08 12:57:46,494: ROS Slave URI: [http://prajwal-IdeaPad-L340-15IRH-Gaming:36163/]
[rospy.registration][INFO] 2022-01-08 12:57:46,494: Registering with master node http://localhost:11311
[xmlrpc][INFO] 2022-01-08 12:57:46,494: xml rpc node: starting XML-RPC server
[rospy.init][INFO] 2022-01-08 12:57:46,594: registered with master
[rospy.rosout][INFO] 2022-01-08 12:57:46,594: initializing /rosout core topic
[rospy.rosout][INFO] 2022-01-08 12:57:46,598: connected to core topic /rosout
[rospy.simtime][INFO] 2022-01-08 12:57:46,598: initializing /clock core topic
[rospy.simtime][INFO] 2022-01-08 12:57:46,600: connected to core topic /clock
[rospy.internal][INFO] 2022-01-08 12:57:46,602: topic[/clock] adding connection to [http://prajwal-IdeaPad-L340-15IRH-Gaming:41297/], count 0
[rospy.internal][INFO] 2022-01-08 12:57:46,613: topic[/grid3/planner/status] adding connection to [http://prajwal-IdeaPad-L340-15IRH-Gaming:35423/], count 0
[rospy.internal][INFO] 2022-01-08 12:57:46,614: topic[/grid3/robotTrajectories] adding connection to [http://prajwal-IdeaPad-L340-15IRH-Gaming:35423/], count 0
[rospy.internal][INFO] 2022-01-08 12:57:46,614: topic[/grid3/allRobots/poses] adding connection to [http://prajwal-IdeaPad-L340-15IRH-Gaming:41809/], count 0
[rospy.internal][INFO] 2022-01-08 12:57:46,872: topic[/rosout] adding connection to [/rosout], count 0
[rospy.core][INFO] 2022-01-08 12:59:44,337: signal_shutdown [signal-2]
[rospy.internal][INFO] 2022-01-08 12:59:44,343: topic[/rosout] removing connection to /rosout
[rospy.internal][INFO] 2022-01-08 12:59:44,344: topic[/clock] removing connection to http://prajwal-IdeaPad-L340-15IRH-Gaming:41297/
[rospy.internal][INFO] 2022-01-08 12:59:44,344: topic[/grid3/allRobots/poses] removing connection to http://prajwal-IdeaPad-L340-15IRH-Gaming:41809/
[rospy.internal][INFO] 2022-01-08 12:59:44,345: topic[/grid3/robotTrajectories] removing connection to http://prajwal-IdeaPad-L340-15IRH-Gaming:35423/
[rospy.internal][WARNING] 2022-01-08 12:59:44,346: Unknown error initiating TCP/IP socket to prajwal-IdeaPad-L340-15IRH-Gaming:32841 (http://prajwal-IdeaPad-L340-15IRH-Gaming:41297/): Traceback (most recent call last):
  File "/opt/ros/noetic/lib/python3/dist-packages/rospy/impl/tcpros_base.py", line 562, in connect
    self.read_header()
  File "/opt/ros/noetic/lib/python3/dist-packages/rospy/impl/tcpros_base.py", line 657, in read_header
    self._validate_header(read_ros_handshake_header(sock, self.read_buff, self.protocol.buff_size))
AttributeError: 'NoneType' object has no attribute 'buff_size'

[rospy.internal][WARNING] 2022-01-08 12:59:44,346: Unknown error initiating TCP/IP socket to prajwal-IdeaPad-L340-15IRH-Gaming:35307 (http://prajwal-IdeaPad-L340-15IRH-Gaming:35423/): Traceback (most recent call last):
  File "/opt/ros/noetic/lib/python3/dist-packages/rospy/impl/tcpros_base.py", line 562, in connect
    self.read_header()
  File "/opt/ros/noetic/lib/python3/dist-packages/rospy/impl/tcpros_base.py", line 657, in read_header
    self._validate_header(read_ros_handshake_header(sock, self.read_buff, self.protocol.buff_size))
AttributeError: 'NoneType' object has no attribute 'buff_size'

[rospy.internal][WARNING] 2022-01-08 12:59:44,347: Unknown error initiating TCP/IP socket to prajwal-IdeaPad-L340-15IRH-Gaming:35307 (http://prajwal-IdeaPad-L340-15IRH-Gaming:35423/): Traceback (most recent call last):
  File "/opt/ros/noetic/lib/python3/dist-packages/rospy/impl/tcpros_base.py", line 560, in connect
    self.socket.connect((dest_addr, dest_port))
OSError: [Errno 9] Bad file descriptor

[rospy.internal][INFO] 2022-01-08 12:59:44,347: topic[/grid3/planner/status] removing connection to http://prajwal-IdeaPad-L340-15IRH-Gaming:35423/
[rospy.impl.masterslave][INFO] 2022-01-08 12:59:44,348: signal-2
[rospy.core][INFO] 2022-01-08 12:59:45,550: signal_shutdown [atexit]
