[rospy.client][INFO] 2022-01-08 12:30:32,325: init_node, name[/controller_ros_interface_27543_1641625232298], pid[27543]
[xmlrpc][INFO] 2022-01-08 12:30:32,325: XML-RPC server binding to 0.0.0.0:0
[xmlrpc][INFO] 2022-01-08 12:30:32,325: Started XML-RPC server [http://prajwal-IdeaPad-L340-15IRH-Gaming:39575/]
[rospy.init][INFO] 2022-01-08 12:30:32,325: ROS Slave URI: [http://prajwal-IdeaPad-L340-15IRH-Gaming:39575/]
[rospy.impl.masterslave][INFO] 2022-01-08 12:30:32,326: _ready: http://prajwal-IdeaPad-L340-15IRH-Gaming:39575/
[rospy.registration][INFO] 2022-01-08 12:30:32,326: Registering with master node http://localhost:11311
[xmlrpc][INFO] 2022-01-08 12:30:32,326: xml rpc node: starting XML-RPC server
[rospy.init][INFO] 2022-01-08 12:30:32,426: registered with master
[rospy.rosout][INFO] 2022-01-08 12:30:32,426: initializing /rosout core topic
[rospy.rosout][INFO] 2022-01-08 12:30:32,428: connected to core topic /rosout
[rospy.simtime][INFO] 2022-01-08 12:30:32,429: initializing /clock core topic
[rospy.simtime][INFO] 2022-01-08 12:30:32,430: connected to core topic /clock
[rospy.internal][INFO] 2022-01-08 12:30:32,431: topic[/clock] adding connection to [http://prajwal-IdeaPad-L340-15IRH-Gaming:41297/], count 0
[rospy.internal][INFO] 2022-01-08 12:30:32,436: topic[/grid3/allRobots/poses] adding connection to [http://prajwal-IdeaPad-L340-15IRH-Gaming:41809/], count 0
[rospy.internal][INFO] 2022-01-08 12:30:32,439: topic[/grid3/robotTrajectories] adding connection to [http://prajwal-IdeaPad-L340-15IRH-Gaming:35423/], count 0
[rospy.internal][INFO] 2022-01-08 12:30:32,440: topic[/grid3/planner/status] adding connection to [http://prajwal-IdeaPad-L340-15IRH-Gaming:35423/], count 0
[rospy.internal][INFO] 2022-01-08 12:30:32,694: topic[/rosout] adding connection to [/rosout], count 0
[rospy.core][INFO] 2022-01-08 12:46:39,679: signal_shutdown [signal-2]
[rospy.internal][INFO] 2022-01-08 12:46:39,685: topic[/rosout] removing connection to /rosout
[rospy.internal][INFO] 2022-01-08 12:46:39,686: topic[/clock] removing connection to http://prajwal-IdeaPad-L340-15IRH-Gaming:41297/
[rospy.internal][INFO] 2022-01-08 12:46:39,686: topic[/grid3/allRobots/poses] removing connection to http://prajwal-IdeaPad-L340-15IRH-Gaming:41809/
[rospy.internal][INFO] 2022-01-08 12:46:39,686: topic[/grid3/robotTrajectories] removing connection to http://prajwal-IdeaPad-L340-15IRH-Gaming:35423/
[rospy.internal][INFO] 2022-01-08 12:46:39,687: topic[/grid3/planner/status] removing connection to http://prajwal-IdeaPad-L340-15IRH-Gaming:35423/
[rospy.impl.masterslave][INFO] 2022-01-08 12:46:39,687: signal-2
[rospy.internal][WARNING] 2022-01-08 12:46:39,688: Unknown error initiating TCP/IP socket to prajwal-IdeaPad-L340-15IRH-Gaming:35307 (http://prajwal-IdeaPad-L340-15IRH-Gaming:35423/): Traceback (most recent call last):
  File "/opt/ros/noetic/lib/python3/dist-packages/rospy/impl/tcpros_base.py", line 562, in connect
    self.read_header()
  File "/opt/ros/noetic/lib/python3/dist-packages/rospy/impl/tcpros_base.py", line 657, in read_header
    self._validate_header(read_ros_handshake_header(sock, self.read_buff, self.protocol.buff_size))
AttributeError: 'NoneType' object has no attribute 'buff_size'

[rospy.core][INFO] 2022-01-08 12:46:40,783: signal_shutdown [atexit]
