[rospy.client][INFO] 2022-01-08 12:55:41,840: init_node, name[/controller_ros_interface_28636_1641626741814], pid[28636]
[xmlrpc][INFO] 2022-01-08 12:55:41,841: XML-RPC server binding to 0.0.0.0:0
[xmlrpc][INFO] 2022-01-08 12:55:41,841: Started XML-RPC server [http://prajwal-IdeaPad-L340-15IRH-Gaming:33663/]
[rospy.impl.masterslave][INFO] 2022-01-08 12:55:41,841: _ready: http://prajwal-IdeaPad-L340-15IRH-Gaming:33663/
[rospy.init][INFO] 2022-01-08 12:55:41,841: ROS Slave URI: [http://prajwal-IdeaPad-L340-15IRH-Gaming:33663/]
[rospy.registration][INFO] 2022-01-08 12:55:41,842: Registering with master node http://localhost:11311
[xmlrpc][INFO] 2022-01-08 12:55:41,842: xml rpc node: starting XML-RPC server
[rospy.init][INFO] 2022-01-08 12:55:41,942: registered with master
[rospy.rosout][INFO] 2022-01-08 12:55:41,942: initializing /rosout core topic
[rospy.rosout][INFO] 2022-01-08 12:55:41,946: connected to core topic /rosout
[rospy.simtime][INFO] 2022-01-08 12:55:41,947: initializing /clock core topic
[rospy.simtime][INFO] 2022-01-08 12:55:41,949: connected to core topic /clock
[rospy.internal][INFO] 2022-01-08 12:55:41,951: topic[/clock] adding connection to [http://prajwal-IdeaPad-L340-15IRH-Gaming:41297/], count 0
[rospy.internal][INFO] 2022-01-08 12:55:41,960: topic[/grid3/allRobots/poses] adding connection to [http://prajwal-IdeaPad-L340-15IRH-Gaming:41809/], count 0
[rospy.internal][INFO] 2022-01-08 12:55:41,965: topic[/grid3/robotTrajectories] adding connection to [http://prajwal-IdeaPad-L340-15IRH-Gaming:35423/], count 0
[rospy.internal][INFO] 2022-01-08 12:55:41,966: topic[/grid3/planner/status] adding connection to [http://prajwal-IdeaPad-L340-15IRH-Gaming:35423/], count 0
[rospy.internal][INFO] 2022-01-08 12:55:42,196: topic[/rosout] adding connection to [/rosout], count 0
[rospy.core][INFO] 2022-01-08 12:55:50,929: signal_shutdown [signal-2]
[rospy.internal][INFO] 2022-01-08 12:55:50,932: topic[/rosout] removing connection to /rosout
[rospy.internal][INFO] 2022-01-08 12:55:50,932: topic[/clock] removing connection to http://prajwal-IdeaPad-L340-15IRH-Gaming:41297/
[rospy.internal][INFO] 2022-01-08 12:55:50,933: topic[/grid3/allRobots/poses] removing connection to http://prajwal-IdeaPad-L340-15IRH-Gaming:41809/
[rospy.internal][INFO] 2022-01-08 12:55:50,933: topic[/grid3/robotTrajectories] removing connection to http://prajwal-IdeaPad-L340-15IRH-Gaming:35423/
[rospy.internal][INFO] 2022-01-08 12:55:50,933: topic[/grid3/planner/status] removing connection to http://prajwal-IdeaPad-L340-15IRH-Gaming:35423/
[rospy.impl.masterslave][INFO] 2022-01-08 12:55:50,933: signal-2
[rospy.internal][WARNING] 2022-01-08 12:55:50,934: Unknown error initiating TCP/IP socket to prajwal-IdeaPad-L340-15IRH-Gaming:35307 (http://prajwal-IdeaPad-L340-15IRH-Gaming:35423/): Traceback (most recent call last):
  File "/opt/ros/noetic/lib/python3/dist-packages/rospy/impl/tcpros_base.py", line 563, in connect
    self.local_endpoint = self.socket.getsockname()
AttributeError: 'NoneType' object has no attribute 'getsockname'

[rospy.core][INFO] 2022-01-08 12:55:52,040: signal_shutdown [atexit]
