[rospy.client][INFO] 2022-01-08 12:24:12,191: init_node, name[/controller_ros_interface_27031_1641624852164], pid[27031]
[xmlrpc][INFO] 2022-01-08 12:24:12,191: XML-RPC server binding to 0.0.0.0:0
[xmlrpc][INFO] 2022-01-08 12:24:12,192: Started XML-RPC server [http://prajwal-IdeaPad-L340-15IRH-Gaming:33645/]
[rospy.init][INFO] 2022-01-08 12:24:12,192: ROS Slave URI: [http://prajwal-IdeaPad-L340-15IRH-Gaming:33645/]
[rospy.impl.masterslave][INFO] 2022-01-08 12:24:12,192: _ready: http://prajwal-IdeaPad-L340-15IRH-Gaming:33645/
[rospy.registration][INFO] 2022-01-08 12:24:12,192: Registering with master node http://localhost:11311
[xmlrpc][INFO] 2022-01-08 12:24:12,192: xml rpc node: starting XML-RPC server
[rospy.init][INFO] 2022-01-08 12:24:12,292: registered with master
[rospy.rosout][INFO] 2022-01-08 12:24:12,292: initializing /rosout core topic
[rospy.rosout][INFO] 2022-01-08 12:24:12,295: connected to core topic /rosout
[rospy.simtime][INFO] 2022-01-08 12:24:12,296: initializing /clock core topic
[rospy.simtime][INFO] 2022-01-08 12:24:12,298: connected to core topic /clock
[rospy.internal][INFO] 2022-01-08 12:24:12,300: topic[/clock] adding connection to [http://prajwal-IdeaPad-L340-15IRH-Gaming:41297/], count 0
[rospy.internal][INFO] 2022-01-08 12:24:12,307: topic[/grid3/allRobots/poses] adding connection to [http://prajwal-IdeaPad-L340-15IRH-Gaming:41809/], count 0
[rospy.internal][INFO] 2022-01-08 12:24:12,311: topic[/grid3/planner/status] adding connection to [http://prajwal-IdeaPad-L340-15IRH-Gaming:35423/], count 0
[rospy.internal][INFO] 2022-01-08 12:24:12,312: topic[/grid3/robotTrajectories] adding connection to [http://prajwal-IdeaPad-L340-15IRH-Gaming:35423/], count 0
[rospy.core][INFO] 2022-01-08 12:24:12,513: signal_shutdown [atexit]
[rospy.internal][INFO] 2022-01-08 12:24:12,515: topic[/clock] removing connection to http://prajwal-IdeaPad-L340-15IRH-Gaming:41297/
[rospy.internal][INFO] 2022-01-08 12:24:12,515: topic[/grid3/allRobots/poses] removing connection to http://prajwal-IdeaPad-L340-15IRH-Gaming:41809/
[rospy.internal][INFO] 2022-01-08 12:24:12,515: topic[/grid3/robotTrajectories] removing connection to http://prajwal-IdeaPad-L340-15IRH-Gaming:35423/
[rospy.internal][WARNING] 2022-01-08 12:24:12,516: Unknown error initiating TCP/IP socket to prajwal-IdeaPad-L340-15IRH-Gaming:35733 (http://prajwal-IdeaPad-L340-15IRH-Gaming:41809/): Traceback (most recent call last):
  File "/opt/ros/noetic/lib/python3/dist-packages/rospy/impl/tcpros_base.py", line 562, in connect
    self.read_header()
  File "/opt/ros/noetic/lib/python3/dist-packages/rospy/impl/tcpros_base.py", line 657, in read_header
    self._validate_header(read_ros_handshake_header(sock, self.read_buff, self.protocol.buff_size))
AttributeError: 'NoneType' object has no attribute 'buff_size'

[rospy.internal][WARNING] 2022-01-08 12:24:12,516: Unknown error initiating TCP/IP socket to prajwal-IdeaPad-L340-15IRH-Gaming:35307 (http://prajwal-IdeaPad-L340-15IRH-Gaming:35423/): Traceback (most recent call last):
  File "/opt/ros/noetic/lib/python3/dist-packages/rospy/impl/tcpros_base.py", line 562, in connect
    self.read_header()
  File "/opt/ros/noetic/lib/python3/dist-packages/rospy/impl/tcpros_base.py", line 657, in read_header
    self._validate_header(read_ros_handshake_header(sock, self.read_buff, self.protocol.buff_size))
AttributeError: 'NoneType' object has no attribute 'buff_size'

[rospy.topics][ERROR] 2022-01-08 12:24:12,516: Traceback (most recent call last):
  File "/opt/ros/noetic/lib/python3/dist-packages/rospy/topics.py", line 326, in close
    c.close()
  File "/opt/ros/noetic/lib/python3/dist-packages/rospy/impl/tcpros_base.py", line 846, in close
    self.socket.close()
AttributeError: 'NoneType' object has no attribute 'close'

[rospy.internal][INFO] 2022-01-08 12:24:12,516: topic[/grid3/planner/status] removing connection to http://prajwal-IdeaPad-L340-15IRH-Gaming:35423/
[rospy.impl.masterslave][INFO] 2022-01-08 12:24:12,517: atexit
