[rospy.client][INFO] 2022-01-08 12:19:24,235: init_node, name[/controller_ros_interface_26565_1641624564207], pid[26565]
[xmlrpc][INFO] 2022-01-08 12:19:24,235: XML-RPC server binding to 0.0.0.0:0
[xmlrpc][INFO] 2022-01-08 12:19:24,235: Started XML-RPC server [http://prajwal-IdeaPad-L340-15IRH-Gaming:43385/]
[rospy.init][INFO] 2022-01-08 12:19:24,235: ROS Slave URI: [http://prajwal-IdeaPad-L340-15IRH-Gaming:43385/]
[rospy.impl.masterslave][INFO] 2022-01-08 12:19:24,235: _ready: http://prajwal-IdeaPad-L340-15IRH-Gaming:43385/
[rospy.registration][INFO] 2022-01-08 12:19:24,236: Registering with master node http://localhost:11311
[xmlrpc][INFO] 2022-01-08 12:19:24,236: xml rpc node: starting XML-RPC server
[rospy.init][INFO] 2022-01-08 12:19:24,335: registered with master
[rospy.rosout][INFO] 2022-01-08 12:19:24,335: initializing /rosout core topic
[rospy.rosout][INFO] 2022-01-08 12:19:24,338: connected to core topic /rosout
[rospy.simtime][INFO] 2022-01-08 12:19:24,339: initializing /clock core topic
[rospy.simtime][INFO] 2022-01-08 12:19:24,340: connected to core topic /clock
[rospy.internal][INFO] 2022-01-08 12:19:24,342: topic[/clock] adding connection to [http://prajwal-IdeaPad-L340-15IRH-Gaming:41297/], count 0
[rospy.internal][INFO] 2022-01-08 12:19:24,347: topic[/grid3/allRobots/poses] adding connection to [http://prajwal-IdeaPad-L340-15IRH-Gaming:41809/], count 0
[rospy.internal][INFO] 2022-01-08 12:19:24,349: topic[/grid3/robotTrajectories] adding connection to [http://prajwal-IdeaPad-L340-15IRH-Gaming:35423/], count 0
[rospy.internal][INFO] 2022-01-08 12:19:24,349: topic[/grid3/planner/status] adding connection to [http://prajwal-IdeaPad-L340-15IRH-Gaming:35423/], count 0
[rospy.internal][INFO] 2022-01-08 12:19:24,569: topic[/rosout] adding connection to [/rosout], count 0
[rospy.core][INFO] 2022-01-08 12:21:37,519: signal_shutdown [signal-2]
[rospy.internal][INFO] 2022-01-08 12:21:37,525: topic[/rosout] removing connection to /rosout
[rospy.internal][INFO] 2022-01-08 12:21:37,525: topic[/clock] removing connection to http://prajwal-IdeaPad-L340-15IRH-Gaming:41297/
[rospy.internal][INFO] 2022-01-08 12:21:37,526: topic[/grid3/allRobots/poses] removing connection to http://prajwal-IdeaPad-L340-15IRH-Gaming:41809/
[rospy.internal][INFO] 2022-01-08 12:21:37,527: topic[/grid3/robotTrajectories] removing connection to http://prajwal-IdeaPad-L340-15IRH-Gaming:35423/
[rospy.internal][ERROR] 2022-01-08 12:21:37,528: Traceback (most recent call last):
  File "/opt/ros/noetic/lib/python3/dist-packages/rospy/impl/tcpros_base.py", line 737, in receive_once
    self.stat_bytes += recv_buff(sock, b, p.buff_size)
  File "/opt/ros/noetic/lib/python3/dist-packages/rospy/impl/tcpros_base.py", line 104, in recv_buff
    d = sock.recv(buff_size)
ConnectionResetError: [Errno 104] Connection reset by peer

[rospy.internal][WARNING] 2022-01-08 12:21:37,529: Unknown error initiating TCP/IP socket to prajwal-IdeaPad-L340-15IRH-Gaming:35307 (http://prajwal-IdeaPad-L340-15IRH-Gaming:35423/): Traceback (most recent call last):
  File "/opt/ros/noetic/lib/python3/dist-packages/rospy/impl/tcpros_base.py", line 562, in connect
    self.read_header()
  File "/opt/ros/noetic/lib/python3/dist-packages/rospy/impl/tcpros_base.py", line 657, in read_header
    self._validate_header(read_ros_handshake_header(sock, self.read_buff, self.protocol.buff_size))
AttributeError: 'NoneType' object has no attribute 'buff_size'

[rospy.topics][ERROR] 2022-01-08 12:21:37,530: Traceback (most recent call last):
  File "/opt/ros/noetic/lib/python3/dist-packages/rospy/topics.py", line 326, in close
    c.close()
  File "/opt/ros/noetic/lib/python3/dist-packages/rospy/impl/tcpros_base.py", line 846, in close
    self.socket.close()
AttributeError: 'NoneType' object has no attribute 'close'

[rospy.internal][INFO] 2022-01-08 12:21:37,530: topic[/grid3/planner/status] removing connection to http://prajwal-IdeaPad-L340-15IRH-Gaming:35423/
[rospy.impl.masterslave][INFO] 2022-01-08 12:21:37,530: signal-2
[rospy.core][INFO] 2022-01-08 12:21:38,580: signal_shutdown [atexit]
