[rospy.client][INFO] 2022-01-08 12:21:55,528: init_node, name[/controller_ros_interface_26774_1641624715502], pid[26774]
[xmlrpc][INFO] 2022-01-08 12:21:55,528: XML-RPC server binding to 0.0.0.0:0
[xmlrpc][INFO] 2022-01-08 12:21:55,528: Started XML-RPC server [http://prajwal-IdeaPad-L340-15IRH-Gaming:43077/]
[rospy.init][INFO] 2022-01-08 12:21:55,528: ROS Slave URI: [http://prajwal-IdeaPad-L340-15IRH-Gaming:43077/]
[rospy.impl.masterslave][INFO] 2022-01-08 12:21:55,528: _ready: http://prajwal-IdeaPad-L340-15IRH-Gaming:43077/
[rospy.registration][INFO] 2022-01-08 12:21:55,529: Registering with master node http://localhost:11311
[xmlrpc][INFO] 2022-01-08 12:21:55,529: xml rpc node: starting XML-RPC server
[rospy.init][INFO] 2022-01-08 12:21:55,629: registered with master
[rospy.rosout][INFO] 2022-01-08 12:21:55,629: initializing /rosout core topic
[rospy.rosout][INFO] 2022-01-08 12:21:55,635: connected to core topic /rosout
[rospy.simtime][INFO] 2022-01-08 12:21:55,637: initializing /clock core topic
[rospy.simtime][INFO] 2022-01-08 12:21:55,640: connected to core topic /clock
[rospy.internal][INFO] 2022-01-08 12:21:55,643: topic[/clock] adding connection to [http://prajwal-IdeaPad-L340-15IRH-Gaming:41297/], count 0
[rospy.internal][INFO] 2022-01-08 12:21:55,661: topic[/grid3/allRobots/poses] adding connection to [http://prajwal-IdeaPad-L340-15IRH-Gaming:41809/], count 0
[rospy.internal][INFO] 2022-01-08 12:21:55,667: topic[/grid3/robotTrajectories] adding connection to [http://prajwal-IdeaPad-L340-15IRH-Gaming:35423/], count 0
[rospy.internal][INFO] 2022-01-08 12:21:55,668: topic[/grid3/planner/status] adding connection to [http://prajwal-IdeaPad-L340-15IRH-Gaming:35423/], count 0
[rospy.internal][INFO] 2022-01-08 12:21:55,875: topic[/rosout] adding connection to [/rosout], count 0
[rospy.core][INFO] 2022-01-08 12:22:10,476: signal_shutdown [signal-2]
[rospy.internal][INFO] 2022-01-08 12:22:10,479: topic[/rosout] removing connection to /rosout
[rospy.internal][INFO] 2022-01-08 12:22:10,479: topic[/clock] removing connection to http://prajwal-IdeaPad-L340-15IRH-Gaming:41297/
[rospy.internal][INFO] 2022-01-08 12:22:10,479: topic[/grid3/allRobots/poses] removing connection to http://prajwal-IdeaPad-L340-15IRH-Gaming:41809/
[rospy.internal][INFO] 2022-01-08 12:22:10,479: topic[/grid3/robotTrajectories] removing connection to http://prajwal-IdeaPad-L340-15IRH-Gaming:35423/
[rospy.internal][INFO] 2022-01-08 12:22:10,480: topic[/grid3/planner/status] removing connection to http://prajwal-IdeaPad-L340-15IRH-Gaming:35423/
[rospy.impl.masterslave][INFO] 2022-01-08 12:22:10,480: signal-2
[rospy.internal][WARNING] 2022-01-08 12:22:10,480: Unknown error initiating TCP/IP socket to prajwal-IdeaPad-L340-15IRH-Gaming:35307 (http://prajwal-IdeaPad-L340-15IRH-Gaming:35423/): Traceback (most recent call last):
  File "/opt/ros/noetic/lib/python3/dist-packages/rospy/impl/tcpros_base.py", line 562, in connect
    self.read_header()
  File "/opt/ros/noetic/lib/python3/dist-packages/rospy/impl/tcpros_base.py", line 657, in read_header
    self._validate_header(read_ros_handshake_header(sock, self.read_buff, self.protocol.buff_size))
AttributeError: 'NoneType' object has no attribute 'buff_size'

[rospy.core][INFO] 2022-01-08 12:22:11,752: signal_shutdown [atexit]
