[rospy.client][INFO] 2022-01-06 23:13:46,458: init_node, name[/controller_ros_interface_19799_1641491026430], pid[19799]
[xmlrpc][INFO] 2022-01-06 23:13:46,458: XML-RPC server binding to 0.0.0.0:0
[xmlrpc][INFO] 2022-01-06 23:13:46,458: Started XML-RPC server [http://prajwal-IdeaPad-L340-15IRH-Gaming:34293/]
[rospy.impl.masterslave][INFO] 2022-01-06 23:13:46,458: _ready: http://prajwal-IdeaPad-L340-15IRH-Gaming:34293/
[rospy.init][INFO] 2022-01-06 23:13:46,458: ROS Slave URI: [http://prajwal-IdeaPad-L340-15IRH-Gaming:34293/]
[rospy.registration][INFO] 2022-01-06 23:13:46,459: Registering with master node http://localhost:11311
[xmlrpc][INFO] 2022-01-06 23:13:46,459: xml rpc node: starting XML-RPC server
[rospy.init][INFO] 2022-01-06 23:13:46,559: registered with master
[rospy.rosout][INFO] 2022-01-06 23:13:46,559: initializing /rosout core topic
[rospy.rosout][INFO] 2022-01-06 23:13:46,562: connected to core topic /rosout
[rospy.simtime][INFO] 2022-01-06 23:13:46,563: initializing /clock core topic
[rospy.simtime][INFO] 2022-01-06 23:13:46,565: connected to core topic /clock
[rospy.internal][INFO] 2022-01-06 23:13:46,567: topic[/clock] adding connection to [http://prajwal-IdeaPad-L340-15IRH-Gaming:34133/], count 0
[rospy.internal][INFO] 2022-01-06 23:13:46,572: topic[/grid3/allRobots/poses] adding connection to [http://prajwal-IdeaPad-L340-15IRH-Gaming:35553/], count 0
[rospy.internal][INFO] 2022-01-06 23:13:46,575: topic[/grid3/robotTrajectories] adding connection to [http://prajwal-IdeaPad-L340-15IRH-Gaming:44373/], count 0
[rospy.internal][INFO] 2022-01-06 23:13:46,575: topic[/grid3/planner/status] adding connection to [http://prajwal-IdeaPad-L340-15IRH-Gaming:44373/], count 0
[rospy.internal][INFO] 2022-01-06 23:13:46,589: topic[/grid3/controller/cmd] adding connection to [/rostopic_19411_1641490896177], count 0
[rospy.internal][INFO] 2022-01-06 23:13:46,787: topic[/rosout] adding connection to [/rosout], count 0
[rospy.internal][INFO] 2022-01-06 23:13:48,806: topic[/grid3/controller/cmd] adding connection to [/gazebo_controller], count 1
[rospy.internal][ERROR] 2022-01-06 23:16:41,133: Unable to initiate TCP/IP socket to prajwal-IdeaPad-L340-15IRH-Gaming:35335 (http://prajwal-IdeaPad-L340-15IRH-Gaming:34133/): Traceback (most recent call last):
  File "/opt/ros/noetic/lib/python3/dist-packages/rospy/impl/tcpros_base.py", line 562, in connect
    self.read_header()
  File "/opt/ros/noetic/lib/python3/dist-packages/rospy/impl/tcpros_base.py", line 657, in read_header
    self._validate_header(read_ros_handshake_header(sock, self.read_buff, self.protocol.buff_size))
  File "/opt/ros/noetic/lib/python3/dist-packages/rospy/impl/tcpros_base.py", line 600, in _validate_header
    raise TransportInitError("remote error reported: %s"%header['error'])
rospy.exceptions.TransportInitError: remote error reported: received a connection for a nonexistent topic [/clock] from [TCPROS connection on port 35335 to [127.0.0.1:50236 on socket 18]] [/controller_ros_interface_19799_1641491026430].

[rospy.internal][ERROR] 2022-01-06 23:16:41,798: Unable to initiate TCP/IP socket to prajwal-IdeaPad-L340-15IRH-Gaming:41853 (http://prajwal-IdeaPad-L340-15IRH-Gaming:44373/): Traceback (most recent call last):
  File "/opt/ros/noetic/lib/python3/dist-packages/rospy/impl/tcpros_base.py", line 562, in connect
    self.read_header()
  File "/opt/ros/noetic/lib/python3/dist-packages/rospy/impl/tcpros_base.py", line 657, in read_header
    self._validate_header(read_ros_handshake_header(sock, self.read_buff, self.protocol.buff_size))
  File "/opt/ros/noetic/lib/python3/dist-packages/rospy/impl/tcpros_base.py", line 600, in _validate_header
    raise TransportInitError("remote error reported: %s"%header['error'])
rospy.exceptions.TransportInitError: remote error reported: node shutting down

[rospy.internal][ERROR] 2022-01-06 23:16:41,799: Unable to initiate TCP/IP socket to prajwal-IdeaPad-L340-15IRH-Gaming:41853 (http://prajwal-IdeaPad-L340-15IRH-Gaming:44373/): Traceback (most recent call last):
  File "/opt/ros/noetic/lib/python3/dist-packages/rospy/impl/tcpros_base.py", line 562, in connect
    self.read_header()
  File "/opt/ros/noetic/lib/python3/dist-packages/rospy/impl/tcpros_base.py", line 657, in read_header
    self._validate_header(read_ros_handshake_header(sock, self.read_buff, self.protocol.buff_size))
  File "/opt/ros/noetic/lib/python3/dist-packages/rospy/impl/tcpros_base.py", line 600, in _validate_header
    raise TransportInitError("remote error reported: %s"%header['error'])
rospy.exceptions.TransportInitError: remote error reported: node shutting down

[rospy.internal][ERROR] 2022-01-06 23:16:41,799: Unable to initiate TCP/IP socket to prajwal-IdeaPad-L340-15IRH-Gaming:46735 (http://prajwal-IdeaPad-L340-15IRH-Gaming:35553/): Traceback (most recent call last):
  File "/opt/ros/noetic/lib/python3/dist-packages/rospy/impl/tcpros_base.py", line 562, in connect
    self.read_header()
  File "/opt/ros/noetic/lib/python3/dist-packages/rospy/impl/tcpros_base.py", line 657, in read_header
    self._validate_header(read_ros_handshake_header(sock, self.read_buff, self.protocol.buff_size))
  File "/opt/ros/noetic/lib/python3/dist-packages/rospy/impl/tcpros_base.py", line 600, in _validate_header
    raise TransportInitError("remote error reported: %s"%header['error'])
rospy.exceptions.TransportInitError: remote error reported: node shutting down

[rospy.internal][WARNING] 2022-01-06 23:16:42,134: Unknown error initiating TCP/IP socket to prajwal-IdeaPad-L340-15IRH-Gaming:35335 (http://prajwal-IdeaPad-L340-15IRH-Gaming:34133/): Traceback (most recent call last):
  File "/opt/ros/noetic/lib/python3/dist-packages/rospy/impl/tcpros_base.py", line 560, in connect
    self.socket.connect((dest_addr, dest_port))
ConnectionRefusedError: [Errno 111] Connection refused

[rospy.internal][INFO] 2022-01-06 23:16:42,134: topic[/clock] removing connection to http://prajwal-IdeaPad-L340-15IRH-Gaming:34133/
[rospy.core][INFO] 2022-01-06 23:16:42,191: signal_shutdown [signal-2]
[rospy.internal][INFO] 2022-01-06 23:16:42,193: topic[/rosout] removing connection to /rosout
[rospy.internal][INFO] 2022-01-06 23:16:42,193: topic[/grid3/controller/cmd] removing connection to /rostopic_19411_1641490896177
[rospy.internal][INFO] 2022-01-06 23:16:42,193: topic[/grid3/controller/cmd] removing connection to /gazebo_controller
[rospy.internal][INFO] 2022-01-06 23:16:42,194: topic[/grid3/allRobots/poses] removing connection to http://prajwal-IdeaPad-L340-15IRH-Gaming:35553/
[rospy.internal][INFO] 2022-01-06 23:16:42,194: topic[/grid3/robotTrajectories] removing connection to http://prajwal-IdeaPad-L340-15IRH-Gaming:44373/
[rospy.internal][INFO] 2022-01-06 23:16:42,194: topic[/grid3/planner/status] removing connection to http://prajwal-IdeaPad-L340-15IRH-Gaming:44373/
[rospy.impl.masterslave][INFO] 2022-01-06 23:16:42,194: signal-2
[rospy.core][INFO] 2022-01-06 23:16:43,060: signal_shutdown [signal-2]
[rospy.core][INFO] 2022-01-06 23:16:45,202: signal_shutdown [atexit]
