[rospy.client][INFO] 2022-01-08 12:57:06,733: init_node, name[/controller_ros_interface_28854_1641626826707], pid[28854]
[xmlrpc][INFO] 2022-01-08 12:57:06,733: XML-RPC server binding to 0.0.0.0:0
[xmlrpc][INFO] 2022-01-08 12:57:06,733: Started XML-RPC server [http://prajwal-IdeaPad-L340-15IRH-Gaming:43157/]
[rospy.impl.masterslave][INFO] 2022-01-08 12:57:06,733: _ready: http://prajwal-IdeaPad-L340-15IRH-Gaming:43157/
[rospy.init][INFO] 2022-01-08 12:57:06,733: ROS Slave URI: [http://prajwal-IdeaPad-L340-15IRH-Gaming:43157/]
[rospy.registration][INFO] 2022-01-08 12:57:06,734: Registering with master node http://localhost:11311
[xmlrpc][INFO] 2022-01-08 12:57:06,734: xml rpc node: starting XML-RPC server
[rospy.init][INFO] 2022-01-08 12:57:06,834: registered with master
[rospy.rosout][INFO] 2022-01-08 12:57:06,834: initializing /rosout core topic
[rospy.rosout][INFO] 2022-01-08 12:57:06,840: connected to core topic /rosout
[rospy.simtime][INFO] 2022-01-08 12:57:06,842: initializing /clock core topic
[rospy.simtime][INFO] 2022-01-08 12:57:06,845: connected to core topic /clock
[rospy.internal][INFO] 2022-01-08 12:57:06,849: topic[/clock] adding connection to [http://prajwal-IdeaPad-L340-15IRH-Gaming:41297/], count 0
[rospy.internal][INFO] 2022-01-08 12:57:06,865: topic[/grid3/allRobots/poses] adding connection to [http://prajwal-IdeaPad-L340-15IRH-Gaming:41809/], count 0
[rospy.internal][INFO] 2022-01-08 12:57:06,869: topic[/grid3/robotTrajectories] adding connection to [http://prajwal-IdeaPad-L340-15IRH-Gaming:35423/], count 0
[rospy.internal][INFO] 2022-01-08 12:57:06,869: topic[/grid3/planner/status] adding connection to [http://prajwal-IdeaPad-L340-15IRH-Gaming:35423/], count 0
[rospy.internal][INFO] 2022-01-08 12:57:07,016: topic[/rosout] adding connection to [/rosout], count 0
[rospy.core][INFO] 2022-01-08 12:57:10,306: signal_shutdown [signal-2]
[rospy.internal][INFO] 2022-01-08 12:57:10,312: topic[/rosout] removing connection to /rosout
[rospy.internal][INFO] 2022-01-08 12:57:10,313: topic[/clock] removing connection to http://prajwal-IdeaPad-L340-15IRH-Gaming:41297/
[rospy.internal][INFO] 2022-01-08 12:57:10,313: topic[/grid3/allRobots/poses] removing connection to http://prajwal-IdeaPad-L340-15IRH-Gaming:41809/
[rospy.internal][INFO] 2022-01-08 12:57:10,314: topic[/grid3/robotTrajectories] removing connection to http://prajwal-IdeaPad-L340-15IRH-Gaming:35423/
[rospy.internal][INFO] 2022-01-08 12:57:10,314: topic[/grid3/planner/status] removing connection to http://prajwal-IdeaPad-L340-15IRH-Gaming:35423/
[rospy.impl.masterslave][INFO] 2022-01-08 12:57:10,314: signal-2
[rospy.internal][WARNING] 2022-01-08 12:57:10,315: Unknown error initiating TCP/IP socket to prajwal-IdeaPad-L340-15IRH-Gaming:32841 (http://prajwal-IdeaPad-L340-15IRH-Gaming:41297/): Traceback (most recent call last):
  File "/opt/ros/noetic/lib/python3/dist-packages/rospy/impl/tcpros_base.py", line 562, in connect
    self.read_header()
  File "/opt/ros/noetic/lib/python3/dist-packages/rospy/impl/tcpros_base.py", line 657, in read_header
    self._validate_header(read_ros_handshake_header(sock, self.read_buff, self.protocol.buff_size))
AttributeError: 'NoneType' object has no attribute 'buff_size'

[rospy.internal][WARNING] 2022-01-08 12:57:10,316: Unknown error initiating TCP/IP socket to prajwal-IdeaPad-L340-15IRH-Gaming:35307 (http://prajwal-IdeaPad-L340-15IRH-Gaming:35423/): Traceback (most recent call last):
  File "/opt/ros/noetic/lib/python3/dist-packages/rospy/impl/tcpros_base.py", line 562, in connect
    self.read_header()
  File "/opt/ros/noetic/lib/python3/dist-packages/rospy/impl/tcpros_base.py", line 657, in read_header
    self._validate_header(read_ros_handshake_header(sock, self.read_buff, self.protocol.buff_size))
AttributeError: 'NoneType' object has no attribute 'buff_size'

[rospy.internal][WARNING] 2022-01-08 12:57:10,316: Unknown error initiating TCP/IP socket to prajwal-IdeaPad-L340-15IRH-Gaming:35307 (http://prajwal-IdeaPad-L340-15IRH-Gaming:35423/): Traceback (most recent call last):
  File "/opt/ros/noetic/lib/python3/dist-packages/rospy/impl/tcpros_base.py", line 562, in connect
    self.read_header()
  File "/opt/ros/noetic/lib/python3/dist-packages/rospy/impl/tcpros_base.py", line 657, in read_header
    self._validate_header(read_ros_handshake_header(sock, self.read_buff, self.protocol.buff_size))
AttributeError: 'NoneType' object has no attribute 'buff_size'

[rospy.core][INFO] 2022-01-08 12:57:11,510: signal_shutdown [atexit]
