[rospy.client][INFO] 2022-01-07 09:57:50,842: init_node, name[/controller_ros_interface_9473_1641529670814], pid[9473]
[xmlrpc][INFO] 2022-01-07 09:57:50,842: XML-RPC server binding to 0.0.0.0:0
[xmlrpc][INFO] 2022-01-07 09:57:50,842: Started XML-RPC server [http://prajwal-IdeaPad-L340-15IRH-Gaming:38717/]
[rospy.init][INFO] 2022-01-07 09:57:50,842: ROS Slave URI: [http://prajwal-IdeaPad-L340-15IRH-Gaming:38717/]
[rospy.impl.masterslave][INFO] 2022-01-07 09:57:50,842: _ready: http://prajwal-IdeaPad-L340-15IRH-Gaming:38717/
[rospy.registration][INFO] 2022-01-07 09:57:50,843: Registering with master node http://localhost:11311
[xmlrpc][INFO] 2022-01-07 09:57:50,843: xml rpc node: starting XML-RPC server
[rospy.init][INFO] 2022-01-07 09:57:50,942: registered with master
[rospy.rosout][INFO] 2022-01-07 09:57:50,943: initializing /rosout core topic
[rospy.rosout][INFO] 2022-01-07 09:57:50,946: connected to core topic /rosout
[rospy.simtime][INFO] 2022-01-07 09:57:50,947: initializing /clock core topic
[rospy.simtime][INFO] 2022-01-07 09:57:50,948: connected to core topic /clock
[rospy.internal][INFO] 2022-01-07 09:57:50,950: topic[/clock] adding connection to [http://prajwal-IdeaPad-L340-15IRH-Gaming:42159/], count 0
[rospy.internal][INFO] 2022-01-07 09:57:50,960: topic[/grid3/allRobots/poses] adding connection to [http://prajwal-IdeaPad-L340-15IRH-Gaming:37629/], count 0
[rospy.internal][INFO] 2022-01-07 09:57:50,961: topic[/grid3/robotTrajectories] adding connection to [http://prajwal-IdeaPad-L340-15IRH-Gaming:38979/], count 0
[rospy.internal][INFO] 2022-01-07 09:57:50,962: topic[/grid3/planner/status] adding connection to [http://prajwal-IdeaPad-L340-15IRH-Gaming:38979/], count 0
[rospy.internal][INFO] 2022-01-07 09:57:51,207: topic[/rosout] adding connection to [/rosout], count 0
[rospy.internal][INFO] 2022-01-07 09:58:01,136: topic[/grid3/controller/cmd] adding connection to [/gazebo_controller], count 0
[rosout][WARNING] 2022-01-07 09:58:29,058: Inbound TCP/IP connection failed: connection from sender terminated before handshake header received. 0 bytes were received. Please check sender for additional details.
[rospy.internal][ERROR] 2022-01-07 09:58:29,061: Inbound TCP/IP connection failed:
Traceback (most recent call last):
  File "/opt/ros/noetic/lib/python3/dist-packages/rospy/impl/tcpros_base.py", line 327, in _tcp_server_callback
    header = read_ros_handshake_header(sock, BytesIO(), buff_size)
  File "/opt/ros/noetic/lib/python3/dist-packages/rosgraph/network.py", line 359, in read_ros_handshake_header
    raise ROSHandshakeException("connection from sender terminated before handshake header received. %s bytes were received. Please check sender for additional details."%b.tell())
rosgraph.network.ROSHandshakeException: connection from sender terminated before handshake header received. 0 bytes were received. Please check sender for additional details.

[rospy.internal][INFO] 2022-01-07 09:58:29,468: topic[/grid3/controller/cmd] removing connection to /gazebo_controller
[rospy.internal][ERROR] 2022-01-07 09:58:29,643: Unable to initiate TCP/IP socket to prajwal-IdeaPad-L340-15IRH-Gaming:42015 (http://prajwal-IdeaPad-L340-15IRH-Gaming:38979/): Traceback (most recent call last):
  File "/opt/ros/noetic/lib/python3/dist-packages/rospy/impl/tcpros_base.py", line 562, in connect
    self.read_header()
  File "/opt/ros/noetic/lib/python3/dist-packages/rospy/impl/tcpros_base.py", line 657, in read_header
    self._validate_header(read_ros_handshake_header(sock, self.read_buff, self.protocol.buff_size))
  File "/opt/ros/noetic/lib/python3/dist-packages/rospy/impl/tcpros_base.py", line 600, in _validate_header
    raise TransportInitError("remote error reported: %s"%header['error'])
rospy.exceptions.TransportInitError: remote error reported: node shutting down

[rospy.internal][ERROR] 2022-01-07 09:58:29,643: Unable to initiate TCP/IP socket to prajwal-IdeaPad-L340-15IRH-Gaming:42015 (http://prajwal-IdeaPad-L340-15IRH-Gaming:38979/): Traceback (most recent call last):
  File "/opt/ros/noetic/lib/python3/dist-packages/rospy/impl/tcpros_base.py", line 562, in connect
    self.read_header()
  File "/opt/ros/noetic/lib/python3/dist-packages/rospy/impl/tcpros_base.py", line 657, in read_header
    self._validate_header(read_ros_handshake_header(sock, self.read_buff, self.protocol.buff_size))
  File "/opt/ros/noetic/lib/python3/dist-packages/rospy/impl/tcpros_base.py", line 600, in _validate_header
    raise TransportInitError("remote error reported: %s"%header['error'])
rospy.exceptions.TransportInitError: remote error reported: node shutting down

[rospy.internal][ERROR] 2022-01-07 09:58:29,644: Unable to initiate TCP/IP socket to prajwal-IdeaPad-L340-15IRH-Gaming:41109 (http://prajwal-IdeaPad-L340-15IRH-Gaming:37629/): Traceback (most recent call last):
  File "/opt/ros/noetic/lib/python3/dist-packages/rospy/impl/tcpros_base.py", line 562, in connect
    self.read_header()
  File "/opt/ros/noetic/lib/python3/dist-packages/rospy/impl/tcpros_base.py", line 657, in read_header
    self._validate_header(read_ros_handshake_header(sock, self.read_buff, self.protocol.buff_size))
  File "/opt/ros/noetic/lib/python3/dist-packages/rospy/impl/tcpros_base.py", line 600, in _validate_header
    raise TransportInitError("remote error reported: %s"%header['error'])
rospy.exceptions.TransportInitError: remote error reported: node shutting down

[rospy.core][INFO] 2022-01-07 09:58:30,031: signal_shutdown [signal-2]
[rospy.internal][INFO] 2022-01-07 09:58:30,033: topic[/rosout] removing connection to /rosout
[rospy.internal][INFO] 2022-01-07 09:58:30,034: topic[/clock] removing connection to http://prajwal-IdeaPad-L340-15IRH-Gaming:42159/
[rospy.internal][INFO] 2022-01-07 09:58:30,034: topic[/grid3/allRobots/poses] removing connection to http://prajwal-IdeaPad-L340-15IRH-Gaming:37629/
[rospy.internal][INFO] 2022-01-07 09:58:30,034: topic[/grid3/robotTrajectories] removing connection to http://prajwal-IdeaPad-L340-15IRH-Gaming:38979/
[rospy.internal][INFO] 2022-01-07 09:58:30,034: topic[/grid3/planner/status] removing connection to http://prajwal-IdeaPad-L340-15IRH-Gaming:38979/
[rospy.impl.masterslave][INFO] 2022-01-07 09:58:30,034: signal-2
[rospy.core][INFO] 2022-01-07 09:58:31,290: signal_shutdown [atexit]
