[rospy.client][INFO] 2022-01-07 10:49:58,265: init_node, name[/rqt_gui_py_node_16274], pid[16274]
[xmlrpc][INFO] 2022-01-07 10:49:58,266: XML-RPC server binding to 0.0.0.0:0
[xmlrpc][INFO] 2022-01-07 10:49:58,266: Started XML-RPC server [http://prajwal-IdeaPad-L340-15IRH-Gaming:43235/]
[rospy.impl.masterslave][INFO] 2022-01-07 10:49:58,266: _ready: http://prajwal-IdeaPad-L340-15IRH-Gaming:43235/
[rospy.init][INFO] 2022-01-07 10:49:58,266: ROS Slave URI: [http://prajwal-IdeaPad-L340-15IRH-Gaming:43235/]
[rospy.registration][INFO] 2022-01-07 10:49:58,266: Registering with master node http://localhost:11311
[xmlrpc][INFO] 2022-01-07 10:49:58,266: xml rpc node: starting XML-RPC server
[rospy.init][INFO] 2022-01-07 10:49:58,366: registered with master
[rospy.rosout][INFO] 2022-01-07 10:49:58,366: initializing /rosout core topic
[rospy.rosout][INFO] 2022-01-07 10:49:58,368: connected to core topic /rosout
[rospy.simtime][INFO] 2022-01-07 10:49:58,368: initializing /clock core topic
[rospy.simtime][INFO] 2022-01-07 10:49:58,370: connected to core topic /clock
[rospy.internal][INFO] 2022-01-07 10:49:58,371: topic[/clock] adding connection to [http://prajwal-IdeaPad-L340-15IRH-Gaming:43707/], count 0
[rospy.internal][INFO] 2022-01-07 10:49:58,600: topic[/rosout] adding connection to [/rosout], count 0
[rospy.internal][INFO] 2022-01-07 10:49:58,926: topic[/robot1/cmd_vel] adding connection to [/gazebo], count 0
[rospy.internal][INFO] 2022-01-07 10:49:58,926: topic[/robot2/cmd_vel] adding connection to [/gazebo], count 0
[rospy.internal][INFO] 2022-01-07 10:49:58,927: topic[/robot3/cmd_vel] adding connection to [/gazebo], count 0
[rospy.internal][ERROR] 2022-01-07 10:51:37,828: Unable to initiate TCP/IP socket to prajwal-IdeaPad-L340-15IRH-Gaming:49381 (http://prajwal-IdeaPad-L340-15IRH-Gaming:43707/): Traceback (most recent call last):
  File "/opt/ros/noetic/lib/python3/dist-packages/rospy/impl/tcpros_base.py", line 562, in connect
    self.read_header()
  File "/opt/ros/noetic/lib/python3/dist-packages/rospy/impl/tcpros_base.py", line 657, in read_header
    self._validate_header(read_ros_handshake_header(sock, self.read_buff, self.protocol.buff_size))
  File "/opt/ros/noetic/lib/python3/dist-packages/rospy/impl/tcpros_base.py", line 600, in _validate_header
    raise TransportInitError("remote error reported: %s"%header['error'])
rospy.exceptions.TransportInitError: remote error reported: received a connection for a nonexistent topic [/clock] from [TCPROS connection on port 49381 to [127.0.0.1:50426 on socket 17]] [/rqt_gui_py_node_16274].

[rospy.internal][INFO] 2022-01-07 10:51:37,904: topic[/robot1/cmd_vel] removing connection to /gazebo
[rospy.internal][INFO] 2022-01-07 10:51:37,904: topic[/robot2/cmd_vel] removing connection to /gazebo
[rospy.internal][INFO] 2022-01-07 10:51:37,905: topic[/robot3/cmd_vel] removing connection to /gazebo
[rospy.internal][INFO] 2022-01-07 10:51:38,164: topic impl's ref count is zero, deleting topic /grid3/droppingCompleted...
[rospy.internal][INFO] 2022-01-07 10:51:38,165: topic impl's ref count is zero, deleting topic /grid3/packageLoaded...
[rospy.internal][INFO] 2022-01-07 10:51:38,166: topic impl's ref count is zero, deleting topic /robot1/cmd_vel...
[rospy.internal][INFO] 2022-01-07 10:51:38,167: topic impl's ref count is zero, deleting topic /robot2/cmd_vel...
[rospy.internal][INFO] 2022-01-07 10:51:38,167: topic impl's ref count is zero, deleting topic /robot3/cmd_vel...
[rospy.internal][INFO] 2022-01-07 10:51:38,168: topic impl's ref count is zero, deleting topic /robot4/cmd_ve...
[rospy.core][INFO] 2022-01-07 10:51:38,197: signal_shutdown [atexit]
[rospy.internal][INFO] 2022-01-07 10:51:38,198: topic[/rosout] removing connection to /rosout
[rospy.internal][INFO] 2022-01-07 10:51:38,199: topic[/clock] removing connection to http://prajwal-IdeaPad-L340-15IRH-Gaming:43707/
[rospy.impl.masterslave][INFO] 2022-01-07 10:51:38,199: atexit
