[rospy.client][INFO] 2022-01-07 11:02:58,176: init_node, name[/rqt_gui_py_node_19902], pid[19902]
[xmlrpc][INFO] 2022-01-07 11:02:58,176: XML-RPC server binding to 0.0.0.0:0
[xmlrpc][INFO] 2022-01-07 11:02:58,176: Started XML-RPC server [http://prajwal-IdeaPad-L340-15IRH-Gaming:41965/]
[rospy.impl.masterslave][INFO] 2022-01-07 11:02:58,176: _ready: http://prajwal-IdeaPad-L340-15IRH-Gaming:41965/
[rospy.init][INFO] 2022-01-07 11:02:58,176: ROS Slave URI: [http://prajwal-IdeaPad-L340-15IRH-Gaming:41965/]
[rospy.registration][INFO] 2022-01-07 11:02:58,177: Registering with master node http://localhost:11311
[xmlrpc][INFO] 2022-01-07 11:02:58,177: xml rpc node: starting XML-RPC server
[rospy.init][INFO] 2022-01-07 11:02:58,277: registered with master
[rospy.rosout][INFO] 2022-01-07 11:02:58,277: initializing /rosout core topic
[rospy.rosout][INFO] 2022-01-07 11:02:58,279: connected to core topic /rosout
[rospy.simtime][INFO] 2022-01-07 11:02:58,281: initializing /clock core topic
[rospy.simtime][INFO] 2022-01-07 11:02:58,284: connected to core topic /clock
[rospy.internal][INFO] 2022-01-07 11:02:58,288: topic[/clock] adding connection to [http://prajwal-IdeaPad-L340-15IRH-Gaming:36697/], count 0
[rospy.internal][INFO] 2022-01-07 11:02:58,559: topic[/rosout] adding connection to [/rosout], count 0
[rospy.internal][INFO] 2022-01-07 11:02:58,862: topic[/robot1/cmd_vel] adding connection to [/gazebo], count 0
[rospy.internal][INFO] 2022-01-07 11:02:58,863: topic[/robot2/cmd_vel] adding connection to [/gazebo], count 0
[rospy.internal][INFO] 2022-01-07 11:02:58,863: topic[/robot3/cmd_vel] adding connection to [/gazebo], count 0
[rospy.internal][ERROR] 2022-01-07 11:19:37,389: Unable to initiate TCP/IP socket to prajwal-IdeaPad-L340-15IRH-Gaming:40831 (http://prajwal-IdeaPad-L340-15IRH-Gaming:36697/): Traceback (most recent call last):
  File "/opt/ros/noetic/lib/python3/dist-packages/rospy/impl/tcpros_base.py", line 562, in connect
    self.read_header()
  File "/opt/ros/noetic/lib/python3/dist-packages/rospy/impl/tcpros_base.py", line 657, in read_header
    self._validate_header(read_ros_handshake_header(sock, self.read_buff, self.protocol.buff_size))
  File "/opt/ros/noetic/lib/python3/dist-packages/rospy/impl/tcpros_base.py", line 600, in _validate_header
    raise TransportInitError("remote error reported: %s"%header['error'])
rospy.exceptions.TransportInitError: remote error reported: received a connection for a nonexistent topic [/clock] from [TCPROS connection on port 40831 to [127.0.0.1:48896 on socket 17]] [/rqt_gui_py_node_19902].

[rospy.internal][INFO] 2022-01-07 11:19:37,625: topic[/robot1/cmd_vel] removing connection to /gazebo
[rospy.internal][INFO] 2022-01-07 11:19:37,626: topic[/robot2/cmd_vel] removing connection to /gazebo
[rospy.internal][INFO] 2022-01-07 11:19:37,626: topic[/robot3/cmd_vel] removing connection to /gazebo
[rospy.internal][WARNING] 2022-01-07 11:19:38,391: Unknown error initiating TCP/IP socket to prajwal-IdeaPad-L340-15IRH-Gaming:40831 (http://prajwal-IdeaPad-L340-15IRH-Gaming:36697/): Traceback (most recent call last):
  File "/opt/ros/noetic/lib/python3/dist-packages/rospy/impl/tcpros_base.py", line 560, in connect
    self.socket.connect((dest_addr, dest_port))
ConnectionRefusedError: [Errno 111] Connection refused

[rospy.internal][INFO] 2022-01-07 11:19:38,392: topic[/clock] removing connection to http://prajwal-IdeaPad-L340-15IRH-Gaming:36697/
[rospy.internal][INFO] 2022-01-07 11:19:40,064: topic impl's ref count is zero, deleting topic /grid3/droppingCompleted...
[rospy.internal][INFO] 2022-01-07 11:19:40,065: topic impl's ref count is zero, deleting topic /grid3/packageLoaded...
[rospy.internal][INFO] 2022-01-07 11:19:40,066: topic impl's ref count is zero, deleting topic /robot1/cmd_vel...
[rospy.internal][INFO] 2022-01-07 11:19:40,067: topic impl's ref count is zero, deleting topic /robot2/cmd_vel...
[rospy.internal][INFO] 2022-01-07 11:19:40,067: topic impl's ref count is zero, deleting topic /robot3/cmd_vel...
[rospy.internal][INFO] 2022-01-07 11:19:40,068: topic impl's ref count is zero, deleting topic /robot4/cmd_ve...
[rospy.core][INFO] 2022-01-07 11:19:40,097: signal_shutdown [atexit]
[rospy.internal][INFO] 2022-01-07 11:19:40,098: topic[/rosout] removing connection to /rosout
[rospy.impl.masterslave][INFO] 2022-01-07 11:19:40,098: atexit
