[rospy.client][INFO] 2022-01-07 11:22:01,837: init_node, name[/rqt_gui_py_node_22188], pid[22188]
[xmlrpc][INFO] 2022-01-07 11:22:01,837: XML-RPC server binding to 0.0.0.0:0
[xmlrpc][INFO] 2022-01-07 11:22:01,837: Started XML-RPC server [http://prajwal-IdeaPad-L340-15IRH-Gaming:45191/]
[rospy.impl.masterslave][INFO] 2022-01-07 11:22:01,837: _ready: http://prajwal-IdeaPad-L340-15IRH-Gaming:45191/
[rospy.init][INFO] 2022-01-07 11:22:01,838: ROS Slave URI: [http://prajwal-IdeaPad-L340-15IRH-Gaming:45191/]
[rospy.registration][INFO] 2022-01-07 11:22:01,838: Registering with master node http://localhost:11311
[xmlrpc][INFO] 2022-01-07 11:22:01,838: xml rpc node: starting XML-RPC server
[rospy.init][INFO] 2022-01-07 11:22:01,938: registered with master
[rospy.rosout][INFO] 2022-01-07 11:22:01,938: initializing /rosout core topic
[rospy.rosout][INFO] 2022-01-07 11:22:01,940: connected to core topic /rosout
[rospy.simtime][INFO] 2022-01-07 11:22:01,942: initializing /clock core topic
[rospy.simtime][INFO] 2022-01-07 11:22:01,945: connected to core topic /clock
[rospy.internal][INFO] 2022-01-07 11:22:01,948: topic[/clock] adding connection to [http://prajwal-IdeaPad-L340-15IRH-Gaming:33385/], count 0
[rospy.internal][INFO] 2022-01-07 11:22:02,188: topic[/rosout] adding connection to [/rosout], count 0
[rospy.internal][INFO] 2022-01-07 11:22:02,506: topic[/robot1/cmd_vel] adding connection to [/gazebo], count 0
[rospy.internal][INFO] 2022-01-07 11:22:02,506: topic[/robot2/cmd_vel] adding connection to [/gazebo], count 0
[rospy.internal][INFO] 2022-01-07 11:22:02,606: topic[/robot3/cmd_vel] adding connection to [/gazebo], count 0
[rospy.internal][INFO] 2022-01-07 11:32:47,766: topic impl's ref count is zero, deleting topic /grid3/droppingCompleted...
[rospy.internal][INFO] 2022-01-07 11:32:47,768: topic impl's ref count is zero, deleting topic /grid3/packageLoaded...
[rospy.internal][INFO] 2022-01-07 11:32:47,771: topic impl's ref count is zero, deleting topic /robot1/cmd_vel...
[rospy.internal][INFO] 2022-01-07 11:32:47,771: topic[/robot1/cmd_vel] removing connection to /gazebo
[rospy.internal][INFO] 2022-01-07 11:32:47,773: topic impl's ref count is zero, deleting topic /robot2/cmd_vel...
[rospy.internal][INFO] 2022-01-07 11:32:47,774: topic[/robot2/cmd_vel] removing connection to /gazebo
[rospy.internal][INFO] 2022-01-07 11:32:47,776: topic impl's ref count is zero, deleting topic /robot3/cmd_vel...
[rospy.internal][INFO] 2022-01-07 11:32:47,776: topic[/robot3/cmd_vel] removing connection to /gazebo
[rospy.internal][INFO] 2022-01-07 11:32:47,778: topic impl's ref count is zero, deleting topic /robot4/cmd_ve...
[rospy.core][INFO] 2022-01-07 11:32:47,827: signal_shutdown [atexit]
[rospy.internal][INFO] 2022-01-07 11:32:47,829: topic[/rosout] removing connection to /rosout
[rospy.internal][INFO] 2022-01-07 11:32:47,829: topic[/clock] removing connection to http://prajwal-IdeaPad-L340-15IRH-Gaming:33385/
[rospy.impl.masterslave][INFO] 2022-01-07 11:32:47,829: atexit
