[rospy.client][INFO] 2022-01-07 10:58:55,628: init_node, name[/rqt_gui_py_node_19172], pid[19172]
[xmlrpc][INFO] 2022-01-07 10:58:55,628: XML-RPC server binding to 0.0.0.0:0
[xmlrpc][INFO] 2022-01-07 10:58:55,628: Started XML-RPC server [http://prajwal-IdeaPad-L340-15IRH-Gaming:33877/]
[rospy.impl.masterslave][INFO] 2022-01-07 10:58:55,628: _ready: http://prajwal-IdeaPad-L340-15IRH-Gaming:33877/
[rospy.registration][INFO] 2022-01-07 10:58:55,629: Registering with master node http://localhost:11311
[rospy.init][INFO] 2022-01-07 10:58:55,629: ROS Slave URI: [http://prajwal-IdeaPad-L340-15IRH-Gaming:33877/]
[xmlrpc][INFO] 2022-01-07 10:58:55,629: xml rpc node: starting XML-RPC server
[rospy.init][INFO] 2022-01-07 10:58:55,629: registered with master
[rospy.rosout][INFO] 2022-01-07 10:58:55,629: initializing /rosout core topic
[rospy.rosout][INFO] 2022-01-07 10:58:55,630: connected to core topic /rosout
[rospy.simtime][INFO] 2022-01-07 10:58:55,630: initializing /clock core topic
[rospy.simtime][INFO] 2022-01-07 10:58:55,631: connected to core topic /clock
[rospy.internal][INFO] 2022-01-07 10:58:55,632: topic[/clock] adding connection to [http://prajwal-IdeaPad-L340-15IRH-Gaming:41039/], count 0
[rospy.internal][INFO] 2022-01-07 10:58:55,859: topic[/rosout] adding connection to [/rosout], count 0
[rospy.internal][INFO] 2022-01-07 10:58:56,227: topic[/robot1/cmd_vel] adding connection to [/gazebo], count 0
[rospy.internal][INFO] 2022-01-07 10:58:56,228: topic[/robot2/cmd_vel] adding connection to [/gazebo], count 0
[rospy.internal][INFO] 2022-01-07 10:58:56,228: topic[/robot3/cmd_vel] adding connection to [/gazebo], count 0
[rospy.internal][INFO] 2022-01-07 11:00:48,065: topic impl's ref count is zero, deleting topic /grid3/droppingCompleted...
[rospy.internal][INFO] 2022-01-07 11:00:48,067: topic impl's ref count is zero, deleting topic /grid3/packageLoaded...
[rospy.internal][INFO] 2022-01-07 11:00:48,069: topic impl's ref count is zero, deleting topic /robot1/cmd_vel...
[rospy.internal][INFO] 2022-01-07 11:00:48,070: topic[/robot1/cmd_vel] removing connection to /gazebo
[rospy.internal][INFO] 2022-01-07 11:00:48,072: topic impl's ref count is zero, deleting topic /robot2/cmd_vel...
[rospy.internal][INFO] 2022-01-07 11:00:48,072: topic[/robot2/cmd_vel] removing connection to /gazebo
[rospy.internal][INFO] 2022-01-07 11:00:48,074: topic impl's ref count is zero, deleting topic /robot3/cmd_vel...
[rospy.internal][INFO] 2022-01-07 11:00:48,074: topic[/robot3/cmd_vel] removing connection to /gazebo
[rospy.internal][INFO] 2022-01-07 11:00:48,076: topic impl's ref count is zero, deleting topic /robot4/cmd_ve...
[rospy.core][INFO] 2022-01-07 11:00:48,128: signal_shutdown [atexit]
[rospy.internal][INFO] 2022-01-07 11:00:48,130: topic[/rosout] removing connection to /rosout
[rospy.internal][INFO] 2022-01-07 11:00:48,130: topic[/clock] removing connection to http://prajwal-IdeaPad-L340-15IRH-Gaming:41039/
[rospy.impl.masterslave][INFO] 2022-01-07 11:00:48,131: atexit
