[rospy.client][INFO] 2022-01-07 11:20:16,190: init_node, name[/rqt_gui_py_node_21608], pid[21608]
[xmlrpc][INFO] 2022-01-07 11:20:16,190: XML-RPC server binding to 0.0.0.0:0
[xmlrpc][INFO] 2022-01-07 11:20:16,190: Started XML-RPC server [http://prajwal-IdeaPad-L340-15IRH-Gaming:43291/]
[rospy.init][INFO] 2022-01-07 11:20:16,190: ROS Slave URI: [http://prajwal-IdeaPad-L340-15IRH-Gaming:43291/]
[rospy.impl.masterslave][INFO] 2022-01-07 11:20:16,190: _ready: http://prajwal-IdeaPad-L340-15IRH-Gaming:43291/
[rospy.registration][INFO] 2022-01-07 11:20:16,191: Registering with master node http://localhost:11311
[xmlrpc][INFO] 2022-01-07 11:20:16,191: xml rpc node: starting XML-RPC server
[rospy.init][INFO] 2022-01-07 11:20:16,290: registered with master
[rospy.rosout][INFO] 2022-01-07 11:20:16,291: initializing /rosout core topic
[rospy.rosout][INFO] 2022-01-07 11:20:16,292: connected to core topic /rosout
[rospy.simtime][INFO] 2022-01-07 11:20:16,292: initializing /clock core topic
[rospy.simtime][INFO] 2022-01-07 11:20:16,293: connected to core topic /clock
[rospy.internal][INFO] 2022-01-07 11:20:16,295: topic[/clock] adding connection to [http://prajwal-IdeaPad-L340-15IRH-Gaming:33129/], count 0
[rospy.internal][INFO] 2022-01-07 11:20:16,497: topic[/rosout] adding connection to [/rosout], count 0
[rospy.internal][INFO] 2022-01-07 11:20:16,900: topic[/robot1/cmd_vel] adding connection to [/gazebo], count 0
[rospy.internal][INFO] 2022-01-07 11:20:16,900: topic[/robot2/cmd_vel] adding connection to [/gazebo], count 0
[rospy.internal][INFO] 2022-01-07 11:20:16,901: topic[/robot3/cmd_vel] adding connection to [/gazebo], count 0
[rospy.internal][INFO] 2022-01-07 11:21:02,464: topic impl's ref count is zero, deleting topic /grid3/droppingCompleted...
[rospy.internal][INFO] 2022-01-07 11:21:02,465: topic impl's ref count is zero, deleting topic /grid3/packageLoaded...
[rospy.internal][INFO] 2022-01-07 11:21:02,467: topic impl's ref count is zero, deleting topic /robot1/cmd_vel...
[rospy.internal][INFO] 2022-01-07 11:21:02,467: topic[/robot1/cmd_vel] removing connection to /gazebo
[rospy.internal][INFO] 2022-01-07 11:21:02,469: topic impl's ref count is zero, deleting topic /robot2/cmd_vel...
[rospy.internal][INFO] 2022-01-07 11:21:02,469: topic[/robot2/cmd_vel] removing connection to /gazebo
[rospy.internal][INFO] 2022-01-07 11:21:02,471: topic impl's ref count is zero, deleting topic /robot3/cmd_vel...
[rospy.internal][INFO] 2022-01-07 11:21:02,471: topic[/robot3/cmd_vel] removing connection to /gazebo
[rospy.internal][INFO] 2022-01-07 11:21:02,473: topic impl's ref count is zero, deleting topic /robot4/cmd_ve...
[rospy.core][INFO] 2022-01-07 11:21:02,536: signal_shutdown [atexit]
[rospy.internal][INFO] 2022-01-07 11:21:02,540: topic[/rosout] removing connection to /rosout
[rospy.internal][INFO] 2022-01-07 11:21:02,540: topic[/clock] removing connection to http://prajwal-IdeaPad-L340-15IRH-Gaming:33129/
[rospy.impl.masterslave][INFO] 2022-01-07 11:21:02,540: atexit
