[rospy.client][INFO] 2022-01-08 13:40:21,525: init_node, name[/show_robots_33353_1641629421498], pid[33353]
[xmlrpc][INFO] 2022-01-08 13:40:21,525: XML-RPC server binding to 0.0.0.0:0
[xmlrpc][INFO] 2022-01-08 13:40:21,525: Started XML-RPC server [http://prajwal-IdeaPad-L340-15IRH-Gaming:35039/]
[rospy.init][INFO] 2022-01-08 13:40:21,525: ROS Slave URI: [http://prajwal-IdeaPad-L340-15IRH-Gaming:35039/]
[rospy.impl.masterslave][INFO] 2022-01-08 13:40:21,525: _ready: http://prajwal-IdeaPad-L340-15IRH-Gaming:35039/
[rospy.registration][INFO] 2022-01-08 13:40:21,526: Registering with master node http://localhost:11311
[xmlrpc][INFO] 2022-01-08 13:40:21,526: xml rpc node: starting XML-RPC server
[rospy.init][INFO] 2022-01-08 13:40:21,626: registered with master
[rospy.rosout][INFO] 2022-01-08 13:40:21,626: initializing /rosout core topic
[rospy.rosout][INFO] 2022-01-08 13:40:21,633: connected to core topic /rosout
[rospy.simtime][INFO] 2022-01-08 13:40:21,636: initializing /clock core topic
[rospy.simtime][INFO] 2022-01-08 13:40:21,640: connected to core topic /clock
[rospy.internal][INFO] 2022-01-08 13:40:21,644: topic[/clock] adding connection to [http://prajwal-IdeaPad-L340-15IRH-Gaming:45613/], count 0
[rospy.internal][INFO] 2022-01-08 13:40:21,651: topic[/grid3/allRobots/poses] adding connection to [http://prajwal-IdeaPad-L340-15IRH-Gaming:35871/], count 0
[rospy.internal][INFO] 2022-01-08 13:40:21,874: topic[/rosout] adding connection to [/rosout], count 0
[rospy.internal][INFO] 2022-01-08 13:40:21,875: topic[/grid3/displayrobot] adding connection to [/rviz], count 0
[rospy.internal][INFO] 2022-01-08 13:41:41,671: topic[/grid3/displayrobot] removing connection to /rviz
[rospy.internal][INFO] 2022-01-08 13:41:45,190: topic[/grid3/displayrobot] adding connection to [/rviz], count 0
[rospy.internal][INFO] 2022-01-08 13:42:41,371: topic[/grid3/displayrobot] removing connection to /rviz
[rospy.internal][INFO] 2022-01-08 13:42:44,843: topic[/grid3/displayrobot] adding connection to [/rviz], count 0
[rospy.core][INFO] 2022-01-08 13:46:39,776: signal_shutdown [signal-2]
[rospy.internal][INFO] 2022-01-08 13:46:39,780: topic[/rosout] removing connection to /rosout
[rospy.internal][INFO] 2022-01-08 13:46:39,781: topic[/grid3/displayrobot] removing connection to /rviz
[rospy.internal][INFO] 2022-01-08 13:46:39,781: topic[/clock] removing connection to http://prajwal-IdeaPad-L340-15IRH-Gaming:45613/
[rospy.internal][INFO] 2022-01-08 13:46:39,781: topic[/grid3/allRobots/poses] removing connection to http://prajwal-IdeaPad-L340-15IRH-Gaming:35871/
[rospy.impl.masterslave][INFO] 2022-01-08 13:46:39,782: signal-2
[rospy.internal][WARNING] 2022-01-08 13:46:39,782: Unknown error initiating TCP/IP socket to prajwal-IdeaPad-L340-15IRH-Gaming:43597 (http://prajwal-IdeaPad-L340-15IRH-Gaming:45613/): Traceback (most recent call last):
  File "/opt/ros/noetic/lib/python3/dist-packages/rospy/impl/tcpros_base.py", line 562, in connect
    self.read_header()
  File "/opt/ros/noetic/lib/python3/dist-packages/rospy/impl/tcpros_base.py", line 657, in read_header
    self._validate_header(read_ros_handshake_header(sock, self.read_buff, self.protocol.buff_size))
AttributeError: 'NoneType' object has no attribute 'buff_size'

[rospy.core][INFO] 2022-01-08 13:46:40,378: signal_shutdown [atexit]
