[rospy.client][INFO] 2022-01-08 13:37:38,422: init_node, name[/show_robots_33086_1641629258395], pid[33086]
[xmlrpc][INFO] 2022-01-08 13:37:38,422: XML-RPC server binding to 0.0.0.0:0
[xmlrpc][INFO] 2022-01-08 13:37:38,422: Started XML-RPC server [http://prajwal-IdeaPad-L340-15IRH-Gaming:40215/]
[rospy.impl.masterslave][INFO] 2022-01-08 13:37:38,422: _ready: http://prajwal-IdeaPad-L340-15IRH-Gaming:40215/
[rospy.init][INFO] 2022-01-08 13:37:38,422: ROS Slave URI: [http://prajwal-IdeaPad-L340-15IRH-Gaming:40215/]
[rospy.registration][INFO] 2022-01-08 13:37:38,423: Registering with master node http://localhost:11311
[xmlrpc][INFO] 2022-01-08 13:37:38,423: xml rpc node: starting XML-RPC server
[rospy.init][INFO] 2022-01-08 13:37:38,523: registered with master
[rospy.rosout][INFO] 2022-01-08 13:37:38,523: initializing /rosout core topic
[rospy.rosout][INFO] 2022-01-08 13:37:38,526: connected to core topic /rosout
[rospy.simtime][INFO] 2022-01-08 13:37:38,526: initializing /clock core topic
[rospy.simtime][INFO] 2022-01-08 13:37:38,527: connected to core topic /clock
[rospy.internal][INFO] 2022-01-08 13:37:38,528: topic[/clock] adding connection to [http://prajwal-IdeaPad-L340-15IRH-Gaming:45613/], count 0
[rospy.internal][INFO] 2022-01-08 13:37:38,737: topic[/rosout] adding connection to [/rosout], count 0
[rospy.internal][INFO] 2022-01-08 13:38:09,279: topic[/grid3/displayrobot] adding connection to [/rviz], count 0
[rospy.core][INFO] 2022-01-08 13:38:42,752: signal_shutdown [signal-2]
[rospy.internal][INFO] 2022-01-08 13:38:42,755: topic[/rosout] removing connection to /rosout
[rospy.internal][INFO] 2022-01-08 13:38:42,755: topic[/grid3/displayrobot] removing connection to /rviz
[rospy.internal][INFO] 2022-01-08 13:38:42,755: topic[/clock] removing connection to http://prajwal-IdeaPad-L340-15IRH-Gaming:45613/
[rospy.impl.masterslave][INFO] 2022-01-08 13:38:42,756: signal-2
[rospy.core][INFO] 2022-01-08 13:38:43,353: signal_shutdown [atexit]
