[rospy.client][INFO] 2022-01-08 13:39:42,022: init_node, name[/show_robots_33305_1641629381996], pid[33305]
[xmlrpc][INFO] 2022-01-08 13:39:42,022: XML-RPC server binding to 0.0.0.0:0
[xmlrpc][INFO] 2022-01-08 13:39:42,022: Started XML-RPC server [http://prajwal-IdeaPad-L340-15IRH-Gaming:37595/]
[rospy.impl.masterslave][INFO] 2022-01-08 13:39:42,022: _ready: http://prajwal-IdeaPad-L340-15IRH-Gaming:37595/
[rospy.init][INFO] 2022-01-08 13:39:42,023: ROS Slave URI: [http://prajwal-IdeaPad-L340-15IRH-Gaming:37595/]
[rospy.registration][INFO] 2022-01-08 13:39:42,023: Registering with master node http://localhost:11311
[xmlrpc][INFO] 2022-01-08 13:39:42,023: xml rpc node: starting XML-RPC server
[rospy.init][INFO] 2022-01-08 13:39:42,123: registered with master
[rospy.rosout][INFO] 2022-01-08 13:39:42,123: initializing /rosout core topic
[rospy.rosout][INFO] 2022-01-08 13:39:42,127: connected to core topic /rosout
[rospy.simtime][INFO] 2022-01-08 13:39:42,127: initializing /clock core topic
[rospy.simtime][INFO] 2022-01-08 13:39:42,129: connected to core topic /clock
[rospy.internal][INFO] 2022-01-08 13:39:42,131: topic[/clock] adding connection to [http://prajwal-IdeaPad-L340-15IRH-Gaming:45613/], count 0
[rospy.internal][INFO] 2022-01-08 13:39:42,137: topic[/grid3/allRobots/poses] adding connection to [http://prajwal-IdeaPad-L340-15IRH-Gaming:35871/], count 0
[rospy.internal][INFO] 2022-01-08 13:39:42,416: topic[/grid3/displayrobot] adding connection to [/rviz], count 0
[rospy.internal][INFO] 2022-01-08 13:39:42,417: topic[/rosout] adding connection to [/rosout], count 0
[rospy.core][INFO] 2022-01-08 13:40:19,984: signal_shutdown [signal-2]
[rospy.internal][INFO] 2022-01-08 13:40:19,988: topic[/rosout] removing connection to /rosout
[rospy.internal][INFO] 2022-01-08 13:40:19,988: topic[/grid3/displayrobot] removing connection to /rviz
[rospy.internal][INFO] 2022-01-08 13:40:19,988: topic[/clock] removing connection to http://prajwal-IdeaPad-L340-15IRH-Gaming:45613/
[rospy.internal][INFO] 2022-01-08 13:40:19,988: topic[/grid3/allRobots/poses] removing connection to http://prajwal-IdeaPad-L340-15IRH-Gaming:35871/
[rospy.impl.masterslave][INFO] 2022-01-08 13:40:19,988: signal-2
[rospy.core][INFO] 2022-01-08 13:40:20,585: signal_shutdown [atexit]
