[rospy.client][INFO] 2022-01-08 13:46:41,355: init_node, name[/show_robots_34010_1641629801328], pid[34010]
[xmlrpc][INFO] 2022-01-08 13:46:41,356: XML-RPC server binding to 0.0.0.0:0
[xmlrpc][INFO] 2022-01-08 13:46:41,356: Started XML-RPC server [http://prajwal-IdeaPad-L340-15IRH-Gaming:45639/]
[rospy.init][INFO] 2022-01-08 13:46:41,356: ROS Slave URI: [http://prajwal-IdeaPad-L340-15IRH-Gaming:45639/]
[rospy.impl.masterslave][INFO] 2022-01-08 13:46:41,356: _ready: http://prajwal-IdeaPad-L340-15IRH-Gaming:45639/
[rospy.registration][INFO] 2022-01-08 13:46:41,356: Registering with master node http://localhost:11311
[xmlrpc][INFO] 2022-01-08 13:46:41,357: xml rpc node: starting XML-RPC server
[rospy.init][INFO] 2022-01-08 13:46:41,456: registered with master
[rospy.rosout][INFO] 2022-01-08 13:46:41,456: initializing /rosout core topic
[rospy.rosout][INFO] 2022-01-08 13:46:41,459: connected to core topic /rosout
[rospy.simtime][INFO] 2022-01-08 13:46:41,460: initializing /clock core topic
[rospy.simtime][INFO] 2022-01-08 13:46:41,461: connected to core topic /clock
[rospy.internal][INFO] 2022-01-08 13:46:41,463: topic[/clock] adding connection to [http://prajwal-IdeaPad-L340-15IRH-Gaming:45613/], count 0
[rospy.internal][INFO] 2022-01-08 13:46:41,467: topic[/grid3/allRobots/poses] adding connection to [http://prajwal-IdeaPad-L340-15IRH-Gaming:35871/], count 0
[rospy.internal][INFO] 2022-01-08 13:46:41,678: topic[/rosout] adding connection to [/rosout], count 0
[rospy.internal][INFO] 2022-01-08 13:46:41,678: topic[/grid3/displayrobot] adding connection to [/rviz], count 0
[rospy.core][INFO] 2022-01-08 13:47:17,597: signal_shutdown [signal-2]
[rospy.internal][INFO] 2022-01-08 13:47:17,600: topic[/rosout] removing connection to /rosout
[rospy.internal][INFO] 2022-01-08 13:47:17,601: topic[/grid3/displayrobot] removing connection to /rviz
[rospy.internal][INFO] 2022-01-08 13:47:17,601: topic[/clock] removing connection to http://prajwal-IdeaPad-L340-15IRH-Gaming:45613/
[rospy.internal][INFO] 2022-01-08 13:47:17,601: topic[/grid3/allRobots/poses] removing connection to http://prajwal-IdeaPad-L340-15IRH-Gaming:35871/
[rospy.impl.masterslave][INFO] 2022-01-08 13:47:17,602: signal-2
[rospy.internal][WARNING] 2022-01-08 13:47:17,602: Unknown error initiating TCP/IP socket to prajwal-IdeaPad-L340-15IRH-Gaming:43597 (http://prajwal-IdeaPad-L340-15IRH-Gaming:45613/): Traceback (most recent call last):
  File "/opt/ros/noetic/lib/python3/dist-packages/rospy/impl/tcpros_base.py", line 562, in connect
    self.read_header()
  File "/opt/ros/noetic/lib/python3/dist-packages/rospy/impl/tcpros_base.py", line 657, in read_header
    self._validate_header(read_ros_handshake_header(sock, self.read_buff, self.protocol.buff_size))
AttributeError: 'NoneType' object has no attribute 'buff_size'

[rospy.core][INFO] 2022-01-08 13:47:18,198: signal_shutdown [atexit]
