[rospy.client][INFO] 2022-01-07 09:56:35,157: init_node, name[/display_map], pid[9151]
[xmlrpc][INFO] 2022-01-07 09:56:35,157: XML-RPC server binding to 0.0.0.0:0
[xmlrpc][INFO] 2022-01-07 09:56:35,158: Started XML-RPC server [http://prajwal-IdeaPad-L340-15IRH-Gaming:45853/]
[rospy.init][INFO] 2022-01-07 09:56:35,158: ROS Slave URI: [http://prajwal-IdeaPad-L340-15IRH-Gaming:45853/]
[rospy.impl.masterslave][INFO] 2022-01-07 09:56:35,158: _ready: http://prajwal-IdeaPad-L340-15IRH-Gaming:45853/
[rospy.registration][INFO] 2022-01-07 09:56:35,158: Registering with master node http://localhost:11311
[xmlrpc][INFO] 2022-01-07 09:56:35,158: xml rpc node: starting XML-RPC server
[rospy.init][INFO] 2022-01-07 09:56:35,258: registered with master
[rospy.rosout][INFO] 2022-01-07 09:56:35,258: initializing /rosout core topic
[rospy.rosout][INFO] 2022-01-07 09:56:35,260: connected to core topic /rosout
[rospy.simtime][INFO] 2022-01-07 09:56:35,261: initializing /clock core topic
[rospy.simtime][INFO] 2022-01-07 09:56:35,262: connected to core topic /clock
[rospy.internal][INFO] 2022-01-07 09:56:35,263: topic[/clock] adding connection to [http://prajwal-IdeaPad-L340-15IRH-Gaming:42159/], count 0
[rospy.internal][INFO] 2022-01-07 09:56:35,506: topic[/rosout] adding connection to [/rosout], count 0
[rospy.internal][INFO] 2022-01-07 09:56:36,107: topic[/grid3/mat] adding connection to [/rviz], count 0
[rospy.core][INFO] 2022-01-07 09:58:30,695: signal_shutdown [signal-2]
[rospy.internal][INFO] 2022-01-07 09:58:30,697: topic[/rosout] removing connection to /rosout
[rospy.internal][INFO] 2022-01-07 09:58:30,697: topic[/grid3/mat] removing connection to /rviz
[rospy.internal][INFO] 2022-01-07 09:58:30,697: topic[/clock] removing connection to http://prajwal-IdeaPad-L340-15IRH-Gaming:42159/
[rospy.impl.masterslave][INFO] 2022-01-07 09:58:30,697: signal-2
[rospy.core][INFO] 2022-01-07 09:58:31,917: signal_shutdown [atexit]
