[rospy.client][INFO] 2022-01-07 09:56:28,411: init_node, name[/rqt_gui], pid[8989]
[xmlrpc][INFO] 2022-01-07 09:56:28,411: XML-RPC server binding to 0.0.0.0:0
[xmlrpc][INFO] 2022-01-07 09:56:28,411: Started XML-RPC server [http://prajwal-IdeaPad-L340-15IRH-Gaming:39595/]
[rospy.init][INFO] 2022-01-07 09:56:28,411: ROS Slave URI: [http://prajwal-IdeaPad-L340-15IRH-Gaming:39595/]
[rospy.impl.masterslave][INFO] 2022-01-07 09:56:28,411: _ready: http://prajwal-IdeaPad-L340-15IRH-Gaming:39595/
[rospy.registration][INFO] 2022-01-07 09:56:28,411: Registering with master node http://localhost:11311
[xmlrpc][INFO] 2022-01-07 09:56:28,411: xml rpc node: starting XML-RPC server
[rospy.init][INFO] 2022-01-07 09:56:28,511: registered with master
[rospy.rosout][INFO] 2022-01-07 09:56:28,512: initializing /rosout core topic
[rospy.rosout][INFO] 2022-01-07 09:56:28,512: connected to core topic /rosout
[rospy.simtime][INFO] 2022-01-07 09:56:28,513: initializing /clock core topic
[rospy.simtime][INFO] 2022-01-07 09:56:28,514: connected to core topic /clock
[rospy.internal][INFO] 2022-01-07 09:56:28,515: topic[/clock] adding connection to [http://prajwal-IdeaPad-L340-15IRH-Gaming:42159/], count 0
[rospy.internal][INFO] 2022-01-07 09:56:28,738: topic[/rosout] adding connection to [/rosout], count 0
[rospy.internal][INFO] 2022-01-07 09:56:28,896: topic[/grid3/droppingCompleted] adding connection to [/brain_9018_1641529587950], count 0
[rospy.internal][INFO] 2022-01-07 09:56:28,897: topic[/grid3/packageLoaded] adding connection to [/brain_9018_1641529587950], count 0
[rospy.internal][INFO] 2022-01-07 09:58:29,664: topic impl's ref count is zero, deleting topic /grid3/droppingCompleted...
[rospy.internal][INFO] 2022-01-07 09:58:29,664: topic[/grid3/droppingCompleted] removing connection to /brain_9018_1641529587950
[rospy.internal][INFO] 2022-01-07 09:58:29,665: topic impl's ref count is zero, deleting topic /grid3/packageLoaded...
[rospy.internal][INFO] 2022-01-07 09:58:29,666: topic[/grid3/packageLoaded] removing connection to /brain_9018_1641529587950
[rosout][WARNING] 2022-01-07 09:58:29,665: Could not process inbound connection: [/rqt_gui] is not a publisher of [/grid3/droppingCompleted]. Topics are [['/rosout', 'rosgraph_msgs/Log'], ['/grid3/packageLoaded', 'grid3/packageLoaded'], ['/robot1/cmd_ve', 'geometry_msgs/Twist'], ['/robot2/cmd_ve', 'geometry_msgs/Twist'], ['/robot3/cmd_ve', 'geometry_msgs/Twist'], ['/robot4/cmd_ve', 'geometry_msgs/Twist']]{'callerid': '/brain_9018_1641529587950', 'md5sum': '90041601f8236fdd572be94e8c0d4f45', 'message_definition': 'bool[] status', 'tcp_nodelay': '0', 'topic': '/grid3/droppingCompleted', 'type': 'grid3/droppingCompleted'}
[rosout][WARNING] 2022-01-07 09:58:29,666: Could not process inbound connection: [/rqt_gui] is not a publisher of [/grid3/packageLoaded]. Topics are [['/rosout', 'rosgraph_msgs/Log'], ['/robot1/cmd_ve', 'geometry_msgs/Twist'], ['/robot2/cmd_ve', 'geometry_msgs/Twist'], ['/robot3/cmd_ve', 'geometry_msgs/Twist'], ['/robot4/cmd_ve', 'geometry_msgs/Twist']]{'callerid': '/brain_9018_1641529587950', 'md5sum': '90041601f8236fdd572be94e8c0d4f45', 'message_definition': 'bool[] status', 'tcp_nodelay': '0', 'topic': '/grid3/packageLoaded', 'type': 'grid3/packageLoaded'}
[rospy.internal][INFO] 2022-01-07 09:58:29,668: topic impl's ref count is zero, deleting topic /robot1/cmd_ve...
[rospy.internal][INFO] 2022-01-07 09:58:29,670: topic impl's ref count is zero, deleting topic /robot2/cmd_ve...
[rospy.internal][INFO] 2022-01-07 09:58:29,672: topic impl's ref count is zero, deleting topic /robot3/cmd_ve...
[rospy.internal][INFO] 2022-01-07 09:58:29,673: topic impl's ref count is zero, deleting topic /robot4/cmd_ve...
[rospy.core][INFO] 2022-01-07 09:58:29,712: signal_shutdown [atexit]
[rospy.internal][INFO] 2022-01-07 09:58:29,714: topic[/rosout] removing connection to /rosout
[rospy.internal][INFO] 2022-01-07 09:58:29,714: topic[/clock] removing connection to http://prajwal-IdeaPad-L340-15IRH-Gaming:42159/
[rospy.impl.masterslave][INFO] 2022-01-07 09:58:29,714: atexit
