[rosmaster.main][INFO] 2022-01-06 22:12:14,520: initialization complete, waiting for shutdown
[rosmaster.main][INFO] 2022-01-06 22:12:14,521: Starting ROS Master Node
[xmlrpc][INFO] 2022-01-06 22:12:14,521: XML-RPC server binding to 0.0.0.0:11311
[xmlrpc][INFO] 2022-01-06 22:12:14,521: Started XML-RPC server [http://prajwal-IdeaPad-L340-15IRH-Gaming:11311/]
[rosmaster.master][INFO] 2022-01-06 22:12:14,522: Master initialized: port[11311], uri[http://prajwal-IdeaPad-L340-15IRH-Gaming:11311/]
[xmlrpc][INFO] 2022-01-06 22:12:14,522: xml rpc node: starting XML-RPC server
[rosmaster.master][INFO] 2022-01-06 22:12:14,606: +PARAM [/run_id] by /roslaunch
[rosmaster.master][INFO] 2022-01-06 22:12:14,606: +PARAM [/roslaunch/uris/host_prajwal_ideapad_l340_15irh_gaming__45783] by /roslaunch
[rosmaster.master][INFO] 2022-01-06 22:12:14,668: +PARAM [/rosversion] by /roslaunch
[rosmaster.master][INFO] 2022-01-06 22:12:14,668: +PARAM [/rosdistro] by /roslaunch
[rosmaster.master][INFO] 2022-01-06 22:12:14,675: +SERVICE [/rosout/get_loggers] /rosout http://prajwal-IdeaPad-L340-15IRH-Gaming:43049/
[rosmaster.master][INFO] 2022-01-06 22:12:14,676: +SERVICE [/rosout/set_logger_level] /rosout http://prajwal-IdeaPad-L340-15IRH-Gaming:43049/
[rosmaster.master][INFO] 2022-01-06 22:12:14,676: +PUB [/rosout_agg] /rosout http://prajwal-IdeaPad-L340-15IRH-Gaming:43049/
[rosmaster.master][INFO] 2022-01-06 22:12:14,678: +SUB [/rosout] /rosout http://prajwal-IdeaPad-L340-15IRH-Gaming:43049/
[rosmaster.master][INFO] 2022-01-06 22:12:14,976: -PUB [/rosout_agg] /rosout http://prajwal-IdeaPad-L340-15IRH-Gaming:43049/
[rosmaster.master][INFO] 2022-01-06 22:12:14,976: -SUB [/rosout] /rosout http://prajwal-IdeaPad-L340-15IRH-Gaming:43049/
[rosmaster.master][INFO] 2022-01-06 22:12:14,977: -SERVICE [/rosout/get_loggers] /rosout rosrpc://prajwal-IdeaPad-L340-15IRH-Gaming:59315
[rosmaster.master][INFO] 2022-01-06 22:12:14,977: -SERVICE [/rosout/set_logger_level] /rosout rosrpc://prajwal-IdeaPad-L340-15IRH-Gaming:59315
[rosmaster.main][INFO] 2022-01-06 22:12:14,991: keyboard interrupt, will exit
[rosmaster.main][INFO] 2022-01-06 22:12:14,991: stopping master...
[rospy.core][INFO] 2022-01-06 22:12:14,991: signal_shutdown [atexit]
