[rospy.client][INFO] 2022-01-06 22:31:55,636: init_node, name[/fake_pose_publisher], pid[16057]
[xmlrpc][INFO] 2022-01-06 22:31:55,636: XML-RPC server binding to 0.0.0.0:0
[xmlrpc][INFO] 2022-01-06 22:31:55,636: Started XML-RPC server [http://prajwal-IdeaPad-L340-15IRH-Gaming:45755/]
[rospy.init][INFO] 2022-01-06 22:31:55,637: ROS Slave URI: [http://prajwal-IdeaPad-L340-15IRH-Gaming:45755/]
[rospy.impl.masterslave][INFO] 2022-01-06 22:31:55,637: _ready: http://prajwal-IdeaPad-L340-15IRH-Gaming:45755/
[rospy.registration][INFO] 2022-01-06 22:31:55,637: Registering with master node http://localhost:11311
[xmlrpc][INFO] 2022-01-06 22:31:55,637: xml rpc node: starting XML-RPC server
[rospy.init][INFO] 2022-01-06 22:31:55,737: registered with master
[rospy.rosout][INFO] 2022-01-06 22:31:55,737: initializing /rosout core topic
[rospy.rosout][INFO] 2022-01-06 22:31:55,740: connected to core topic /rosout
[rospy.simtime][INFO] 2022-01-06 22:31:55,740: /use_sim_time is not set, will not subscribe to simulated time [/clock] topic
[rosout][INFO] 2022-01-06 22:31:55,750: publishing the poses
[rospy.internal][INFO] 2022-01-06 22:31:55,818: topic[/grid3/allRobots/poses] adding connection to [/trajectory_planner], count 0
[rospy.internal][INFO] 2022-01-06 22:31:55,908: topic[/grid3/allRobots/poses] adding connection to [/brain_16086_1641488515768], count 1
[rospy.internal][INFO] 2022-01-06 22:31:56,017: topic[/rosout] adding connection to [/rosout], count 0
[rosout][INFO] 2022-01-06 22:31:56,751: publishing the poses
[rosout][INFO] 2022-01-06 22:31:57,752: publishing the poses
[rosout][INFO] 2022-01-06 22:31:58,752: publishing the poses
[rosout][INFO] 2022-01-06 22:31:59,752: publishing the poses
[rosout][INFO] 2022-01-06 22:32:00,752: publishing the poses
[rosout][INFO] 2022-01-06 22:32:01,752: publishing the poses
[rosout][INFO] 2022-01-06 22:32:02,752: publishing the poses
[rosout][INFO] 2022-01-06 22:32:03,752: publishing the poses
[rosout][INFO] 2022-01-06 22:32:04,752: publishing the poses
[rosout][INFO] 2022-01-06 22:32:05,752: publishing the poses
[rosout][INFO] 2022-01-06 22:32:06,752: publishing the poses
[rosout][INFO] 2022-01-06 22:32:07,751: publishing the poses
[rosout][INFO] 2022-01-06 22:32:08,752: publishing the poses
[rosout][INFO] 2022-01-06 22:32:09,752: publishing the poses
[rosout][INFO] 2022-01-06 22:32:10,752: publishing the poses
[rosout][INFO] 2022-01-06 22:32:11,752: publishing the poses
[rosout][INFO] 2022-01-06 22:32:12,752: publishing the poses
[rosout][INFO] 2022-01-06 22:32:13,751: publishing the poses
[rosout][INFO] 2022-01-06 22:32:14,752: publishing the poses
[rosout][INFO] 2022-01-06 22:32:15,752: publishing the poses
[rosout][INFO] 2022-01-06 22:32:16,752: publishing the poses
[rosout][INFO] 2022-01-06 22:32:17,752: publishing the poses
[rosout][INFO] 2022-01-06 22:32:18,752: publishing the poses
[rosout][INFO] 2022-01-06 22:32:19,752: publishing the poses
[rosout][INFO] 2022-01-06 22:32:20,752: publishing the poses
[rosout][INFO] 2022-01-06 22:32:21,751: publishing the poses
[rosout][INFO] 2022-01-06 22:32:22,752: publishing the poses
[rosout][INFO] 2022-01-06 22:32:23,751: publishing the poses
[rosout][INFO] 2022-01-06 22:32:24,752: publishing the poses
[rosout][INFO] 2022-01-06 22:32:25,752: publishing the poses
[rosout][INFO] 2022-01-06 22:32:26,752: publishing the poses
[rosout][INFO] 2022-01-06 22:32:27,752: publishing the poses
[rosout][INFO] 2022-01-06 22:32:28,751: publishing the poses
[rosout][INFO] 2022-01-06 22:32:29,751: publishing the poses
[rosout][INFO] 2022-01-06 22:32:30,752: publishing the poses
[rosout][INFO] 2022-01-06 22:32:31,752: publishing the poses
[rosout][INFO] 2022-01-06 22:32:32,752: publishing the poses
[rosout][INFO] 2022-01-06 22:32:33,752: publishing the poses
[rosout][INFO] 2022-01-06 22:32:34,752: publishing the poses
[rosout][INFO] 2022-01-06 22:32:35,751: publishing the poses
[rospy.internal][INFO] 2022-01-06 22:32:35,771: topic[/grid3/allRobots/poses] removing connection to /brain_16086_1641488515768
[rosout][INFO] 2022-01-06 22:32:36,752: publishing the poses
[rospy.core][INFO] 2022-01-06 22:32:37,016: signal_shutdown [signal-2]
[rospy.internal][INFO] 2022-01-06 22:32:37,025: topic[/rosout] removing connection to /rosout
[rospy.internal][INFO] 2022-01-06 22:32:37,025: topic[/grid3/allRobots/poses] removing connection to /trajectory_planner
[rospy.impl.masterslave][INFO] 2022-01-06 22:32:37,025: signal-2
[rospy.core][INFO] 2022-01-06 22:32:37,751: signal_shutdown [atexit]
