[rospy.client][INFO] 2022-01-06 20:07:31,932: init_node, name[/display_map], pid[5394]
[xmlrpc][INFO] 2022-01-06 20:07:31,932: XML-RPC server binding to 0.0.0.0:0
[xmlrpc][INFO] 2022-01-06 20:07:31,932: Started XML-RPC server [http://prajwal-IdeaPad-L340-15IRH-Gaming:46671/]
[rospy.impl.masterslave][INFO] 2022-01-06 20:07:31,932: _ready: http://prajwal-IdeaPad-L340-15IRH-Gaming:46671/
[rospy.init][INFO] 2022-01-06 20:07:31,933: ROS Slave URI: [http://prajwal-IdeaPad-L340-15IRH-Gaming:46671/]
[rospy.registration][INFO] 2022-01-06 20:07:31,933: Registering with master node http://localhost:11311
[xmlrpc][INFO] 2022-01-06 20:07:31,933: xml rpc node: starting XML-RPC server
[rospy.init][INFO] 2022-01-06 20:07:32,033: registered with master
[rospy.rosout][INFO] 2022-01-06 20:07:32,033: initializing /rosout core topic
[rospy.rosout][INFO] 2022-01-06 20:07:32,035: connected to core topic /rosout
[rospy.simtime][INFO] 2022-01-06 20:07:32,036: initializing /clock core topic
[rospy.simtime][INFO] 2022-01-06 20:07:32,037: connected to core topic /clock
[rospy.internal][INFO] 2022-01-06 20:07:32,038: topic[/clock] adding connection to [http://prajwal-IdeaPad-L340-15IRH-Gaming:36257/], count 0
[rospy.internal][INFO] 2022-01-06 20:07:32,249: topic[/rosout] adding connection to [/rosout], count 0
[rospy.internal][INFO] 2022-01-06 20:07:32,851: topic[/grid3/mat] adding connection to [/rviz], count 0
[rospy.core][INFO] 2022-01-06 20:12:33,746: signal_shutdown [signal-2]
[rospy.internal][INFO] 2022-01-06 20:12:33,749: topic[/rosout] removing connection to /rosout
[rospy.internal][INFO] 2022-01-06 20:12:33,750: topic[/grid3/mat] removing connection to /rviz
[rospy.internal][INFO] 2022-01-06 20:12:33,750: topic[/clock] removing connection to http://prajwal-IdeaPad-L340-15IRH-Gaming:36257/
[rospy.impl.masterslave][INFO] 2022-01-06 20:12:33,750: signal-2
[rospy.internal][WARNING] 2022-01-06 20:12:33,751: Unknown error initiating TCP/IP socket to prajwal-IdeaPad-L340-15IRH-Gaming:35089 (http://prajwal-IdeaPad-L340-15IRH-Gaming:36257/): Traceback (most recent call last):
  File "/opt/ros/noetic/lib/python3/dist-packages/rospy/impl/tcpros_base.py", line 562, in connect
    self.read_header()
  File "/opt/ros/noetic/lib/python3/dist-packages/rospy/impl/tcpros_base.py", line 657, in read_header
    self._validate_header(read_ros_handshake_header(sock, self.read_buff, self.protocol.buff_size))
AttributeError: 'NoneType' object has no attribute 'buff_size'

[rospy.core][INFO] 2022-01-06 20:12:35,068: signal_shutdown [atexit]
[rospy.client][INFO] 2022-01-06 20:14:12,519: init_node, name[/display_map], pid[6770]
[xmlrpc][INFO] 2022-01-06 20:14:12,519: XML-RPC server binding to 0.0.0.0:0
[xmlrpc][INFO] 2022-01-06 20:14:12,519: Started XML-RPC server [http://prajwal-IdeaPad-L340-15IRH-Gaming:42215/]
[rospy.init][INFO] 2022-01-06 20:14:12,520: ROS Slave URI: [http://prajwal-IdeaPad-L340-15IRH-Gaming:42215/]
[rospy.impl.masterslave][INFO] 2022-01-06 20:14:12,520: _ready: http://prajwal-IdeaPad-L340-15IRH-Gaming:42215/
[rospy.registration][INFO] 2022-01-06 20:14:12,520: Registering with master node http://localhost:11311
[xmlrpc][INFO] 2022-01-06 20:14:12,520: xml rpc node: starting XML-RPC server
[rospy.init][INFO] 2022-01-06 20:14:12,620: registered with master
[rospy.rosout][INFO] 2022-01-06 20:14:12,620: initializing /rosout core topic
[rospy.rosout][INFO] 2022-01-06 20:14:12,622: connected to core topic /rosout
[rospy.simtime][INFO] 2022-01-06 20:14:12,623: initializing /clock core topic
[rospy.simtime][INFO] 2022-01-06 20:14:12,624: connected to core topic /clock
[rospy.internal][INFO] 2022-01-06 20:14:12,625: topic[/clock] adding connection to [http://prajwal-IdeaPad-L340-15IRH-Gaming:36257/], count 0
[rospy.internal][INFO] 2022-01-06 20:14:12,905: topic[/rosout] adding connection to [/rosout], count 0
[rospy.internal][INFO] 2022-01-06 20:14:13,405: topic[/grid3/mat] adding connection to [/rviz], count 0
[rospy.internal][ERROR] 2022-01-06 20:17:54,595: Unable to initiate TCP/IP socket to prajwal-IdeaPad-L340-15IRH-Gaming:35089 (http://prajwal-IdeaPad-L340-15IRH-Gaming:36257/): Traceback (most recent call last):
  File "/opt/ros/noetic/lib/python3/dist-packages/rospy/impl/tcpros_base.py", line 562, in connect
    self.read_header()
  File "/opt/ros/noetic/lib/python3/dist-packages/rospy/impl/tcpros_base.py", line 657, in read_header
    self._validate_header(read_ros_handshake_header(sock, self.read_buff, self.protocol.buff_size))
  File "/opt/ros/noetic/lib/python3/dist-packages/rospy/impl/tcpros_base.py", line 600, in _validate_header
    raise TransportInitError("remote error reported: %s"%header['error'])
rospy.exceptions.TransportInitError: remote error reported: received a connection for a nonexistent topic [/clock] from [TCPROS connection on port 35089 to [127.0.0.1:41566 on socket 17]] [/display_map].

[rospy.core][INFO] 2022-01-06 20:17:54,980: signal_shutdown [signal-2]
[rospy.internal][INFO] 2022-01-06 20:17:54,983: topic[/rosout] removing connection to /rosout
[rospy.internal][INFO] 2022-01-06 20:17:54,983: topic[/grid3/mat] removing connection to /rviz
[rospy.internal][INFO] 2022-01-06 20:17:54,983: topic[/clock] removing connection to http://prajwal-IdeaPad-L340-15IRH-Gaming:36257/
[rospy.impl.masterslave][INFO] 2022-01-06 20:17:54,983: signal-2
[rospy.core][INFO] 2022-01-06 20:17:56,811: signal_shutdown [atexit]
