[rospy.client][INFO] 2022-01-06 20:06:05,121: init_node, name[/myrobot_spawn2], pid[4569]
[xmlrpc][INFO] 2022-01-06 20:06:05,122: XML-RPC server binding to 0.0.0.0:0
[xmlrpc][INFO] 2022-01-06 20:06:05,122: Started XML-RPC server [http://prajwal-IdeaPad-L340-15IRH-Gaming:43915/]
[rospy.init][INFO] 2022-01-06 20:06:05,122: ROS Slave URI: [http://prajwal-IdeaPad-L340-15IRH-Gaming:43915/]
[rospy.impl.masterslave][INFO] 2022-01-06 20:06:05,122: _ready: http://prajwal-IdeaPad-L340-15IRH-Gaming:43915/
[rospy.registration][INFO] 2022-01-06 20:06:05,123: Registering with master node http://localhost:11311
[xmlrpc][INFO] 2022-01-06 20:06:05,123: xml rpc node: starting XML-RPC server
[rospy.init][INFO] 2022-01-06 20:06:05,223: registered with master
[rospy.rosout][INFO] 2022-01-06 20:06:05,223: initializing /rosout core topic
[rospy.rosout][INFO] 2022-01-06 20:06:05,228: connected to core topic /rosout
[rospy.simtime][INFO] 2022-01-06 20:06:05,229: initializing /clock core topic
[rospy.simtime][INFO] 2022-01-06 20:06:05,230: connected to core topic /clock
[rosout][INFO] 2022-01-06 20:06:05,233: Loading model XML from ros parameter /robot2/robot_description
[rosout][INFO] 2022-01-06 20:06:05,239: Waiting for service /gazebo/spawn_urdf_model
[rospy.internal][INFO] 2022-01-06 20:06:05,513: topic[/rosout] adding connection to [/rosout], count 0
[rospy.internal][INFO] 2022-01-06 20:06:07,013: topic[/clock] adding connection to [http://prajwal-IdeaPad-L340-15IRH-Gaming:36257/], count 0
[rosout][INFO] 2022-01-06 20:06:07,048: Calling service /gazebo/spawn_urdf_model
[rosout][INFO] 2022-01-06 20:06:07,494: Spawn status: SpawnModel: Successfully spawned entity
[rospy.core][INFO] 2022-01-06 20:06:07,496: signal_shutdown [atexit]
[rospy.internal][INFO] 2022-01-06 20:06:07,498: topic[/rosout] removing connection to /rosout
[rospy.internal][INFO] 2022-01-06 20:06:07,498: topic[/clock] removing connection to http://prajwal-IdeaPad-L340-15IRH-Gaming:36257/
[rospy.impl.masterslave][INFO] 2022-01-06 20:06:07,498: atexit
