[rospy.client][INFO] 2022-01-06 20:06:05,141: init_node, name[/myrobot_spawn1], pid[4567]
[xmlrpc][INFO] 2022-01-06 20:06:05,142: XML-RPC server binding to 0.0.0.0:0
[xmlrpc][INFO] 2022-01-06 20:06:05,142: Started XML-RPC server [http://prajwal-IdeaPad-L340-15IRH-Gaming:33941/]
[rospy.init][INFO] 2022-01-06 20:06:05,142: ROS Slave URI: [http://prajwal-IdeaPad-L340-15IRH-Gaming:33941/]
[rospy.impl.masterslave][INFO] 2022-01-06 20:06:05,142: _ready: http://prajwal-IdeaPad-L340-15IRH-Gaming:33941/
[rospy.registration][INFO] 2022-01-06 20:06:05,143: Registering with master node http://localhost:11311
[xmlrpc][INFO] 2022-01-06 20:06:05,143: xml rpc node: starting XML-RPC server
[rospy.init][INFO] 2022-01-06 20:06:05,242: registered with master
[rospy.rosout][INFO] 2022-01-06 20:06:05,243: initializing /rosout core topic
[rospy.rosout][INFO] 2022-01-06 20:06:05,246: connected to core topic /rosout
[rospy.simtime][INFO] 2022-01-06 20:06:05,247: initializing /clock core topic
[rospy.simtime][INFO] 2022-01-06 20:06:05,249: connected to core topic /clock
[rosout][INFO] 2022-01-06 20:06:05,251: Loading model XML from ros parameter /robot1/robot_description
[rosout][INFO] 2022-01-06 20:06:05,256: Waiting for service /gazebo/spawn_urdf_model
[rospy.internal][INFO] 2022-01-06 20:06:05,514: topic[/rosout] adding connection to [/rosout], count 0
[rospy.internal][INFO] 2022-01-06 20:06:07,015: topic[/clock] adding connection to [http://prajwal-IdeaPad-L340-15IRH-Gaming:36257/], count 0
[rosout][INFO] 2022-01-06 20:06:07,064: Calling service /gazebo/spawn_urdf_model
[rosout][INFO] 2022-01-06 20:06:07,752: Spawn status: SpawnModel: Successfully spawned entity
[rospy.core][INFO] 2022-01-06 20:06:07,754: signal_shutdown [atexit]
[rospy.internal][INFO] 2022-01-06 20:06:07,757: topic[/rosout] removing connection to /rosout
[rospy.internal][INFO] 2022-01-06 20:06:07,757: topic[/clock] removing connection to http://prajwal-IdeaPad-L340-15IRH-Gaming:36257/
[rospy.impl.masterslave][INFO] 2022-01-06 20:06:07,758: atexit
[rospy.internal][WARNING] 2022-01-06 20:06:07,758: Unknown error initiating TCP/IP socket to prajwal-IdeaPad-L340-15IRH-Gaming:35089 (http://prajwal-IdeaPad-L340-15IRH-Gaming:36257/): Traceback (most recent call last):
  File "/opt/ros/noetic/lib/python3/dist-packages/rospy/impl/tcpros_base.py", line 562, in connect
    self.read_header()
  File "/opt/ros/noetic/lib/python3/dist-packages/rospy/impl/tcpros_base.py", line 657, in read_header
    self._validate_header(read_ros_handshake_header(sock, self.read_buff, self.protocol.buff_size))
AttributeError: 'NoneType' object has no attribute 'buff_size'

