[rospy.client][INFO] 2022-01-08 13:51:07,414: init_node, name[/myrobot_spawn3], pid[34405]
[xmlrpc][INFO] 2022-01-08 13:51:07,414: XML-RPC server binding to 0.0.0.0:0
[xmlrpc][INFO] 2022-01-08 13:51:07,415: Started XML-RPC server [http://prajwal-IdeaPad-L340-15IRH-Gaming:45879/]
[rospy.init][INFO] 2022-01-08 13:51:07,415: ROS Slave URI: [http://prajwal-IdeaPad-L340-15IRH-Gaming:45879/]
[rospy.impl.masterslave][INFO] 2022-01-08 13:51:07,415: _ready: http://prajwal-IdeaPad-L340-15IRH-Gaming:45879/
[rospy.registration][INFO] 2022-01-08 13:51:07,415: Registering with master node http://localhost:11311
[xmlrpc][INFO] 2022-01-08 13:51:07,416: xml rpc node: starting XML-RPC server
[rospy.init][INFO] 2022-01-08 13:51:07,515: registered with master
[rospy.rosout][INFO] 2022-01-08 13:51:07,515: initializing /rosout core topic
[rospy.rosout][INFO] 2022-01-08 13:51:07,518: connected to core topic /rosout
[rospy.simtime][INFO] 2022-01-08 13:51:07,519: initializing /clock core topic
[rospy.simtime][INFO] 2022-01-08 13:51:07,521: connected to core topic /clock
[rosout][INFO] 2022-01-08 13:51:07,523: Loading model XML from ros parameter /robot3/robot_description
[rosout][INFO] 2022-01-08 13:51:07,529: Waiting for service /gazebo/spawn_urdf_model
[rospy.internal][INFO] 2022-01-08 13:51:07,844: topic[/rosout] adding connection to [/rosout], count 0
[rospy.internal][INFO] 2022-01-08 13:51:08,347: topic[/clock] adding connection to [http://prajwal-IdeaPad-L340-15IRH-Gaming:37677/], count 0
[rosout][INFO] 2022-01-08 13:51:08,435: Calling service /gazebo/spawn_urdf_model
[rosout][INFO] 2022-01-08 13:51:09,029: Spawn status: SpawnModel: Successfully spawned entity
[rospy.core][INFO] 2022-01-08 13:51:09,030: signal_shutdown [atexit]
[rospy.internal][INFO] 2022-01-08 13:51:09,032: topic[/rosout] removing connection to /rosout
[rospy.internal][INFO] 2022-01-08 13:51:09,032: topic[/clock] removing connection to http://prajwal-IdeaPad-L340-15IRH-Gaming:37677/
[rospy.impl.masterslave][INFO] 2022-01-08 13:51:09,032: atexit
