[rospy.client][INFO] 2022-01-08 13:51:07,420: init_node, name[/myrobot_spawn1], pid[34403]
[xmlrpc][INFO] 2022-01-08 13:51:07,421: XML-RPC server binding to 0.0.0.0:0
[xmlrpc][INFO] 2022-01-08 13:51:07,421: Started XML-RPC server [http://prajwal-IdeaPad-L340-15IRH-Gaming:34219/]
[rospy.init][INFO] 2022-01-08 13:51:07,421: ROS Slave URI: [http://prajwal-IdeaPad-L340-15IRH-Gaming:34219/]
[rospy.impl.masterslave][INFO] 2022-01-08 13:51:07,421: _ready: http://prajwal-IdeaPad-L340-15IRH-Gaming:34219/
[rospy.registration][INFO] 2022-01-08 13:51:07,422: Registering with master node http://localhost:11311
[xmlrpc][INFO] 2022-01-08 13:51:07,422: xml rpc node: starting XML-RPC server
[rospy.init][INFO] 2022-01-08 13:51:07,521: registered with master
[rospy.rosout][INFO] 2022-01-08 13:51:07,522: initializing /rosout core topic
[rospy.rosout][INFO] 2022-01-08 13:51:07,526: connected to core topic /rosout
[rospy.simtime][INFO] 2022-01-08 13:51:07,527: initializing /clock core topic
[rospy.simtime][INFO] 2022-01-08 13:51:07,528: connected to core topic /clock
[rosout][INFO] 2022-01-08 13:51:07,531: Loading model XML from ros parameter /robot1/robot_description
[rosout][INFO] 2022-01-08 13:51:07,535: Waiting for service /gazebo/spawn_urdf_model
[rospy.internal][INFO] 2022-01-08 13:51:07,845: topic[/rosout] adding connection to [/rosout], count 0
[rospy.internal][INFO] 2022-01-08 13:51:08,347: topic[/clock] adding connection to [http://prajwal-IdeaPad-L340-15IRH-Gaming:37677/], count 0
[rosout][INFO] 2022-01-08 13:51:08,442: Calling service /gazebo/spawn_urdf_model
[rosout][INFO] 2022-01-08 13:51:09,271: Spawn status: SpawnModel: Successfully spawned entity
[rospy.core][INFO] 2022-01-08 13:51:09,273: signal_shutdown [atexit]
[rospy.internal][INFO] 2022-01-08 13:51:09,274: topic[/rosout] removing connection to /rosout
[rospy.internal][INFO] 2022-01-08 13:51:09,274: topic[/clock] removing connection to http://prajwal-IdeaPad-L340-15IRH-Gaming:37677/
[rospy.impl.masterslave][INFO] 2022-01-08 13:51:09,275: atexit
