[rospy.client][INFO] 2022-01-08 13:51:07,402: init_node, name[/myrobot_spawn4], pid[34406]
[xmlrpc][INFO] 2022-01-08 13:51:07,403: XML-RPC server binding to 0.0.0.0:0
[xmlrpc][INFO] 2022-01-08 13:51:07,403: Started XML-RPC server [http://prajwal-IdeaPad-L340-15IRH-Gaming:44985/]
[rospy.init][INFO] 2022-01-08 13:51:07,403: ROS Slave URI: [http://prajwal-IdeaPad-L340-15IRH-Gaming:44985/]
[rospy.impl.masterslave][INFO] 2022-01-08 13:51:07,403: _ready: http://prajwal-IdeaPad-L340-15IRH-Gaming:44985/
[rospy.registration][INFO] 2022-01-08 13:51:07,404: Registering with master node http://localhost:11311
[xmlrpc][INFO] 2022-01-08 13:51:07,404: xml rpc node: starting XML-RPC server
[rospy.init][INFO] 2022-01-08 13:51:07,503: registered with master
[rospy.rosout][INFO] 2022-01-08 13:51:07,503: initializing /rosout core topic
[rospy.rosout][INFO] 2022-01-08 13:51:07,507: connected to core topic /rosout
[rospy.simtime][INFO] 2022-01-08 13:51:07,508: initializing /clock core topic
[rospy.simtime][INFO] 2022-01-08 13:51:07,509: connected to core topic /clock
[rosout][INFO] 2022-01-08 13:51:07,512: Loading model XML from ros parameter /robot4/robot_description
[rosout][INFO] 2022-01-08 13:51:07,517: Waiting for service /gazebo/spawn_urdf_model
[rospy.internal][INFO] 2022-01-08 13:51:07,844: topic[/rosout] adding connection to [/rosout], count 0
[rospy.internal][INFO] 2022-01-08 13:51:08,346: topic[/clock] adding connection to [http://prajwal-IdeaPad-L340-15IRH-Gaming:37677/], count 0
[rosout][INFO] 2022-01-08 13:51:08,423: Calling service /gazebo/spawn_urdf_model
[rosout][INFO] 2022-01-08 13:51:08,786: Spawn status: SpawnModel: Successfully spawned entity
[rospy.core][INFO] 2022-01-08 13:51:08,788: signal_shutdown [atexit]
[rospy.internal][INFO] 2022-01-08 13:51:08,790: topic[/rosout] removing connection to /rosout
[rospy.internal][INFO] 2022-01-08 13:51:08,790: topic[/clock] removing connection to http://prajwal-IdeaPad-L340-15IRH-Gaming:37677/
[rospy.impl.masterslave][INFO] 2022-01-08 13:51:08,790: atexit
[rospy.internal][WARNING] 2022-01-08 13:51:08,790: Unknown error initiating TCP/IP socket to prajwal-IdeaPad-L340-15IRH-Gaming:56887 (http://prajwal-IdeaPad-L340-15IRH-Gaming:37677/): Traceback (most recent call last):
  File "/opt/ros/noetic/lib/python3/dist-packages/rospy/impl/tcpros_base.py", line 562, in connect
    self.read_header()
  File "/opt/ros/noetic/lib/python3/dist-packages/rospy/impl/tcpros_base.py", line 657, in read_header
    self._validate_header(read_ros_handshake_header(sock, self.read_buff, self.protocol.buff_size))
AttributeError: 'NoneType' object has no attribute 'buff_size'

