[rospy.client][INFO] 2022-01-08 13:51:07,386: init_node, name[/myrobot_spawn2], pid[34404]
[xmlrpc][INFO] 2022-01-08 13:51:07,386: XML-RPC server binding to 0.0.0.0:0
[xmlrpc][INFO] 2022-01-08 13:51:07,386: Started XML-RPC server [http://prajwal-IdeaPad-L340-15IRH-Gaming:43333/]
[rospy.init][INFO] 2022-01-08 13:51:07,386: ROS Slave URI: [http://prajwal-IdeaPad-L340-15IRH-Gaming:43333/]
[rospy.impl.masterslave][INFO] 2022-01-08 13:51:07,387: _ready: http://prajwal-IdeaPad-L340-15IRH-Gaming:43333/
[rospy.registration][INFO] 2022-01-08 13:51:07,387: Registering with master node http://localhost:11311
[xmlrpc][INFO] 2022-01-08 13:51:07,387: xml rpc node: starting XML-RPC server
[rospy.init][INFO] 2022-01-08 13:51:07,487: registered with master
[rospy.rosout][INFO] 2022-01-08 13:51:07,487: initializing /rosout core topic
[rospy.rosout][INFO] 2022-01-08 13:51:07,490: connected to core topic /rosout
[rospy.simtime][INFO] 2022-01-08 13:51:07,490: initializing /clock core topic
[rospy.simtime][INFO] 2022-01-08 13:51:07,492: connected to core topic /clock
[rosout][INFO] 2022-01-08 13:51:07,493: Loading model XML from ros parameter /robot2/robot_description
[rosout][INFO] 2022-01-08 13:51:07,496: Waiting for service /gazebo/spawn_urdf_model
[rospy.internal][INFO] 2022-01-08 13:51:07,844: topic[/rosout] adding connection to [/rosout], count 0
[rospy.internal][INFO] 2022-01-08 13:51:08,346: topic[/clock] adding connection to [http://prajwal-IdeaPad-L340-15IRH-Gaming:37677/], count 0
[rosout][INFO] 2022-01-08 13:51:08,402: Calling service /gazebo/spawn_urdf_model
[rosout][INFO] 2022-01-08 13:51:08,530: Spawn status: SpawnModel: Successfully spawned entity
[rospy.core][INFO] 2022-01-08 13:51:08,531: signal_shutdown [atexit]
[rospy.internal][INFO] 2022-01-08 13:51:08,532: topic[/rosout] removing connection to /rosout
[rospy.internal][INFO] 2022-01-08 13:51:08,532: topic[/clock] removing connection to http://prajwal-IdeaPad-L340-15IRH-Gaming:37677/
[rospy.impl.masterslave][INFO] 2022-01-08 13:51:08,532: atexit
