[rospy.client][INFO] 2022-01-07 16:27:33,336: init_node, name[/rqt_gui], pid[14654]
[xmlrpc][INFO] 2022-01-07 16:27:33,336: XML-RPC server binding to 0.0.0.0:0
[xmlrpc][INFO] 2022-01-07 16:27:33,337: Started XML-RPC server [http://prajwal-IdeaPad-L340-15IRH-Gaming:34139/]
[rospy.impl.masterslave][INFO] 2022-01-07 16:27:33,337: _ready: http://prajwal-IdeaPad-L340-15IRH-Gaming:34139/
[rospy.init][INFO] 2022-01-07 16:27:33,337: ROS Slave URI: [http://prajwal-IdeaPad-L340-15IRH-Gaming:34139/]
[rospy.registration][INFO] 2022-01-07 16:27:33,337: Registering with master node http://localhost:11311
[xmlrpc][INFO] 2022-01-07 16:27:33,337: xml rpc node: starting XML-RPC server
[rospy.init][INFO] 2022-01-07 16:27:33,437: registered with master
[rospy.rosout][INFO] 2022-01-07 16:27:33,437: initializing /rosout core topic
[rospy.rosout][INFO] 2022-01-07 16:27:33,438: connected to core topic /rosout
[rospy.simtime][INFO] 2022-01-07 16:27:33,439: initializing /clock core topic
[rospy.simtime][INFO] 2022-01-07 16:27:33,440: connected to core topic /clock
[rospy.internal][INFO] 2022-01-07 16:27:33,442: topic[/clock] adding connection to [http://prajwal-IdeaPad-L340-15IRH-Gaming:39413/], count 0
[rospy.internal][INFO] 2022-01-07 16:27:33,672: topic[/rosout] adding connection to [/rosout], count 0
[rospy.internal][INFO] 2022-01-07 16:27:33,876: topic[/grid3/droppingCompleted] adding connection to [/brain_14665_1641553052724], count 0
[rospy.internal][INFO] 2022-01-07 16:27:33,880: topic[/grid3/packageLoaded] adding connection to [/brain_14665_1641553052724], count 0
[rospy.internal][INFO] 2022-01-07 16:27:34,081: topic[/robot1/cmd_vel] adding connection to [/gazebo], count 0
[rospy.internal][INFO] 2022-01-07 16:27:34,083: topic[/robot2/cmd_vel] adding connection to [/gazebo], count 0
[rospy.internal][INFO] 2022-01-07 16:27:34,086: topic[/robot3/cmd_vel] adding connection to [/gazebo], count 0
[rospy.internal][INFO] 2022-01-07 16:28:04,818: topic[/grid3/controller/cmd] adding connection to [http://prajwal-IdeaPad-L340-15IRH-Gaming:43329/], count 0
[rospy.internal][INFO] 2022-01-07 16:34:08,098: topic impl's ref count is zero, deleting topic /grid3/droppingCompleted...
[rospy.internal][INFO] 2022-01-07 16:34:08,098: topic[/grid3/droppingCompleted] removing connection to /brain_14665_1641553052724
[rospy.internal][INFO] 2022-01-07 16:34:08,100: topic impl's ref count is zero, deleting topic /grid3/packageLoaded...
[rospy.internal][INFO] 2022-01-07 16:34:08,100: topic[/grid3/packageLoaded] removing connection to /brain_14665_1641553052724
[rosout][WARNING] 2022-01-07 16:34:08,099: Could not process inbound connection: [/rqt_gui] is not a publisher of [/grid3/droppingCompleted]. Topics are [['/rosout', 'rosgraph_msgs/Log'], ['/grid3/packageLoaded', 'grid3/packageLoaded'], ['/robot1/cmd_vel', 'geometry_msgs/Twist'], ['/robot2/cmd_vel', 'geometry_msgs/Twist'], ['/robot3/cmd_vel', 'geometry_msgs/Twist'], ['/robot4/cmd_ve', 'geometry_msgs/Twist']]{'callerid': '/brain_14665_1641553052724', 'md5sum': '90041601f8236fdd572be94e8c0d4f45', 'message_definition': 'bool[] status', 'tcp_nodelay': '0', 'topic': '/grid3/droppingCompleted', 'type': 'grid3/droppingCompleted'}
[rospy.internal][INFO] 2022-01-07 16:34:08,105: topic impl's ref count is zero, deleting topic /robot1/cmd_vel...
[rosout][WARNING] 2022-01-07 16:34:08,102: Could not process inbound connection: [/rqt_gui] is not a publisher of [/grid3/packageLoaded]. Topics are [['/rosout', 'rosgraph_msgs/Log'], ['/robot1/cmd_vel', 'geometry_msgs/Twist'], ['/robot2/cmd_vel', 'geometry_msgs/Twist'], ['/robot3/cmd_vel', 'geometry_msgs/Twist'], ['/robot4/cmd_ve', 'geometry_msgs/Twist']]{'callerid': '/brain_14665_1641553052724', 'md5sum': '90041601f8236fdd572be94e8c0d4f45', 'message_definition': 'bool[] status', 'tcp_nodelay': '0', 'topic': '/grid3/packageLoaded', 'type': 'grid3/packageLoaded'}
[rospy.internal][INFO] 2022-01-07 16:34:08,106: topic[/robot1/cmd_vel] removing connection to /gazebo
[rospy.internal][INFO] 2022-01-07 16:34:08,108: topic impl's ref count is zero, deleting topic /robot2/cmd_vel...
[rospy.internal][INFO] 2022-01-07 16:34:08,109: topic[/robot2/cmd_vel] removing connection to /gazebo
[rospy.internal][INFO] 2022-01-07 16:34:08,112: topic impl's ref count is zero, deleting topic /robot3/cmd_vel...
[rospy.internal][INFO] 2022-01-07 16:34:08,112: topic[/robot3/cmd_vel] removing connection to /gazebo
[rospy.internal][INFO] 2022-01-07 16:34:08,114: topic impl's ref count is zero, deleting topic /robot4/cmd_ve...
[rospy.internal][INFO] 2022-01-07 16:34:08,117: topic impl's ref count is zero, deleting topic /grid3/controller/cmd...
[rospy.internal][INFO] 2022-01-07 16:34:08,117: topic[/grid3/controller/cmd] removing connection to http://prajwal-IdeaPad-L340-15IRH-Gaming:43329/
[rospy.internal][WARNING] 2022-01-07 16:34:08,117: Unknown error initiating TCP/IP socket to prajwal-IdeaPad-L340-15IRH-Gaming:43203 (http://prajwal-IdeaPad-L340-15IRH-Gaming:43329/): Traceback (most recent call last):
  File "/opt/ros/noetic/lib/python3/dist-packages/rospy/impl/tcpros_base.py", line 562, in connect
    self.read_header()
  File "/opt/ros/noetic/lib/python3/dist-packages/rospy/impl/tcpros_base.py", line 657, in read_header
    self._validate_header(read_ros_handshake_header(sock, self.read_buff, self.protocol.buff_size))
AttributeError: 'NoneType' object has no attribute 'buff_size'

[rospy.core][INFO] 2022-01-07 16:34:08,156: signal_shutdown [atexit]
[rospy.internal][INFO] 2022-01-07 16:34:08,158: topic[/rosout] removing connection to /rosout
[rospy.internal][INFO] 2022-01-07 16:34:08,158: topic[/clock] removing connection to http://prajwal-IdeaPad-L340-15IRH-Gaming:39413/
[rospy.impl.masterslave][INFO] 2022-01-07 16:34:08,158: atexit
