[rospy.client][INFO] 2022-01-06 22:29:43,732: init_node, name[/fake_pose_publisher], pid[15707]
[xmlrpc][INFO] 2022-01-06 22:29:43,732: XML-RPC server binding to 0.0.0.0:0
[xmlrpc][INFO] 2022-01-06 22:29:43,732: Started XML-RPC server [http://prajwal-IdeaPad-L340-15IRH-Gaming:41507/]
[rospy.impl.masterslave][INFO] 2022-01-06 22:29:43,732: _ready: http://prajwal-IdeaPad-L340-15IRH-Gaming:41507/
[rospy.init][INFO] 2022-01-06 22:29:43,733: ROS Slave URI: [http://prajwal-IdeaPad-L340-15IRH-Gaming:41507/]
[rospy.registration][INFO] 2022-01-06 22:29:43,733: Registering with master node http://localhost:11311
[xmlrpc][INFO] 2022-01-06 22:29:43,733: xml rpc node: starting XML-RPC server
[rospy.init][INFO] 2022-01-06 22:29:43,833: registered with master
[rospy.rosout][INFO] 2022-01-06 22:29:43,833: initializing /rosout core topic
[rospy.rosout][INFO] 2022-01-06 22:29:43,837: connected to core topic /rosout
[rospy.simtime][INFO] 2022-01-06 22:29:43,837: /use_sim_time is not set, will not subscribe to simulated time [/clock] topic
[rosout][INFO] 2022-01-06 22:29:43,846: publishing the poses
[rospy.internal][INFO] 2022-01-06 22:29:43,937: topic[/grid3/allRobots/poses] adding connection to [/trajectory_planner], count 0
[rospy.internal][INFO] 2022-01-06 22:29:44,038: topic[/rosout] adding connection to [/rosout], count 0
[rosout][INFO] 2022-01-06 22:29:44,847: publishing the poses
[rosout][INFO] 2022-01-06 22:29:45,847: publishing the poses
[rosout][INFO] 2022-01-06 22:29:46,847: publishing the poses
[rosout][INFO] 2022-01-06 22:29:47,847: publishing the poses
[rosout][INFO] 2022-01-06 22:29:48,847: publishing the poses
[rosout][INFO] 2022-01-06 22:29:49,847: publishing the poses
[rosout][INFO] 2022-01-06 22:29:50,847: publishing the poses
[rosout][INFO] 2022-01-06 22:29:51,847: publishing the poses
[rosout][INFO] 2022-01-06 22:29:52,847: publishing the poses
[rospy.core][INFO] 2022-01-06 22:29:53,641: signal_shutdown [signal-2]
[rospy.internal][INFO] 2022-01-06 22:29:53,653: topic[/rosout] removing connection to /rosout
[rospy.internal][INFO] 2022-01-06 22:29:53,653: topic[/grid3/allRobots/poses] removing connection to /trajectory_planner
[rospy.impl.masterslave][INFO] 2022-01-06 22:29:53,653: signal-2
[rospy.core][INFO] 2022-01-06 22:29:54,243: signal_shutdown [atexit]
