[rospy.client][INFO] 2022-01-07 17:09:12,351: init_node, name[/display_map], pid[19837]
[xmlrpc][INFO] 2022-01-07 17:09:12,351: XML-RPC server binding to 0.0.0.0:0
[xmlrpc][INFO] 2022-01-07 17:09:12,352: Started XML-RPC server [http://prajwal-IdeaPad-L340-15IRH-Gaming:42645/]
[rospy.init][INFO] 2022-01-07 17:09:12,352: ROS Slave URI: [http://prajwal-IdeaPad-L340-15IRH-Gaming:42645/]
[rospy.impl.masterslave][INFO] 2022-01-07 17:09:12,352: _ready: http://prajwal-IdeaPad-L340-15IRH-Gaming:42645/
[rospy.registration][INFO] 2022-01-07 17:09:12,352: Registering with master node http://localhost:11311
[xmlrpc][INFO] 2022-01-07 17:09:12,353: xml rpc node: starting XML-RPC server
[rospy.init][INFO] 2022-01-07 17:09:12,452: registered with master
[rospy.rosout][INFO] 2022-01-07 17:09:12,452: initializing /rosout core topic
[rospy.rosout][INFO] 2022-01-07 17:09:12,455: connected to core topic /rosout
[rospy.simtime][INFO] 2022-01-07 17:09:12,455: initializing /clock core topic
[rospy.simtime][INFO] 2022-01-07 17:09:12,456: connected to core topic /clock
[rospy.internal][INFO] 2022-01-07 17:09:12,458: topic[/clock] adding connection to [http://prajwal-IdeaPad-L340-15IRH-Gaming:33047/], count 0
[rospy.internal][INFO] 2022-01-07 17:09:12,691: topic[/rosout] adding connection to [/rosout], count 0
[rospy.internal][INFO] 2022-01-07 17:09:13,192: topic[/grid3/mat] adding connection to [/rviz], count 0
[rospy.internal][INFO] 2022-01-07 17:14:50,034: topic[/grid3/mat] removing connection to /rviz
[rospy.core][INFO] 2022-01-07 17:14:52,651: signal_shutdown [signal-2]
[rospy.internal][INFO] 2022-01-07 17:14:52,654: topic[/rosout] removing connection to /rosout
[rospy.internal][INFO] 2022-01-07 17:14:52,654: topic[/clock] removing connection to http://prajwal-IdeaPad-L340-15IRH-Gaming:33047/
[rospy.impl.masterslave][INFO] 2022-01-07 17:14:52,655: signal-2
[rospy.internal][WARNING] 2022-01-07 17:14:52,655: Unknown error initiating TCP/IP socket to prajwal-IdeaPad-L340-15IRH-Gaming:60711 (http://prajwal-IdeaPad-L340-15IRH-Gaming:33047/): Traceback (most recent call last):
  File "/opt/ros/noetic/lib/python3/dist-packages/rospy/impl/tcpros_base.py", line 562, in connect
    self.read_header()
  File "/opt/ros/noetic/lib/python3/dist-packages/rospy/impl/tcpros_base.py", line 657, in read_header
    self._validate_header(read_ros_handshake_header(sock, self.read_buff, self.protocol.buff_size))
AttributeError: 'NoneType' object has no attribute 'buff_size'

[rospy.core][INFO] 2022-01-07 17:14:53,640: signal_shutdown [atexit]
