[rospy.client][INFO] 2022-01-06 23:02:00,302: init_node, name[/fake_pose_publisher], pid[17789]
[xmlrpc][INFO] 2022-01-06 23:02:00,302: XML-RPC server binding to 0.0.0.0:0
[xmlrpc][INFO] 2022-01-06 23:02:00,303: Started XML-RPC server [http://prajwal-IdeaPad-L340-15IRH-Gaming:35553/]
[rospy.init][INFO] 2022-01-06 23:02:00,303: ROS Slave URI: [http://prajwal-IdeaPad-L340-15IRH-Gaming:35553/]
[rospy.impl.masterslave][INFO] 2022-01-06 23:02:00,303: _ready: http://prajwal-IdeaPad-L340-15IRH-Gaming:35553/
[rospy.registration][INFO] 2022-01-06 23:02:00,303: Registering with master node http://localhost:11311
[xmlrpc][INFO] 2022-01-06 23:02:00,303: xml rpc node: starting XML-RPC server
[rospy.init][INFO] 2022-01-06 23:02:00,403: registered with master
[rospy.rosout][INFO] 2022-01-06 23:02:00,403: initializing /rosout core topic
[rospy.rosout][INFO] 2022-01-06 23:02:00,407: connected to core topic /rosout
[rospy.simtime][INFO] 2022-01-06 23:02:00,407: initializing /clock core topic
[rospy.simtime][INFO] 2022-01-06 23:02:00,409: connected to core topic /clock
[rospy.internal][INFO] 2022-01-06 23:02:00,410: topic[/clock] adding connection to [http://prajwal-IdeaPad-L340-15IRH-Gaming:34133/], count 0
[rospy.internal][INFO] 2022-01-06 23:02:00,419: topic[/robot1/odom] adding connection to [http://prajwal-IdeaPad-L340-15IRH-Gaming:34133/], count 0
[rospy.internal][INFO] 2022-01-06 23:02:00,420: topic[/robot2/odom] adding connection to [http://prajwal-IdeaPad-L340-15IRH-Gaming:34133/], count 0
[rosout][INFO] 2022-01-06 23:02:00,421: publishing the poses
[rospy.internal][INFO] 2022-01-06 23:02:00,424: topic[/robot3/odom] adding connection to [http://prajwal-IdeaPad-L340-15IRH-Gaming:34133/], count 0
[rospy.internal][INFO] 2022-01-06 23:02:00,424: topic[/robot4/odom] adding connection to [http://prajwal-IdeaPad-L340-15IRH-Gaming:34133/], count 0
[rospy.internal][INFO] 2022-01-06 23:02:00,493: topic[/grid3/allRobots/poses] adding connection to [/trajectory_planner], count 0
[rospy.internal][INFO] 2022-01-06 23:02:00,634: topic[/grid3/allRobots/poses] adding connection to [/brain_17827_1641490320483], count 1
[rospy.internal][INFO] 2022-01-06 23:02:00,695: topic[/rosout] adding connection to [/rosout], count 0
[rospy.internal][INFO] 2022-01-06 23:02:00,727: topic[/robot1/cmd_vel] adding connection to [/gazebo], count 0
[rospy.internal][INFO] 2022-01-06 23:02:00,728: topic[/robot2/cmd_vel] adding connection to [/gazebo], count 0
[rospy.internal][INFO] 2022-01-06 23:02:00,728: topic[/robot3/cmd_vel] adding connection to [/gazebo], count 0
[rospy.internal][INFO] 2022-01-06 23:02:00,728: topic[/robot4/cmd_vel] adding connection to [/gazebo], count 0
[rosout][INFO] 2022-01-06 23:02:01,428: publishing the poses
[rosout][INFO] 2022-01-06 23:02:02,433: publishing the poses
[rosout][INFO] 2022-01-06 23:02:03,438: publishing the poses
[rosout][INFO] 2022-01-06 23:02:04,440: publishing the poses
[rosout][INFO] 2022-01-06 23:02:05,445: publishing the poses
[rosout][INFO] 2022-01-06 23:02:06,448: publishing the poses
[rosout][INFO] 2022-01-06 23:02:07,451: publishing the poses
[rosout][INFO] 2022-01-06 23:02:08,457: publishing the poses
[rosout][INFO] 2022-01-06 23:02:09,461: publishing the poses
[rosout][INFO] 2022-01-06 23:02:10,465: publishing the poses
[rosout][INFO] 2022-01-06 23:02:11,469: publishing the poses
[rosout][INFO] 2022-01-06 23:02:12,472: publishing the poses
[rospy.internal][INFO] 2022-01-06 23:02:12,744: topic[/grid3/allRobots/poses] adding connection to [/rqt_gui], count 2
[rosout][INFO] 2022-01-06 23:02:13,475: publishing the poses
[rosout][INFO] 2022-01-06 23:02:14,478: publishing the poses
[rosout][INFO] 2022-01-06 23:02:15,483: publishing the poses
[rosout][INFO] 2022-01-06 23:02:16,485: publishing the poses
[rosout][INFO] 2022-01-06 23:02:17,489: publishing the poses
[rosout][INFO] 2022-01-06 23:02:18,492: publishing the poses
[rosout][INFO] 2022-01-06 23:02:19,496: publishing the poses
[rosout][INFO] 2022-01-06 23:02:20,501: publishing the poses
[rosout][INFO] 2022-01-06 23:02:21,505: publishing the poses
[rosout][INFO] 2022-01-06 23:02:22,510: publishing the poses
[rosout][INFO] 2022-01-06 23:02:23,513: publishing the poses
[rosout][INFO] 2022-01-06 23:02:24,517: publishing the poses
[rosout][INFO] 2022-01-06 23:02:25,522: publishing the poses
[rosout][INFO] 2022-01-06 23:02:26,527: publishing the poses
[rosout][INFO] 2022-01-06 23:02:27,530: publishing the poses
[rosout][INFO] 2022-01-06 23:02:28,534: publishing the poses
[rosout][INFO] 2022-01-06 23:02:29,537: publishing the poses
[rosout][INFO] 2022-01-06 23:02:30,541: publishing the poses
[rosout][INFO] 2022-01-06 23:02:31,546: publishing the poses
[rosout][INFO] 2022-01-06 23:02:32,549: publishing the poses
[rosout][INFO] 2022-01-06 23:02:33,551: publishing the poses
[rosout][INFO] 2022-01-06 23:02:34,560: publishing the poses
[rosout][INFO] 2022-01-06 23:02:35,571: publishing the poses
[rosout][INFO] 2022-01-06 23:02:36,574: publishing the poses
[rosout][INFO] 2022-01-06 23:02:37,577: publishing the poses
[rosout][INFO] 2022-01-06 23:02:38,581: publishing the poses
[rosout][INFO] 2022-01-06 23:02:39,582: publishing the poses
[rosout][INFO] 2022-01-06 23:02:40,589: publishing the poses
[rosout][INFO] 2022-01-06 23:02:41,593: publishing the poses
[rosout][INFO] 2022-01-06 23:02:42,596: publishing the poses
[rosout][INFO] 2022-01-06 23:02:43,598: publishing the poses
[rosout][INFO] 2022-01-06 23:02:44,603: publishing the poses
[rosout][INFO] 2022-01-06 23:02:45,608: publishing the poses
[rosout][INFO] 2022-01-06 23:02:46,611: publishing the poses
[rosout][INFO] 2022-01-06 23:02:47,616: publishing the poses
[rosout][INFO] 2022-01-06 23:02:48,619: publishing the poses
[rosout][INFO] 2022-01-06 23:02:49,623: publishing the poses
[rosout][INFO] 2022-01-06 23:02:50,626: publishing the poses
[rosout][INFO] 2022-01-06 23:02:51,629: publishing the poses
[rosout][INFO] 2022-01-06 23:02:52,632: publishing the poses
[rosout][INFO] 2022-01-06 23:02:53,638: publishing the poses
[rosout][INFO] 2022-01-06 23:02:54,640: publishing the poses
[rosout][INFO] 2022-01-06 23:02:55,647: publishing the poses
[rosout][INFO] 2022-01-06 23:02:56,650: publishing the poses
[rosout][INFO] 2022-01-06 23:02:57,654: publishing the poses
[rosout][INFO] 2022-01-06 23:02:58,657: publishing the poses
[rosout][INFO] 2022-01-06 23:02:59,660: publishing the poses
[rosout][INFO] 2022-01-06 23:03:00,662: publishing the poses
[rosout][INFO] 2022-01-06 23:03:01,664: publishing the poses
[rosout][INFO] 2022-01-06 23:03:02,666: publishing the poses
[rosout][INFO] 2022-01-06 23:03:03,670: publishing the poses
[rosout][INFO] 2022-01-06 23:03:04,676: publishing the poses
[rosout][INFO] 2022-01-06 23:03:05,682: publishing the poses
[rosout][INFO] 2022-01-06 23:03:06,687: publishing the poses
[rosout][INFO] 2022-01-06 23:03:07,690: publishing the poses
[rosout][INFO] 2022-01-06 23:03:08,696: publishing the poses
[rosout][INFO] 2022-01-06 23:03:09,705: publishing the poses
[rosout][INFO] 2022-01-06 23:03:10,707: publishing the poses
[rosout][INFO] 2022-01-06 23:03:11,711: publishing the poses
[rosout][INFO] 2022-01-06 23:03:12,716: publishing the poses
[rosout][INFO] 2022-01-06 23:03:13,720: publishing the poses
[rosout][INFO] 2022-01-06 23:03:14,723: publishing the poses
[rosout][INFO] 2022-01-06 23:03:15,725: publishing the poses
[rosout][INFO] 2022-01-06 23:03:16,730: publishing the poses
[rosout][INFO] 2022-01-06 23:03:17,734: publishing the poses
[rosout][INFO] 2022-01-06 23:03:18,737: publishing the poses
[rosout][INFO] 2022-01-06 23:03:19,739: publishing the poses
[rosout][INFO] 2022-01-06 23:03:20,742: publishing the poses
[rosout][INFO] 2022-01-06 23:03:21,748: publishing the poses
[rosout][INFO] 2022-01-06 23:03:22,752: publishing the poses
[rosout][INFO] 2022-01-06 23:03:23,755: publishing the poses
[rosout][INFO] 2022-01-06 23:03:24,761: publishing the poses
[rosout][INFO] 2022-01-06 23:03:25,766: publishing the poses
[rosout][INFO] 2022-01-06 23:03:26,770: publishing the poses
[rosout][INFO] 2022-01-06 23:03:27,772: publishing the poses
[rosout][INFO] 2022-01-06 23:03:28,776: publishing the poses
[rosout][INFO] 2022-01-06 23:03:29,776: publishing the poses
[rosout][INFO] 2022-01-06 23:03:30,787: publishing the poses
[rosout][INFO] 2022-01-06 23:03:31,791: publishing the poses
[rosout][INFO] 2022-01-06 23:03:32,795: publishing the poses
[rosout][INFO] 2022-01-06 23:03:33,801: publishing the poses
[rosout][INFO] 2022-01-06 23:03:34,808: publishing the poses
[rosout][INFO] 2022-01-06 23:03:35,811: publishing the poses
[rosout][INFO] 2022-01-06 23:03:36,814: publishing the poses
[rosout][INFO] 2022-01-06 23:03:37,821: publishing the poses
[rosout][INFO] 2022-01-06 23:03:38,825: publishing the poses
[rosout][INFO] 2022-01-06 23:03:39,828: publishing the poses
[rosout][INFO] 2022-01-06 23:03:40,844: publishing the poses
[rosout][INFO] 2022-01-06 23:03:41,849: publishing the poses
[rosout][INFO] 2022-01-06 23:03:42,855: publishing the poses
[rosout][INFO] 2022-01-06 23:03:43,855: publishing the poses
[rosout][INFO] 2022-01-06 23:03:44,861: publishing the poses
[rosout][INFO] 2022-01-06 23:03:45,866: publishing the poses
[rosout][INFO] 2022-01-06 23:03:46,869: publishing the poses
[rosout][INFO] 2022-01-06 23:03:47,871: publishing the poses
[rosout][INFO] 2022-01-06 23:03:48,874: publishing the poses
[rosout][INFO] 2022-01-06 23:03:49,879: publishing the poses
[rosout][INFO] 2022-01-06 23:03:50,880: publishing the poses
[rosout][INFO] 2022-01-06 23:03:51,883: publishing the poses
[rosout][INFO] 2022-01-06 23:03:52,888: publishing the poses
[rosout][INFO] 2022-01-06 23:03:53,891: publishing the poses
[rosout][INFO] 2022-01-06 23:03:54,894: publishing the poses
[rosout][INFO] 2022-01-06 23:03:55,899: publishing the poses
[rosout][INFO] 2022-01-06 23:03:56,901: publishing the poses
[rosout][INFO] 2022-01-06 23:03:57,906: publishing the poses
[rosout][INFO] 2022-01-06 23:03:58,911: publishing the poses
[rosout][INFO] 2022-01-06 23:03:59,915: publishing the poses
[rosout][INFO] 2022-01-06 23:04:00,920: publishing the poses
[rosout][INFO] 2022-01-06 23:04:01,928: publishing the poses
[rosout][INFO] 2022-01-06 23:04:02,934: publishing the poses
[rosout][INFO] 2022-01-06 23:04:03,940: publishing the poses
[rosout][INFO] 2022-01-06 23:04:04,945: publishing the poses
[rosout][INFO] 2022-01-06 23:04:05,951: publishing the poses
[rosout][INFO] 2022-01-06 23:04:06,959: publishing the poses
[rosout][INFO] 2022-01-06 23:04:07,964: publishing the poses
[rosout][INFO] 2022-01-06 23:04:08,968: publishing the poses
[rosout][INFO] 2022-01-06 23:04:09,972: publishing the poses
[rosout][INFO] 2022-01-06 23:04:10,979: publishing the poses
[rosout][INFO] 2022-01-06 23:04:11,982: publishing the poses
[rosout][INFO] 2022-01-06 23:04:12,986: publishing the poses
[rosout][INFO] 2022-01-06 23:04:13,992: publishing the poses
[rosout][INFO] 2022-01-06 23:04:14,996: publishing the poses
[rosout][INFO] 2022-01-06 23:04:16,000: publishing the poses
[rosout][INFO] 2022-01-06 23:04:17,009: publishing the poses
[rosout][INFO] 2022-01-06 23:04:18,018: publishing the poses
[rosout][INFO] 2022-01-06 23:04:19,022: publishing the poses
[rosout][INFO] 2022-01-06 23:04:20,029: publishing the poses
[rosout][INFO] 2022-01-06 23:04:21,044: publishing the poses
[rosout][INFO] 2022-01-06 23:04:22,052: publishing the poses
[rosout][INFO] 2022-01-06 23:04:23,056: publishing the poses
[rosout][INFO] 2022-01-06 23:04:24,060: publishing the poses
[rosout][INFO] 2022-01-06 23:04:25,062: publishing the poses
[rosout][INFO] 2022-01-06 23:04:26,069: publishing the poses
[rosout][INFO] 2022-01-06 23:04:27,074: publishing the poses
[rosout][INFO] 2022-01-06 23:04:28,077: publishing the poses
[rosout][INFO] 2022-01-06 23:04:29,081: publishing the poses
[rosout][INFO] 2022-01-06 23:04:30,085: publishing the poses
[rosout][INFO] 2022-01-06 23:04:31,091: publishing the poses
[rosout][INFO] 2022-01-06 23:04:32,090: publishing the poses
[rosout][INFO] 2022-01-06 23:04:33,092: publishing the poses
[rosout][INFO] 2022-01-06 23:04:34,094: publishing the poses
[rosout][INFO] 2022-01-06 23:04:35,098: publishing the poses
[rosout][INFO] 2022-01-06 23:04:36,102: publishing the poses
[rosout][INFO] 2022-01-06 23:04:37,104: publishing the poses
[rosout][INFO] 2022-01-06 23:04:38,108: publishing the poses
[rosout][INFO] 2022-01-06 23:04:39,111: publishing the poses
[rosout][INFO] 2022-01-06 23:04:40,116: publishing the poses
[rosout][INFO] 2022-01-06 23:04:41,119: publishing the poses
[rosout][INFO] 2022-01-06 23:04:42,122: publishing the poses
[rosout][INFO] 2022-01-06 23:04:43,131: publishing the poses
[rosout][INFO] 2022-01-06 23:04:44,134: publishing the poses
[rosout][INFO] 2022-01-06 23:04:45,136: publishing the poses
[rosout][INFO] 2022-01-06 23:04:46,138: publishing the poses
[rosout][INFO] 2022-01-06 23:04:47,142: publishing the poses
[rosout][INFO] 2022-01-06 23:04:48,147: publishing the poses
[rosout][INFO] 2022-01-06 23:04:49,149: publishing the poses
[rosout][INFO] 2022-01-06 23:04:50,151: publishing the poses
[rosout][INFO] 2022-01-06 23:04:51,154: publishing the poses
[rosout][INFO] 2022-01-06 23:04:52,157: publishing the poses
[rosout][INFO] 2022-01-06 23:04:53,162: publishing the poses
[rosout][INFO] 2022-01-06 23:04:54,170: publishing the poses
[rosout][INFO] 2022-01-06 23:04:55,175: publishing the poses
[rosout][INFO] 2022-01-06 23:04:56,181: publishing the poses
[rosout][INFO] 2022-01-06 23:04:57,185: publishing the poses
[rosout][INFO] 2022-01-06 23:04:58,187: publishing the poses
[rosout][INFO] 2022-01-06 23:04:59,192: publishing the poses
[rosout][INFO] 2022-01-06 23:05:00,196: publishing the poses
[rosout][INFO] 2022-01-06 23:05:01,201: publishing the poses
[rosout][INFO] 2022-01-06 23:05:02,205: publishing the poses
[rosout][INFO] 2022-01-06 23:05:03,208: publishing the poses
[rosout][INFO] 2022-01-06 23:05:04,211: publishing the poses
[rosout][INFO] 2022-01-06 23:05:05,216: publishing the poses
[rosout][INFO] 2022-01-06 23:05:06,225: publishing the poses
[rosout][INFO] 2022-01-06 23:05:07,229: publishing the poses
[rosout][INFO] 2022-01-06 23:05:08,233: publishing the poses
[rosout][INFO] 2022-01-06 23:05:09,241: publishing the poses
[rosout][INFO] 2022-01-06 23:05:10,245: publishing the poses
[rosout][INFO] 2022-01-06 23:05:11,247: publishing the poses
[rosout][INFO] 2022-01-06 23:05:12,249: publishing the poses
[rosout][INFO] 2022-01-06 23:05:13,261: publishing the poses
[rosout][INFO] 2022-01-06 23:05:14,266: publishing the poses
[rosout][INFO] 2022-01-06 23:05:15,269: publishing the poses
[rosout][INFO] 2022-01-06 23:05:16,278: publishing the poses
[rosout][INFO] 2022-01-06 23:05:17,282: publishing the poses
[rosout][INFO] 2022-01-06 23:05:18,285: publishing the poses
[rosout][INFO] 2022-01-06 23:05:19,289: publishing the poses
[rosout][INFO] 2022-01-06 23:05:20,298: publishing the poses
[rosout][INFO] 2022-01-06 23:05:21,302: publishing the poses
[rosout][INFO] 2022-01-06 23:05:22,307: publishing the poses
[rosout][INFO] 2022-01-06 23:05:23,311: publishing the poses
[rosout][INFO] 2022-01-06 23:05:24,315: publishing the poses
[rosout][INFO] 2022-01-06 23:05:25,322: publishing the poses
[rosout][INFO] 2022-01-06 23:05:26,327: publishing the poses
[rosout][INFO] 2022-01-06 23:05:27,333: publishing the poses
[rosout][INFO] 2022-01-06 23:05:28,335: publishing the poses
[rospy.internal][INFO] 2022-01-06 23:05:28,465: topic[/grid3/allRobots/poses] adding connection to [/controller_ros_interface_18778_1641490528322], count 3
[rosout][INFO] 2022-01-06 23:05:29,340: publishing the poses
[rosout][INFO] 2022-01-06 23:05:30,345: publishing the poses
[rosout][INFO] 2022-01-06 23:05:31,349: publishing the poses
[rosout][INFO] 2022-01-06 23:05:32,356: publishing the poses
[rosout][INFO] 2022-01-06 23:05:33,359: publishing the poses
[rosout][INFO] 2022-01-06 23:05:34,363: publishing the poses
[rosout][INFO] 2022-01-06 23:05:35,371: publishing the poses
[rosout][INFO] 2022-01-06 23:05:36,377: publishing the poses
[rosout][INFO] 2022-01-06 23:05:37,382: publishing the poses
[rosout][INFO] 2022-01-06 23:05:38,387: publishing the poses
[rosout][INFO] 2022-01-06 23:05:39,391: publishing the poses
[rosout][INFO] 2022-01-06 23:05:40,396: publishing the poses
[rosout][INFO] 2022-01-06 23:05:41,400: publishing the poses
[rosout][INFO] 2022-01-06 23:05:42,404: publishing the poses
[rosout][INFO] 2022-01-06 23:05:43,413: publishing the poses
[rosout][INFO] 2022-01-06 23:05:44,417: publishing the poses
[rosout][INFO] 2022-01-06 23:05:45,420: publishing the poses
[rosout][INFO] 2022-01-06 23:05:46,424: publishing the poses
[rosout][INFO] 2022-01-06 23:05:47,429: publishing the poses
[rosout][INFO] 2022-01-06 23:05:48,435: publishing the poses
[rosout][INFO] 2022-01-06 23:05:49,438: publishing the poses
[rosout][INFO] 2022-01-06 23:05:50,447: publishing the poses
[rosout][INFO] 2022-01-06 23:05:51,454: publishing the poses
[rosout][INFO] 2022-01-06 23:05:52,458: publishing the poses
[rosout][INFO] 2022-01-06 23:05:53,463: publishing the poses
[rosout][INFO] 2022-01-06 23:05:54,469: publishing the poses
[rosout][INFO] 2022-01-06 23:05:55,475: publishing the poses
[rosout][INFO] 2022-01-06 23:05:56,480: publishing the poses
[rosout][INFO] 2022-01-06 23:05:57,486: publishing the poses
[rosout][INFO] 2022-01-06 23:05:58,492: publishing the poses
[rosout][INFO] 2022-01-06 23:05:59,497: publishing the poses
[rosout][INFO] 2022-01-06 23:06:00,503: publishing the poses
[rosout][INFO] 2022-01-06 23:06:01,506: publishing the poses
[rosout][INFO] 2022-01-06 23:06:02,513: publishing the poses
[rosout][INFO] 2022-01-06 23:06:03,518: publishing the poses
[rosout][INFO] 2022-01-06 23:06:04,521: publishing the poses
[rosout][INFO] 2022-01-06 23:06:05,526: publishing the poses
[rosout][INFO] 2022-01-06 23:06:06,530: publishing the poses
[rosout][INFO] 2022-01-06 23:06:07,534: publishing the poses
[rosout][INFO] 2022-01-06 23:06:08,537: publishing the poses
[rosout][INFO] 2022-01-06 23:06:09,544: publishing the poses
[rosout][INFO] 2022-01-06 23:06:10,548: publishing the poses
[rosout][INFO] 2022-01-06 23:06:11,552: publishing the poses
[rosout][INFO] 2022-01-06 23:06:12,559: publishing the poses
[rosout][INFO] 2022-01-06 23:06:13,562: publishing the poses
[rosout][INFO] 2022-01-06 23:06:14,567: publishing the poses
[rosout][INFO] 2022-01-06 23:06:15,572: publishing the poses
[rosout][INFO] 2022-01-06 23:06:16,577: publishing the poses
[rosout][INFO] 2022-01-06 23:06:17,584: publishing the poses
[rosout][INFO] 2022-01-06 23:06:18,588: publishing the poses
[rosout][INFO] 2022-01-06 23:06:19,593: publishing the poses
[rosout][INFO] 2022-01-06 23:06:20,598: publishing the poses
[rosout][INFO] 2022-01-06 23:06:21,603: publishing the poses
[rosout][INFO] 2022-01-06 23:06:22,606: publishing the poses
[rosout][INFO] 2022-01-06 23:06:23,609: publishing the poses
[rosout][INFO] 2022-01-06 23:06:24,613: publishing the poses
[rosout][INFO] 2022-01-06 23:06:25,617: publishing the poses
[rosout][INFO] 2022-01-06 23:06:26,622: publishing the poses
[rosout][INFO] 2022-01-06 23:06:27,631: publishing the poses
[rosout][INFO] 2022-01-06 23:06:28,634: publishing the poses
[rosout][INFO] 2022-01-06 23:06:29,638: publishing the poses
[rosout][INFO] 2022-01-06 23:06:30,642: publishing the poses
[rosout][INFO] 2022-01-06 23:06:31,647: publishing the poses
[rosout][INFO] 2022-01-06 23:06:32,652: publishing the poses
[rosout][INFO] 2022-01-06 23:06:33,658: publishing the poses
[rosout][INFO] 2022-01-06 23:06:34,662: publishing the poses
[rosout][INFO] 2022-01-06 23:06:35,668: publishing the poses
[rosout][INFO] 2022-01-06 23:06:36,673: publishing the poses
[rosout][INFO] 2022-01-06 23:06:37,675: publishing the poses
[rosout][INFO] 2022-01-06 23:06:38,678: publishing the poses
[rosout][INFO] 2022-01-06 23:06:39,681: publishing the poses
[rosout][INFO] 2022-01-06 23:06:40,684: publishing the poses
[rosout][INFO] 2022-01-06 23:06:41,691: publishing the poses
[rosout][INFO] 2022-01-06 23:06:42,697: publishing the poses
[rosout][INFO] 2022-01-06 23:06:43,700: publishing the poses
[rosout][INFO] 2022-01-06 23:06:44,709: publishing the poses
[rosout][INFO] 2022-01-06 23:06:45,715: publishing the poses
[rosout][INFO] 2022-01-06 23:06:46,723: publishing the poses
[rosout][INFO] 2022-01-06 23:06:47,728: publishing the poses
[rosout][INFO] 2022-01-06 23:06:48,731: publishing the poses
[rosout][INFO] 2022-01-06 23:06:49,738: publishing the poses
[rosout][INFO] 2022-01-06 23:06:50,748: publishing the poses
[rosout][INFO] 2022-01-06 23:06:51,753: publishing the poses
[rosout][INFO] 2022-01-06 23:06:52,764: publishing the poses
[rosout][INFO] 2022-01-06 23:06:53,769: publishing the poses
[rosout][INFO] 2022-01-06 23:06:54,779: publishing the poses
[rosout][INFO] 2022-01-06 23:06:55,785: publishing the poses
[rosout][INFO] 2022-01-06 23:06:56,787: publishing the poses
[rosout][INFO] 2022-01-06 23:06:57,789: publishing the poses
[rosout][INFO] 2022-01-06 23:06:58,813: publishing the poses
[rosout][INFO] 2022-01-06 23:06:59,820: publishing the poses
[rosout][INFO] 2022-01-06 23:07:00,827: publishing the poses
[rosout][INFO] 2022-01-06 23:07:01,833: publishing the poses
[rosout][INFO] 2022-01-06 23:07:02,842: publishing the poses
[rosout][INFO] 2022-01-06 23:07:03,860: publishing the poses
[rosout][INFO] 2022-01-06 23:07:04,869: publishing the poses
[rosout][INFO] 2022-01-06 23:07:05,872: publishing the poses
[rosout][INFO] 2022-01-06 23:07:06,875: publishing the poses
[rosout][INFO] 2022-01-06 23:07:07,881: publishing the poses
[rosout][INFO] 2022-01-06 23:07:08,884: publishing the poses
[rosout][INFO] 2022-01-06 23:07:09,893: publishing the poses
[rosout][INFO] 2022-01-06 23:07:10,898: publishing the poses
[rosout][INFO] 2022-01-06 23:07:11,899: publishing the poses
[rosout][INFO] 2022-01-06 23:07:12,905: publishing the poses
[rosout][INFO] 2022-01-06 23:07:13,914: publishing the poses
[rosout][INFO] 2022-01-06 23:07:14,919: publishing the poses
[rosout][INFO] 2022-01-06 23:07:15,922: publishing the poses
[rosout][INFO] 2022-01-06 23:07:16,926: publishing the poses
[rosout][INFO] 2022-01-06 23:07:17,933: publishing the poses
[rosout][INFO] 2022-01-06 23:07:18,936: publishing the poses
[rosout][INFO] 2022-01-06 23:07:19,943: publishing the poses
[rosout][INFO] 2022-01-06 23:07:20,949: publishing the poses
[rosout][INFO] 2022-01-06 23:07:21,955: publishing the poses
[rosout][INFO] 2022-01-06 23:07:22,961: publishing the poses
[rosout][INFO] 2022-01-06 23:07:23,966: publishing the poses
[rosout][INFO] 2022-01-06 23:07:24,970: publishing the poses
[rosout][INFO] 2022-01-06 23:07:25,974: publishing the poses
[rosout][INFO] 2022-01-06 23:07:26,978: publishing the poses
[rosout][INFO] 2022-01-06 23:07:27,985: publishing the poses
[rosout][INFO] 2022-01-06 23:07:28,990: publishing the poses
[rosout][INFO] 2022-01-06 23:07:29,996: publishing the poses
[rosout][INFO] 2022-01-06 23:07:30,999: publishing the poses
[rosout][INFO] 2022-01-06 23:07:32,004: publishing the poses
[rosout][INFO] 2022-01-06 23:07:33,006: publishing the poses
[rosout][INFO] 2022-01-06 23:07:34,008: publishing the poses
[rosout][INFO] 2022-01-06 23:07:35,016: publishing the poses
[rosout][INFO] 2022-01-06 23:07:36,022: publishing the poses
[rosout][INFO] 2022-01-06 23:07:37,027: publishing the poses
[rosout][INFO] 2022-01-06 23:07:38,030: publishing the poses
[rosout][INFO] 2022-01-06 23:07:39,034: publishing the poses
[rosout][INFO] 2022-01-06 23:07:40,039: publishing the poses
[rosout][INFO] 2022-01-06 23:07:41,047: publishing the poses
[rosout][INFO] 2022-01-06 23:07:42,049: publishing the poses
[rosout][INFO] 2022-01-06 23:07:43,055: publishing the poses
[rosout][INFO] 2022-01-06 23:07:44,061: publishing the poses
[rosout][INFO] 2022-01-06 23:07:45,067: publishing the poses
[rosout][INFO] 2022-01-06 23:07:46,073: publishing the poses
[rosout][INFO] 2022-01-06 23:07:47,078: publishing the poses
[rosout][INFO] 2022-01-06 23:07:48,084: publishing the poses
[rosout][INFO] 2022-01-06 23:07:49,091: publishing the poses
[rosout][INFO] 2022-01-06 23:07:50,096: publishing the poses
[rosout][INFO] 2022-01-06 23:07:51,101: publishing the poses
[rosout][INFO] 2022-01-06 23:07:52,107: publishing the poses
[rosout][INFO] 2022-01-06 23:07:53,111: publishing the poses
[rosout][INFO] 2022-01-06 23:07:54,115: publishing the poses
[rosout][INFO] 2022-01-06 23:07:55,120: publishing the poses
[rosout][INFO] 2022-01-06 23:07:56,130: publishing the poses
[rosout][INFO] 2022-01-06 23:07:57,133: publishing the poses
[rosout][INFO] 2022-01-06 23:07:58,140: publishing the poses
[rosout][INFO] 2022-01-06 23:07:59,144: publishing the poses
[rosout][INFO] 2022-01-06 23:08:00,151: publishing the poses
[rosout][INFO] 2022-01-06 23:08:01,157: publishing the poses
[rosout][INFO] 2022-01-06 23:08:02,161: publishing the poses
[rosout][INFO] 2022-01-06 23:08:03,164: publishing the poses
[rosout][INFO] 2022-01-06 23:08:04,172: publishing the poses
[rosout][INFO] 2022-01-06 23:08:05,175: publishing the poses
[rosout][INFO] 2022-01-06 23:08:06,180: publishing the poses
[rosout][INFO] 2022-01-06 23:08:07,188: publishing the poses
[rosout][INFO] 2022-01-06 23:08:08,196: publishing the poses
[rosout][INFO] 2022-01-06 23:08:09,204: publishing the poses
[rosout][INFO] 2022-01-06 23:08:10,210: publishing the poses
[rosout][INFO] 2022-01-06 23:08:11,215: publishing the poses
[rosout][INFO] 2022-01-06 23:08:12,222: publishing the poses
[rosout][INFO] 2022-01-06 23:08:13,227: publishing the poses
[rosout][INFO] 2022-01-06 23:08:14,235: publishing the poses
[rosout][INFO] 2022-01-06 23:08:15,239: publishing the poses
[rosout][INFO] 2022-01-06 23:08:16,243: publishing the poses
[rosout][INFO] 2022-01-06 23:08:17,247: publishing the poses
[rosout][INFO] 2022-01-06 23:08:18,251: publishing the poses
[rosout][INFO] 2022-01-06 23:08:19,259: publishing the poses
[rosout][INFO] 2022-01-06 23:08:20,263: publishing the poses
[rosout][INFO] 2022-01-06 23:08:21,269: publishing the poses
[rosout][INFO] 2022-01-06 23:08:22,277: publishing the poses
[rosout][INFO] 2022-01-06 23:08:23,281: publishing the poses
[rosout][INFO] 2022-01-06 23:08:24,285: publishing the poses
[rosout][INFO] 2022-01-06 23:08:25,288: publishing the poses
[rosout][INFO] 2022-01-06 23:08:26,292: publishing the poses
[rosout][INFO] 2022-01-06 23:08:27,295: publishing the poses
[rosout][INFO] 2022-01-06 23:08:28,298: publishing the poses
[rosout][INFO] 2022-01-06 23:08:29,303: publishing the poses
[rosout][INFO] 2022-01-06 23:08:30,306: publishing the poses
[rosout][INFO] 2022-01-06 23:08:31,312: publishing the poses
[rosout][INFO] 2022-01-06 23:08:32,317: publishing the poses
[rosout][INFO] 2022-01-06 23:08:33,322: publishing the poses
[rosout][INFO] 2022-01-06 23:08:34,325: publishing the poses
[rosout][INFO] 2022-01-06 23:08:35,333: publishing the poses
[rosout][INFO] 2022-01-06 23:08:36,338: publishing the poses
[rosout][INFO] 2022-01-06 23:08:37,345: publishing the poses
[rosout][INFO] 2022-01-06 23:08:38,348: publishing the poses
[rosout][INFO] 2022-01-06 23:08:39,351: publishing the poses
[rosout][INFO] 2022-01-06 23:08:40,357: publishing the poses
[rosout][INFO] 2022-01-06 23:08:41,362: publishing the poses
[rosout][INFO] 2022-01-06 23:08:42,364: publishing the poses
[rosout][INFO] 2022-01-06 23:08:43,369: publishing the poses
[rosout][INFO] 2022-01-06 23:08:44,374: publishing the poses
[rosout][INFO] 2022-01-06 23:08:45,381: publishing the poses
[rosout][INFO] 2022-01-06 23:08:46,387: publishing the poses
[rosout][INFO] 2022-01-06 23:08:47,394: publishing the poses
[rosout][INFO] 2022-01-06 23:08:48,406: publishing the poses
[rosout][INFO] 2022-01-06 23:08:49,419: publishing the poses
[rosout][INFO] 2022-01-06 23:08:50,426: publishing the poses
[rosout][INFO] 2022-01-06 23:08:51,430: publishing the poses
[rosout][INFO] 2022-01-06 23:08:52,438: publishing the poses
[rosout][INFO] 2022-01-06 23:08:53,453: publishing the poses
[rosout][INFO] 2022-01-06 23:08:54,458: publishing the poses
[rosout][INFO] 2022-01-06 23:08:55,467: publishing the poses
[rosout][INFO] 2022-01-06 23:08:56,470: publishing the poses
[rosout][INFO] 2022-01-06 23:08:57,493: publishing the poses
[rosout][INFO] 2022-01-06 23:08:58,499: publishing the poses
[rosout][INFO] 2022-01-06 23:08:59,505: publishing the poses
[rosout][INFO] 2022-01-06 23:09:00,509: publishing the poses
[rosout][INFO] 2022-01-06 23:09:01,516: publishing the poses
[rosout][INFO] 2022-01-06 23:09:02,523: publishing the poses
[rosout][INFO] 2022-01-06 23:09:03,529: publishing the poses
[rosout][INFO] 2022-01-06 23:09:04,537: publishing the poses
[rosout][INFO] 2022-01-06 23:09:05,545: publishing the poses
[rosout][INFO] 2022-01-06 23:09:06,551: publishing the poses
[rosout][INFO] 2022-01-06 23:09:07,557: publishing the poses
[rosout][INFO] 2022-01-06 23:09:08,564: publishing the poses
[rosout][INFO] 2022-01-06 23:09:09,571: publishing the poses
[rosout][INFO] 2022-01-06 23:09:10,578: publishing the poses
[rosout][INFO] 2022-01-06 23:09:11,583: publishing the poses
[rosout][INFO] 2022-01-06 23:09:12,589: publishing the poses
[rospy.internal][INFO] 2022-01-06 23:09:13,072: topic[/grid3/allRobots/poses] removing connection to /controller_ros_interface_18778_1641490528322
[rosout][INFO] 2022-01-06 23:09:13,591: publishing the poses
[rosout][INFO] 2022-01-06 23:09:14,599: publishing the poses
[rospy.internal][INFO] 2022-01-06 23:09:15,148: topic[/grid3/allRobots/poses] adding connection to [/controller_ros_interface_19181_1641490754999], count 3
[rosout][INFO] 2022-01-06 23:09:15,607: publishing the poses
[rosout][INFO] 2022-01-06 23:09:16,611: publishing the poses
[rosout][INFO] 2022-01-06 23:09:17,616: publishing the poses
[rosout][INFO] 2022-01-06 23:09:18,620: publishing the poses
[rosout][INFO] 2022-01-06 23:09:19,628: publishing the poses
[rosout][INFO] 2022-01-06 23:09:20,632: publishing the poses
[rosout][INFO] 2022-01-06 23:09:21,637: publishing the poses
[rosout][INFO] 2022-01-06 23:09:22,643: publishing the poses
[rosout][INFO] 2022-01-06 23:09:23,648: publishing the poses
[rosout][INFO] 2022-01-06 23:09:24,650: publishing the poses
[rosout][INFO] 2022-01-06 23:09:25,655: publishing the poses
[rosout][INFO] 2022-01-06 23:09:26,663: publishing the poses
[rosout][INFO] 2022-01-06 23:09:27,670: publishing the poses
[rosout][INFO] 2022-01-06 23:09:28,676: publishing the poses
[rosout][INFO] 2022-01-06 23:09:29,680: publishing the poses
[rosout][INFO] 2022-01-06 23:09:30,684: publishing the poses
[rosout][INFO] 2022-01-06 23:09:31,687: publishing the poses
[rosout][INFO] 2022-01-06 23:09:32,691: publishing the poses
[rosout][INFO] 2022-01-06 23:09:33,696: publishing the poses
[rosout][INFO] 2022-01-06 23:09:34,699: publishing the poses
[rosout][INFO] 2022-01-06 23:09:35,703: publishing the poses
[rosout][INFO] 2022-01-06 23:09:36,709: publishing the poses
[rosout][INFO] 2022-01-06 23:09:37,716: publishing the poses
[rosout][INFO] 2022-01-06 23:09:38,720: publishing the poses
[rosout][INFO] 2022-01-06 23:09:39,725: publishing the poses
[rosout][INFO] 2022-01-06 23:09:40,729: publishing the poses
[rosout][INFO] 2022-01-06 23:09:41,733: publishing the poses
[rosout][INFO] 2022-01-06 23:09:42,737: publishing the poses
[rosout][INFO] 2022-01-06 23:09:43,740: publishing the poses
[rosout][INFO] 2022-01-06 23:09:44,745: publishing the poses
[rospy.internal][INFO] 2022-01-06 23:09:45,582: topic[/grid3/allRobots/poses] removing connection to /controller_ros_interface_19181_1641490754999
[rosout][INFO] 2022-01-06 23:09:45,747: publishing the poses
[rosout][INFO] 2022-01-06 23:09:46,758: publishing the poses
[rosout][INFO] 2022-01-06 23:09:47,771: publishing the poses
[rosout][INFO] 2022-01-06 23:09:48,776: publishing the poses
[rosout][INFO] 2022-01-06 23:09:49,782: publishing the poses
[rosout][INFO] 2022-01-06 23:09:50,788: publishing the poses
[rosout][INFO] 2022-01-06 23:09:51,792: publishing the poses
[rosout][INFO] 2022-01-06 23:09:52,796: publishing the poses
[rosout][INFO] 2022-01-06 23:09:53,804: publishing the poses
[rosout][INFO] 2022-01-06 23:09:54,811: publishing the poses
[rosout][INFO] 2022-01-06 23:09:55,816: publishing the poses
[rosout][INFO] 2022-01-06 23:09:56,820: publishing the poses
[rosout][INFO] 2022-01-06 23:09:57,827: publishing the poses
[rosout][INFO] 2022-01-06 23:09:58,833: publishing the poses
[rosout][INFO] 2022-01-06 23:09:59,842: publishing the poses
[rosout][INFO] 2022-01-06 23:10:00,848: publishing the poses
[rosout][INFO] 2022-01-06 23:10:01,854: publishing the poses
[rosout][INFO] 2022-01-06 23:10:02,860: publishing the poses
[rosout][INFO] 2022-01-06 23:10:03,869: publishing the poses
[rosout][INFO] 2022-01-06 23:10:04,876: publishing the poses
[rosout][INFO] 2022-01-06 23:10:05,883: publishing the poses
[rosout][INFO] 2022-01-06 23:10:06,888: publishing the poses
[rosout][INFO] 2022-01-06 23:10:07,896: publishing the poses
[rosout][INFO] 2022-01-06 23:10:08,900: publishing the poses
[rosout][INFO] 2022-01-06 23:10:09,907: publishing the poses
[rosout][INFO] 2022-01-06 23:10:10,910: publishing the poses
[rospy.internal][INFO] 2022-01-06 23:10:11,278: topic[/grid3/allRobots/poses] adding connection to [/controller_ros_interface_19268_1641490811134], count 3
[rosout][INFO] 2022-01-06 23:10:11,916: publishing the poses
[rosout][INFO] 2022-01-06 23:10:12,921: publishing the poses
[rosout][INFO] 2022-01-06 23:10:13,926: publishing the poses
[rosout][INFO] 2022-01-06 23:10:14,931: publishing the poses
[rosout][INFO] 2022-01-06 23:10:15,937: publishing the poses
[rosout][INFO] 2022-01-06 23:10:16,940: publishing the poses
[rosout][INFO] 2022-01-06 23:10:17,947: publishing the poses
[rosout][INFO] 2022-01-06 23:10:18,955: publishing the poses
[rosout][INFO] 2022-01-06 23:10:19,961: publishing the poses
[rosout][INFO] 2022-01-06 23:10:20,965: publishing the poses
[rosout][INFO] 2022-01-06 23:10:21,971: publishing the poses
[rosout][INFO] 2022-01-06 23:10:22,976: publishing the poses
[rosout][INFO] 2022-01-06 23:10:23,980: publishing the poses
[rosout][INFO] 2022-01-06 23:10:24,988: publishing the poses
[rosout][INFO] 2022-01-06 23:10:25,992: publishing the poses
[rosout][INFO] 2022-01-06 23:10:26,998: publishing the poses
[rosout][INFO] 2022-01-06 23:10:28,008: publishing the poses
[rosout][INFO] 2022-01-06 23:10:29,012: publishing the poses
[rosout][INFO] 2022-01-06 23:10:30,016: publishing the poses
[rosout][INFO] 2022-01-06 23:10:31,023: publishing the poses
[rosout][INFO] 2022-01-06 23:10:32,027: publishing the poses
[rosout][INFO] 2022-01-06 23:10:33,032: publishing the poses
[rosout][INFO] 2022-01-06 23:10:34,036: publishing the poses
[rosout][INFO] 2022-01-06 23:10:35,041: publishing the poses
[rosout][INFO] 2022-01-06 23:10:36,046: publishing the poses
[rosout][INFO] 2022-01-06 23:10:37,050: publishing the poses
[rosout][INFO] 2022-01-06 23:10:38,055: publishing the poses
[rosout][INFO] 2022-01-06 23:10:39,060: publishing the poses
[rosout][INFO] 2022-01-06 23:10:40,064: publishing the poses
[rosout][INFO] 2022-01-06 23:10:41,068: publishing the poses
[rosout][INFO] 2022-01-06 23:10:42,074: publishing the poses
[rosout][INFO] 2022-01-06 23:10:43,078: publishing the poses
[rosout][INFO] 2022-01-06 23:10:44,083: publishing the poses
[rosout][INFO] 2022-01-06 23:10:45,090: publishing the poses
[rosout][INFO] 2022-01-06 23:10:46,094: publishing the poses
[rosout][INFO] 2022-01-06 23:10:47,097: publishing the poses
[rosout][INFO] 2022-01-06 23:10:48,103: publishing the poses
[rosout][INFO] 2022-01-06 23:10:49,106: publishing the poses
[rosout][INFO] 2022-01-06 23:10:50,108: publishing the poses
[rosout][INFO] 2022-01-06 23:10:51,111: publishing the poses
[rosout][INFO] 2022-01-06 23:10:52,115: publishing the poses
[rosout][INFO] 2022-01-06 23:10:53,119: publishing the poses
[rosout][INFO] 2022-01-06 23:10:54,123: publishing the poses
[rosout][INFO] 2022-01-06 23:10:55,128: publishing the poses
[rosout][INFO] 2022-01-06 23:10:56,136: publishing the poses
[rosout][INFO] 2022-01-06 23:10:57,142: publishing the poses
[rosout][INFO] 2022-01-06 23:10:58,147: publishing the poses
[rosout][INFO] 2022-01-06 23:10:59,152: publishing the poses
[rosout][INFO] 2022-01-06 23:11:00,157: publishing the poses
[rosout][INFO] 2022-01-06 23:11:01,165: publishing the poses
[rosout][INFO] 2022-01-06 23:11:02,175: publishing the poses
[rosout][INFO] 2022-01-06 23:11:03,179: publishing the poses
[rosout][INFO] 2022-01-06 23:11:04,184: publishing the poses
[rosout][INFO] 2022-01-06 23:11:05,190: publishing the poses
[rosout][INFO] 2022-01-06 23:11:06,197: publishing the poses
[rosout][INFO] 2022-01-06 23:11:07,201: publishing the poses
[rosout][INFO] 2022-01-06 23:11:08,209: publishing the poses
[rosout][INFO] 2022-01-06 23:11:09,216: publishing the poses
[rosout][INFO] 2022-01-06 23:11:10,220: publishing the poses
[rosout][INFO] 2022-01-06 23:11:11,225: publishing the poses
[rosout][INFO] 2022-01-06 23:11:12,231: publishing the poses
[rosout][INFO] 2022-01-06 23:11:13,235: publishing the poses
[rosout][INFO] 2022-01-06 23:11:14,240: publishing the poses
[rosout][INFO] 2022-01-06 23:11:15,244: publishing the poses
[rosout][INFO] 2022-01-06 23:11:16,248: publishing the poses
[rosout][INFO] 2022-01-06 23:11:17,257: publishing the poses
[rosout][INFO] 2022-01-06 23:11:18,264: publishing the poses
[rosout][INFO] 2022-01-06 23:11:19,267: publishing the poses
[rosout][INFO] 2022-01-06 23:11:20,274: publishing the poses
[rosout][INFO] 2022-01-06 23:11:21,280: publishing the poses
[rosout][INFO] 2022-01-06 23:11:22,283: publishing the poses
[rosout][INFO] 2022-01-06 23:11:23,291: publishing the poses
[rosout][INFO] 2022-01-06 23:11:24,297: publishing the poses
[rosout][INFO] 2022-01-06 23:11:25,302: publishing the poses
[rosout][INFO] 2022-01-06 23:11:26,307: publishing the poses
[rosout][INFO] 2022-01-06 23:11:27,313: publishing the poses
[rosout][INFO] 2022-01-06 23:11:28,317: publishing the poses
[rosout][INFO] 2022-01-06 23:11:29,325: publishing the poses
[rosout][INFO] 2022-01-06 23:11:30,331: publishing the poses
[rosout][INFO] 2022-01-06 23:11:31,335: publishing the poses
[rosout][INFO] 2022-01-06 23:11:32,345: publishing the poses
[rosout][INFO] 2022-01-06 23:11:33,350: publishing the poses
[rosout][INFO] 2022-01-06 23:11:34,360: publishing the poses
[rosout][INFO] 2022-01-06 23:11:35,364: publishing the poses
[rosout][INFO] 2022-01-06 23:11:36,370: publishing the poses
[rosout][INFO] 2022-01-06 23:11:37,378: publishing the poses
[rosout][INFO] 2022-01-06 23:11:38,383: publishing the poses
[rosout][INFO] 2022-01-06 23:11:39,388: publishing the poses
[rosout][INFO] 2022-01-06 23:11:40,392: publishing the poses
[rosout][INFO] 2022-01-06 23:11:41,400: publishing the poses
[rosout][INFO] 2022-01-06 23:11:42,406: publishing the poses
[rosout][INFO] 2022-01-06 23:11:43,415: publishing the poses
[rosout][INFO] 2022-01-06 23:11:44,421: publishing the poses
[rosout][INFO] 2022-01-06 23:11:45,429: publishing the poses
[rosout][INFO] 2022-01-06 23:11:46,436: publishing the poses
[rosout][INFO] 2022-01-06 23:11:47,442: publishing the poses
[rosout][INFO] 2022-01-06 23:11:48,451: publishing the poses
[rosout][INFO] 2022-01-06 23:11:49,457: publishing the poses
[rosout][INFO] 2022-01-06 23:11:50,464: publishing the poses
[rosout][INFO] 2022-01-06 23:11:51,470: publishing the poses
[rosout][INFO] 2022-01-06 23:11:52,475: publishing the poses
[rosout][INFO] 2022-01-06 23:11:53,479: publishing the poses
[rosout][INFO] 2022-01-06 23:11:54,482: publishing the poses
[rosout][INFO] 2022-01-06 23:11:55,485: publishing the poses
[rosout][INFO] 2022-01-06 23:11:56,491: publishing the poses
[rosout][INFO] 2022-01-06 23:11:57,496: publishing the poses
[rosout][INFO] 2022-01-06 23:11:58,503: publishing the poses
[rosout][INFO] 2022-01-06 23:11:59,506: publishing the poses
[rosout][INFO] 2022-01-06 23:12:00,509: publishing the poses
[rosout][INFO] 2022-01-06 23:12:01,533: publishing the poses
[rosout][INFO] 2022-01-06 23:12:02,541: publishing the poses
[rosout][INFO] 2022-01-06 23:12:03,553: publishing the poses
[rosout][INFO] 2022-01-06 23:12:04,565: publishing the poses
[rosout][INFO] 2022-01-06 23:12:05,573: publishing the poses
[rosout][INFO] 2022-01-06 23:12:06,577: publishing the poses
[rosout][INFO] 2022-01-06 23:12:07,582: publishing the poses
[rosout][INFO] 2022-01-06 23:12:08,587: publishing the poses
[rosout][INFO] 2022-01-06 23:12:09,592: publishing the poses
[rosout][INFO] 2022-01-06 23:12:10,604: publishing the poses
[rosout][INFO] 2022-01-06 23:12:11,608: publishing the poses
[rosout][INFO] 2022-01-06 23:12:12,613: publishing the poses
[rosout][INFO] 2022-01-06 23:12:13,621: publishing the poses
[rosout][INFO] 2022-01-06 23:12:14,627: publishing the poses
[rosout][INFO] 2022-01-06 23:12:15,632: publishing the poses
[rosout][INFO] 2022-01-06 23:12:16,642: publishing the poses
[rosout][INFO] 2022-01-06 23:12:17,654: publishing the poses
[rosout][INFO] 2022-01-06 23:12:18,662: publishing the poses
[rosout][INFO] 2022-01-06 23:12:19,667: publishing the poses
[rosout][INFO] 2022-01-06 23:12:20,671: publishing the poses
[rosout][INFO] 2022-01-06 23:12:21,678: publishing the poses
[rosout][INFO] 2022-01-06 23:12:22,683: publishing the poses
[rosout][INFO] 2022-01-06 23:12:23,687: publishing the poses
[rosout][INFO] 2022-01-06 23:12:24,690: publishing the poses
[rosout][INFO] 2022-01-06 23:12:25,694: publishing the poses
[rosout][INFO] 2022-01-06 23:12:26,697: publishing the poses
[rosout][INFO] 2022-01-06 23:12:27,700: publishing the poses
[rosout][INFO] 2022-01-06 23:12:28,702: publishing the poses
[rosout][INFO] 2022-01-06 23:12:29,706: publishing the poses
[rosout][INFO] 2022-01-06 23:12:30,710: publishing the poses
[rosout][INFO] 2022-01-06 23:12:31,713: publishing the poses
[rosout][INFO] 2022-01-06 23:12:32,719: publishing the poses
[rosout][INFO] 2022-01-06 23:12:33,725: publishing the poses
[rosout][INFO] 2022-01-06 23:12:34,734: publishing the poses
[rosout][INFO] 2022-01-06 23:12:35,756: publishing the poses
[rosout][INFO] 2022-01-06 23:12:36,775: publishing the poses
[rosout][INFO] 2022-01-06 23:12:37,783: publishing the poses
[rosout][INFO] 2022-01-06 23:12:38,786: publishing the poses
[rosout][INFO] 2022-01-06 23:12:39,796: publishing the poses
[rosout][INFO] 2022-01-06 23:12:40,803: publishing the poses
[rosout][INFO] 2022-01-06 23:12:41,812: publishing the poses
[rosout][INFO] 2022-01-06 23:12:42,818: publishing the poses
[rosout][INFO] 2022-01-06 23:12:43,822: publishing the poses
[rosout][INFO] 2022-01-06 23:12:44,829: publishing the poses
[rosout][INFO] 2022-01-06 23:12:45,835: publishing the poses
[rosout][INFO] 2022-01-06 23:12:46,842: publishing the poses
[rosout][INFO] 2022-01-06 23:12:47,849: publishing the poses
[rosout][INFO] 2022-01-06 23:12:48,857: publishing the poses
[rosout][INFO] 2022-01-06 23:12:49,862: publishing the poses
[rosout][INFO] 2022-01-06 23:12:50,869: publishing the poses
[rosout][INFO] 2022-01-06 23:12:51,875: publishing the poses
[rosout][INFO] 2022-01-06 23:12:52,881: publishing the poses
[rosout][INFO] 2022-01-06 23:12:53,891: publishing the poses
[rosout][INFO] 2022-01-06 23:12:54,918: publishing the poses
[rosout][INFO] 2022-01-06 23:12:55,929: publishing the poses
[rosout][INFO] 2022-01-06 23:12:56,936: publishing the poses
[rosout][INFO] 2022-01-06 23:12:57,946: publishing the poses
[rosout][INFO] 2022-01-06 23:12:58,953: publishing the poses
[rosout][INFO] 2022-01-06 23:12:59,957: publishing the poses
[rosout][INFO] 2022-01-06 23:13:00,960: publishing the poses
[rosout][INFO] 2022-01-06 23:13:01,975: publishing the poses
[rosout][INFO] 2022-01-06 23:13:02,978: publishing the poses
[rosout][INFO] 2022-01-06 23:13:03,982: publishing the poses
[rosout][INFO] 2022-01-06 23:13:04,989: publishing the poses
[rosout][INFO] 2022-01-06 23:13:06,007: publishing the poses
[rosout][INFO] 2022-01-06 23:13:07,049: publishing the poses
[rosout][INFO] 2022-01-06 23:13:08,075: publishing the poses
[rosout][INFO] 2022-01-06 23:13:09,079: publishing the poses
[rosout][INFO] 2022-01-06 23:13:10,085: publishing the poses
[rosout][INFO] 2022-01-06 23:13:11,091: publishing the poses
[rosout][INFO] 2022-01-06 23:13:12,094: publishing the poses
[rosout][INFO] 2022-01-06 23:13:13,109: publishing the poses
[rosout][INFO] 2022-01-06 23:13:14,112: publishing the poses
[rosout][INFO] 2022-01-06 23:13:15,118: publishing the poses
[rosout][INFO] 2022-01-06 23:13:16,124: publishing the poses
[rosout][INFO] 2022-01-06 23:13:17,134: publishing the poses
[rosout][INFO] 2022-01-06 23:13:18,139: publishing the poses
[rosout][INFO] 2022-01-06 23:13:19,142: publishing the poses
[rosout][INFO] 2022-01-06 23:13:20,147: publishing the poses
[rosout][INFO] 2022-01-06 23:13:21,162: publishing the poses
[rosout][INFO] 2022-01-06 23:13:22,192: publishing the poses
[rosout][INFO] 2022-01-06 23:13:23,203: publishing the poses
[rosout][INFO] 2022-01-06 23:13:24,210: publishing the poses
[rosout][INFO] 2022-01-06 23:13:25,232: publishing the poses
[rosout][INFO] 2022-01-06 23:13:26,240: publishing the poses
[rosout][INFO] 2022-01-06 23:13:27,245: publishing the poses
[rosout][INFO] 2022-01-06 23:13:28,252: publishing the poses
[rosout][INFO] 2022-01-06 23:13:29,262: publishing the poses
[rosout][INFO] 2022-01-06 23:13:30,278: publishing the poses
[rosout][INFO] 2022-01-06 23:13:31,289: publishing the poses
[rosout][INFO] 2022-01-06 23:13:32,299: publishing the poses
[rosout][INFO] 2022-01-06 23:13:33,307: publishing the poses
[rosout][INFO] 2022-01-06 23:13:34,310: publishing the poses
[rosout][INFO] 2022-01-06 23:13:35,315: publishing the poses
[rosout][INFO] 2022-01-06 23:13:36,321: publishing the poses
[rosout][INFO] 2022-01-06 23:13:37,323: publishing the poses
[rosout][INFO] 2022-01-06 23:13:38,326: publishing the poses
[rosout][INFO] 2022-01-06 23:13:39,330: publishing the poses
[rosout][INFO] 2022-01-06 23:13:40,342: publishing the poses
[rosout][INFO] 2022-01-06 23:13:41,349: publishing the poses
[rosout][INFO] 2022-01-06 23:13:42,356: publishing the poses
[rospy.internal][INFO] 2022-01-06 23:13:43,163: topic[/grid3/allRobots/poses] removing connection to /controller_ros_interface_19268_1641490811134
[rosout][INFO] 2022-01-06 23:13:43,361: publishing the poses
[rosout][INFO] 2022-01-06 23:13:44,367: publishing the poses
[rosout][INFO] 2022-01-06 23:13:45,368: publishing the poses
[rosout][INFO] 2022-01-06 23:13:46,371: publishing the poses
[rospy.internal][INFO] 2022-01-06 23:13:46,574: topic[/grid3/allRobots/poses] adding connection to [/controller_ros_interface_19799_1641491026430], count 3
[rosout][INFO] 2022-01-06 23:13:47,381: publishing the poses
[rosout][INFO] 2022-01-06 23:13:48,385: publishing the poses
[rosout][INFO] 2022-01-06 23:13:49,400: publishing the poses
[rosout][INFO] 2022-01-06 23:13:50,405: publishing the poses
[rosout][INFO] 2022-01-06 23:13:51,410: publishing the poses
[rosout][INFO] 2022-01-06 23:13:52,413: publishing the poses
[rosout][INFO] 2022-01-06 23:13:53,419: publishing the poses
[rosout][INFO] 2022-01-06 23:13:54,427: publishing the poses
[rosout][INFO] 2022-01-06 23:13:55,434: publishing the poses
[rosout][INFO] 2022-01-06 23:13:56,441: publishing the poses
[rosout][INFO] 2022-01-06 23:13:57,446: publishing the poses
[rosout][INFO] 2022-01-06 23:13:58,450: publishing the poses
[rosout][INFO] 2022-01-06 23:13:59,454: publishing the poses
[rosout][INFO] 2022-01-06 23:14:00,473: publishing the poses
[rosout][INFO] 2022-01-06 23:14:01,485: publishing the poses
[rosout][INFO] 2022-01-06 23:14:02,492: publishing the poses
[rosout][INFO] 2022-01-06 23:14:03,496: publishing the poses
[rosout][INFO] 2022-01-06 23:14:04,504: publishing the poses
[rosout][INFO] 2022-01-06 23:14:05,508: publishing the poses
[rosout][INFO] 2022-01-06 23:14:06,517: publishing the poses
[rosout][INFO] 2022-01-06 23:14:07,527: publishing the poses
[rosout][INFO] 2022-01-06 23:14:08,532: publishing the poses
[rosout][INFO] 2022-01-06 23:14:09,537: publishing the poses
[rosout][INFO] 2022-01-06 23:14:10,547: publishing the poses
[rosout][INFO] 2022-01-06 23:14:11,553: publishing the poses
[rosout][INFO] 2022-01-06 23:14:12,558: publishing the poses
[rosout][INFO] 2022-01-06 23:14:13,566: publishing the poses
[rosout][INFO] 2022-01-06 23:14:14,574: publishing the poses
[rosout][INFO] 2022-01-06 23:14:15,582: publishing the poses
[rosout][INFO] 2022-01-06 23:14:16,585: publishing the poses
[rosout][INFO] 2022-01-06 23:14:17,592: publishing the poses
[rosout][INFO] 2022-01-06 23:14:18,600: publishing the poses
[rosout][INFO] 2022-01-06 23:14:19,603: publishing the poses
[rosout][INFO] 2022-01-06 23:14:20,607: publishing the poses
[rosout][INFO] 2022-01-06 23:14:21,611: publishing the poses
[rosout][INFO] 2022-01-06 23:14:22,616: publishing the poses
[rosout][INFO] 2022-01-06 23:14:23,619: publishing the poses
[rosout][INFO] 2022-01-06 23:14:24,623: publishing the poses
[rosout][INFO] 2022-01-06 23:14:25,629: publishing the poses
[rosout][INFO] 2022-01-06 23:14:26,637: publishing the poses
[rosout][INFO] 2022-01-06 23:14:27,639: publishing the poses
[rosout][INFO] 2022-01-06 23:14:28,643: publishing the poses
[rosout][INFO] 2022-01-06 23:14:29,647: publishing the poses
[rosout][INFO] 2022-01-06 23:14:30,651: publishing the poses
[rosout][INFO] 2022-01-06 23:14:31,654: publishing the poses
[rosout][INFO] 2022-01-06 23:14:32,660: publishing the poses
[rosout][INFO] 2022-01-06 23:14:33,666: publishing the poses
[rosout][INFO] 2022-01-06 23:14:34,670: publishing the poses
[rosout][INFO] 2022-01-06 23:14:35,674: publishing the poses
[rosout][INFO] 2022-01-06 23:14:36,678: publishing the poses
[rosout][INFO] 2022-01-06 23:14:37,682: publishing the poses
[rosout][INFO] 2022-01-06 23:14:38,687: publishing the poses
[rosout][INFO] 2022-01-06 23:14:39,691: publishing the poses
[rosout][INFO] 2022-01-06 23:14:40,694: publishing the poses
[rosout][INFO] 2022-01-06 23:14:41,700: publishing the poses
[rosout][INFO] 2022-01-06 23:14:42,703: publishing the poses
[rosout][INFO] 2022-01-06 23:14:43,707: publishing the poses
[rosout][INFO] 2022-01-06 23:14:44,713: publishing the poses
[rosout][INFO] 2022-01-06 23:14:45,716: publishing the poses
[rosout][INFO] 2022-01-06 23:14:46,721: publishing the poses
[rosout][INFO] 2022-01-06 23:14:47,725: publishing the poses
[rosout][INFO] 2022-01-06 23:14:48,731: publishing the poses
[rosout][INFO] 2022-01-06 23:14:49,738: publishing the poses
[rosout][INFO] 2022-01-06 23:14:50,747: publishing the poses
[rosout][INFO] 2022-01-06 23:14:51,752: publishing the poses
[rosout][INFO] 2022-01-06 23:14:52,758: publishing the poses
[rosout][INFO] 2022-01-06 23:14:53,765: publishing the poses
[rosout][INFO] 2022-01-06 23:14:54,771: publishing the poses
[rosout][INFO] 2022-01-06 23:14:55,777: publishing the poses
[rosout][INFO] 2022-01-06 23:14:56,783: publishing the poses
[rosout][INFO] 2022-01-06 23:14:57,790: publishing the poses
[rosout][INFO] 2022-01-06 23:14:58,798: publishing the poses
[rosout][INFO] 2022-01-06 23:14:59,807: publishing the poses
[rosout][INFO] 2022-01-06 23:15:00,815: publishing the poses
[rosout][INFO] 2022-01-06 23:15:01,822: publishing the poses
[rosout][INFO] 2022-01-06 23:15:02,830: publishing the poses
[rosout][INFO] 2022-01-06 23:15:03,835: publishing the poses
[rosout][INFO] 2022-01-06 23:15:04,839: publishing the poses
[rosout][INFO] 2022-01-06 23:15:05,852: publishing the poses
[rosout][INFO] 2022-01-06 23:15:06,891: publishing the poses
[rosout][INFO] 2022-01-06 23:15:07,905: publishing the poses
[rosout][INFO] 2022-01-06 23:15:08,924: publishing the poses
[rosout][INFO] 2022-01-06 23:15:09,944: publishing the poses
[rosout][INFO] 2022-01-06 23:15:10,967: publishing the poses
[rosout][INFO] 2022-01-06 23:15:11,987: publishing the poses
[rosout][INFO] 2022-01-06 23:15:12,990: publishing the poses
[rosout][INFO] 2022-01-06 23:15:13,992: publishing the poses
[rosout][INFO] 2022-01-06 23:15:15,002: publishing the poses
[rosout][INFO] 2022-01-06 23:15:16,013: publishing the poses
[rosout][INFO] 2022-01-06 23:15:17,019: publishing the poses
[rosout][INFO] 2022-01-06 23:15:18,022: publishing the poses
[rosout][INFO] 2022-01-06 23:15:19,025: publishing the poses
[rosout][INFO] 2022-01-06 23:15:20,032: publishing the poses
[rosout][INFO] 2022-01-06 23:15:21,035: publishing the poses
[rosout][INFO] 2022-01-06 23:15:22,046: publishing the poses
[rosout][INFO] 2022-01-06 23:15:23,051: publishing the poses
[rosout][INFO] 2022-01-06 23:15:24,056: publishing the poses
[rosout][INFO] 2022-01-06 23:15:25,061: publishing the poses
[rosout][INFO] 2022-01-06 23:15:26,070: publishing the poses
[rosout][INFO] 2022-01-06 23:15:27,073: publishing the poses
[rosout][INFO] 2022-01-06 23:15:28,088: publishing the poses
[rosout][INFO] 2022-01-06 23:15:29,103: publishing the poses
[rosout][INFO] 2022-01-06 23:15:30,148: publishing the poses
[rosout][INFO] 2022-01-06 23:15:31,158: publishing the poses
[rosout][INFO] 2022-01-06 23:15:32,166: publishing the poses
[rosout][INFO] 2022-01-06 23:15:33,194: publishing the poses
[rosout][INFO] 2022-01-06 23:15:34,226: publishing the poses
[rosout][INFO] 2022-01-06 23:15:35,244: publishing the poses
[rosout][INFO] 2022-01-06 23:15:36,274: publishing the poses
[rosout][INFO] 2022-01-06 23:15:37,310: publishing the poses
[rosout][INFO] 2022-01-06 23:15:38,320: publishing the poses
[rosout][INFO] 2022-01-06 23:15:39,325: publishing the poses
[rosout][INFO] 2022-01-06 23:15:40,331: publishing the poses
[rosout][INFO] 2022-01-06 23:15:41,335: publishing the poses
[rosout][INFO] 2022-01-06 23:15:42,365: publishing the poses
[rosout][INFO] 2022-01-06 23:15:43,381: publishing the poses
[rosout][INFO] 2022-01-06 23:15:44,398: publishing the poses
[rosout][INFO] 2022-01-06 23:15:45,428: publishing the poses
[rosout][INFO] 2022-01-06 23:15:46,461: publishing the poses
[rosout][INFO] 2022-01-06 23:15:47,487: publishing the poses
[rosout][INFO] 2022-01-06 23:15:48,506: publishing the poses
[rosout][INFO] 2022-01-06 23:15:49,536: publishing the poses
[rosout][INFO] 2022-01-06 23:15:50,557: publishing the poses
[rosout][INFO] 2022-01-06 23:15:51,572: publishing the poses
[rosout][INFO] 2022-01-06 23:15:52,579: publishing the poses
[rosout][INFO] 2022-01-06 23:15:53,590: publishing the poses
[rosout][INFO] 2022-01-06 23:15:54,600: publishing the poses
[rosout][INFO] 2022-01-06 23:15:55,615: publishing the poses
[rosout][INFO] 2022-01-06 23:15:56,642: publishing the poses
[rosout][INFO] 2022-01-06 23:15:57,676: publishing the poses
[rosout][INFO] 2022-01-06 23:15:58,703: publishing the poses
[rosout][INFO] 2022-01-06 23:15:59,707: publishing the poses
[rosout][INFO] 2022-01-06 23:16:00,729: publishing the poses
[rosout][INFO] 2022-01-06 23:16:01,750: publishing the poses
[rosout][INFO] 2022-01-06 23:16:02,794: publishing the poses
[rosout][INFO] 2022-01-06 23:16:03,832: publishing the poses
[rosout][INFO] 2022-01-06 23:16:04,868: publishing the poses
[rosout][INFO] 2022-01-06 23:16:05,894: publishing the poses
[rosout][INFO] 2022-01-06 23:16:06,920: publishing the poses
[rosout][INFO] 2022-01-06 23:16:07,948: publishing the poses
[rosout][INFO] 2022-01-06 23:16:08,977: publishing the poses
[rosout][INFO] 2022-01-06 23:16:10,000: publishing the poses
[rosout][INFO] 2022-01-06 23:16:11,004: publishing the poses
[rosout][INFO] 2022-01-06 23:16:12,006: publishing the poses
[rosout][INFO] 2022-01-06 23:16:13,013: publishing the poses
[rosout][INFO] 2022-01-06 23:16:14,030: publishing the poses
[rosout][INFO] 2022-01-06 23:16:15,053: publishing the poses
[rosout][INFO] 2022-01-06 23:16:16,062: publishing the poses
[rosout][INFO] 2022-01-06 23:16:17,087: publishing the poses
[rosout][INFO] 2022-01-06 23:16:18,110: publishing the poses
[rosout][INFO] 2022-01-06 23:16:19,140: publishing the poses
[rosout][INFO] 2022-01-06 23:16:20,180: publishing the poses
[rosout][INFO] 2022-01-06 23:16:21,216: publishing the poses
[rosout][INFO] 2022-01-06 23:16:22,250: publishing the poses
[rosout][INFO] 2022-01-06 23:16:23,274: publishing the poses
[rosout][INFO] 2022-01-06 23:16:24,283: publishing the poses
[rosout][INFO] 2022-01-06 23:16:25,318: publishing the poses
[rosout][INFO] 2022-01-06 23:16:26,379: publishing the poses
[rosout][INFO] 2022-01-06 23:16:27,417: publishing the poses
[rosout][INFO] 2022-01-06 23:16:28,454: publishing the poses
[rosout][INFO] 2022-01-06 23:16:29,492: publishing the poses
[rosout][INFO] 2022-01-06 23:16:30,518: publishing the poses
[rosout][INFO] 2022-01-06 23:16:31,530: publishing the poses
[rosout][INFO] 2022-01-06 23:16:32,557: publishing the poses
[rosout][INFO] 2022-01-06 23:16:33,570: publishing the poses
[rosout][INFO] 2022-01-06 23:16:34,574: publishing the poses
[rosout][INFO] 2022-01-06 23:16:35,578: publishing the poses
[rosout][INFO] 2022-01-06 23:16:36,582: publishing the poses
[rosout][INFO] 2022-01-06 23:16:37,588: publishing the poses
[rosout][INFO] 2022-01-06 23:16:38,595: publishing the poses
[rosout][INFO] 2022-01-06 23:16:39,598: publishing the poses
[rosout][INFO] 2022-01-06 23:16:40,604: publishing the poses
[rospy.internal][ERROR] 2022-01-06 23:16:41,131: Unable to initiate TCP/IP socket to prajwal-IdeaPad-L340-15IRH-Gaming:35335 (http://prajwal-IdeaPad-L340-15IRH-Gaming:34133/): Traceback (most recent call last):
  File "/opt/ros/noetic/lib/python3/dist-packages/rospy/impl/tcpros_base.py", line 562, in connect
    self.read_header()
  File "/opt/ros/noetic/lib/python3/dist-packages/rospy/impl/tcpros_base.py", line 657, in read_header
    self._validate_header(read_ros_handshake_header(sock, self.read_buff, self.protocol.buff_size))
  File "/opt/ros/noetic/lib/python3/dist-packages/rospy/impl/tcpros_base.py", line 600, in _validate_header
    raise TransportInitError("remote error reported: %s"%header['error'])
rospy.exceptions.TransportInitError: remote error reported: received a connection for a nonexistent topic [/clock] from [TCPROS connection on port 35335 to [127.0.0.1:50222 on socket 17]] [/fake_pose_publisher].

[rospy.internal][ERROR] 2022-01-06 23:16:41,185: Unable to initiate TCP/IP socket to prajwal-IdeaPad-L340-15IRH-Gaming:35335 (http://prajwal-IdeaPad-L340-15IRH-Gaming:34133/): Traceback (most recent call last):
  File "/opt/ros/noetic/lib/python3/dist-packages/rospy/impl/tcpros_base.py", line 562, in connect
    self.read_header()
  File "/opt/ros/noetic/lib/python3/dist-packages/rospy/impl/tcpros_base.py", line 657, in read_header
    self._validate_header(read_ros_handshake_header(sock, self.read_buff, self.protocol.buff_size))
  File "/opt/ros/noetic/lib/python3/dist-packages/rospy/impl/tcpros_base.py", line 600, in _validate_header
    raise TransportInitError("remote error reported: %s"%header['error'])
rospy.exceptions.TransportInitError: remote error reported: received a connection for a nonexistent topic [/robot3/odom] from [TCPROS connection on port 35335 to [127.0.0.1:50262 on socket 16]] [/fake_pose_publisher].

[rospy.internal][ERROR] 2022-01-06 23:16:41,188: Unable to initiate TCP/IP socket to prajwal-IdeaPad-L340-15IRH-Gaming:35335 (http://prajwal-IdeaPad-L340-15IRH-Gaming:34133/): Traceback (most recent call last):
  File "/opt/ros/noetic/lib/python3/dist-packages/rospy/impl/tcpros_base.py", line 562, in connect
    self.read_header()
  File "/opt/ros/noetic/lib/python3/dist-packages/rospy/impl/tcpros_base.py", line 657, in read_header
    self._validate_header(read_ros_handshake_header(sock, self.read_buff, self.protocol.buff_size))
  File "/opt/ros/noetic/lib/python3/dist-packages/rospy/impl/tcpros_base.py", line 600, in _validate_header
    raise TransportInitError("remote error reported: %s"%header['error'])
rospy.exceptions.TransportInitError: remote error reported: received a connection for a nonexistent topic [/robot4/odom] from [TCPROS connection on port 35335 to [127.0.0.1:50264 on socket 16]] [/fake_pose_publisher].

[rospy.internal][ERROR] 2022-01-06 23:16:41,191: Unable to initiate TCP/IP socket to prajwal-IdeaPad-L340-15IRH-Gaming:35335 (http://prajwal-IdeaPad-L340-15IRH-Gaming:34133/): Traceback (most recent call last):
  File "/opt/ros/noetic/lib/python3/dist-packages/rospy/impl/tcpros_base.py", line 562, in connect
    self.read_header()
  File "/opt/ros/noetic/lib/python3/dist-packages/rospy/impl/tcpros_base.py", line 657, in read_header
    self._validate_header(read_ros_handshake_header(sock, self.read_buff, self.protocol.buff_size))
  File "/opt/ros/noetic/lib/python3/dist-packages/rospy/impl/tcpros_base.py", line 600, in _validate_header
    raise TransportInitError("remote error reported: %s"%header['error'])
rospy.exceptions.TransportInitError: remote error reported: received a connection for a nonexistent topic [/robot1/odom] from [TCPROS connection on port 35335 to [127.0.0.1:50266 on socket 16]] [/fake_pose_publisher].

[rospy.internal][ERROR] 2022-01-06 23:16:41,195: Unable to initiate TCP/IP socket to prajwal-IdeaPad-L340-15IRH-Gaming:35335 (http://prajwal-IdeaPad-L340-15IRH-Gaming:34133/): Traceback (most recent call last):
  File "/opt/ros/noetic/lib/python3/dist-packages/rospy/impl/tcpros_base.py", line 562, in connect
    self.read_header()
  File "/opt/ros/noetic/lib/python3/dist-packages/rospy/impl/tcpros_base.py", line 657, in read_header
    self._validate_header(read_ros_handshake_header(sock, self.read_buff, self.protocol.buff_size))
  File "/opt/ros/noetic/lib/python3/dist-packages/rospy/impl/tcpros_base.py", line 600, in _validate_header
    raise TransportInitError("remote error reported: %s"%header['error'])
rospy.exceptions.TransportInitError: remote error reported: received a connection for a nonexistent topic [/robot2/odom] from [TCPROS connection on port 35335 to [127.0.0.1:50268 on socket 16]] [/fake_pose_publisher].

[rospy.internal][INFO] 2022-01-06 23:16:41,228: topic[/robot1/cmd_vel] removing connection to /gazebo
[rospy.internal][INFO] 2022-01-06 23:16:41,229: topic[/robot2/cmd_vel] removing connection to /gazebo
[rospy.internal][INFO] 2022-01-06 23:16:41,229: topic[/robot3/cmd_vel] removing connection to /gazebo
[rospy.internal][INFO] 2022-01-06 23:16:41,230: topic[/robot4/cmd_vel] removing connection to /gazebo
[rospy.core][INFO] 2022-01-06 23:16:41,794: signal_shutdown [signal-2]
[rospy.internal][INFO] 2022-01-06 23:16:41,798: topic[/rosout] removing connection to /rosout
[rospy.internal][INFO] 2022-01-06 23:16:41,798: topic[/grid3/allRobots/poses] removing connection to /trajectory_planner
[rospy.internal][INFO] 2022-01-06 23:16:41,798: topic[/grid3/allRobots/poses] removing connection to /brain_17827_1641490320483
[rospy.internal][INFO] 2022-01-06 23:16:41,798: topic[/grid3/allRobots/poses] removing connection to /rqt_gui
[rospy.internal][INFO] 2022-01-06 23:16:41,798: topic[/grid3/allRobots/poses] removing connection to /controller_ros_interface_19799_1641491026430
[rospy.internal][INFO] 2022-01-06 23:16:41,799: topic[/clock] removing connection to http://prajwal-IdeaPad-L340-15IRH-Gaming:34133/
[rospy.internal][INFO] 2022-01-06 23:16:41,799: topic[/robot1/odom] removing connection to http://prajwal-IdeaPad-L340-15IRH-Gaming:34133/
[rospy.internal][INFO] 2022-01-06 23:16:41,799: topic[/robot2/odom] removing connection to http://prajwal-IdeaPad-L340-15IRH-Gaming:34133/
[rospy.internal][INFO] 2022-01-06 23:16:41,799: topic[/robot3/odom] removing connection to http://prajwal-IdeaPad-L340-15IRH-Gaming:34133/
[rospy.internal][INFO] 2022-01-06 23:16:41,799: topic[/robot4/odom] removing connection to http://prajwal-IdeaPad-L340-15IRH-Gaming:34133/
[rospy.impl.masterslave][INFO] 2022-01-06 23:16:41,799: signal-2
[rospy.core][INFO] 2022-01-06 23:16:42,824: signal_shutdown [atexit]
