[rospy.client][INFO] 2022-01-06 23:01:29,503: init_node, name[/myrobot_spawn2], pid[17430]
[xmlrpc][INFO] 2022-01-06 23:01:29,503: XML-RPC server binding to 0.0.0.0:0
[xmlrpc][INFO] 2022-01-06 23:01:29,504: Started XML-RPC server [http://prajwal-IdeaPad-L340-15IRH-Gaming:36655/]
[rospy.init][INFO] 2022-01-06 23:01:29,504: ROS Slave URI: [http://prajwal-IdeaPad-L340-15IRH-Gaming:36655/]
[rospy.impl.masterslave][INFO] 2022-01-06 23:01:29,504: _ready: http://prajwal-IdeaPad-L340-15IRH-Gaming:36655/
[rospy.registration][INFO] 2022-01-06 23:01:29,505: Registering with master node http://localhost:11311
[xmlrpc][INFO] 2022-01-06 23:01:29,505: xml rpc node: starting XML-RPC server
[rospy.init][INFO] 2022-01-06 23:01:29,604: registered with master
[rospy.rosout][INFO] 2022-01-06 23:01:29,604: initializing /rosout core topic
[rospy.rosout][INFO] 2022-01-06 23:01:29,608: connected to core topic /rosout
[rospy.simtime][INFO] 2022-01-06 23:01:29,608: initializing /clock core topic
[rospy.simtime][INFO] 2022-01-06 23:01:29,610: connected to core topic /clock
[rosout][INFO] 2022-01-06 23:01:29,612: Loading model XML from ros parameter /robot2/robot_description
[rosout][INFO] 2022-01-06 23:01:29,616: Waiting for service /gazebo/spawn_urdf_model
[rospy.internal][INFO] 2022-01-06 23:01:29,834: topic[/rosout] adding connection to [/rosout], count 0
[rospy.internal][INFO] 2022-01-06 23:01:30,839: topic[/clock] adding connection to [http://prajwal-IdeaPad-L340-15IRH-Gaming:34133/], count 0
[rosout][INFO] 2022-01-06 23:01:31,123: Calling service /gazebo/spawn_urdf_model
[rosout][INFO] 2022-01-06 23:01:31,808: Spawn status: SpawnModel: Successfully spawned entity
[rospy.core][INFO] 2022-01-06 23:01:31,809: signal_shutdown [atexit]
[rospy.internal][INFO] 2022-01-06 23:01:31,811: topic[/rosout] removing connection to /rosout
[rospy.internal][INFO] 2022-01-06 23:01:31,811: topic[/clock] removing connection to http://prajwal-IdeaPad-L340-15IRH-Gaming:34133/
[rospy.impl.masterslave][INFO] 2022-01-06 23:01:31,812: atexit
