[rospy.client][INFO] 2022-01-06 23:01:29,587: init_node, name[/myrobot_spawn4], pid[17432]
[xmlrpc][INFO] 2022-01-06 23:01:29,587: XML-RPC server binding to 0.0.0.0:0
[xmlrpc][INFO] 2022-01-06 23:01:29,588: Started XML-RPC server [http://prajwal-IdeaPad-L340-15IRH-Gaming:39923/]
[rospy.init][INFO] 2022-01-06 23:01:29,588: ROS Slave URI: [http://prajwal-IdeaPad-L340-15IRH-Gaming:39923/]
[rospy.impl.masterslave][INFO] 2022-01-06 23:01:29,588: _ready: http://prajwal-IdeaPad-L340-15IRH-Gaming:39923/
[rospy.registration][INFO] 2022-01-06 23:01:29,589: Registering with master node http://localhost:11311
[xmlrpc][INFO] 2022-01-06 23:01:29,589: xml rpc node: starting XML-RPC server
[rospy.init][INFO] 2022-01-06 23:01:29,688: registered with master
[rospy.rosout][INFO] 2022-01-06 23:01:29,689: initializing /rosout core topic
[rospy.rosout][INFO] 2022-01-06 23:01:29,691: connected to core topic /rosout
[rospy.simtime][INFO] 2022-01-06 23:01:29,692: initializing /clock core topic
[rospy.simtime][INFO] 2022-01-06 23:01:29,693: connected to core topic /clock
[rosout][INFO] 2022-01-06 23:01:29,695: Loading model XML from ros parameter /robot4/robot_description
[rosout][INFO] 2022-01-06 23:01:29,698: Waiting for service /gazebo/spawn_urdf_model
[rospy.internal][INFO] 2022-01-06 23:01:29,935: topic[/rosout] adding connection to [/rosout], count 0
[rospy.internal][INFO] 2022-01-06 23:01:30,840: topic[/clock] adding connection to [http://prajwal-IdeaPad-L340-15IRH-Gaming:34133/], count 0
[rosout][INFO] 2022-01-06 23:01:30,903: Calling service /gazebo/spawn_urdf_model
[rosout][INFO] 2022-01-06 23:01:31,318: Spawn status: SpawnModel: Successfully spawned entity
[rospy.core][INFO] 2022-01-06 23:01:31,320: signal_shutdown [atexit]
[rospy.internal][INFO] 2022-01-06 23:01:31,322: topic[/rosout] removing connection to /rosout
[rospy.internal][INFO] 2022-01-06 23:01:31,322: topic[/clock] removing connection to http://prajwal-IdeaPad-L340-15IRH-Gaming:34133/
[rospy.impl.masterslave][INFO] 2022-01-06 23:01:31,323: atexit
[rospy.internal][WARNING] 2022-01-06 23:01:31,323: Unknown error initiating TCP/IP socket to prajwal-IdeaPad-L340-15IRH-Gaming:35335 (http://prajwal-IdeaPad-L340-15IRH-Gaming:34133/): Traceback (most recent call last):
  File "/opt/ros/noetic/lib/python3/dist-packages/rospy/impl/tcpros_base.py", line 562, in connect
    self.read_header()
  File "/opt/ros/noetic/lib/python3/dist-packages/rospy/impl/tcpros_base.py", line 657, in read_header
    self._validate_header(read_ros_handshake_header(sock, self.read_buff, self.protocol.buff_size))
AttributeError: 'NoneType' object has no attribute 'buff_size'

