[rospy.client][INFO] 2022-01-06 23:01:29,616: init_node, name[/myrobot_spawn1], pid[17429]
[xmlrpc][INFO] 2022-01-06 23:01:29,617: XML-RPC server binding to 0.0.0.0:0
[xmlrpc][INFO] 2022-01-06 23:01:29,617: Started XML-RPC server [http://prajwal-IdeaPad-L340-15IRH-Gaming:42961/]
[rospy.impl.masterslave][INFO] 2022-01-06 23:01:29,617: _ready: http://prajwal-IdeaPad-L340-15IRH-Gaming:42961/
[rospy.init][INFO] 2022-01-06 23:01:29,618: ROS Slave URI: [http://prajwal-IdeaPad-L340-15IRH-Gaming:42961/]
[rospy.registration][INFO] 2022-01-06 23:01:29,618: Registering with master node http://localhost:11311
[xmlrpc][INFO] 2022-01-06 23:01:29,618: xml rpc node: starting XML-RPC server
[rospy.init][INFO] 2022-01-06 23:01:29,718: registered with master
[rospy.rosout][INFO] 2022-01-06 23:01:29,719: initializing /rosout core topic
[rospy.rosout][INFO] 2022-01-06 23:01:29,721: connected to core topic /rosout
[rospy.simtime][INFO] 2022-01-06 23:01:29,722: initializing /clock core topic
[rospy.simtime][INFO] 2022-01-06 23:01:29,723: connected to core topic /clock
[rosout][INFO] 2022-01-06 23:01:29,725: Loading model XML from ros parameter /robot1/robot_description
[rosout][INFO] 2022-01-06 23:01:29,729: Waiting for service /gazebo/spawn_urdf_model
[rospy.internal][INFO] 2022-01-06 23:01:29,935: topic[/rosout] adding connection to [/rosout], count 0
[rospy.internal][INFO] 2022-01-06 23:01:30,843: topic[/clock] adding connection to [http://prajwal-IdeaPad-L340-15IRH-Gaming:34133/], count 0
[rosout][INFO] 2022-01-06 23:01:30,934: Calling service /gazebo/spawn_urdf_model
[rosout][INFO] 2022-01-06 23:01:31,565: Spawn status: SpawnModel: Successfully spawned entity
[rospy.core][INFO] 2022-01-06 23:01:31,567: signal_shutdown [atexit]
[rospy.internal][INFO] 2022-01-06 23:01:31,569: topic[/rosout] removing connection to /rosout
[rospy.internal][INFO] 2022-01-06 23:01:31,570: topic[/clock] removing connection to http://prajwal-IdeaPad-L340-15IRH-Gaming:34133/
[rospy.impl.masterslave][INFO] 2022-01-06 23:01:31,570: atexit
[rospy.internal][WARNING] 2022-01-06 23:01:31,570: Unknown error initiating TCP/IP socket to prajwal-IdeaPad-L340-15IRH-Gaming:35335 (http://prajwal-IdeaPad-L340-15IRH-Gaming:34133/): Traceback (most recent call last):
  File "/opt/ros/noetic/lib/python3/dist-packages/rospy/impl/tcpros_base.py", line 562, in connect
    self.read_header()
  File "/opt/ros/noetic/lib/python3/dist-packages/rospy/impl/tcpros_base.py", line 657, in read_header
    self._validate_header(read_ros_handshake_header(sock, self.read_buff, self.protocol.buff_size))
AttributeError: 'NoneType' object has no attribute 'buff_size'

