[rospy.client][INFO] 2022-01-06 23:02:00,885: init_node, name[/rqt_gui], pid[17791]
[xmlrpc][INFO] 2022-01-06 23:02:00,886: XML-RPC server binding to 0.0.0.0:0
[xmlrpc][INFO] 2022-01-06 23:02:00,886: Started XML-RPC server [http://prajwal-IdeaPad-L340-15IRH-Gaming:34451/]
[rospy.init][INFO] 2022-01-06 23:02:00,886: ROS Slave URI: [http://prajwal-IdeaPad-L340-15IRH-Gaming:34451/]
[rospy.impl.masterslave][INFO] 2022-01-06 23:02:00,886: _ready: http://prajwal-IdeaPad-L340-15IRH-Gaming:34451/
[rospy.registration][INFO] 2022-01-06 23:02:00,886: Registering with master node http://localhost:11311
[xmlrpc][INFO] 2022-01-06 23:02:00,886: xml rpc node: starting XML-RPC server
[rospy.init][INFO] 2022-01-06 23:02:00,986: registered with master
[rospy.rosout][INFO] 2022-01-06 23:02:00,986: initializing /rosout core topic
[rospy.rosout][INFO] 2022-01-06 23:02:00,988: connected to core topic /rosout
[rospy.simtime][INFO] 2022-01-06 23:02:00,989: initializing /clock core topic
[rospy.simtime][INFO] 2022-01-06 23:02:00,991: connected to core topic /clock
[rospy.internal][INFO] 2022-01-06 23:02:00,993: topic[/clock] adding connection to [http://prajwal-IdeaPad-L340-15IRH-Gaming:34133/], count 0
[rospy.internal][INFO] 2022-01-06 23:02:01,195: topic[/rosout] adding connection to [/rosout], count 0
[rospy.internal][INFO] 2022-01-06 23:02:01,499: topic[/grid3/droppingCompleted] adding connection to [/brain_17827_1641490320483], count 0
[rospy.internal][INFO] 2022-01-06 23:02:01,502: topic[/grid3/packageLoaded] adding connection to [/brain_17827_1641490320483], count 0
[rospy.internal][INFO] 2022-01-06 23:02:12,743: topic[/grid3/allRobots/poses] adding connection to [http://prajwal-IdeaPad-L340-15IRH-Gaming:35553/], count 0
[rospy.internal][ERROR] 2022-01-06 23:16:41,131: Unable to initiate TCP/IP socket to prajwal-IdeaPad-L340-15IRH-Gaming:35335 (http://prajwal-IdeaPad-L340-15IRH-Gaming:34133/): Traceback (most recent call last):
  File "/opt/ros/noetic/lib/python3/dist-packages/rospy/impl/tcpros_base.py", line 562, in connect
    self.read_header()
  File "/opt/ros/noetic/lib/python3/dist-packages/rospy/impl/tcpros_base.py", line 657, in read_header
    self._validate_header(read_ros_handshake_header(sock, self.read_buff, self.protocol.buff_size))
  File "/opt/ros/noetic/lib/python3/dist-packages/rospy/impl/tcpros_base.py", line 600, in _validate_header
    raise TransportInitError("remote error reported: %s"%header['error'])
rospy.exceptions.TransportInitError: remote error reported: received a connection for a nonexistent topic [/clock] from [TCPROS connection on port 35335 to [127.0.0.1:50224 on socket 18]] [/rqt_gui].

[rospy.internal][ERROR] 2022-01-06 23:16:41,799: Unable to initiate TCP/IP socket to prajwal-IdeaPad-L340-15IRH-Gaming:46735 (http://prajwal-IdeaPad-L340-15IRH-Gaming:35553/): Traceback (most recent call last):
  File "/opt/ros/noetic/lib/python3/dist-packages/rospy/impl/tcpros_base.py", line 562, in connect
    self.read_header()
  File "/opt/ros/noetic/lib/python3/dist-packages/rospy/impl/tcpros_base.py", line 657, in read_header
    self._validate_header(read_ros_handshake_header(sock, self.read_buff, self.protocol.buff_size))
  File "/opt/ros/noetic/lib/python3/dist-packages/rospy/impl/tcpros_base.py", line 600, in _validate_header
    raise TransportInitError("remote error reported: %s"%header['error'])
rospy.exceptions.TransportInitError: remote error reported: node shutting down

[rospy.internal][INFO] 2022-01-06 23:16:41,812: topic impl's ref count is zero, deleting topic /grid3/droppingCompleted...
[rospy.internal][INFO] 2022-01-06 23:16:41,812: topic[/grid3/droppingCompleted] removing connection to /brain_17827_1641490320483
[rospy.internal][INFO] 2022-01-06 23:16:41,813: topic impl's ref count is zero, deleting topic /grid3/packageLoaded...
[rospy.internal][INFO] 2022-01-06 23:16:41,813: topic[/grid3/packageLoaded] removing connection to /brain_17827_1641490320483
[rosout][WARNING] 2022-01-06 23:16:41,812: Could not process inbound connection: [/rqt_gui] is not a publisher of [/grid3/droppingCompleted]. Topics are [['/rosout', 'rosgraph_msgs/Log'], ['/grid3/packageLoaded', 'grid3/packageLoaded'], ['/robot1/cmd_ve', 'geometry_msgs/Twist'], ['/robot2/cmd_ve', 'geometry_msgs/Twist'], ['/robot3/cmd_ve', 'geometry_msgs/Twist'], ['/robot4/cmd_ve', 'geometry_msgs/Twist']]{'callerid': '/brain_17827_1641490320483', 'md5sum': '90041601f8236fdd572be94e8c0d4f45', 'message_definition': 'bool[] status', 'tcp_nodelay': '0', 'topic': '/grid3/droppingCompleted', 'type': 'grid3/droppingCompleted'}
[rosout][WARNING] 2022-01-06 23:16:41,814: Could not process inbound connection: [/rqt_gui] is not a publisher of [/grid3/packageLoaded]. Topics are [['/rosout', 'rosgraph_msgs/Log'], ['/robot1/cmd_ve', 'geometry_msgs/Twist'], ['/robot2/cmd_ve', 'geometry_msgs/Twist'], ['/robot3/cmd_ve', 'geometry_msgs/Twist'], ['/robot4/cmd_ve', 'geometry_msgs/Twist']]{'callerid': '/brain_17827_1641490320483', 'md5sum': '90041601f8236fdd572be94e8c0d4f45', 'message_definition': 'bool[] status', 'tcp_nodelay': '0', 'topic': '/grid3/packageLoaded', 'type': 'grid3/packageLoaded'}
[rospy.internal][INFO] 2022-01-06 23:16:41,815: topic impl's ref count is zero, deleting topic /robot1/cmd_ve...
[rospy.internal][INFO] 2022-01-06 23:16:41,816: topic impl's ref count is zero, deleting topic /robot2/cmd_ve...
[rospy.internal][INFO] 2022-01-06 23:16:41,818: topic impl's ref count is zero, deleting topic /robot3/cmd_ve...
[rospy.internal][INFO] 2022-01-06 23:16:41,818: topic impl's ref count is zero, deleting topic /robot4/cmd_ve...
[rospy.internal][INFO] 2022-01-06 23:16:41,819: topic impl's ref count is zero, deleting topic /grid3/allRobots/poses...
[rospy.internal][INFO] 2022-01-06 23:16:41,819: topic[/grid3/allRobots/poses] removing connection to http://prajwal-IdeaPad-L340-15IRH-Gaming:35553/
[rospy.core][INFO] 2022-01-06 23:16:41,870: signal_shutdown [atexit]
[rospy.internal][INFO] 2022-01-06 23:16:41,872: topic[/rosout] removing connection to /rosout
[rospy.internal][INFO] 2022-01-06 23:16:41,872: topic[/clock] removing connection to http://prajwal-IdeaPad-L340-15IRH-Gaming:34133/
[rospy.impl.masterslave][INFO] 2022-01-06 23:16:41,873: atexit
