[rospy.client][INFO] 2022-01-06 12:45:57,473: init_node, name[/fake_pose_publisher], pid[21084]
[xmlrpc][INFO] 2022-01-06 12:45:57,473: XML-RPC server binding to 0.0.0.0:0
[xmlrpc][INFO] 2022-01-06 12:45:57,473: Started XML-RPC server [http://prajwal-IdeaPad-L340-15IRH-Gaming:43699/]
[rospy.init][INFO] 2022-01-06 12:45:57,473: ROS Slave URI: [http://prajwal-IdeaPad-L340-15IRH-Gaming:43699/]
[rospy.impl.masterslave][INFO] 2022-01-06 12:45:57,473: _ready: http://prajwal-IdeaPad-L340-15IRH-Gaming:43699/
[rospy.registration][INFO] 2022-01-06 12:45:57,474: Registering with master node http://localhost:11311
[xmlrpc][INFO] 2022-01-06 12:45:57,474: xml rpc node: starting XML-RPC server
[rospy.init][INFO] 2022-01-06 12:45:57,574: registered with master
[rospy.rosout][INFO] 2022-01-06 12:45:57,574: initializing /rosout core topic
[rospy.rosout][INFO] 2022-01-06 12:45:57,576: connected to core topic /rosout
[rospy.simtime][INFO] 2022-01-06 12:45:57,577: initializing /clock core topic
[rospy.simtime][INFO] 2022-01-06 12:45:57,578: connected to core topic /clock
[rospy.internal][INFO] 2022-01-06 12:45:57,579: topic[/clock] adding connection to [http://prajwal-IdeaPad-L340-15IRH-Gaming:35989/], count 0
[rospy.internal][INFO] 2022-01-06 12:45:57,588: topic[/robot1/odom] adding connection to [http://prajwal-IdeaPad-L340-15IRH-Gaming:35989/], count 0
[rospy.internal][INFO] 2022-01-06 12:45:57,590: topic[/robot2/odom] adding connection to [http://prajwal-IdeaPad-L340-15IRH-Gaming:35989/], count 0
[rosout][INFO] 2022-01-06 12:45:57,592: publishing the poses
[rospy.internal][INFO] 2022-01-06 12:45:57,593: topic[/robot3/odom] adding connection to [http://prajwal-IdeaPad-L340-15IRH-Gaming:35989/], count 0
[rospy.internal][INFO] 2022-01-06 12:45:57,594: topic[/robot4/odom] adding connection to [http://prajwal-IdeaPad-L340-15IRH-Gaming:35989/], count 0
[rospy.internal][INFO] 2022-01-06 12:45:57,660: topic[/grid3/allRobots/poses] adding connection to [/brain], count 0
[rospy.internal][INFO] 2022-01-06 12:45:57,662: topic[/grid3/allRobots/poses] adding connection to [/trajectory_planner], count 1
[rospy.internal][INFO] 2022-01-06 12:45:57,780: topic[/rosout] adding connection to [/rosout], count 0
[rospy.internal][INFO] 2022-01-06 12:45:57,861: topic[/robot1/cmd_vel] adding connection to [/gazebo], count 0
[rospy.internal][INFO] 2022-01-06 12:45:57,862: topic[/robot2/cmd_vel] adding connection to [/gazebo], count 0
[rospy.internal][INFO] 2022-01-06 12:45:57,862: topic[/robot3/cmd_vel] adding connection to [/gazebo], count 0
[rospy.internal][INFO] 2022-01-06 12:45:57,862: topic[/robot4/cmd_vel] adding connection to [/gazebo], count 0
[rosout][INFO] 2022-01-06 12:45:58,593: publishing the poses
[rosout][INFO] 2022-01-06 12:45:59,597: publishing the poses
[rosout][INFO] 2022-01-06 12:46:00,599: publishing the poses
[rosout][INFO] 2022-01-06 12:46:01,603: publishing the poses
[rosout][INFO] 2022-01-06 12:46:02,605: publishing the poses
[rosout][INFO] 2022-01-06 12:46:03,608: publishing the poses
[rosout][INFO] 2022-01-06 12:46:04,613: publishing the poses
[rosout][INFO] 2022-01-06 12:46:05,617: publishing the poses
[rosout][INFO] 2022-01-06 12:46:06,622: publishing the poses
[rospy.core][INFO] 2022-01-06 12:46:07,418: signal_shutdown [signal-2]
[rospy.internal][INFO] 2022-01-06 12:46:07,428: topic[/rosout] removing connection to /rosout
[rospy.internal][INFO] 2022-01-06 12:46:07,429: topic[/robot1/cmd_vel] removing connection to /gazebo
[rospy.internal][INFO] 2022-01-06 12:46:07,429: topic[/robot2/cmd_vel] removing connection to /gazebo
[rospy.internal][INFO] 2022-01-06 12:46:07,429: topic[/robot3/cmd_vel] removing connection to /gazebo
[rospy.internal][INFO] 2022-01-06 12:46:07,429: topic[/robot4/cmd_vel] removing connection to /gazebo
[rospy.internal][INFO] 2022-01-06 12:46:07,430: topic[/grid3/allRobots/poses] removing connection to /brain
[rospy.internal][INFO] 2022-01-06 12:46:07,430: topic[/grid3/allRobots/poses] removing connection to /trajectory_planner
[rospy.internal][INFO] 2022-01-06 12:46:07,430: topic[/clock] removing connection to http://prajwal-IdeaPad-L340-15IRH-Gaming:35989/
[rospy.internal][INFO] 2022-01-06 12:46:07,430: topic[/robot1/odom] removing connection to http://prajwal-IdeaPad-L340-15IRH-Gaming:35989/
[rospy.internal][INFO] 2022-01-06 12:46:07,431: topic[/robot2/odom] removing connection to http://prajwal-IdeaPad-L340-15IRH-Gaming:35989/
[rospy.internal][INFO] 2022-01-06 12:46:07,431: topic[/robot3/odom] removing connection to http://prajwal-IdeaPad-L340-15IRH-Gaming:35989/
[rospy.internal][WARNING] 2022-01-06 12:46:07,433: Unknown error initiating TCP/IP socket to prajwal-IdeaPad-L340-15IRH-Gaming:39221 (http://prajwal-IdeaPad-L340-15IRH-Gaming:35989/): Traceback (most recent call last):
  File "/opt/ros/noetic/lib/python3/dist-packages/rospy/impl/tcpros_base.py", line 562, in connect
    self.read_header()
  File "/opt/ros/noetic/lib/python3/dist-packages/rospy/impl/tcpros_base.py", line 657, in read_header
    self._validate_header(read_ros_handshake_header(sock, self.read_buff, self.protocol.buff_size))
AttributeError: 'NoneType' object has no attribute 'buff_size'

[rospy.topics][ERROR] 2022-01-06 12:46:07,433: Traceback (most recent call last):
  File "/opt/ros/noetic/lib/python3/dist-packages/rospy/topics.py", line 326, in close
    c.close()
  File "/opt/ros/noetic/lib/python3/dist-packages/rospy/impl/tcpros_base.py", line 846, in close
    self.socket.close()
AttributeError: 'NoneType' object has no attribute 'close'

[rospy.internal][WARNING] 2022-01-06 12:46:07,434: Unknown error initiating TCP/IP socket to prajwal-IdeaPad-L340-15IRH-Gaming:39221 (http://prajwal-IdeaPad-L340-15IRH-Gaming:35989/): Traceback (most recent call last):
  File "/opt/ros/noetic/lib/python3/dist-packages/rospy/impl/tcpros_base.py", line 562, in connect
    self.read_header()
  File "/opt/ros/noetic/lib/python3/dist-packages/rospy/impl/tcpros_base.py", line 657, in read_header
    self._validate_header(read_ros_handshake_header(sock, self.read_buff, self.protocol.buff_size))
AttributeError: 'NoneType' object has no attribute 'buff_size'

[rospy.internal][WARNING] 2022-01-06 12:46:07,434: Unknown error initiating TCP/IP socket to prajwal-IdeaPad-L340-15IRH-Gaming:39221 (http://prajwal-IdeaPad-L340-15IRH-Gaming:35989/): Traceback (most recent call last):
  File "/opt/ros/noetic/lib/python3/dist-packages/rospy/impl/tcpros_base.py", line 562, in connect
    self.read_header()
  File "/opt/ros/noetic/lib/python3/dist-packages/rospy/impl/tcpros_base.py", line 657, in read_header
    self._validate_header(read_ros_handshake_header(sock, self.read_buff, self.protocol.buff_size))
AttributeError: 'NoneType' object has no attribute 'buff_size'

[rospy.internal][WARNING] 2022-01-06 12:46:07,434: Unknown error initiating TCP/IP socket to prajwal-IdeaPad-L340-15IRH-Gaming:39221 (http://prajwal-IdeaPad-L340-15IRH-Gaming:35989/): Traceback (most recent call last):
  File "/opt/ros/noetic/lib/python3/dist-packages/rospy/impl/tcpros_base.py", line 562, in connect
    self.read_header()
  File "/opt/ros/noetic/lib/python3/dist-packages/rospy/impl/tcpros_base.py", line 657, in read_header
    self._validate_header(read_ros_handshake_header(sock, self.read_buff, self.protocol.buff_size))
AttributeError: 'NoneType' object has no attribute 'buff_size'

[rospy.internal][INFO] 2022-01-06 12:46:07,434: topic[/robot4/odom] removing connection to http://prajwal-IdeaPad-L340-15IRH-Gaming:35989/
[rospy.internal][WARNING] 2022-01-06 12:46:07,435: Unknown error initiating TCP/IP socket to prajwal-IdeaPad-L340-15IRH-Gaming:39221 (http://prajwal-IdeaPad-L340-15IRH-Gaming:35989/): Traceback (most recent call last):
  File "/opt/ros/noetic/lib/python3/dist-packages/rospy/impl/tcpros_base.py", line 562, in connect
    self.read_header()
  File "/opt/ros/noetic/lib/python3/dist-packages/rospy/impl/tcpros_base.py", line 657, in read_header
    self._validate_header(read_ros_handshake_header(sock, self.read_buff, self.protocol.buff_size))
AttributeError: 'NoneType' object has no attribute 'buff_size'

[rospy.topics][ERROR] 2022-01-06 12:46:07,435: Traceback (most recent call last):
  File "/opt/ros/noetic/lib/python3/dist-packages/rospy/topics.py", line 326, in close
    c.close()
  File "/opt/ros/noetic/lib/python3/dist-packages/rospy/impl/tcpros_base.py", line 846, in close
    self.socket.close()
AttributeError: 'NoneType' object has no attribute 'close'

[rospy.impl.masterslave][INFO] 2022-01-06 12:46:07,435: signal-2
[rospy.core][INFO] 2022-01-06 12:46:08,666: signal_shutdown [atexit]
