[rosmaster.main][INFO] 2022-01-06 22:11:00,166: initialization complete, waiting for shutdown
[rosmaster.main][INFO] 2022-01-06 22:11:00,166: Starting ROS Master Node
[xmlrpc][INFO] 2022-01-06 22:11:00,167: XML-RPC server binding to 0.0.0.0:11311
[xmlrpc][INFO] 2022-01-06 22:11:00,167: Started XML-RPC server [http://prajwal-IdeaPad-L340-15IRH-Gaming:11311/]
[rosmaster.master][INFO] 2022-01-06 22:11:00,167: Master initialized: port[11311], uri[http://prajwal-IdeaPad-L340-15IRH-Gaming:11311/]
[xmlrpc][INFO] 2022-01-06 22:11:00,167: xml rpc node: starting XML-RPC server
[rosmaster.master][INFO] 2022-01-06 22:11:00,247: +PARAM [/run_id] by /roslaunch
[rosmaster.master][INFO] 2022-01-06 22:11:00,247: +PARAM [/roslaunch/uris/host_prajwal_ideapad_l340_15irh_gaming__43359] by /roslaunch
[rosmaster.master][INFO] 2022-01-06 22:11:00,322: +PARAM [/rosversion] by /roslaunch
[rosmaster.master][INFO] 2022-01-06 22:11:00,322: +PARAM [/rosdistro] by /roslaunch
[rosmaster.master][INFO] 2022-01-06 22:11:00,333: +SERVICE [/rosout/get_loggers] /rosout http://prajwal-IdeaPad-L340-15IRH-Gaming:39043/
[rosmaster.master][INFO] 2022-01-06 22:11:00,334: +SERVICE [/rosout/set_logger_level] /rosout http://prajwal-IdeaPad-L340-15IRH-Gaming:39043/
[rosmaster.master][INFO] 2022-01-06 22:11:00,334: +PUB [/rosout_agg] /rosout http://prajwal-IdeaPad-L340-15IRH-Gaming:39043/
[rosmaster.master][INFO] 2022-01-06 22:11:00,336: +SUB [/rosout] /rosout http://prajwal-IdeaPad-L340-15IRH-Gaming:39043/
[rosmaster.master][INFO] 2022-01-06 22:11:00,734: -PUB [/rosout_agg] /rosout http://prajwal-IdeaPad-L340-15IRH-Gaming:39043/
[rosmaster.master][INFO] 2022-01-06 22:11:00,735: -SUB [/rosout] /rosout http://prajwal-IdeaPad-L340-15IRH-Gaming:39043/
[rosmaster.master][INFO] 2022-01-06 22:11:00,735: -SERVICE [/rosout/get_loggers] /rosout rosrpc://prajwal-IdeaPad-L340-15IRH-Gaming:36543
[rosmaster.master][INFO] 2022-01-06 22:11:00,735: -SERVICE [/rosout/set_logger_level] /rosout rosrpc://prajwal-IdeaPad-L340-15IRH-Gaming:36543
[rosmaster.main][INFO] 2022-01-06 22:11:00,832: keyboard interrupt, will exit
[rosmaster.main][INFO] 2022-01-06 22:11:00,832: stopping master...
[rospy.core][INFO] 2022-01-06 22:11:00,832: signal_shutdown [atexit]
