[rospy.client][INFO] 2022-01-06 22:28:18,881: init_node, name[/rqt_gui], pid[15332]
[xmlrpc][INFO] 2022-01-06 22:28:18,882: XML-RPC server binding to 0.0.0.0:0
[xmlrpc][INFO] 2022-01-06 22:28:18,882: Started XML-RPC server [http://prajwal-IdeaPad-L340-15IRH-Gaming:38563/]
[rospy.init][INFO] 2022-01-06 22:28:18,882: ROS Slave URI: [http://prajwal-IdeaPad-L340-15IRH-Gaming:38563/]
[rospy.impl.masterslave][INFO] 2022-01-06 22:28:18,882: _ready: http://prajwal-IdeaPad-L340-15IRH-Gaming:38563/
[rospy.registration][INFO] 2022-01-06 22:28:18,882: Registering with master node http://localhost:11311
[xmlrpc][INFO] 2022-01-06 22:28:18,883: xml rpc node: starting XML-RPC server
[rospy.init][INFO] 2022-01-06 22:28:18,982: registered with master
[rospy.rosout][INFO] 2022-01-06 22:28:18,982: initializing /rosout core topic
[rospy.rosout][INFO] 2022-01-06 22:28:18,983: connected to core topic /rosout
[rospy.simtime][INFO] 2022-01-06 22:28:18,984: /use_sim_time is not set, will not subscribe to simulated time [/clock] topic
[rospy.internal][INFO] 2022-01-06 22:28:19,261: topic[/rosout] adding connection to [/rosout], count 0
[rospy.internal][INFO] 2022-01-06 22:28:27,814: topic impl's ref count is zero, deleting topic /grid3/droppingCompleted...
[rospy.internal][INFO] 2022-01-06 22:28:27,815: topic impl's ref count is zero, deleting topic /grid3/packageLoaded...
[rospy.internal][INFO] 2022-01-06 22:28:27,816: topic impl's ref count is zero, deleting topic /robot1/cmd_ve...
[rospy.internal][INFO] 2022-01-06 22:28:27,816: topic impl's ref count is zero, deleting topic /robot2/cmd_ve...
[rospy.internal][INFO] 2022-01-06 22:28:27,817: topic impl's ref count is zero, deleting topic /robot3/cmd_ve...
[rospy.internal][INFO] 2022-01-06 22:28:27,818: topic impl's ref count is zero, deleting topic /robot4/cmd_ve...
[rospy.core][INFO] 2022-01-06 22:28:27,861: signal_shutdown [atexit]
[rospy.internal][INFO] 2022-01-06 22:28:27,862: topic[/rosout] removing connection to /rosout
[rospy.impl.masterslave][INFO] 2022-01-06 22:28:27,862: atexit
