[rospy.client][INFO] 2022-01-06 22:18:59,709: init_node, name[/fake_pose_publisher], pid[14675]
[xmlrpc][INFO] 2022-01-06 22:18:59,709: XML-RPC server binding to 0.0.0.0:0
[xmlrpc][INFO] 2022-01-06 22:18:59,709: Started XML-RPC server [http://prajwal-IdeaPad-L340-15IRH-Gaming:44403/]
[rospy.init][INFO] 2022-01-06 22:18:59,709: ROS Slave URI: [http://prajwal-IdeaPad-L340-15IRH-Gaming:44403/]
[rospy.impl.masterslave][INFO] 2022-01-06 22:18:59,709: _ready: http://prajwal-IdeaPad-L340-15IRH-Gaming:44403/
[rospy.registration][INFO] 2022-01-06 22:18:59,710: Registering with master node http://localhost:11311
[xmlrpc][INFO] 2022-01-06 22:18:59,710: xml rpc node: starting XML-RPC server
[rospy.init][INFO] 2022-01-06 22:18:59,810: registered with master
[rospy.rosout][INFO] 2022-01-06 22:18:59,810: initializing /rosout core topic
[rospy.rosout][INFO] 2022-01-06 22:18:59,812: connected to core topic /rosout
[rospy.simtime][INFO] 2022-01-06 22:18:59,813: /use_sim_time is not set, will not subscribe to simulated time [/clock] topic
[rosout][INFO] 2022-01-06 22:18:59,821: publishing the poses
[rospy.internal][INFO] 2022-01-06 22:18:59,887: topic[/grid3/allRobots/poses] adding connection to [/trajectory_planner], count 0
[rospy.internal][INFO] 2022-01-06 22:18:59,888: topic[/grid3/allRobots/poses] adding connection to [/brain], count 1
[rospy.internal][INFO] 2022-01-06 22:19:00,087: topic[/rosout] adding connection to [/rosout], count 0
[rosout][INFO] 2022-01-06 22:19:00,822: publishing the poses
[rosout][INFO] 2022-01-06 22:19:01,823: publishing the poses
[rosout][INFO] 2022-01-06 22:19:02,823: publishing the poses
[rospy.core][INFO] 2022-01-06 22:19:03,357: signal_shutdown [signal-2]
[rospy.internal][INFO] 2022-01-06 22:19:03,373: topic[/rosout] removing connection to /rosout
[rospy.internal][INFO] 2022-01-06 22:19:03,374: topic[/grid3/allRobots/poses] removing connection to /trajectory_planner
[rospy.internal][INFO] 2022-01-06 22:19:03,374: topic[/grid3/allRobots/poses] removing connection to /brain
[rospy.impl.masterslave][INFO] 2022-01-06 22:19:03,374: signal-2
[rospy.core][INFO] 2022-01-06 22:19:04,076: signal_shutdown [atexit]
