[rospy.client][INFO] 2022-01-06 22:19:00,167: init_node, name[/rqt_gui], pid[14677]
[xmlrpc][INFO] 2022-01-06 22:19:00,168: XML-RPC server binding to 0.0.0.0:0
[xmlrpc][INFO] 2022-01-06 22:19:00,168: Started XML-RPC server [http://prajwal-IdeaPad-L340-15IRH-Gaming:34117/]
[rospy.impl.masterslave][INFO] 2022-01-06 22:19:00,168: _ready: http://prajwal-IdeaPad-L340-15IRH-Gaming:34117/
[rospy.init][INFO] 2022-01-06 22:19:00,168: ROS Slave URI: [http://prajwal-IdeaPad-L340-15IRH-Gaming:34117/]
[rospy.registration][INFO] 2022-01-06 22:19:00,168: Registering with master node http://localhost:11311
[xmlrpc][INFO] 2022-01-06 22:19:00,168: xml rpc node: starting XML-RPC server
[rospy.init][INFO] 2022-01-06 22:19:00,268: registered with master
[rospy.rosout][INFO] 2022-01-06 22:19:00,269: initializing /rosout core topic
[rospy.rosout][INFO] 2022-01-06 22:19:00,270: connected to core topic /rosout
[rospy.simtime][INFO] 2022-01-06 22:19:00,270: /use_sim_time is not set, will not subscribe to simulated time [/clock] topic
[rospy.internal][INFO] 2022-01-06 22:19:00,491: topic[/rosout] adding connection to [/rosout], count 0
[rospy.internal][INFO] 2022-01-06 22:19:00,590: topic[/grid3/droppingCompleted] adding connection to [/brain], count 0
[rospy.internal][INFO] 2022-01-06 22:19:00,591: topic[/grid3/packageLoaded] adding connection to [/brain], count 0
[rospy.internal][INFO] 2022-01-06 22:19:03,419: topic impl's ref count is zero, deleting topic /grid3/droppingCompleted...
[rospy.internal][INFO] 2022-01-06 22:19:03,420: topic[/grid3/droppingCompleted] removing connection to /brain
[rospy.internal][INFO] 2022-01-06 22:19:03,421: topic impl's ref count is zero, deleting topic /grid3/packageLoaded...
[rospy.internal][INFO] 2022-01-06 22:19:03,421: topic[/grid3/packageLoaded] removing connection to /brain
[rospy.internal][INFO] 2022-01-06 22:19:03,424: topic impl's ref count is zero, deleting topic /robot1/cmd_ve...
[rospy.internal][INFO] 2022-01-06 22:19:03,425: topic impl's ref count is zero, deleting topic /robot2/cmd_ve...
[rospy.internal][INFO] 2022-01-06 22:19:03,427: topic impl's ref count is zero, deleting topic /robot3/cmd_ve...
[rospy.internal][INFO] 2022-01-06 22:19:03,428: topic impl's ref count is zero, deleting topic /robot4/cmd_ve...
[rospy.core][INFO] 2022-01-06 22:19:03,469: signal_shutdown [atexit]
[rospy.internal][INFO] 2022-01-06 22:19:03,470: topic[/rosout] removing connection to /rosout
[rospy.impl.masterslave][INFO] 2022-01-06 22:19:03,471: atexit
