[rospy.client][INFO] 2022-01-08 12:17:06,885: init_node, name[/display_map], pid[26271]
[xmlrpc][INFO] 2022-01-08 12:17:06,885: XML-RPC server binding to 0.0.0.0:0
[xmlrpc][INFO] 2022-01-08 12:17:06,885: Started XML-RPC server [http://prajwal-IdeaPad-L340-15IRH-Gaming:37079/]
[rospy.init][INFO] 2022-01-08 12:17:06,885: ROS Slave URI: [http://prajwal-IdeaPad-L340-15IRH-Gaming:37079/]
[rospy.impl.masterslave][INFO] 2022-01-08 12:17:06,886: _ready: http://prajwal-IdeaPad-L340-15IRH-Gaming:37079/
[rospy.registration][INFO] 2022-01-08 12:17:06,886: Registering with master node http://localhost:11311
[xmlrpc][INFO] 2022-01-08 12:17:06,886: xml rpc node: starting XML-RPC server
[rospy.init][INFO] 2022-01-08 12:17:06,986: registered with master
[rospy.rosout][INFO] 2022-01-08 12:17:06,986: initializing /rosout core topic
[rospy.rosout][INFO] 2022-01-08 12:17:06,988: connected to core topic /rosout
[rospy.simtime][INFO] 2022-01-08 12:17:06,989: initializing /clock core topic
[rospy.simtime][INFO] 2022-01-08 12:17:06,990: connected to core topic /clock
[rospy.internal][INFO] 2022-01-08 12:17:06,991: topic[/clock] adding connection to [http://prajwal-IdeaPad-L340-15IRH-Gaming:41297/], count 0
[rospy.internal][INFO] 2022-01-08 12:17:07,273: topic[/rosout] adding connection to [/rosout], count 0
[rospy.internal][INFO] 2022-01-08 12:17:07,774: topic[/grid3/mat] adding connection to [/rviz], count 0
[rospy.core][INFO] 2022-01-08 12:46:38,382: signal_shutdown [signal-2]
[rospy.internal][INFO] 2022-01-08 12:46:38,386: topic[/rosout] removing connection to /rosout
[rospy.internal][INFO] 2022-01-08 12:46:38,386: topic[/grid3/mat] removing connection to /rviz
[rospy.internal][INFO] 2022-01-08 12:46:38,386: topic[/clock] removing connection to http://prajwal-IdeaPad-L340-15IRH-Gaming:41297/
[rospy.impl.masterslave][INFO] 2022-01-08 12:46:38,386: signal-2
[rospy.core][INFO] 2022-01-08 12:46:39,365: signal_shutdown [atexit]
