[rospy.client][INFO] 2022-01-08 12:14:15,735: init_node, name[/myrobot_spawn1], pid[25533]
[xmlrpc][INFO] 2022-01-08 12:14:15,736: XML-RPC server binding to 0.0.0.0:0
[xmlrpc][INFO] 2022-01-08 12:14:15,736: Started XML-RPC server [http://prajwal-IdeaPad-L340-15IRH-Gaming:42429/]
[rospy.init][INFO] 2022-01-08 12:14:15,736: ROS Slave URI: [http://prajwal-IdeaPad-L340-15IRH-Gaming:42429/]
[rospy.impl.masterslave][INFO] 2022-01-08 12:14:15,736: _ready: http://prajwal-IdeaPad-L340-15IRH-Gaming:42429/
[rospy.registration][INFO] 2022-01-08 12:14:15,737: Registering with master node http://localhost:11311
[xmlrpc][INFO] 2022-01-08 12:14:15,737: xml rpc node: starting XML-RPC server
[rospy.init][INFO] 2022-01-08 12:14:15,836: registered with master
[rospy.rosout][INFO] 2022-01-08 12:14:15,837: initializing /rosout core topic
[rospy.rosout][INFO] 2022-01-08 12:14:15,841: connected to core topic /rosout
[rospy.simtime][INFO] 2022-01-08 12:14:15,842: initializing /clock core topic
[rospy.simtime][INFO] 2022-01-08 12:14:15,844: connected to core topic /clock
[rosout][INFO] 2022-01-08 12:14:15,846: Loading model XML from ros parameter /robot1/robot_description
[rosout][INFO] 2022-01-08 12:14:15,851: Waiting for service /gazebo/spawn_urdf_model
[rospy.internal][INFO] 2022-01-08 12:14:16,107: topic[/rosout] adding connection to [/rosout], count 0
[rospy.internal][INFO] 2022-01-08 12:14:16,811: topic[/clock] adding connection to [http://prajwal-IdeaPad-L340-15IRH-Gaming:41297/], count 0
[rosout][INFO] 2022-01-08 12:14:17,056: Calling service /gazebo/spawn_urdf_model
[rosout][INFO] 2022-01-08 12:14:17,544: Spawn status: SpawnModel: Successfully spawned entity
[rospy.core][INFO] 2022-01-08 12:14:17,545: signal_shutdown [atexit]
[rospy.internal][INFO] 2022-01-08 12:14:17,547: topic[/rosout] removing connection to /rosout
[rospy.internal][INFO] 2022-01-08 12:14:17,548: topic[/clock] removing connection to http://prajwal-IdeaPad-L340-15IRH-Gaming:41297/
[rospy.impl.masterslave][INFO] 2022-01-08 12:14:17,548: atexit
