[rospy.client][INFO] 2022-01-08 12:14:15,798: init_node, name[/myrobot_spawn3], pid[25535]
[xmlrpc][INFO] 2022-01-08 12:14:15,798: XML-RPC server binding to 0.0.0.0:0
[xmlrpc][INFO] 2022-01-08 12:14:15,799: Started XML-RPC server [http://prajwal-IdeaPad-L340-15IRH-Gaming:34731/]
[rospy.impl.masterslave][INFO] 2022-01-08 12:14:15,799: _ready: http://prajwal-IdeaPad-L340-15IRH-Gaming:34731/
[rospy.init][INFO] 2022-01-08 12:14:15,799: ROS Slave URI: [http://prajwal-IdeaPad-L340-15IRH-Gaming:34731/]
[rospy.registration][INFO] 2022-01-08 12:14:15,799: Registering with master node http://localhost:11311
[xmlrpc][INFO] 2022-01-08 12:14:15,800: xml rpc node: starting XML-RPC server
[rospy.init][INFO] 2022-01-08 12:14:15,900: registered with master
[rospy.rosout][INFO] 2022-01-08 12:14:15,900: initializing /rosout core topic
[rospy.rosout][INFO] 2022-01-08 12:14:15,903: connected to core topic /rosout
[rospy.simtime][INFO] 2022-01-08 12:14:15,904: initializing /clock core topic
[rospy.simtime][INFO] 2022-01-08 12:14:15,906: connected to core topic /clock
[rosout][INFO] 2022-01-08 12:14:15,910: Loading model XML from ros parameter /robot3/robot_description
[rosout][INFO] 2022-01-08 12:14:15,914: Waiting for service /gazebo/spawn_urdf_model
[rospy.internal][INFO] 2022-01-08 12:14:16,108: topic[/rosout] adding connection to [/rosout], count 0
[rosout][INFO] 2022-01-08 12:14:16,818: Calling service /gazebo/spawn_urdf_model
[rospy.internal][INFO] 2022-01-08 12:14:16,840: topic[/clock] adding connection to [http://prajwal-IdeaPad-L340-15IRH-Gaming:41297/], count 0
[rosout][INFO] 2022-01-08 12:14:17,034: Spawn status: SpawnModel: Successfully spawned entity
[rospy.core][INFO] 2022-01-08 12:14:17,035: signal_shutdown [atexit]
[rospy.internal][INFO] 2022-01-08 12:14:17,037: topic[/rosout] removing connection to /rosout
[rospy.internal][INFO] 2022-01-08 12:14:17,037: topic[/clock] removing connection to http://prajwal-IdeaPad-L340-15IRH-Gaming:41297/
[rospy.impl.masterslave][INFO] 2022-01-08 12:14:17,037: atexit
[rospy.internal][WARNING] 2022-01-08 12:14:17,037: Unknown error initiating TCP/IP socket to prajwal-IdeaPad-L340-15IRH-Gaming:32841 (http://prajwal-IdeaPad-L340-15IRH-Gaming:41297/): Traceback (most recent call last):
  File "/opt/ros/noetic/lib/python3/dist-packages/rospy/impl/tcpros_base.py", line 562, in connect
    self.read_header()
  File "/opt/ros/noetic/lib/python3/dist-packages/rospy/impl/tcpros_base.py", line 657, in read_header
    self._validate_header(read_ros_handshake_header(sock, self.read_buff, self.protocol.buff_size))
AttributeError: 'NoneType' object has no attribute 'buff_size'

