[rospy.client][INFO] 2022-01-08 12:17:05,704: init_node, name[/rqt_gui], pid[26143]
[xmlrpc][INFO] 2022-01-08 12:17:05,705: XML-RPC server binding to 0.0.0.0:0
[xmlrpc][INFO] 2022-01-08 12:17:05,705: Started XML-RPC server [http://prajwal-IdeaPad-L340-15IRH-Gaming:35587/]
[rospy.impl.masterslave][INFO] 2022-01-08 12:17:05,705: _ready: http://prajwal-IdeaPad-L340-15IRH-Gaming:35587/
[rospy.registration][INFO] 2022-01-08 12:17:05,705: Registering with master node http://localhost:11311
[rospy.init][INFO] 2022-01-08 12:17:05,705: ROS Slave URI: [http://prajwal-IdeaPad-L340-15IRH-Gaming:35587/]
[xmlrpc][INFO] 2022-01-08 12:17:05,705: xml rpc node: starting XML-RPC server
[rospy.init][INFO] 2022-01-08 12:17:05,705: registered with master
[rospy.rosout][INFO] 2022-01-08 12:17:05,705: initializing /rosout core topic
[rospy.rosout][INFO] 2022-01-08 12:17:05,706: connected to core topic /rosout
[rospy.simtime][INFO] 2022-01-08 12:17:05,707: initializing /clock core topic
[rospy.simtime][INFO] 2022-01-08 12:17:05,708: connected to core topic /clock
[rospy.internal][INFO] 2022-01-08 12:17:05,709: topic[/clock] adding connection to [http://prajwal-IdeaPad-L340-15IRH-Gaming:41297/], count 0
[rospy.internal][INFO] 2022-01-08 12:17:05,970: topic[/rosout] adding connection to [/rosout], count 0
[rospy.internal][INFO] 2022-01-08 12:17:06,073: topic[/grid3/droppingCompleted] adding connection to [/brain_26175_1641624425356], count 0
[rospy.internal][INFO] 2022-01-08 12:17:06,073: topic[/grid3/packageLoaded] adding connection to [/brain_26175_1641624425356], count 0
[rospy.internal][INFO] 2022-01-08 12:17:06,289: topic[/robot1/cmd_vel] adding connection to [/gazebo], count 0
[rospy.internal][INFO] 2022-01-08 12:17:06,289: topic[/robot2/cmd_vel] adding connection to [/gazebo], count 0
[rospy.internal][INFO] 2022-01-08 12:17:06,290: topic[/robot3/cmd_vel] adding connection to [/gazebo], count 0
[rospy.internal][INFO] 2022-01-08 12:18:19,055: topic[/grid3/planner/status] adding connection to [http://prajwal-IdeaPad-L340-15IRH-Gaming:35423/], count 0
[rospy.internal][INFO] 2022-01-08 12:37:08,039: topic[/grid3/allRobots/posesRC] adding connection to [http://prajwal-IdeaPad-L340-15IRH-Gaming:41809/], count 0
[rospy.internal][ERROR] 2022-01-08 13:09:07,796: Unable to initiate TCP/IP socket to prajwal-IdeaPad-L340-15IRH-Gaming:35733 (http://prajwal-IdeaPad-L340-15IRH-Gaming:41809/): Traceback (most recent call last):
  File "/opt/ros/noetic/lib/python3/dist-packages/rospy/impl/tcpros_base.py", line 562, in connect
    self.read_header()
  File "/opt/ros/noetic/lib/python3/dist-packages/rospy/impl/tcpros_base.py", line 657, in read_header
    self._validate_header(read_ros_handshake_header(sock, self.read_buff, self.protocol.buff_size))
  File "/opt/ros/noetic/lib/python3/dist-packages/rospy/impl/tcpros_base.py", line 600, in _validate_header
    raise TransportInitError("remote error reported: %s"%header['error'])
rospy.exceptions.TransportInitError: remote error reported: node shutting down

[rospy.internal][ERROR] 2022-01-08 13:09:07,797: Unable to initiate TCP/IP socket to prajwal-IdeaPad-L340-15IRH-Gaming:35307 (http://prajwal-IdeaPad-L340-15IRH-Gaming:35423/): Traceback (most recent call last):
  File "/opt/ros/noetic/lib/python3/dist-packages/rospy/impl/tcpros_base.py", line 562, in connect
    self.read_header()
  File "/opt/ros/noetic/lib/python3/dist-packages/rospy/impl/tcpros_base.py", line 657, in read_header
    self._validate_header(read_ros_handshake_header(sock, self.read_buff, self.protocol.buff_size))
  File "/opt/ros/noetic/lib/python3/dist-packages/rospy/impl/tcpros_base.py", line 600, in _validate_header
    raise TransportInitError("remote error reported: %s"%header['error'])
rospy.exceptions.TransportInitError: remote error reported: node shutting down

[rospy.internal][INFO] 2022-01-08 13:09:07,846: topic impl's ref count is zero, deleting topic /grid3/droppingCompleted...
[rospy.internal][INFO] 2022-01-08 13:09:07,847: topic[/grid3/droppingCompleted] removing connection to /brain_26175_1641624425356
[rospy.internal][INFO] 2022-01-08 13:09:07,848: topic impl's ref count is zero, deleting topic /grid3/packageLoaded...
[rospy.internal][INFO] 2022-01-08 13:09:07,848: topic[/grid3/packageLoaded] removing connection to /brain_26175_1641624425356
[rosout][WARNING] 2022-01-08 13:09:07,848: Could not process inbound connection: [/rqt_gui] is not a publisher of [/grid3/droppingCompleted]. Topics are [['/rosout', 'rosgraph_msgs/Log'], ['/grid3/packageLoaded', 'grid3/packageLoaded'], ['/robot1/cmd_vel', 'geometry_msgs/Twist'], ['/robot2/cmd_vel', 'geometry_msgs/Twist'], ['/robot3/cmd_vel', 'geometry_msgs/Twist'], ['/robot4/cmd_ve', 'geometry_msgs/Twist']]{'callerid': '/brain_26175_1641624425356', 'md5sum': '90041601f8236fdd572be94e8c0d4f45', 'message_definition': 'bool[] status', 'tcp_nodelay': '0', 'topic': '/grid3/droppingCompleted', 'type': 'grid3/droppingCompleted'}
[rosout][WARNING] 2022-01-08 13:09:07,851: Could not process inbound connection: [/rqt_gui] is not a publisher of [/grid3/packageLoaded]. Topics are [['/rosout', 'rosgraph_msgs/Log'], ['/robot1/cmd_vel', 'geometry_msgs/Twist'], ['/robot2/cmd_vel', 'geometry_msgs/Twist'], ['/robot3/cmd_vel', 'geometry_msgs/Twist'], ['/robot4/cmd_ve', 'geometry_msgs/Twist']]{'callerid': '/brain_26175_1641624425356', 'md5sum': '90041601f8236fdd572be94e8c0d4f45', 'message_definition': 'bool[] status', 'tcp_nodelay': '0', 'topic': '/grid3/packageLoaded', 'type': 'grid3/packageLoaded'}
[rospy.internal][INFO] 2022-01-08 13:09:07,853: topic impl's ref count is zero, deleting topic /robot1/cmd_vel...
[rospy.internal][INFO] 2022-01-08 13:09:07,854: topic[/robot1/cmd_vel] removing connection to /gazebo
[rospy.internal][INFO] 2022-01-08 13:09:07,856: topic impl's ref count is zero, deleting topic /robot2/cmd_vel...
[rospy.internal][INFO] 2022-01-08 13:09:07,856: topic[/robot2/cmd_vel] removing connection to /gazebo
[rospy.internal][INFO] 2022-01-08 13:09:07,858: topic impl's ref count is zero, deleting topic /robot3/cmd_vel...
[rospy.internal][INFO] 2022-01-08 13:09:07,858: topic[/robot3/cmd_vel] removing connection to /gazebo
[rospy.internal][INFO] 2022-01-08 13:09:07,860: topic impl's ref count is zero, deleting topic /robot4/cmd_ve...
[rospy.internal][INFO] 2022-01-08 13:09:07,861: topic impl's ref count is zero, deleting topic /grid3/planner/status...
[rospy.internal][INFO] 2022-01-08 13:09:07,861: topic[/grid3/planner/status] removing connection to http://prajwal-IdeaPad-L340-15IRH-Gaming:35423/
[rospy.internal][INFO] 2022-01-08 13:09:07,862: topic impl's ref count is zero, deleting topic /grid3/allRobots/posesRC...
[rospy.internal][INFO] 2022-01-08 13:09:07,863: topic[/grid3/allRobots/posesRC] removing connection to http://prajwal-IdeaPad-L340-15IRH-Gaming:41809/
[rospy.core][INFO] 2022-01-08 13:09:07,907: signal_shutdown [atexit]
[rospy.internal][INFO] 2022-01-08 13:09:07,909: topic[/rosout] removing connection to /rosout
[rospy.internal][INFO] 2022-01-08 13:09:07,909: topic[/clock] removing connection to http://prajwal-IdeaPad-L340-15IRH-Gaming:41297/
[rospy.impl.masterslave][INFO] 2022-01-08 13:09:07,909: atexit
[rospy.internal][WARNING] 2022-01-08 13:09:07,910: Unknown error initiating TCP/IP socket to prajwal-IdeaPad-L340-15IRH-Gaming:32841 (http://prajwal-IdeaPad-L340-15IRH-Gaming:41297/): Traceback (most recent call last):
  File "/opt/ros/noetic/lib/python3/dist-packages/rospy/impl/tcpros_base.py", line 562, in connect
    self.read_header()
  File "/opt/ros/noetic/lib/python3/dist-packages/rospy/impl/tcpros_base.py", line 657, in read_header
    self._validate_header(read_ros_handshake_header(sock, self.read_buff, self.protocol.buff_size))
AttributeError: 'NoneType' object has no attribute 'buff_size'

