[rospy.client][INFO] 2022-01-06 22:19:37,735: init_node, name[/fake_pose_publisher], pid[14837]
[xmlrpc][INFO] 2022-01-06 22:19:37,737: XML-RPC server binding to 0.0.0.0:0
[xmlrpc][INFO] 2022-01-06 22:19:37,737: Started XML-RPC server [http://prajwal-IdeaPad-L340-15IRH-Gaming:41429/]
[rospy.init][INFO] 2022-01-06 22:19:37,737: ROS Slave URI: [http://prajwal-IdeaPad-L340-15IRH-Gaming:41429/]
[rospy.impl.masterslave][INFO] 2022-01-06 22:19:37,738: _ready: http://prajwal-IdeaPad-L340-15IRH-Gaming:41429/
[rospy.registration][INFO] 2022-01-06 22:19:37,738: Registering with master node http://localhost:11311
[xmlrpc][INFO] 2022-01-06 22:19:37,738: xml rpc node: starting XML-RPC server
[rospy.init][INFO] 2022-01-06 22:19:37,838: registered with master
[rospy.rosout][INFO] 2022-01-06 22:19:37,838: initializing /rosout core topic
[rospy.rosout][INFO] 2022-01-06 22:19:37,841: connected to core topic /rosout
[rospy.simtime][INFO] 2022-01-06 22:19:37,842: /use_sim_time is not set, will not subscribe to simulated time [/clock] topic
[rosout][INFO] 2022-01-06 22:19:37,852: publishing the poses
[rospy.internal][INFO] 2022-01-06 22:19:37,897: topic[/grid3/allRobots/poses] adding connection to [/trajectory_planner], count 0
[rospy.internal][INFO] 2022-01-06 22:19:38,095: topic[/rosout] adding connection to [/rosout], count 0
[rosout][INFO] 2022-01-06 22:19:38,853: publishing the poses
[rosout][INFO] 2022-01-06 22:19:39,853: publishing the poses
[rosout][INFO] 2022-01-06 22:19:40,853: publishing the poses
[rosout][INFO] 2022-01-06 22:19:41,853: publishing the poses
[rosout][INFO] 2022-01-06 22:19:42,853: publishing the poses
[rosout][INFO] 2022-01-06 22:19:43,853: publishing the poses
[rosout][INFO] 2022-01-06 22:19:44,853: publishing the poses
[rosout][INFO] 2022-01-06 22:19:45,853: publishing the poses
[rosout][INFO] 2022-01-06 22:19:46,853: publishing the poses
[rosout][INFO] 2022-01-06 22:19:47,853: publishing the poses
[rosout][INFO] 2022-01-06 22:19:48,853: publishing the poses
[rosout][INFO] 2022-01-06 22:19:49,853: publishing the poses
[rosout][INFO] 2022-01-06 22:19:50,853: publishing the poses
[rosout][INFO] 2022-01-06 22:19:51,853: publishing the poses
[rosout][INFO] 2022-01-06 22:19:52,853: publishing the poses
[rosout][INFO] 2022-01-06 22:19:53,853: publishing the poses
[rosout][INFO] 2022-01-06 22:19:54,852: publishing the poses
[rosout][INFO] 2022-01-06 22:19:55,853: publishing the poses
[rosout][INFO] 2022-01-06 22:19:56,853: publishing the poses
[rosout][INFO] 2022-01-06 22:19:57,853: publishing the poses
[rosout][INFO] 2022-01-06 22:19:58,853: publishing the poses
[rosout][INFO] 2022-01-06 22:19:59,853: publishing the poses
[rosout][INFO] 2022-01-06 22:20:00,853: publishing the poses
[rosout][INFO] 2022-01-06 22:20:01,853: publishing the poses
[rosout][INFO] 2022-01-06 22:20:02,853: publishing the poses
[rosout][INFO] 2022-01-06 22:20:03,853: publishing the poses
[rosout][INFO] 2022-01-06 22:20:04,853: publishing the poses
[rosout][INFO] 2022-01-06 22:20:05,853: publishing the poses
[rosout][INFO] 2022-01-06 22:20:06,853: publishing the poses
[rosout][INFO] 2022-01-06 22:20:07,853: publishing the poses
[rosout][INFO] 2022-01-06 22:20:08,853: publishing the poses
[rosout][INFO] 2022-01-06 22:20:09,853: publishing the poses
[rosout][INFO] 2022-01-06 22:20:10,853: publishing the poses
[rosout][INFO] 2022-01-06 22:20:11,853: publishing the poses
[rosout][INFO] 2022-01-06 22:20:12,853: publishing the poses
[rosout][INFO] 2022-01-06 22:20:13,853: publishing the poses
[rosout][INFO] 2022-01-06 22:20:14,853: publishing the poses
[rosout][INFO] 2022-01-06 22:20:15,853: publishing the poses
[rosout][INFO] 2022-01-06 22:20:16,853: publishing the poses
[rosout][INFO] 2022-01-06 22:20:17,853: publishing the poses
[rosout][INFO] 2022-01-06 22:20:18,853: publishing the poses
[rosout][INFO] 2022-01-06 22:20:19,853: publishing the poses
[rosout][INFO] 2022-01-06 22:20:20,853: publishing the poses
[rosout][INFO] 2022-01-06 22:20:21,853: publishing the poses
[rosout][INFO] 2022-01-06 22:20:22,853: publishing the poses
[rosout][INFO] 2022-01-06 22:20:23,853: publishing the poses
[rosout][INFO] 2022-01-06 22:20:24,853: publishing the poses
[rosout][INFO] 2022-01-06 22:20:25,853: publishing the poses
[rosout][INFO] 2022-01-06 22:20:26,853: publishing the poses
[rosout][INFO] 2022-01-06 22:20:27,853: publishing the poses
[rosout][INFO] 2022-01-06 22:20:28,853: publishing the poses
[rosout][INFO] 2022-01-06 22:20:29,853: publishing the poses
[rosout][INFO] 2022-01-06 22:20:30,853: publishing the poses
[rosout][INFO] 2022-01-06 22:20:31,853: publishing the poses
[rosout][INFO] 2022-01-06 22:20:32,853: publishing the poses
[rosout][INFO] 2022-01-06 22:20:33,853: publishing the poses
[rosout][INFO] 2022-01-06 22:20:34,853: publishing the poses
[rosout][INFO] 2022-01-06 22:20:35,853: publishing the poses
[rosout][INFO] 2022-01-06 22:20:36,853: publishing the poses
[rosout][INFO] 2022-01-06 22:20:37,853: publishing the poses
[rosout][INFO] 2022-01-06 22:20:38,853: publishing the poses
[rosout][INFO] 2022-01-06 22:20:39,853: publishing the poses
[rosout][INFO] 2022-01-06 22:20:40,853: publishing the poses
[rosout][INFO] 2022-01-06 22:20:41,853: publishing the poses
[rosout][INFO] 2022-01-06 22:20:42,853: publishing the poses
[rosout][INFO] 2022-01-06 22:20:43,853: publishing the poses
[rosout][INFO] 2022-01-06 22:20:44,853: publishing the poses
[rosout][INFO] 2022-01-06 22:20:45,853: publishing the poses
[rosout][INFO] 2022-01-06 22:20:46,853: publishing the poses
[rosout][INFO] 2022-01-06 22:20:47,853: publishing the poses
[rosout][INFO] 2022-01-06 22:20:48,853: publishing the poses
[rosout][INFO] 2022-01-06 22:20:49,853: publishing the poses
[rosout][INFO] 2022-01-06 22:20:50,853: publishing the poses
[rosout][INFO] 2022-01-06 22:20:51,853: publishing the poses
[rosout][INFO] 2022-01-06 22:20:52,853: publishing the poses
[rosout][INFO] 2022-01-06 22:20:53,853: publishing the poses
[rosout][INFO] 2022-01-06 22:20:54,853: publishing the poses
[rosout][INFO] 2022-01-06 22:20:55,853: publishing the poses
[rosout][INFO] 2022-01-06 22:20:56,853: publishing the poses
[rosout][INFO] 2022-01-06 22:20:57,853: publishing the poses
[rosout][INFO] 2022-01-06 22:20:58,853: publishing the poses
[rosout][INFO] 2022-01-06 22:20:59,853: publishing the poses
[rosout][INFO] 2022-01-06 22:21:00,853: publishing the poses
[rosout][INFO] 2022-01-06 22:21:01,853: publishing the poses
[rosout][INFO] 2022-01-06 22:21:02,853: publishing the poses
[rosout][INFO] 2022-01-06 22:21:03,853: publishing the poses
[rosout][INFO] 2022-01-06 22:21:04,853: publishing the poses
[rosout][INFO] 2022-01-06 22:21:05,853: publishing the poses
[rosout][INFO] 2022-01-06 22:21:06,853: publishing the poses
[rosout][INFO] 2022-01-06 22:21:07,853: publishing the poses
[rosout][INFO] 2022-01-06 22:21:08,853: publishing the poses
[rosout][INFO] 2022-01-06 22:21:09,853: publishing the poses
[rosout][INFO] 2022-01-06 22:21:10,853: publishing the poses
[rosout][INFO] 2022-01-06 22:21:11,853: publishing the poses
[rosout][INFO] 2022-01-06 22:21:12,853: publishing the poses
[rosout][INFO] 2022-01-06 22:21:13,853: publishing the poses
[rosout][INFO] 2022-01-06 22:21:14,853: publishing the poses
[rosout][INFO] 2022-01-06 22:21:15,853: publishing the poses
[rosout][INFO] 2022-01-06 22:21:16,853: publishing the poses
[rosout][INFO] 2022-01-06 22:21:17,853: publishing the poses
[rosout][INFO] 2022-01-06 22:21:18,853: publishing the poses
[rosout][INFO] 2022-01-06 22:21:19,853: publishing the poses
[rosout][INFO] 2022-01-06 22:21:20,853: publishing the poses
[rosout][INFO] 2022-01-06 22:21:21,853: publishing the poses
[rosout][INFO] 2022-01-06 22:21:22,853: publishing the poses
[rosout][INFO] 2022-01-06 22:21:23,853: publishing the poses
[rosout][INFO] 2022-01-06 22:21:24,853: publishing the poses
[rosout][INFO] 2022-01-06 22:21:25,853: publishing the poses
[rosout][INFO] 2022-01-06 22:21:26,853: publishing the poses
[rosout][INFO] 2022-01-06 22:21:27,853: publishing the poses
[rosout][INFO] 2022-01-06 22:21:28,853: publishing the poses
[rosout][INFO] 2022-01-06 22:21:29,853: publishing the poses
[rosout][INFO] 2022-01-06 22:21:30,853: publishing the poses
[rosout][INFO] 2022-01-06 22:21:31,853: publishing the poses
[rosout][INFO] 2022-01-06 22:21:32,853: publishing the poses
[rosout][INFO] 2022-01-06 22:21:33,853: publishing the poses
[rosout][INFO] 2022-01-06 22:21:34,853: publishing the poses
[rosout][INFO] 2022-01-06 22:21:35,853: publishing the poses
[rosout][INFO] 2022-01-06 22:21:36,853: publishing the poses
[rosout][INFO] 2022-01-06 22:21:37,853: publishing the poses
[rosout][INFO] 2022-01-06 22:21:38,853: publishing the poses
[rosout][INFO] 2022-01-06 22:21:39,853: publishing the poses
[rosout][INFO] 2022-01-06 22:21:40,853: publishing the poses
[rosout][INFO] 2022-01-06 22:21:41,853: publishing the poses
[rosout][INFO] 2022-01-06 22:21:42,853: publishing the poses
[rosout][INFO] 2022-01-06 22:21:43,853: publishing the poses
[rosout][INFO] 2022-01-06 22:21:44,853: publishing the poses
[rosout][INFO] 2022-01-06 22:21:45,853: publishing the poses
[rosout][INFO] 2022-01-06 22:21:46,853: publishing the poses
[rosout][INFO] 2022-01-06 22:21:47,853: publishing the poses
[rosout][INFO] 2022-01-06 22:21:48,853: publishing the poses
[rosout][INFO] 2022-01-06 22:21:49,853: publishing the poses
[rosout][INFO] 2022-01-06 22:21:50,853: publishing the poses
[rosout][INFO] 2022-01-06 22:21:51,853: publishing the poses
[rosout][INFO] 2022-01-06 22:21:52,853: publishing the poses
[rosout][INFO] 2022-01-06 22:21:53,853: publishing the poses
[rosout][INFO] 2022-01-06 22:21:54,853: publishing the poses
[rosout][INFO] 2022-01-06 22:21:55,853: publishing the poses
[rosout][INFO] 2022-01-06 22:21:56,853: publishing the poses
[rosout][INFO] 2022-01-06 22:21:57,853: publishing the poses
[rosout][INFO] 2022-01-06 22:21:58,853: publishing the poses
[rosout][INFO] 2022-01-06 22:21:59,853: publishing the poses
[rosout][INFO] 2022-01-06 22:22:00,853: publishing the poses
[rosout][INFO] 2022-01-06 22:22:01,853: publishing the poses
[rosout][INFO] 2022-01-06 22:22:02,853: publishing the poses
[rosout][INFO] 2022-01-06 22:22:03,853: publishing the poses
[rosout][INFO] 2022-01-06 22:22:04,853: publishing the poses
[rosout][INFO] 2022-01-06 22:22:05,853: publishing the poses
[rosout][INFO] 2022-01-06 22:22:06,853: publishing the poses
[rosout][INFO] 2022-01-06 22:22:07,853: publishing the poses
[rosout][INFO] 2022-01-06 22:22:08,853: publishing the poses
[rosout][INFO] 2022-01-06 22:22:09,853: publishing the poses
[rosout][INFO] 2022-01-06 22:22:10,853: publishing the poses
[rosout][INFO] 2022-01-06 22:22:11,853: publishing the poses
[rosout][INFO] 2022-01-06 22:22:12,853: publishing the poses
[rosout][INFO] 2022-01-06 22:22:13,853: publishing the poses
[rosout][INFO] 2022-01-06 22:22:14,853: publishing the poses
[rosout][INFO] 2022-01-06 22:22:15,853: publishing the poses
[rosout][INFO] 2022-01-06 22:22:16,853: publishing the poses
[rosout][INFO] 2022-01-06 22:22:17,853: publishing the poses
[rosout][INFO] 2022-01-06 22:22:18,853: publishing the poses
[rosout][INFO] 2022-01-06 22:22:19,853: publishing the poses
[rosout][INFO] 2022-01-06 22:22:20,853: publishing the poses
[rosout][INFO] 2022-01-06 22:22:21,853: publishing the poses
[rosout][INFO] 2022-01-06 22:22:22,853: publishing the poses
[rosout][INFO] 2022-01-06 22:22:23,853: publishing the poses
[rosout][INFO] 2022-01-06 22:22:24,853: publishing the poses
[rosout][INFO] 2022-01-06 22:22:25,853: publishing the poses
[rosout][INFO] 2022-01-06 22:22:26,853: publishing the poses
[rosout][INFO] 2022-01-06 22:22:27,853: publishing the poses
[rosout][INFO] 2022-01-06 22:22:28,853: publishing the poses
[rosout][INFO] 2022-01-06 22:22:29,853: publishing the poses
[rosout][INFO] 2022-01-06 22:22:30,853: publishing the poses
[rosout][INFO] 2022-01-06 22:22:31,853: publishing the poses
[rosout][INFO] 2022-01-06 22:22:32,853: publishing the poses
[rosout][INFO] 2022-01-06 22:22:33,853: publishing the poses
[rosout][INFO] 2022-01-06 22:22:34,853: publishing the poses
[rosout][INFO] 2022-01-06 22:22:35,853: publishing the poses
[rosout][INFO] 2022-01-06 22:22:36,853: publishing the poses
[rosout][INFO] 2022-01-06 22:22:37,853: publishing the poses
[rosout][INFO] 2022-01-06 22:22:38,853: publishing the poses
[rosout][INFO] 2022-01-06 22:22:39,853: publishing the poses
[rosout][INFO] 2022-01-06 22:22:40,853: publishing the poses
[rosout][INFO] 2022-01-06 22:22:41,853: publishing the poses
[rosout][INFO] 2022-01-06 22:22:42,853: publishing the poses
[rosout][INFO] 2022-01-06 22:22:43,853: publishing the poses
[rosout][INFO] 2022-01-06 22:22:44,853: publishing the poses
[rosout][INFO] 2022-01-06 22:22:45,853: publishing the poses
[rosout][INFO] 2022-01-06 22:22:46,853: publishing the poses
[rosout][INFO] 2022-01-06 22:22:47,853: publishing the poses
[rosout][INFO] 2022-01-06 22:22:48,853: publishing the poses
[rosout][INFO] 2022-01-06 22:22:49,853: publishing the poses
[rosout][INFO] 2022-01-06 22:22:50,853: publishing the poses
[rosout][INFO] 2022-01-06 22:22:51,853: publishing the poses
[rosout][INFO] 2022-01-06 22:22:52,853: publishing the poses
[rosout][INFO] 2022-01-06 22:22:53,853: publishing the poses
[rosout][INFO] 2022-01-06 22:22:54,853: publishing the poses
[rosout][INFO] 2022-01-06 22:22:55,853: publishing the poses
[rosout][INFO] 2022-01-06 22:22:56,853: publishing the poses
[rosout][INFO] 2022-01-06 22:22:57,853: publishing the poses
[rosout][INFO] 2022-01-06 22:22:58,853: publishing the poses
[rosout][INFO] 2022-01-06 22:22:59,853: publishing the poses
[rosout][INFO] 2022-01-06 22:23:00,853: publishing the poses
[rosout][INFO] 2022-01-06 22:23:01,853: publishing the poses
[rosout][INFO] 2022-01-06 22:23:02,853: publishing the poses
[rosout][INFO] 2022-01-06 22:23:03,853: publishing the poses
[rosout][INFO] 2022-01-06 22:23:04,853: publishing the poses
[rosout][INFO] 2022-01-06 22:23:05,853: publishing the poses
[rosout][INFO] 2022-01-06 22:23:06,853: publishing the poses
[rosout][INFO] 2022-01-06 22:23:07,853: publishing the poses
[rosout][INFO] 2022-01-06 22:23:08,853: publishing the poses
[rosout][INFO] 2022-01-06 22:23:09,853: publishing the poses
[rosout][INFO] 2022-01-06 22:23:10,853: publishing the poses
[rosout][INFO] 2022-01-06 22:23:11,853: publishing the poses
[rosout][INFO] 2022-01-06 22:23:12,853: publishing the poses
[rosout][INFO] 2022-01-06 22:23:13,853: publishing the poses
[rosout][INFO] 2022-01-06 22:23:14,853: publishing the poses
[rosout][INFO] 2022-01-06 22:23:15,853: publishing the poses
[rosout][INFO] 2022-01-06 22:23:16,853: publishing the poses
[rosout][INFO] 2022-01-06 22:23:17,853: publishing the poses
[rosout][INFO] 2022-01-06 22:23:18,853: publishing the poses
[rosout][INFO] 2022-01-06 22:23:19,853: publishing the poses
[rosout][INFO] 2022-01-06 22:23:20,853: publishing the poses
[rosout][INFO] 2022-01-06 22:23:21,853: publishing the poses
[rosout][INFO] 2022-01-06 22:23:22,853: publishing the poses
[rosout][INFO] 2022-01-06 22:23:23,853: publishing the poses
[rosout][INFO] 2022-01-06 22:23:24,853: publishing the poses
[rosout][INFO] 2022-01-06 22:23:25,853: publishing the poses
[rosout][INFO] 2022-01-06 22:23:26,853: publishing the poses
[rosout][INFO] 2022-01-06 22:23:27,853: publishing the poses
[rosout][INFO] 2022-01-06 22:23:28,853: publishing the poses
[rosout][INFO] 2022-01-06 22:23:29,853: publishing the poses
[rosout][INFO] 2022-01-06 22:23:30,853: publishing the poses
[rosout][INFO] 2022-01-06 22:23:31,853: publishing the poses
[rosout][INFO] 2022-01-06 22:23:32,853: publishing the poses
[rosout][INFO] 2022-01-06 22:23:33,853: publishing the poses
[rosout][INFO] 2022-01-06 22:23:34,853: publishing the poses
[rosout][INFO] 2022-01-06 22:23:35,853: publishing the poses
[rosout][INFO] 2022-01-06 22:23:36,853: publishing the poses
[rosout][INFO] 2022-01-06 22:23:37,853: publishing the poses
[rosout][INFO] 2022-01-06 22:23:38,853: publishing the poses
[rosout][INFO] 2022-01-06 22:23:39,853: publishing the poses
[rosout][INFO] 2022-01-06 22:23:40,853: publishing the poses
[rosout][INFO] 2022-01-06 22:23:41,853: publishing the poses
[rosout][INFO] 2022-01-06 22:23:42,853: publishing the poses
[rosout][INFO] 2022-01-06 22:23:43,853: publishing the poses
[rosout][INFO] 2022-01-06 22:23:44,853: publishing the poses
[rosout][INFO] 2022-01-06 22:23:45,853: publishing the poses
[rosout][INFO] 2022-01-06 22:23:46,853: publishing the poses
[rosout][INFO] 2022-01-06 22:23:47,853: publishing the poses
[rosout][INFO] 2022-01-06 22:23:48,853: publishing the poses
[rosout][INFO] 2022-01-06 22:23:49,853: publishing the poses
[rosout][INFO] 2022-01-06 22:23:50,853: publishing the poses
[rosout][INFO] 2022-01-06 22:23:51,853: publishing the poses
[rosout][INFO] 2022-01-06 22:23:52,853: publishing the poses
[rosout][INFO] 2022-01-06 22:23:53,853: publishing the poses
[rosout][INFO] 2022-01-06 22:23:54,853: publishing the poses
[rosout][INFO] 2022-01-06 22:23:55,853: publishing the poses
[rosout][INFO] 2022-01-06 22:23:56,853: publishing the poses
[rosout][INFO] 2022-01-06 22:23:57,853: publishing the poses
[rosout][INFO] 2022-01-06 22:23:58,853: publishing the poses
[rosout][INFO] 2022-01-06 22:23:59,853: publishing the poses
[rosout][INFO] 2022-01-06 22:24:00,853: publishing the poses
[rosout][INFO] 2022-01-06 22:24:01,853: publishing the poses
[rosout][INFO] 2022-01-06 22:24:02,853: publishing the poses
[rosout][INFO] 2022-01-06 22:24:03,853: publishing the poses
[rosout][INFO] 2022-01-06 22:24:04,853: publishing the poses
[rosout][INFO] 2022-01-06 22:24:05,853: publishing the poses
[rosout][INFO] 2022-01-06 22:24:06,853: publishing the poses
[rosout][INFO] 2022-01-06 22:24:07,853: publishing the poses
[rosout][INFO] 2022-01-06 22:24:08,853: publishing the poses
[rosout][INFO] 2022-01-06 22:24:09,853: publishing the poses
[rosout][INFO] 2022-01-06 22:24:10,853: publishing the poses
[rosout][INFO] 2022-01-06 22:24:11,853: publishing the poses
[rosout][INFO] 2022-01-06 22:24:12,853: publishing the poses
[rosout][INFO] 2022-01-06 22:24:13,853: publishing the poses
[rosout][INFO] 2022-01-06 22:24:14,853: publishing the poses
[rosout][INFO] 2022-01-06 22:24:15,853: publishing the poses
[rosout][INFO] 2022-01-06 22:24:16,853: publishing the poses
[rosout][INFO] 2022-01-06 22:24:17,853: publishing the poses
[rosout][INFO] 2022-01-06 22:24:18,853: publishing the poses
[rosout][INFO] 2022-01-06 22:24:19,853: publishing the poses
[rosout][INFO] 2022-01-06 22:24:20,853: publishing the poses
[rosout][INFO] 2022-01-06 22:24:21,853: publishing the poses
[rosout][INFO] 2022-01-06 22:24:22,853: publishing the poses
[rosout][INFO] 2022-01-06 22:24:23,853: publishing the poses
[rosout][INFO] 2022-01-06 22:24:24,853: publishing the poses
[rosout][INFO] 2022-01-06 22:24:25,853: publishing the poses
[rosout][INFO] 2022-01-06 22:24:26,853: publishing the poses
[rosout][INFO] 2022-01-06 22:24:27,853: publishing the poses
[rosout][INFO] 2022-01-06 22:24:28,853: publishing the poses
[rosout][INFO] 2022-01-06 22:24:29,853: publishing the poses
[rosout][INFO] 2022-01-06 22:24:30,853: publishing the poses
[rosout][INFO] 2022-01-06 22:24:31,853: publishing the poses
[rosout][INFO] 2022-01-06 22:24:32,853: publishing the poses
[rosout][INFO] 2022-01-06 22:24:33,853: publishing the poses
[rosout][INFO] 2022-01-06 22:24:34,853: publishing the poses
[rosout][INFO] 2022-01-06 22:24:35,853: publishing the poses
[rosout][INFO] 2022-01-06 22:24:36,853: publishing the poses
[rosout][INFO] 2022-01-06 22:24:37,853: publishing the poses
[rosout][INFO] 2022-01-06 22:24:38,853: publishing the poses
[rosout][INFO] 2022-01-06 22:24:39,853: publishing the poses
[rosout][INFO] 2022-01-06 22:24:40,853: publishing the poses
[rosout][INFO] 2022-01-06 22:24:41,853: publishing the poses
[rosout][INFO] 2022-01-06 22:24:42,853: publishing the poses
[rosout][INFO] 2022-01-06 22:24:43,853: publishing the poses
[rosout][INFO] 2022-01-06 22:24:44,853: publishing the poses
[rosout][INFO] 2022-01-06 22:24:45,853: publishing the poses
[rosout][INFO] 2022-01-06 22:24:46,853: publishing the poses
[rosout][INFO] 2022-01-06 22:24:47,853: publishing the poses
[rosout][INFO] 2022-01-06 22:24:48,853: publishing the poses
[rosout][INFO] 2022-01-06 22:24:49,853: publishing the poses
[rosout][INFO] 2022-01-06 22:24:50,853: publishing the poses
[rosout][INFO] 2022-01-06 22:24:51,853: publishing the poses
[rosout][INFO] 2022-01-06 22:24:52,853: publishing the poses
[rosout][INFO] 2022-01-06 22:24:53,853: publishing the poses
[rosout][INFO] 2022-01-06 22:24:54,853: publishing the poses
[rosout][INFO] 2022-01-06 22:24:55,853: publishing the poses
[rosout][INFO] 2022-01-06 22:24:56,853: publishing the poses
[rosout][INFO] 2022-01-06 22:24:57,853: publishing the poses
[rosout][INFO] 2022-01-06 22:24:58,853: publishing the poses
[rosout][INFO] 2022-01-06 22:24:59,853: publishing the poses
[rosout][INFO] 2022-01-06 22:25:00,853: publishing the poses
[rosout][INFO] 2022-01-06 22:25:01,853: publishing the poses
[rosout][INFO] 2022-01-06 22:25:02,853: publishing the poses
[rosout][INFO] 2022-01-06 22:25:03,853: publishing the poses
[rosout][INFO] 2022-01-06 22:25:04,853: publishing the poses
[rosout][INFO] 2022-01-06 22:25:05,853: publishing the poses
[rosout][INFO] 2022-01-06 22:25:06,853: publishing the poses
[rosout][INFO] 2022-01-06 22:25:07,853: publishing the poses
[rosout][INFO] 2022-01-06 22:25:08,853: publishing the poses
[rosout][INFO] 2022-01-06 22:25:09,853: publishing the poses
[rosout][INFO] 2022-01-06 22:25:10,853: publishing the poses
[rosout][INFO] 2022-01-06 22:25:11,853: publishing the poses
[rosout][INFO] 2022-01-06 22:25:12,853: publishing the poses
[rosout][INFO] 2022-01-06 22:25:13,853: publishing the poses
[rosout][INFO] 2022-01-06 22:25:14,853: publishing the poses
[rosout][INFO] 2022-01-06 22:25:15,853: publishing the poses
[rosout][INFO] 2022-01-06 22:25:16,853: publishing the poses
[rosout][INFO] 2022-01-06 22:25:17,853: publishing the poses
[rosout][INFO] 2022-01-06 22:25:18,853: publishing the poses
[rosout][INFO] 2022-01-06 22:25:19,853: publishing the poses
[rosout][INFO] 2022-01-06 22:25:20,853: publishing the poses
[rosout][INFO] 2022-01-06 22:25:21,853: publishing the poses
[rosout][INFO] 2022-01-06 22:25:22,853: publishing the poses
[rosout][INFO] 2022-01-06 22:25:23,853: publishing the poses
[rosout][INFO] 2022-01-06 22:25:24,853: publishing the poses
[rosout][INFO] 2022-01-06 22:25:25,853: publishing the poses
[rosout][INFO] 2022-01-06 22:25:26,853: publishing the poses
[rosout][INFO] 2022-01-06 22:25:27,853: publishing the poses
[rosout][INFO] 2022-01-06 22:25:28,853: publishing the poses
[rosout][INFO] 2022-01-06 22:25:29,853: publishing the poses
[rosout][INFO] 2022-01-06 22:25:30,853: publishing the poses
[rosout][INFO] 2022-01-06 22:25:31,853: publishing the poses
[rosout][INFO] 2022-01-06 22:25:32,853: publishing the poses
[rosout][INFO] 2022-01-06 22:25:33,853: publishing the poses
[rosout][INFO] 2022-01-06 22:25:34,853: publishing the poses
[rosout][INFO] 2022-01-06 22:25:35,853: publishing the poses
[rosout][INFO] 2022-01-06 22:25:36,853: publishing the poses
[rosout][INFO] 2022-01-06 22:25:37,853: publishing the poses
[rosout][INFO] 2022-01-06 22:25:38,853: publishing the poses
[rosout][INFO] 2022-01-06 22:25:39,853: publishing the poses
[rosout][INFO] 2022-01-06 22:25:40,853: publishing the poses
[rosout][INFO] 2022-01-06 22:25:41,853: publishing the poses
[rosout][INFO] 2022-01-06 22:25:42,853: publishing the poses
[rosout][INFO] 2022-01-06 22:25:43,853: publishing the poses
[rosout][INFO] 2022-01-06 22:25:44,853: publishing the poses
[rosout][INFO] 2022-01-06 22:25:45,853: publishing the poses
[rosout][INFO] 2022-01-06 22:25:46,853: publishing the poses
[rosout][INFO] 2022-01-06 22:25:47,853: publishing the poses
[rosout][INFO] 2022-01-06 22:25:48,853: publishing the poses
[rosout][INFO] 2022-01-06 22:25:49,853: publishing the poses
[rosout][INFO] 2022-01-06 22:25:50,853: publishing the poses
[rosout][INFO] 2022-01-06 22:25:51,853: publishing the poses
[rosout][INFO] 2022-01-06 22:25:52,853: publishing the poses
[rosout][INFO] 2022-01-06 22:25:53,853: publishing the poses
[rosout][INFO] 2022-01-06 22:25:54,853: publishing the poses
[rosout][INFO] 2022-01-06 22:25:55,853: publishing the poses
[rosout][INFO] 2022-01-06 22:25:56,853: publishing the poses
[rosout][INFO] 2022-01-06 22:25:57,853: publishing the poses
[rosout][INFO] 2022-01-06 22:25:58,853: publishing the poses
[rosout][INFO] 2022-01-06 22:25:59,853: publishing the poses
[rosout][INFO] 2022-01-06 22:26:00,853: publishing the poses
[rosout][INFO] 2022-01-06 22:26:01,853: publishing the poses
[rosout][INFO] 2022-01-06 22:26:02,853: publishing the poses
[rosout][INFO] 2022-01-06 22:26:03,853: publishing the poses
[rosout][INFO] 2022-01-06 22:26:04,853: publishing the poses
[rosout][INFO] 2022-01-06 22:26:05,853: publishing the poses
[rosout][INFO] 2022-01-06 22:26:06,853: publishing the poses
[rosout][INFO] 2022-01-06 22:26:07,853: publishing the poses
[rosout][INFO] 2022-01-06 22:26:08,853: publishing the poses
[rosout][INFO] 2022-01-06 22:26:09,853: publishing the poses
[rosout][INFO] 2022-01-06 22:26:10,853: publishing the poses
[rosout][INFO] 2022-01-06 22:26:11,853: publishing the poses
[rosout][INFO] 2022-01-06 22:26:12,853: publishing the poses
[rosout][INFO] 2022-01-06 22:26:13,853: publishing the poses
[rosout][INFO] 2022-01-06 22:26:14,853: publishing the poses
[rosout][INFO] 2022-01-06 22:26:15,853: publishing the poses
[rosout][INFO] 2022-01-06 22:26:16,853: publishing the poses
[rosout][INFO] 2022-01-06 22:26:17,853: publishing the poses
[rosout][INFO] 2022-01-06 22:26:18,853: publishing the poses
[rosout][INFO] 2022-01-06 22:26:19,853: publishing the poses
[rosout][INFO] 2022-01-06 22:26:20,853: publishing the poses
[rosout][INFO] 2022-01-06 22:26:21,853: publishing the poses
[rosout][INFO] 2022-01-06 22:26:22,853: publishing the poses
[rosout][INFO] 2022-01-06 22:26:23,853: publishing the poses
[rosout][INFO] 2022-01-06 22:26:24,853: publishing the poses
[rosout][INFO] 2022-01-06 22:26:25,853: publishing the poses
[rosout][INFO] 2022-01-06 22:26:26,853: publishing the poses
[rosout][INFO] 2022-01-06 22:26:27,853: publishing the poses
[rosout][INFO] 2022-01-06 22:26:28,853: publishing the poses
[rosout][INFO] 2022-01-06 22:26:29,853: publishing the poses
[rosout][INFO] 2022-01-06 22:26:30,853: publishing the poses
[rosout][INFO] 2022-01-06 22:26:31,853: publishing the poses
[rosout][INFO] 2022-01-06 22:26:32,853: publishing the poses
[rosout][INFO] 2022-01-06 22:26:33,853: publishing the poses
[rosout][INFO] 2022-01-06 22:26:34,853: publishing the poses
[rosout][INFO] 2022-01-06 22:26:35,853: publishing the poses
[rosout][INFO] 2022-01-06 22:26:36,853: publishing the poses
[rosout][INFO] 2022-01-06 22:26:37,853: publishing the poses
[rosout][INFO] 2022-01-06 22:26:38,853: publishing the poses
[rosout][INFO] 2022-01-06 22:26:39,853: publishing the poses
[rosout][INFO] 2022-01-06 22:26:40,853: publishing the poses
[rosout][INFO] 2022-01-06 22:26:41,853: publishing the poses
[rosout][INFO] 2022-01-06 22:26:42,853: publishing the poses
[rosout][INFO] 2022-01-06 22:26:43,853: publishing the poses
[rosout][INFO] 2022-01-06 22:26:44,853: publishing the poses
[rosout][INFO] 2022-01-06 22:26:45,853: publishing the poses
[rosout][INFO] 2022-01-06 22:26:46,853: publishing the poses
[rosout][INFO] 2022-01-06 22:26:47,853: publishing the poses
[rosout][INFO] 2022-01-06 22:26:48,853: publishing the poses
[rosout][INFO] 2022-01-06 22:26:49,853: publishing the poses
[rosout][INFO] 2022-01-06 22:26:50,853: publishing the poses
[rosout][INFO] 2022-01-06 22:26:51,853: publishing the poses
[rosout][INFO] 2022-01-06 22:26:52,853: publishing the poses
[rosout][INFO] 2022-01-06 22:26:53,852: publishing the poses
[rosout][INFO] 2022-01-06 22:26:54,853: publishing the poses
[rosout][INFO] 2022-01-06 22:26:55,853: publishing the poses
[rosout][INFO] 2022-01-06 22:26:56,853: publishing the poses
[rosout][INFO] 2022-01-06 22:26:57,853: publishing the poses
[rosout][INFO] 2022-01-06 22:26:58,853: publishing the poses
[rosout][INFO] 2022-01-06 22:26:59,853: publishing the poses
[rosout][INFO] 2022-01-06 22:27:00,853: publishing the poses
[rosout][INFO] 2022-01-06 22:27:01,853: publishing the poses
[rosout][INFO] 2022-01-06 22:27:02,853: publishing the poses
[rosout][INFO] 2022-01-06 22:27:03,853: publishing the poses
[rosout][INFO] 2022-01-06 22:27:04,853: publishing the poses
[rosout][INFO] 2022-01-06 22:27:05,853: publishing the poses
[rosout][INFO] 2022-01-06 22:27:06,853: publishing the poses
[rosout][INFO] 2022-01-06 22:27:07,853: publishing the poses
[rosout][INFO] 2022-01-06 22:27:08,853: publishing the poses
[rosout][INFO] 2022-01-06 22:27:09,853: publishing the poses
[rosout][INFO] 2022-01-06 22:27:10,853: publishing the poses
[rosout][INFO] 2022-01-06 22:27:11,853: publishing the poses
[rosout][INFO] 2022-01-06 22:27:12,853: publishing the poses
[rosout][INFO] 2022-01-06 22:27:13,853: publishing the poses
[rosout][INFO] 2022-01-06 22:27:14,853: publishing the poses
[rosout][INFO] 2022-01-06 22:27:15,853: publishing the poses
[rosout][INFO] 2022-01-06 22:27:16,853: publishing the poses
[rosout][INFO] 2022-01-06 22:27:17,853: publishing the poses
[rosout][INFO] 2022-01-06 22:27:18,853: publishing the poses
[rosout][INFO] 2022-01-06 22:27:19,853: publishing the poses
[rosout][INFO] 2022-01-06 22:27:20,853: publishing the poses
[rosout][INFO] 2022-01-06 22:27:21,853: publishing the poses
[rosout][INFO] 2022-01-06 22:27:22,853: publishing the poses
[rosout][INFO] 2022-01-06 22:27:23,853: publishing the poses
[rosout][INFO] 2022-01-06 22:27:24,853: publishing the poses
[rosout][INFO] 2022-01-06 22:27:25,853: publishing the poses
[rosout][INFO] 2022-01-06 22:27:26,853: publishing the poses
[rosout][INFO] 2022-01-06 22:27:27,853: publishing the poses
[rosout][INFO] 2022-01-06 22:27:28,853: publishing the poses
[rosout][INFO] 2022-01-06 22:27:29,853: publishing the poses
[rosout][INFO] 2022-01-06 22:27:30,853: publishing the poses
[rosout][INFO] 2022-01-06 22:27:31,853: publishing the poses
[rosout][INFO] 2022-01-06 22:27:32,853: publishing the poses
[rosout][INFO] 2022-01-06 22:27:33,853: publishing the poses
[rosout][INFO] 2022-01-06 22:27:34,853: publishing the poses
[rosout][INFO] 2022-01-06 22:27:35,853: publishing the poses
[rosout][INFO] 2022-01-06 22:27:36,853: publishing the poses
[rosout][INFO] 2022-01-06 22:27:37,853: publishing the poses
[rosout][INFO] 2022-01-06 22:27:38,853: publishing the poses
[rosout][INFO] 2022-01-06 22:27:39,853: publishing the poses
[rosout][INFO] 2022-01-06 22:27:40,853: publishing the poses
[rosout][INFO] 2022-01-06 22:27:41,853: publishing the poses
[rosout][INFO] 2022-01-06 22:27:42,853: publishing the poses
[rosout][INFO] 2022-01-06 22:27:43,853: publishing the poses
[rosout][INFO] 2022-01-06 22:27:44,853: publishing the poses
[rosout][INFO] 2022-01-06 22:27:45,853: publishing the poses
[rosout][INFO] 2022-01-06 22:27:46,853: publishing the poses
[rosout][INFO] 2022-01-06 22:27:47,853: publishing the poses
[rosout][INFO] 2022-01-06 22:27:48,853: publishing the poses
[rosout][INFO] 2022-01-06 22:27:49,853: publishing the poses
[rosout][INFO] 2022-01-06 22:27:50,853: publishing the poses
[rosout][INFO] 2022-01-06 22:27:51,853: publishing the poses
[rosout][INFO] 2022-01-06 22:27:52,853: publishing the poses
[rosout][INFO] 2022-01-06 22:27:53,853: publishing the poses
[rosout][INFO] 2022-01-06 22:27:54,853: publishing the poses
[rosout][INFO] 2022-01-06 22:27:55,853: publishing the poses
[rosout][INFO] 2022-01-06 22:27:56,853: publishing the poses
[rosout][INFO] 2022-01-06 22:27:57,853: publishing the poses
[rosout][INFO] 2022-01-06 22:27:58,853: publishing the poses
[rosout][INFO] 2022-01-06 22:27:59,853: publishing the poses
[rosout][INFO] 2022-01-06 22:28:00,853: publishing the poses
[rosout][INFO] 2022-01-06 22:28:01,853: publishing the poses
[rosout][INFO] 2022-01-06 22:28:02,853: publishing the poses
[rosout][INFO] 2022-01-06 22:28:03,853: publishing the poses
[rosout][INFO] 2022-01-06 22:28:04,853: publishing the poses
[rosout][INFO] 2022-01-06 22:28:05,853: publishing the poses
[rosout][INFO] 2022-01-06 22:28:06,853: publishing the poses
[rospy.core][INFO] 2022-01-06 22:28:07,640: signal_shutdown [signal-2]
[rospy.internal][INFO] 2022-01-06 22:28:07,652: topic[/rosout] removing connection to /rosout
[rospy.internal][INFO] 2022-01-06 22:28:07,652: topic[/grid3/allRobots/poses] removing connection to /trajectory_planner
[rospy.impl.masterslave][INFO] 2022-01-06 22:28:07,652: signal-2
[rospy.core][INFO] 2022-01-06 22:28:08,241: signal_shutdown [atexit]
