[rospy.client][INFO] 2022-01-06 22:19:38,193: init_node, name[/rqt_gui], pid[14840]
[xmlrpc][INFO] 2022-01-06 22:19:38,193: XML-RPC server binding to 0.0.0.0:0
[xmlrpc][INFO] 2022-01-06 22:19:38,193: Started XML-RPC server [http://prajwal-IdeaPad-L340-15IRH-Gaming:33845/]
[rospy.impl.masterslave][INFO] 2022-01-06 22:19:38,193: _ready: http://prajwal-IdeaPad-L340-15IRH-Gaming:33845/
[rospy.init][INFO] 2022-01-06 22:19:38,194: ROS Slave URI: [http://prajwal-IdeaPad-L340-15IRH-Gaming:33845/]
[rospy.registration][INFO] 2022-01-06 22:19:38,194: Registering with master node http://localhost:11311
[xmlrpc][INFO] 2022-01-06 22:19:38,194: xml rpc node: starting XML-RPC server
[rospy.init][INFO] 2022-01-06 22:19:38,294: registered with master
[rospy.rosout][INFO] 2022-01-06 22:19:38,294: initializing /rosout core topic
[rospy.rosout][INFO] 2022-01-06 22:19:38,295: connected to core topic /rosout
[rospy.simtime][INFO] 2022-01-06 22:19:38,296: /use_sim_time is not set, will not subscribe to simulated time [/clock] topic
[rospy.internal][INFO] 2022-01-06 22:19:38,398: topic[/rosout] adding connection to [/rosout], count 0
[rospy.internal][INFO] 2022-01-06 22:28:07,713: topic impl's ref count is zero, deleting topic /grid3/droppingCompleted...
[rospy.internal][INFO] 2022-01-06 22:28:07,714: topic impl's ref count is zero, deleting topic /grid3/packageLoaded...
[rospy.internal][INFO] 2022-01-06 22:28:07,715: topic impl's ref count is zero, deleting topic /robot1/cmd_ve...
[rospy.internal][INFO] 2022-01-06 22:28:07,716: topic impl's ref count is zero, deleting topic /robot2/cmd_ve...
[rospy.internal][INFO] 2022-01-06 22:28:07,717: topic impl's ref count is zero, deleting topic /robot3/cmd_ve...
[rospy.internal][INFO] 2022-01-06 22:28:07,717: topic impl's ref count is zero, deleting topic /robot4/cmd_ve...
[rospy.core][INFO] 2022-01-06 22:28:07,757: signal_shutdown [atexit]
[rospy.internal][INFO] 2022-01-06 22:28:07,758: topic[/rosout] removing connection to /rosout
[rospy.impl.masterslave][INFO] 2022-01-06 22:28:07,758: atexit
