[rospy.client][INFO] 2022-01-07 15:23:36,549: init_node, name[/display_map], pid[10919]
[xmlrpc][INFO] 2022-01-07 15:23:36,549: XML-RPC server binding to 0.0.0.0:0
[xmlrpc][INFO] 2022-01-07 15:23:36,550: Started XML-RPC server [http://prajwal-IdeaPad-L340-15IRH-Gaming:38439/]
[rospy.init][INFO] 2022-01-07 15:23:36,550: ROS Slave URI: [http://prajwal-IdeaPad-L340-15IRH-Gaming:38439/]
[rospy.impl.masterslave][INFO] 2022-01-07 15:23:36,550: _ready: http://prajwal-IdeaPad-L340-15IRH-Gaming:38439/
[rospy.registration][INFO] 2022-01-07 15:23:36,550: Registering with master node http://localhost:11311
[xmlrpc][INFO] 2022-01-07 15:23:36,550: xml rpc node: starting XML-RPC server
[rospy.init][INFO] 2022-01-07 15:23:36,650: registered with master
[rospy.rosout][INFO] 2022-01-07 15:23:36,650: initializing /rosout core topic
[rospy.rosout][INFO] 2022-01-07 15:23:36,652: connected to core topic /rosout
[rospy.simtime][INFO] 2022-01-07 15:23:36,653: initializing /clock core topic
[rospy.simtime][INFO] 2022-01-07 15:23:36,654: connected to core topic /clock
[rospy.internal][INFO] 2022-01-07 15:23:36,656: topic[/clock] adding connection to [http://prajwal-IdeaPad-L340-15IRH-Gaming:43309/], count 0
[rospy.internal][INFO] 2022-01-07 15:23:36,903: topic[/rosout] adding connection to [/rosout], count 0
[rospy.internal][INFO] 2022-01-07 15:23:37,403: topic[/grid3/mat] adding connection to [/rviz], count 0
[rospy.internal][ERROR] 2022-01-07 16:24:38,970: Unable to initiate TCP/IP socket to prajwal-IdeaPad-L340-15IRH-Gaming:54333 (http://prajwal-IdeaPad-L340-15IRH-Gaming:43309/): Traceback (most recent call last):
  File "/opt/ros/noetic/lib/python3/dist-packages/rospy/impl/tcpros_base.py", line 562, in connect
    self.read_header()
  File "/opt/ros/noetic/lib/python3/dist-packages/rospy/impl/tcpros_base.py", line 657, in read_header
    self._validate_header(read_ros_handshake_header(sock, self.read_buff, self.protocol.buff_size))
  File "/opt/ros/noetic/lib/python3/dist-packages/rospy/impl/tcpros_base.py", line 600, in _validate_header
    raise TransportInitError("remote error reported: %s"%header['error'])
rospy.exceptions.TransportInitError: remote error reported: received a connection for a nonexistent topic [/clock] from [TCPROS connection on port 54333 to [127.0.0.1:42060 on socket 17]] [/display_map].

[rospy.core][INFO] 2022-01-07 16:24:39,709: signal_shutdown [signal-2]
[rospy.internal][INFO] 2022-01-07 16:24:39,715: topic[/rosout] removing connection to /rosout
[rospy.internal][INFO] 2022-01-07 16:24:39,716: topic[/grid3/mat] removing connection to /rviz
[rospy.internal][INFO] 2022-01-07 16:24:39,716: topic[/clock] removing connection to http://prajwal-IdeaPad-L340-15IRH-Gaming:43309/
[rospy.impl.masterslave][INFO] 2022-01-07 16:24:39,716: signal-2
[rospy.core][INFO] 2022-01-07 16:24:42,965: signal_shutdown [atexit]
