[rospy.client][INFO] 2022-01-07 15:23:32,132: init_node, name[/rqt_gui], pid[10783]
[xmlrpc][INFO] 2022-01-07 15:23:32,132: XML-RPC server binding to 0.0.0.0:0
[xmlrpc][INFO] 2022-01-07 15:23:32,132: Started XML-RPC server [http://prajwal-IdeaPad-L340-15IRH-Gaming:40317/]
[rospy.init][INFO] 2022-01-07 15:23:32,132: ROS Slave URI: [http://prajwal-IdeaPad-L340-15IRH-Gaming:40317/]
[rospy.impl.masterslave][INFO] 2022-01-07 15:23:32,132: _ready: http://prajwal-IdeaPad-L340-15IRH-Gaming:40317/
[rospy.registration][INFO] 2022-01-07 15:23:32,133: Registering with master node http://localhost:11311
[xmlrpc][INFO] 2022-01-07 15:23:32,133: xml rpc node: starting XML-RPC server
[rospy.init][INFO] 2022-01-07 15:23:32,233: registered with master
[rospy.rosout][INFO] 2022-01-07 15:23:32,233: initializing /rosout core topic
[rospy.rosout][INFO] 2022-01-07 15:23:32,234: connected to core topic /rosout
[rospy.simtime][INFO] 2022-01-07 15:23:32,235: initializing /clock core topic
[rospy.simtime][INFO] 2022-01-07 15:23:32,236: connected to core topic /clock
[rospy.internal][INFO] 2022-01-07 15:23:32,238: topic[/clock] adding connection to [http://prajwal-IdeaPad-L340-15IRH-Gaming:43309/], count 0
[rospy.internal][INFO] 2022-01-07 15:23:32,393: topic[/rosout] adding connection to [/rosout], count 0
[rospy.internal][INFO] 2022-01-07 15:23:32,698: topic[/grid3/droppingCompleted] adding connection to [/brain_10795_1641549211544], count 0
[rospy.internal][INFO] 2022-01-07 15:23:32,701: topic[/grid3/packageLoaded] adding connection to [/brain_10795_1641549211544], count 0
[rospy.internal][INFO] 2022-01-07 15:23:32,909: topic[/robot1/cmd_vel] adding connection to [/gazebo], count 0
[rospy.internal][INFO] 2022-01-07 15:23:32,912: topic[/robot2/cmd_vel] adding connection to [/gazebo], count 0
[rospy.internal][INFO] 2022-01-07 15:23:32,914: topic[/robot3/cmd_vel] adding connection to [/gazebo], count 0
[rospy.internal][INFO] 2022-01-07 16:24:37,994: topic impl's ref count is zero, deleting topic /grid3/droppingCompleted...
[rospy.internal][INFO] 2022-01-07 16:24:37,994: topic[/grid3/droppingCompleted] removing connection to /brain_10795_1641549211544
[rospy.internal][INFO] 2022-01-07 16:24:37,995: topic impl's ref count is zero, deleting topic /grid3/packageLoaded...
[rospy.internal][INFO] 2022-01-07 16:24:37,995: topic[/grid3/packageLoaded] removing connection to /brain_10795_1641549211544
[rosout][WARNING] 2022-01-07 16:24:37,994: Could not process inbound connection: [/rqt_gui] is not a publisher of [/grid3/droppingCompleted]. Topics are [['/rosout', 'rosgraph_msgs/Log'], ['/grid3/packageLoaded', 'grid3/packageLoaded'], ['/robot1/cmd_vel', 'geometry_msgs/Twist'], ['/robot2/cmd_vel', 'geometry_msgs/Twist'], ['/robot3/cmd_vel', 'geometry_msgs/Twist'], ['/robot4/cmd_ve', 'geometry_msgs/Twist']]{'callerid': '/brain_10795_1641549211544', 'md5sum': '90041601f8236fdd572be94e8c0d4f45', 'message_definition': 'bool[] status', 'tcp_nodelay': '0', 'topic': '/grid3/droppingCompleted', 'type': 'grid3/droppingCompleted'}
[rosout][WARNING] 2022-01-07 16:24:37,996: Could not process inbound connection: [/rqt_gui] is not a publisher of [/grid3/packageLoaded]. Topics are [['/rosout', 'rosgraph_msgs/Log'], ['/robot1/cmd_vel', 'geometry_msgs/Twist'], ['/robot2/cmd_vel', 'geometry_msgs/Twist'], ['/robot3/cmd_vel', 'geometry_msgs/Twist'], ['/robot4/cmd_ve', 'geometry_msgs/Twist']]{'callerid': '/brain_10795_1641549211544', 'md5sum': '90041601f8236fdd572be94e8c0d4f45', 'message_definition': 'bool[] status', 'tcp_nodelay': '0', 'topic': '/grid3/packageLoaded', 'type': 'grid3/packageLoaded'}
[rospy.internal][INFO] 2022-01-07 16:24:37,998: topic impl's ref count is zero, deleting topic /robot1/cmd_vel...
[rospy.internal][INFO] 2022-01-07 16:24:37,998: topic[/robot1/cmd_vel] removing connection to /gazebo
[rospy.internal][INFO] 2022-01-07 16:24:37,999: topic impl's ref count is zero, deleting topic /robot2/cmd_vel...
[rospy.internal][INFO] 2022-01-07 16:24:37,999: topic[/robot2/cmd_vel] removing connection to /gazebo
[rospy.internal][INFO] 2022-01-07 16:24:38,000: topic impl's ref count is zero, deleting topic /robot3/cmd_vel...
[rospy.internal][INFO] 2022-01-07 16:24:38,000: topic[/robot3/cmd_vel] removing connection to /gazebo
[rospy.internal][INFO] 2022-01-07 16:24:38,001: topic impl's ref count is zero, deleting topic /robot4/cmd_ve...
[rospy.core][INFO] 2022-01-07 16:24:38,035: signal_shutdown [atexit]
[rospy.internal][INFO] 2022-01-07 16:24:38,037: topic[/rosout] removing connection to /rosout
[rospy.internal][INFO] 2022-01-07 16:24:38,037: topic[/clock] removing connection to http://prajwal-IdeaPad-L340-15IRH-Gaming:43309/
[rospy.impl.masterslave][INFO] 2022-01-07 16:24:38,038: atexit
[rospy.internal][WARNING] 2022-01-07 16:24:38,038: Unknown error initiating TCP/IP socket to prajwal-IdeaPad-L340-15IRH-Gaming:54333 (http://prajwal-IdeaPad-L340-15IRH-Gaming:43309/): Traceback (most recent call last):
  File "/opt/ros/noetic/lib/python3/dist-packages/rospy/impl/tcpros_base.py", line 562, in connect
    self.read_header()
  File "/opt/ros/noetic/lib/python3/dist-packages/rospy/impl/tcpros_base.py", line 657, in read_header
    self._validate_header(read_ros_handshake_header(sock, self.read_buff, self.protocol.buff_size))
AttributeError: 'NoneType' object has no attribute 'buff_size'

