[rospy.client][INFO] 2022-01-06 20:39:18,449: init_node, name[/brain], pid[9185]
[xmlrpc][INFO] 2022-01-06 20:39:18,449: XML-RPC server binding to 0.0.0.0:0
[xmlrpc][INFO] 2022-01-06 20:39:18,450: Started XML-RPC server [http://prajwal-IdeaPad-L340-15IRH-Gaming:39655/]
[rospy.init][INFO] 2022-01-06 20:39:18,450: ROS Slave URI: [http://prajwal-IdeaPad-L340-15IRH-Gaming:39655/]
[rospy.impl.masterslave][INFO] 2022-01-06 20:39:18,450: _ready: http://prajwal-IdeaPad-L340-15IRH-Gaming:39655/
[rospy.registration][INFO] 2022-01-06 20:39:18,451: Registering with master node http://localhost:11311
[xmlrpc][INFO] 2022-01-06 20:39:18,451: xml rpc node: starting XML-RPC server
[rospy.init][INFO] 2022-01-06 20:39:18,550: registered with master
[rospy.rosout][INFO] 2022-01-06 20:39:18,550: initializing /rosout core topic
[rospy.rosout][INFO] 2022-01-06 20:39:18,553: connected to core topic /rosout
[rospy.simtime][INFO] 2022-01-06 20:39:18,554: initializing /clock core topic
[rospy.simtime][INFO] 2022-01-06 20:39:18,555: connected to core topic /clock
[rospy.internal][INFO] 2022-01-06 20:39:18,556: topic[/clock] adding connection to [http://prajwal-IdeaPad-L340-15IRH-Gaming:38329/], count 0
[rospy.internal][INFO] 2022-01-06 20:39:18,564: topic[/grid3/planner/status] adding connection to [http://prajwal-IdeaPad-L340-15IRH-Gaming:42881/], count 0
[rospy.internal][INFO] 2022-01-06 20:39:18,590: topic[/grid3/allRobots/goals] adding connection to [/trajectory_planner], count 0
[rospy.internal][INFO] 2022-01-06 20:39:18,593: topic[/grid3/allRobots/poses] adding connection to [http://prajwal-IdeaPad-L340-15IRH-Gaming:42409/], count 0
[rospy.internal][INFO] 2022-01-06 20:39:18,790: topic[/rosout] adding connection to [/rosout], count 0
[rospy.internal][INFO] 2022-01-06 20:39:19,495: topic[/grid3/droppingCompleted] adding connection to [http://prajwal-IdeaPad-L340-15IRH-Gaming:45711/], count 0
[rospy.internal][INFO] 2022-01-06 20:39:19,496: topic[/grid3/packageLoaded] adding connection to [http://prajwal-IdeaPad-L340-15IRH-Gaming:45711/], count 0
[rospy.core][INFO] 2022-01-06 20:42:53,530: signal_shutdown [signal-2]
[rospy.internal][INFO] 2022-01-06 20:42:53,536: topic[/rosout] removing connection to /rosout
[rospy.internal][INFO] 2022-01-06 20:42:53,536: topic[/grid3/allRobots/goals] removing connection to /trajectory_planner
[rospy.internal][INFO] 2022-01-06 20:42:53,536: topic[/clock] removing connection to http://prajwal-IdeaPad-L340-15IRH-Gaming:38329/
[rospy.internal][INFO] 2022-01-06 20:42:53,536: topic[/grid3/allRobots/poses] removing connection to http://prajwal-IdeaPad-L340-15IRH-Gaming:42409/
[rospy.internal][INFO] 2022-01-06 20:42:53,536: topic[/grid3/droppingCompleted] removing connection to http://prajwal-IdeaPad-L340-15IRH-Gaming:45711/
[rospy.internal][INFO] 2022-01-06 20:42:53,537: topic[/grid3/packageLoaded] removing connection to http://prajwal-IdeaPad-L340-15IRH-Gaming:45711/
[rospy.internal][INFO] 2022-01-06 20:42:53,537: topic[/grid3/planner/status] removing connection to http://prajwal-IdeaPad-L340-15IRH-Gaming:42881/
[rospy.internal][WARNING] 2022-01-06 20:42:53,538: Unknown error initiating TCP/IP socket to prajwal-IdeaPad-L340-15IRH-Gaming:38907 (http://prajwal-IdeaPad-L340-15IRH-Gaming:38329/): Traceback (most recent call last):
  File "/opt/ros/noetic/lib/python3/dist-packages/rospy/impl/tcpros_base.py", line 562, in connect
    self.read_header()
  File "/opt/ros/noetic/lib/python3/dist-packages/rospy/impl/tcpros_base.py", line 657, in read_header
    self._validate_header(read_ros_handshake_header(sock, self.read_buff, self.protocol.buff_size))
AttributeError: 'NoneType' object has no attribute 'buff_size'

[rospy.internal][WARNING] 2022-01-06 20:42:53,538: Unknown error initiating TCP/IP socket to prajwal-IdeaPad-L340-15IRH-Gaming:38993 (http://prajwal-IdeaPad-L340-15IRH-Gaming:42881/): Traceback (most recent call last):
  File "/opt/ros/noetic/lib/python3/dist-packages/rospy/impl/tcpros_base.py", line 562, in connect
    self.read_header()
  File "/opt/ros/noetic/lib/python3/dist-packages/rospy/impl/tcpros_base.py", line 657, in read_header
    self._validate_header(read_ros_handshake_header(sock, self.read_buff, self.protocol.buff_size))
AttributeError: 'NoneType' object has no attribute 'buff_size'

[rospy.topics][ERROR] 2022-01-06 20:42:53,539: Traceback (most recent call last):
  File "/opt/ros/noetic/lib/python3/dist-packages/rospy/topics.py", line 326, in close
    c.close()
  File "/opt/ros/noetic/lib/python3/dist-packages/rospy/impl/tcpros_base.py", line 846, in close
    self.socket.close()
AttributeError: 'NoneType' object has no attribute 'close'

[rospy.impl.masterslave][INFO] 2022-01-06 20:42:53,539: signal-2
[rospy.core][INFO] 2022-01-06 20:42:55,284: signal_shutdown [atexit]
