[rospy.client][INFO] 2022-01-06 20:19:36,299: init_node, name[/myrobot_spawn2], pid[7462]
[xmlrpc][INFO] 2022-01-06 20:19:36,300: XML-RPC server binding to 0.0.0.0:0
[xmlrpc][INFO] 2022-01-06 20:19:36,300: Started XML-RPC server [http://prajwal-IdeaPad-L340-15IRH-Gaming:41367/]
[rospy.init][INFO] 2022-01-06 20:19:36,300: ROS Slave URI: [http://prajwal-IdeaPad-L340-15IRH-Gaming:41367/]
[rospy.impl.masterslave][INFO] 2022-01-06 20:19:36,300: _ready: http://prajwal-IdeaPad-L340-15IRH-Gaming:41367/
[rospy.registration][INFO] 2022-01-06 20:19:36,301: Registering with master node http://localhost:11311
[xmlrpc][INFO] 2022-01-06 20:19:36,301: xml rpc node: starting XML-RPC server
[rospy.init][INFO] 2022-01-06 20:19:36,401: registered with master
[rospy.rosout][INFO] 2022-01-06 20:19:36,401: initializing /rosout core topic
[rospy.rosout][INFO] 2022-01-06 20:19:36,404: connected to core topic /rosout
[rospy.simtime][INFO] 2022-01-06 20:19:36,405: initializing /clock core topic
[rospy.simtime][INFO] 2022-01-06 20:19:36,406: connected to core topic /clock
[rosout][INFO] 2022-01-06 20:19:36,408: Loading model XML from ros parameter /robot2/robot_description
[rosout][INFO] 2022-01-06 20:19:36,413: Waiting for service /gazebo/spawn_urdf_model
[rospy.internal][INFO] 2022-01-06 20:19:36,623: topic[/rosout] adding connection to [/rosout], count 0
[rospy.internal][INFO] 2022-01-06 20:19:37,427: topic[/clock] adding connection to [http://prajwal-IdeaPad-L340-15IRH-Gaming:38329/], count 0
[rosout][INFO] 2022-01-06 20:19:37,619: Calling service /gazebo/spawn_urdf_model
[rosout][INFO] 2022-01-06 20:19:37,855: Spawn status: SpawnModel: Successfully spawned entity
[rospy.core][INFO] 2022-01-06 20:19:37,857: signal_shutdown [atexit]
[rospy.internal][INFO] 2022-01-06 20:19:37,858: topic[/rosout] removing connection to /rosout
[rospy.internal][INFO] 2022-01-06 20:19:37,859: topic[/clock] removing connection to http://prajwal-IdeaPad-L340-15IRH-Gaming:38329/
[rospy.impl.masterslave][INFO] 2022-01-06 20:19:37,859: atexit
