[rospy.client][INFO] 2022-01-06 20:19:36,309: init_node, name[/myrobot_spawn3], pid[7463]
[xmlrpc][INFO] 2022-01-06 20:19:36,310: XML-RPC server binding to 0.0.0.0:0
[xmlrpc][INFO] 2022-01-06 20:19:36,310: Started XML-RPC server [http://prajwal-IdeaPad-L340-15IRH-Gaming:46329/]
[rospy.impl.masterslave][INFO] 2022-01-06 20:19:36,310: _ready: http://prajwal-IdeaPad-L340-15IRH-Gaming:46329/
[rospy.init][INFO] 2022-01-06 20:19:36,310: ROS Slave URI: [http://prajwal-IdeaPad-L340-15IRH-Gaming:46329/]
[rospy.registration][INFO] 2022-01-06 20:19:36,311: Registering with master node http://localhost:11311
[xmlrpc][INFO] 2022-01-06 20:19:36,311: xml rpc node: starting XML-RPC server
[rospy.init][INFO] 2022-01-06 20:19:36,411: registered with master
[rospy.rosout][INFO] 2022-01-06 20:19:36,411: initializing /rosout core topic
[rospy.rosout][INFO] 2022-01-06 20:19:36,414: connected to core topic /rosout
[rospy.simtime][INFO] 2022-01-06 20:19:36,415: initializing /clock core topic
[rospy.simtime][INFO] 2022-01-06 20:19:36,417: connected to core topic /clock
[rosout][INFO] 2022-01-06 20:19:36,418: Loading model XML from ros parameter /robot3/robot_description
[rosout][INFO] 2022-01-06 20:19:36,423: Waiting for service /gazebo/spawn_urdf_model
[rospy.internal][INFO] 2022-01-06 20:19:36,623: topic[/rosout] adding connection to [/rosout], count 0
[rospy.internal][INFO] 2022-01-06 20:19:37,428: topic[/clock] adding connection to [http://prajwal-IdeaPad-L340-15IRH-Gaming:38329/], count 0
[rosout][INFO] 2022-01-06 20:19:37,631: Calling service /gazebo/spawn_urdf_model
[rosout][INFO] 2022-01-06 20:19:38,113: Spawn status: SpawnModel: Successfully spawned entity
[rospy.core][INFO] 2022-01-06 20:19:38,115: signal_shutdown [atexit]
[rospy.internal][INFO] 2022-01-06 20:19:38,117: topic[/rosout] removing connection to /rosout
[rospy.internal][INFO] 2022-01-06 20:19:38,117: topic[/clock] removing connection to http://prajwal-IdeaPad-L340-15IRH-Gaming:38329/
[rospy.impl.masterslave][INFO] 2022-01-06 20:19:38,117: atexit
[rospy.internal][WARNING] 2022-01-06 20:19:38,117: Unknown error initiating TCP/IP socket to prajwal-IdeaPad-L340-15IRH-Gaming:38907 (http://prajwal-IdeaPad-L340-15IRH-Gaming:38329/): Traceback (most recent call last):
  File "/opt/ros/noetic/lib/python3/dist-packages/rospy/impl/tcpros_base.py", line 562, in connect
    self.read_header()
  File "/opt/ros/noetic/lib/python3/dist-packages/rospy/impl/tcpros_base.py", line 657, in read_header
    self._validate_header(read_ros_handshake_header(sock, self.read_buff, self.protocol.buff_size))
AttributeError: 'NoneType' object has no attribute 'buff_size'

