[rospy.client][INFO] 2022-01-06 20:19:36,381: init_node, name[/myrobot_spawn4], pid[7464]
[xmlrpc][INFO] 2022-01-06 20:19:36,382: XML-RPC server binding to 0.0.0.0:0
[xmlrpc][INFO] 2022-01-06 20:19:36,382: Started XML-RPC server [http://prajwal-IdeaPad-L340-15IRH-Gaming:33725/]
[rospy.impl.masterslave][INFO] 2022-01-06 20:19:36,382: _ready: http://prajwal-IdeaPad-L340-15IRH-Gaming:33725/
[rospy.init][INFO] 2022-01-06 20:19:36,382: ROS Slave URI: [http://prajwal-IdeaPad-L340-15IRH-Gaming:33725/]
[rospy.registration][INFO] 2022-01-06 20:19:36,383: Registering with master node http://localhost:11311
[xmlrpc][INFO] 2022-01-06 20:19:36,383: xml rpc node: starting XML-RPC server
[rospy.init][INFO] 2022-01-06 20:19:36,483: registered with master
[rospy.rosout][INFO] 2022-01-06 20:19:36,483: initializing /rosout core topic
[rospy.rosout][INFO] 2022-01-06 20:19:36,485: connected to core topic /rosout
[rospy.simtime][INFO] 2022-01-06 20:19:36,486: initializing /clock core topic
[rospy.simtime][INFO] 2022-01-06 20:19:36,488: connected to core topic /clock
[rosout][INFO] 2022-01-06 20:19:36,489: Loading model XML from ros parameter /robot4/robot_description
[rosout][INFO] 2022-01-06 20:19:36,492: Waiting for service /gazebo/spawn_urdf_model
[rospy.internal][INFO] 2022-01-06 20:19:36,725: topic[/rosout] adding connection to [/rosout], count 0
[rospy.internal][INFO] 2022-01-06 20:19:37,430: topic[/clock] adding connection to [http://prajwal-IdeaPad-L340-15IRH-Gaming:38329/], count 0
[rosout][INFO] 2022-01-06 20:19:37,698: Calling service /gazebo/spawn_urdf_model
[rosout][INFO] 2022-01-06 20:19:38,617: Spawn status: SpawnModel: Successfully spawned entity
[rospy.core][INFO] 2022-01-06 20:19:38,619: signal_shutdown [atexit]
[rospy.internal][INFO] 2022-01-06 20:19:38,621: topic[/rosout] removing connection to /rosout
[rospy.internal][INFO] 2022-01-06 20:19:38,621: topic[/clock] removing connection to http://prajwal-IdeaPad-L340-15IRH-Gaming:38329/
[rospy.impl.masterslave][INFO] 2022-01-06 20:19:38,622: atexit
[rospy.internal][WARNING] 2022-01-06 20:19:38,622: Unknown error initiating TCP/IP socket to prajwal-IdeaPad-L340-15IRH-Gaming:38907 (http://prajwal-IdeaPad-L340-15IRH-Gaming:38329/): Traceback (most recent call last):
  File "/opt/ros/noetic/lib/python3/dist-packages/rospy/impl/tcpros_base.py", line 562, in connect
    self.read_header()
  File "/opt/ros/noetic/lib/python3/dist-packages/rospy/impl/tcpros_base.py", line 657, in read_header
    self._validate_header(read_ros_handshake_header(sock, self.read_buff, self.protocol.buff_size))
AttributeError: 'NoneType' object has no attribute 'buff_size'

