

0.000000000  Node Startup
0.000000000 INFO /myrobot_spawn2 [gazebo_interface.py:27(spawn_urdf_model_client)] [topics: /rosout, /clock] Waiting for service /gazebo/spawn_urdf_model
0.000000000 INFO /myrobot_spawn3 [gazebo_interface.py:27(spawn_urdf_model_client)] [topics: /clock, /rosout] Waiting for service /gazebo/spawn_urdf_model
0.000000000 INFO /myrobot_spawn1 [gazebo_interface.py:27(spawn_urdf_model_client)] [topics: /clock, /rosout] Waiting for service /gazebo/spawn_urdf_model
0.000000000 INFO /myrobot_spawn4 [gazebo_interface.py:27(spawn_urdf_model_client)] [topics: /clock, /rosout] Waiting for service /gazebo/spawn_urdf_model
0.000000000 INFO /gazebo [/tmp/binarydeb/ros-noetic-roscpp-1.15.8/src/libros/service.cpp:80(service::exists)] [topics: /rosout] waitForService: Service [/gazebo/set_physics_properties] has not been advertised, waiting...
0.000000000 INFO /gazebo [/tmp/binarydeb/ros-noetic-roscpp-1.15.8/src/libros/service.cpp:123(service::waitForService)] [topics: /rosout, /clock, /gazebo/link_states, /gazebo/model_states] waitForService: Service [/gazebo/set_physics_properties] is now available.
0.051000000 INFO /gazebo [/tmp/binarydeb/ros-noetic-gazebo-ros-2.9.1/src/gazebo_ros_api_plugin.cpp:2347(GazeboRosApiPlugin::physicsReconfigureThread)] [topics: /rosout, /clock, /gazebo/link_states, /gazebo/model_states, /gazebo/parameter_descriptions, /gazebo/parameter_updates] Physics dynamic reconfigure ready.
0.173000000 INFO /myrobot_spawn2 [gazebo_interface.py:31(spawn_urdf_model_client)] [topics: /rosout, /clock] Calling service /gazebo/spawn_urdf_model
0.184000000 INFO /myrobot_spawn3 [gazebo_interface.py:31(spawn_urdf_model_client)] [topics: /clock, /rosout] Calling service /gazebo/spawn_urdf_model
0.206000000 INFO /myrobot_spawn1 [gazebo_interface.py:31(spawn_urdf_model_client)] [topics: /clock, /rosout] Calling service /gazebo/spawn_urdf_model
0.248000000 INFO /myrobot_spawn4 [gazebo_interface.py:31(spawn_urdf_model_client)] [topics: /clock, /rosout] Calling service /gazebo/spawn_urdf_model
0.366000000 INFO /myrobot_spawn2 [gazebo_interface.py:33(spawn_urdf_model_client)] [topics: /rosout, /clock] Spawn status: SpawnModel: Successfully spawned entity
0.366000000 INFO /gazebo [/tmp/binarydeb/ros-noetic-gazebo-plugins-2.9.1/src/gazebo_ros_utils.cpp:57(GazeboRos::readCommonParameter)] [topics: /rosout, /clock, /gazebo/link_states, /gazebo/model_states, /gazebo/parameter_descriptions, /gazebo/parameter_updates] Starting plugin DiffDrive(ns = //)
0.366000000 WARN /gazebo [/tmp/binarydeb/ros-noetic-gazebo-plugins-2.9.1/include/gazebo_plugins/gazebo_ros_utils.h:236(GazeboRos::getParameter)] [topics: /rosout, /clock, /gazebo/link_states, /gazebo/model_states, /gazebo/parameter_descriptions, /gazebo/parameter_updates] DiffDrive(ns = //): missing <rosDebugLevel> default is na
0.366000000 INFO /gazebo [/tmp/binarydeb/ros-noetic-gazebo-plugins-2.9.1/src/gazebo_ros_utils.cpp:93(GazeboRos::readCommonParameter)] [topics: /rosout, /clock, /gazebo/link_states, /gazebo/model_states, /gazebo/parameter_descriptions, /gazebo/parameter_updates] DiffDrive(ns = //): <tf_prefix> = 
0.366000000 WARN /gazebo [/tmp/binarydeb/ros-noetic-gazebo-plugins-2.9.1/src/gazebo_ros_utils.cpp:100(GazeboRos::getParameterBoolean)] [topics: /rosout, /clock, /gazebo/link_states, /gazebo/model_states, /gazebo/parameter_descriptions, /gazebo/parameter_updates] DiffDrive(ns = //): missing <publishWheelTF> default is false
0.366000000 WARN /gazebo [/tmp/binarydeb/ros-noetic-gazebo-plugins-2.9.1/src/gazebo_ros_utils.cpp:100(GazeboRos::getParameterBoolean)] [topics: /rosout, /clock, /gazebo/link_states, /gazebo/model_states, /gazebo/parameter_descriptions, /gazebo/parameter_updates] DiffDrive(ns = //): missing <publishOdomTF> default is true
0.366000000 WARN /gazebo [/tmp/binarydeb/ros-noetic-gazebo-plugins-2.9.1/src/gazebo_ros_utils.cpp:100(GazeboRos::getParameterBoolean)] [topics: /rosout, /clock, /gazebo/link_states, /gazebo/model_states, /gazebo/parameter_descriptions, /gazebo/parameter_updates] DiffDrive(ns = //): missing <publishWheelJointState> default is false
0.366000000 WARN /gazebo [/tmp/binarydeb/ros-noetic-gazebo-plugins-2.9.1/include/gazebo_plugins/gazebo_ros_utils.h:236(GazeboRos::getParameter)] [topics: /rosout, /clock, /gazebo/link_states, /gazebo/model_states, /gazebo/parameter_descriptions, /gazebo/parameter_updates] DiffDrive(ns = //): missing <wheelAcceleration> default is 0
0.366000000 WARN /gazebo [/tmp/binarydeb/ros-noetic-gazebo-plugins-2.9.1/include/gazebo_plugins/gazebo_ros_utils.h:268(GazeboRos::getParameter)] [topics: /rosout, /clock, /gazebo/link_states, /gazebo/model_states, /gazebo/parameter_descriptions, /gazebo/parameter_updates] DiffDrive(ns = //): missing <odometrySource> default is 1
0.366000000 WARN /gazebo [/tmp/binarydeb/ros-noetic-gazebo-plugins-2.9.1/src/gazebo_ros_diff_drive.cpp:116(GazeboRosDiffDrive::Load)] [topics: /rosout, /clock, /gazebo/link_states, /gazebo/model_states, /gazebo/parameter_descriptions, /gazebo/parameter_updates] GazeboRosDiffDrive Plugin (ns = ) missing <publishTf>, defaults to 1
0.366000000 INFO /gazebo [/tmp/binarydeb/ros-noetic-gazebo-plugins-2.9.1/src/gazebo_ros_diff_drive.cpp:153(GazeboRosDiffDrive::Load)] [topics: /rosout, /clock, /gazebo/link_states, /gazebo/model_states, /gazebo/parameter_descriptions, /gazebo/parameter_updates, /tf] DiffDrive(ns = //): Try to subscribe to robot2/cmd_vel
0.366000000 INFO /gazebo [/tmp/binarydeb/ros-noetic-gazebo-plugins-2.9.1/src/gazebo_ros_diff_drive.cpp:161(GazeboRosDiffDrive::Load)] [topics: /rosout, /clock, /gazebo/link_states, /gazebo/model_states, /gazebo/parameter_descriptions, /gazebo/parameter_updates, /tf] DiffDrive(ns = //): Subscribe to robot2/cmd_vel
0.366000000 INFO /gazebo [/tmp/binarydeb/ros-noetic-gazebo-plugins-2.9.1/src/gazebo_ros_diff_drive.cpp:166(GazeboRosDiffDrive::Load)] [topics: /rosout, /clock, /gazebo/link_states, /gazebo/model_states, /gazebo/parameter_descriptions, /gazebo/parameter_updates, /tf, /robot2/odom] DiffDrive(ns = //): Advertise odom on robot2/odom 
0.568000000 INFO /gazebo [/tmp/binarydeb/ros-noetic-gazebo-plugins-2.9.1/src/gazebo_ros_utils.cpp:57(GazeboRos::readCommonParameter)] [topics: /rosout, /clock, /gazebo/link_states, /gazebo/model_states, /gazebo/parameter_descriptions, /gazebo/parameter_updates, /tf, /robot2/odom] Starting plugin DiffDrive(ns = //)
0.568000000 WARN /gazebo [/tmp/binarydeb/ros-noetic-gazebo-plugins-2.9.1/include/gazebo_plugins/gazebo_ros_utils.h:236(GazeboRos::getParameter)] [topics: /rosout, /clock, /gazebo/link_states, /gazebo/model_states, /gazebo/parameter_descriptions, /gazebo/parameter_updates, /tf, /robot2/odom] DiffDrive(ns = //): missing <rosDebugLevel> default is na
0.568000000 INFO /myrobot_spawn3 [gazebo_interface.py:33(spawn_urdf_model_client)] [topics: /clock, /rosout] Spawn status: SpawnModel: Successfully spawned entity
0.568000000 INFO /gazebo [/tmp/binarydeb/ros-noetic-gazebo-plugins-2.9.1/src/gazebo_ros_utils.cpp:93(GazeboRos::readCommonParameter)] [topics: /rosout, /clock, /gazebo/link_states, /gazebo/model_states, /gazebo/parameter_descriptions, /gazebo/parameter_updates, /tf, /robot2/odom] DiffDrive(ns = //): <tf_prefix> = 
0.568000000 WARN /gazebo [/tmp/binarydeb/ros-noetic-gazebo-plugins-2.9.1/src/gazebo_ros_utils.cpp:100(GazeboRos::getParameterBoolean)] [topics: /rosout, /clock, /gazebo/link_states, /gazebo/model_states, /gazebo/parameter_descriptions, /gazebo/parameter_updates, /tf, /robot2/odom] DiffDrive(ns = //): missing <publishWheelTF> default is false
0.568000000 WARN /gazebo [/tmp/binarydeb/ros-noetic-gazebo-plugins-2.9.1/src/gazebo_ros_utils.cpp:100(GazeboRos::getParameterBoolean)] [topics: /rosout, /clock, /gazebo/link_states, /gazebo/model_states, /gazebo/parameter_descriptions, /gazebo/parameter_updates, /tf, /robot2/odom] DiffDrive(ns = //): missing <publishOdomTF> default is true
0.568000000 WARN /gazebo [/tmp/binarydeb/ros-noetic-gazebo-plugins-2.9.1/src/gazebo_ros_utils.cpp:100(GazeboRos::getParameterBoolean)] [topics: /rosout, /clock, /gazebo/link_states, /gazebo/model_states, /gazebo/parameter_descriptions, /gazebo/parameter_updates, /tf, /robot2/odom] DiffDrive(ns = //): missing <publishWheelJointState> default is false
0.568000000 WARN /gazebo [/tmp/binarydeb/ros-noetic-gazebo-plugins-2.9.1/include/gazebo_plugins/gazebo_ros_utils.h:236(GazeboRos::getParameter)] [topics: /rosout, /clock, /gazebo/link_states, /gazebo/model_states, /gazebo/parameter_descriptions, /gazebo/parameter_updates, /tf, /robot2/odom] DiffDrive(ns = //): missing <wheelAcceleration> default is 0
0.568000000 WARN /gazebo [/tmp/binarydeb/ros-noetic-gazebo-plugins-2.9.1/include/gazebo_plugins/gazebo_ros_utils.h:268(GazeboRos::getParameter)] [topics: /rosout, /clock, /gazebo/link_states, /gazebo/model_states, /gazebo/parameter_descriptions, /gazebo/parameter_updates, /tf, /robot2/odom] DiffDrive(ns = //): missing <odometrySource> default is 1
0.568000000 WARN /gazebo [/tmp/binarydeb/ros-noetic-gazebo-plugins-2.9.1/src/gazebo_ros_diff_drive.cpp:116(GazeboRosDiffDrive::Load)] [topics: /rosout, /clock, /gazebo/link_states, /gazebo/model_states, /gazebo/parameter_descriptions, /gazebo/parameter_updates, /tf, /robot2/odom] GazeboRosDiffDrive Plugin (ns = ) missing <publishTf>, defaults to 1
0.568000000 INFO /gazebo [/tmp/binarydeb/ros-noetic-gazebo-plugins-2.9.1/src/gazebo_ros_diff_drive.cpp:153(GazeboRosDiffDrive::Load)] [topics: /rosout, /clock, /gazebo/link_states, /gazebo/model_states, /gazebo/parameter_descriptions, /gazebo/parameter_updates, /tf, /robot2/odom] DiffDrive(ns = //): Try to subscribe to robot3/cmd_vel
0.568000000 INFO /gazebo [/tmp/binarydeb/ros-noetic-gazebo-plugins-2.9.1/src/gazebo_ros_diff_drive.cpp:161(GazeboRosDiffDrive::Load)] [topics: /rosout, /clock, /gazebo/link_states, /gazebo/model_states, /gazebo/parameter_descriptions, /gazebo/parameter_updates, /tf, /robot2/odom] DiffDrive(ns = //): Subscribe to robot3/cmd_vel
0.568000000 INFO /gazebo [/tmp/binarydeb/ros-noetic-gazebo-plugins-2.9.1/src/gazebo_ros_diff_drive.cpp:166(GazeboRosDiffDrive::Load)] [topics: /rosout, /clock, /gazebo/link_states, /gazebo/model_states, /gazebo/parameter_descriptions, /gazebo/parameter_updates, /tf, /robot2/odom, /robot3/odom] DiffDrive(ns = //): Advertise odom on robot3/odom 
0.769000000 INFO /gazebo [/tmp/binarydeb/ros-noetic-gazebo-plugins-2.9.1/src/gazebo_ros_utils.cpp:57(GazeboRos::readCommonParameter)] [topics: /rosout, /clock, /gazebo/link_states, /gazebo/model_states, /gazebo/parameter_descriptions, /gazebo/parameter_updates, /tf, /robot2/odom, /robot3/odom] Starting plugin DiffDrive(ns = //)
0.769000000 WARN /gazebo [/tmp/binarydeb/ros-noetic-gazebo-plugins-2.9.1/include/gazebo_plugins/gazebo_ros_utils.h:236(GazeboRos::getParameter)] [topics: /rosout, /clock, /gazebo/link_states, /gazebo/model_states, /gazebo/parameter_descriptions, /gazebo/parameter_updates, /tf, /robot2/odom, /robot3/odom] DiffDrive(ns = //): missing <rosDebugLevel> default is na
0.769000000 INFO /gazebo [/tmp/binarydeb/ros-noetic-gazebo-plugins-2.9.1/src/gazebo_ros_utils.cpp:93(GazeboRos::readCommonParameter)] [topics: /rosout, /clock, /gazebo/link_states, /gazebo/model_states, /gazebo/parameter_descriptions, /gazebo/parameter_updates, /tf, /robot2/odom, /robot3/odom] DiffDrive(ns = //): <tf_prefix> = 
0.769000000 WARN /gazebo [/tmp/binarydeb/ros-noetic-gazebo-plugins-2.9.1/src/gazebo_ros_utils.cpp:100(GazeboRos::getParameterBoolean)] [topics: /rosout, /clock, /gazebo/link_states, /gazebo/model_states, /gazebo/parameter_descriptions, /gazebo/parameter_updates, /tf, /robot2/odom, /robot3/odom] DiffDrive(ns = //): missing <publishWheelTF> default is false
0.769000000 WARN /gazebo [/tmp/binarydeb/ros-noetic-gazebo-plugins-2.9.1/src/gazebo_ros_utils.cpp:100(GazeboRos::getParameterBoolean)] [topics: /rosout, /clock, /gazebo/link_states, /gazebo/model_states, /gazebo/parameter_descriptions, /gazebo/parameter_updates, /tf, /robot2/odom, /robot3/odom] DiffDrive(ns = //): missing <publishOdomTF> default is true
0.769000000 WARN /gazebo [/tmp/binarydeb/ros-noetic-gazebo-plugins-2.9.1/src/gazebo_ros_utils.cpp:100(GazeboRos::getParameterBoolean)] [topics: /rosout, /clock, /gazebo/link_states, /gazebo/model_states, /gazebo/parameter_descriptions, /gazebo/parameter_updates, /tf, /robot2/odom, /robot3/odom] DiffDrive(ns = //): missing <publishWheelJointState> default is false
0.769000000 WARN /gazebo [/tmp/binarydeb/ros-noetic-gazebo-plugins-2.9.1/include/gazebo_plugins/gazebo_ros_utils.h:236(GazeboRos::getParameter)] [topics: /rosout, /clock, /gazebo/link_states, /gazebo/model_states, /gazebo/parameter_descriptions, /gazebo/parameter_updates, /tf, /robot2/odom, /robot3/odom] DiffDrive(ns = //): missing <wheelAcceleration> default is 0
0.769000000 WARN /gazebo [/tmp/binarydeb/ros-noetic-gazebo-plugins-2.9.1/include/gazebo_plugins/gazebo_ros_utils.h:268(GazeboRos::getParameter)] [topics: /rosout, /clock, /gazebo/link_states, /gazebo/model_states, /gazebo/parameter_descriptions, /gazebo/parameter_updates, /tf, /robot2/odom, /robot3/odom] DiffDrive(ns = //): missing <odometrySource> default is 1
0.769000000 WARN /gazebo [/tmp/binarydeb/ros-noetic-gazebo-plugins-2.9.1/src/gazebo_ros_diff_drive.cpp:116(GazeboRosDiffDrive::Load)] [topics: /rosout, /clock, /gazebo/link_states, /gazebo/model_states, /gazebo/parameter_descriptions, /gazebo/parameter_updates, /tf, /robot2/odom, /robot3/odom] GazeboRosDiffDrive Plugin (ns = ) missing <publishTf>, defaults to 1
0.769000000 INFO /gazebo [/tmp/binarydeb/ros-noetic-gazebo-plugins-2.9.1/src/gazebo_ros_diff_drive.cpp:153(GazeboRosDiffDrive::Load)] [topics: /rosout, /clock, /gazebo/link_states, /gazebo/model_states, /gazebo/parameter_descriptions, /gazebo/parameter_updates, /tf, /robot2/odom, /robot3/odom] DiffDrive(ns = //): Try to subscribe to robot1/cmd_vel
0.769000000 INFO /myrobot_spawn1 [gazebo_interface.py:33(spawn_urdf_model_client)] [topics: /clock, /rosout] Spawn status: SpawnModel: Successfully spawned entity
0.769000000 INFO /gazebo [/tmp/binarydeb/ros-noetic-gazebo-plugins-2.9.1/src/gazebo_ros_diff_drive.cpp:161(GazeboRosDiffDrive::Load)] [topics: /rosout, /clock, /gazebo/link_states, /gazebo/model_states, /gazebo/parameter_descriptions, /gazebo/parameter_updates, /tf, /robot2/odom, /robot3/odom] DiffDrive(ns = //): Subscribe to robot1/cmd_vel
0.769000000 INFO /gazebo [/tmp/binarydeb/ros-noetic-gazebo-plugins-2.9.1/src/gazebo_ros_diff_drive.cpp:166(GazeboRosDiffDrive::Load)] [topics: /rosout, /clock, /gazebo/link_states, /gazebo/model_states, /gazebo/parameter_descriptions, /gazebo/parameter_updates, /tf, /robot2/odom, /robot3/odom, /robot1/odom] DiffDrive(ns = //): Advertise odom on robot1/odom 
0.969000000 INFO /gazebo [/tmp/binarydeb/ros-noetic-gazebo-plugins-2.9.1/src/gazebo_ros_utils.cpp:57(GazeboRos::readCommonParameter)] [topics: /rosout, /clock, /gazebo/link_states, /gazebo/model_states, /gazebo/parameter_descriptions, /gazebo/parameter_updates, /tf, /robot2/odom, /robot3/odom, /robot1/odom] Starting plugin DiffDrive(ns = //)
0.969000000 WARN /gazebo [/tmp/binarydeb/ros-noetic-gazebo-plugins-2.9.1/include/gazebo_plugins/gazebo_ros_utils.h:236(GazeboRos::getParameter)] [topics: /rosout, /clock, /gazebo/link_states, /gazebo/model_states, /gazebo/parameter_descriptions, /gazebo/parameter_updates, /tf, /robot2/odom, /robot3/odom, /robot1/odom] DiffDrive(ns = //): missing <rosDebugLevel> default is na
0.969000000 INFO /gazebo [/tmp/binarydeb/ros-noetic-gazebo-plugins-2.9.1/src/gazebo_ros_utils.cpp:93(GazeboRos::readCommonParameter)] [topics: /rosout, /clock, /gazebo/link_states, /gazebo/model_states, /gazebo/parameter_descriptions, /gazebo/parameter_updates, /tf, /robot2/odom, /robot3/odom, /robot1/odom] DiffDrive(ns = //): <tf_prefix> = 
0.969000000 WARN /gazebo [/tmp/binarydeb/ros-noetic-gazebo-plugins-2.9.1/src/gazebo_ros_utils.cpp:100(GazeboRos::getParameterBoolean)] [topics: /rosout, /clock, /gazebo/link_states, /gazebo/model_states, /gazebo/parameter_descriptions, /gazebo/parameter_updates, /tf, /robot2/odom, /robot3/odom, /robot1/odom] DiffDrive(ns = //): missing <publishWheelTF> default is false
0.969000000 WARN /gazebo [/tmp/binarydeb/ros-noetic-gazebo-plugins-2.9.1/src/gazebo_ros_utils.cpp:100(GazeboRos::getParameterBoolean)] [topics: /rosout, /clock, /gazebo/link_states, /gazebo/model_states, /gazebo/parameter_descriptions, /gazebo/parameter_updates, /tf, /robot2/odom, /robot3/odom, /robot1/odom] DiffDrive(ns = //): missing <publishOdomTF> default is true
0.969000000 WARN /gazebo [/tmp/binarydeb/ros-noetic-gazebo-plugins-2.9.1/src/gazebo_ros_utils.cpp:100(GazeboRos::getParameterBoolean)] [topics: /rosout, /clock, /gazebo/link_states, /gazebo/model_states, /gazebo/parameter_descriptions, /gazebo/parameter_updates, /tf, /robot2/odom, /robot3/odom, /robot1/odom] DiffDrive(ns = //): missing <publishWheelJointState> default is false
0.969000000 WARN /gazebo [/tmp/binarydeb/ros-noetic-gazebo-plugins-2.9.1/include/gazebo_plugins/gazebo_ros_utils.h:236(GazeboRos::getParameter)] [topics: /rosout, /clock, /gazebo/link_states, /gazebo/model_states, /gazebo/parameter_descriptions, /gazebo/parameter_updates, /tf, /robot2/odom, /robot3/odom, /robot1/odom] DiffDrive(ns = //): missing <wheelAcceleration> default is 0
0.969000000 INFO /myrobot_spawn4 [gazebo_interface.py:33(spawn_urdf_model_client)] [topics: /clock, /rosout] Spawn status: SpawnModel: Successfully spawned entity
0.969000000 WARN /gazebo [/tmp/binarydeb/ros-noetic-gazebo-plugins-2.9.1/include/gazebo_plugins/gazebo_ros_utils.h:268(GazeboRos::getParameter)] [topics: /rosout, /clock, /gazebo/link_states, /gazebo/model_states, /gazebo/parameter_descriptions, /gazebo/parameter_updates, /tf, /robot2/odom, /robot3/odom, /robot1/odom] DiffDrive(ns = //): missing <odometrySource> default is 1
0.969000000 WARN /gazebo [/tmp/binarydeb/ros-noetic-gazebo-plugins-2.9.1/src/gazebo_ros_diff_drive.cpp:116(GazeboRosDiffDrive::Load)] [topics: /rosout, /clock, /gazebo/link_states, /gazebo/model_states, /gazebo/parameter_descriptions, /gazebo/parameter_updates, /tf, /robot2/odom, /robot3/odom, /robot1/odom] GazeboRosDiffDrive Plugin (ns = ) missing <publishTf>, defaults to 1
0.969000000 INFO /gazebo [/tmp/binarydeb/ros-noetic-gazebo-plugins-2.9.1/src/gazebo_ros_diff_drive.cpp:153(GazeboRosDiffDrive::Load)] [topics: /rosout, /clock, /gazebo/link_states, /gazebo/model_states, /gazebo/parameter_descriptions, /gazebo/parameter_updates, /tf, /robot2/odom, /robot3/odom, /robot1/odom] DiffDrive(ns = //): Try to subscribe to robot4/cmd_vel
0.969000000 INFO /gazebo [/tmp/binarydeb/ros-noetic-gazebo-plugins-2.9.1/src/gazebo_ros_diff_drive.cpp:161(GazeboRosDiffDrive::Load)] [topics: /rosout, /clock, /gazebo/link_states, /gazebo/model_states, /gazebo/parameter_descriptions, /gazebo/parameter_updates, /tf, /robot2/odom, /robot3/odom, /robot1/odom] DiffDrive(ns = //): Subscribe to robot4/cmd_vel
0.969000000 INFO /gazebo [/tmp/binarydeb/ros-noetic-gazebo-plugins-2.9.1/src/gazebo_ros_diff_drive.cpp:166(GazeboRosDiffDrive::Load)] [topics: /rosout, /clock, /gazebo/link_states, /gazebo/model_states, /gazebo/parameter_descriptions, /gazebo/parameter_updates, /tf, /robot2/odom, /robot3/odom, /robot1/odom, /robot4/odom] DiffDrive(ns = //): Advertise odom on robot4/odom 
1177.025000000 INFO /fake_pose_publisher [fake_pose_publisher.py:170(<module>)] [topics: /rosout, /robot3/odom, /robot2/odom, /clock, /robot3/cmd_vel, /robot1/cmd_vel, /grid3/allRobots/poses, /grid3/allRobots/posesRC, /robot1/odom, /robot4/odom, /robot2/cmd_vel, /robot4/cmd_vel] publishing the poses
1178.024000000 INFO /fake_pose_publisher [fake_pose_publisher.py:170(<module>)] [topics: /rosout, /robot3/odom, /robot2/odom, /clock, /robot3/cmd_vel, /robot1/cmd_vel, /grid3/allRobots/poses, /grid3/allRobots/posesRC, /robot1/odom, /robot4/odom, /robot2/cmd_vel, /robot4/cmd_vel] publishing the poses
1179.025000000 INFO /fake_pose_publisher [fake_pose_publisher.py:170(<module>)] [topics: /rosout, /robot3/odom, /robot2/odom, /clock, /robot3/cmd_vel, /robot1/cmd_vel, /grid3/allRobots/poses, /grid3/allRobots/posesRC, /robot1/odom, /robot4/odom, /robot2/cmd_vel, /robot4/cmd_vel] publishing the poses
1180.024000000 INFO /fake_pose_publisher [fake_pose_publisher.py:170(<module>)] [topics: /rosout, /robot3/odom, /robot2/odom, /clock, /robot3/cmd_vel, /robot1/cmd_vel, /grid3/allRobots/poses, /grid3/allRobots/posesRC, /robot1/odom, /robot4/odom, /robot2/cmd_vel, /robot4/cmd_vel] publishing the poses
1181.025000000 INFO /fake_pose_publisher [fake_pose_publisher.py:170(<module>)] [topics: /rosout, /robot3/odom, /robot2/odom, /clock, /robot3/cmd_vel, /robot1/cmd_vel, /grid3/allRobots/poses, /grid3/allRobots/posesRC, /robot1/odom, /robot4/odom, /robot2/cmd_vel, /robot4/cmd_vel] publishing the poses
1182.024000000 INFO /fake_pose_publisher [fake_pose_publisher.py:170(<module>)] [topics: /rosout, /robot3/odom, /robot2/odom, /clock, /robot3/cmd_vel, /robot1/cmd_vel, /grid3/allRobots/poses, /grid3/allRobots/posesRC, /robot1/odom, /robot4/odom, /robot2/cmd_vel, /robot4/cmd_vel] publishing the poses
1183.024000000 INFO /fake_pose_publisher [fake_pose_publisher.py:170(<module>)] [topics: /rosout, /robot3/odom, /robot2/odom, /clock, /robot3/cmd_vel, /robot1/cmd_vel, /grid3/allRobots/poses, /grid3/allRobots/posesRC, /robot1/odom, /robot4/odom, /robot2/cmd_vel, /robot4/cmd_vel] publishing the poses
1183.206000000 INFO /rviz [/tmp/binarydeb/ros-noetic-rviz-1.14.1/src/rviz/ogre_helpers/render_system.cpp:454(RenderWindow* rviz::RenderSystem::makeRenderWindow)] [topics: /rosout] Stereo is NOT SUPPORTED
1183.206000000 INFO /rviz [/tmp/binarydeb/ros-noetic-rviz-1.14.1/src/rviz/ogre_helpers/render_system.cpp:214(RenderSystem::detectGlVersion)] [topics: /rosout] OpenGl version: 4.6 (GLSL 4.6).
1184.025000000 INFO /fake_pose_publisher [fake_pose_publisher.py:170(<module>)] [topics: /rosout, /robot3/odom, /robot2/odom, /clock, /robot3/cmd_vel, /robot1/cmd_vel, /grid3/allRobots/poses, /grid3/allRobots/posesRC, /robot1/odom, /robot4/odom, /robot2/cmd_vel, /robot4/cmd_vel] publishing the poses
1185.025000000 INFO /fake_pose_publisher [fake_pose_publisher.py:170(<module>)] [topics: /rosout, /robot3/odom, /robot2/odom, /clock, /robot3/cmd_vel, /robot1/cmd_vel, /grid3/allRobots/poses, /grid3/allRobots/posesRC, /robot1/odom, /robot4/odom, /robot2/cmd_vel, /robot4/cmd_vel] publishing the poses
1186.025000000 INFO /fake_pose_publisher [fake_pose_publisher.py:170(<module>)] [topics: /rosout, /robot3/odom, /robot2/odom, /clock, /robot3/cmd_vel, /robot1/cmd_vel, /grid3/allRobots/poses, /grid3/allRobots/posesRC, /robot1/odom, /robot4/odom, /robot2/cmd_vel, /robot4/cmd_vel] publishing the poses
1187.024000000 INFO /fake_pose_publisher [fake_pose_publisher.py:170(<module>)] [topics: /rosout, /robot3/odom, /robot2/odom, /clock, /robot3/cmd_vel, /robot1/cmd_vel, /grid3/allRobots/poses, /grid3/allRobots/posesRC, /robot1/odom, /robot4/odom, /robot2/cmd_vel, /robot4/cmd_vel] publishing the poses
1188.024000000 INFO /fake_pose_publisher [fake_pose_publisher.py:170(<module>)] [topics: /rosout, /robot3/odom, /robot2/odom, /clock, /robot3/cmd_vel, /robot1/cmd_vel, /grid3/allRobots/poses, /grid3/allRobots/posesRC, /robot1/odom, /robot4/odom, /robot2/cmd_vel, /robot4/cmd_vel] publishing the poses
1189.025000000 INFO /fake_pose_publisher [fake_pose_publisher.py:170(<module>)] [topics: /rosout, /robot3/odom, /robot2/odom, /clock, /robot3/cmd_vel, /robot1/cmd_vel, /grid3/allRobots/poses, /grid3/allRobots/posesRC, /robot1/odom, /robot4/odom, /robot2/cmd_vel, /robot4/cmd_vel] publishing the poses
1190.024000000 INFO /fake_pose_publisher [fake_pose_publisher.py:170(<module>)] [topics: /rosout, /robot3/odom, /robot2/odom, /clock, /robot3/cmd_vel, /robot1/cmd_vel, /grid3/allRobots/poses, /grid3/allRobots/posesRC, /robot1/odom, /robot4/odom, /robot2/cmd_vel, /robot4/cmd_vel] publishing the poses
1191.025000000 INFO /fake_pose_publisher [fake_pose_publisher.py:170(<module>)] [topics: /rosout, /robot3/odom, /robot2/odom, /clock, /robot3/cmd_vel, /robot1/cmd_vel, /grid3/allRobots/poses, /grid3/allRobots/posesRC, /robot1/odom, /robot4/odom, /robot2/cmd_vel, /robot4/cmd_vel] publishing the poses
1192.025000000 INFO /fake_pose_publisher [fake_pose_publisher.py:170(<module>)] [topics: /rosout, /robot3/odom, /robot2/odom, /clock, /robot3/cmd_vel, /robot1/cmd_vel, /grid3/allRobots/poses, /grid3/allRobots/posesRC, /robot1/odom, /robot4/odom, /robot2/cmd_vel, /robot4/cmd_vel] publishing the poses
1193.025000000 INFO /fake_pose_publisher [fake_pose_publisher.py:170(<module>)] [topics: /rosout, /robot3/odom, /robot2/odom, /clock, /robot3/cmd_vel, /robot1/cmd_vel, /grid3/allRobots/poses, /grid3/allRobots/posesRC, /robot1/odom, /robot4/odom, /robot2/cmd_vel, /robot4/cmd_vel] publishing the poses
1194.024000000 INFO /fake_pose_publisher [fake_pose_publisher.py:170(<module>)] [topics: /rosout, /robot3/odom, /robot2/odom, /clock, /robot3/cmd_vel, /robot1/cmd_vel, /grid3/allRobots/poses, /grid3/allRobots/posesRC, /robot1/odom, /robot4/odom, /robot2/cmd_vel, /robot4/cmd_vel] publishing the poses
1195.025000000 INFO /fake_pose_publisher [fake_pose_publisher.py:170(<module>)] [topics: /rosout, /robot3/odom, /robot2/odom, /clock, /robot3/cmd_vel, /robot1/cmd_vel, /grid3/allRobots/poses, /grid3/allRobots/posesRC, /robot1/odom, /robot4/odom, /robot2/cmd_vel, /robot4/cmd_vel] publishing the poses
1196.025000000 INFO /fake_pose_publisher [fake_pose_publisher.py:170(<module>)] [topics: /rosout, /robot3/odom, /robot2/odom, /clock, /robot3/cmd_vel, /robot1/cmd_vel, /grid3/allRobots/poses, /grid3/allRobots/posesRC, /robot1/odom, /robot4/odom, /robot2/cmd_vel, /robot4/cmd_vel] publishing the poses
1197.025000000 INFO /fake_pose_publisher [fake_pose_publisher.py:170(<module>)] [topics: /rosout, /robot3/odom, /robot2/odom, /clock, /robot3/cmd_vel, /robot1/cmd_vel, /grid3/allRobots/poses, /grid3/allRobots/posesRC, /robot1/odom, /robot4/odom, /robot2/cmd_vel, /robot4/cmd_vel] publishing the poses
1198.025000000 INFO /fake_pose_publisher [fake_pose_publisher.py:170(<module>)] [topics: /rosout, /robot3/odom, /robot2/odom, /clock, /robot3/cmd_vel, /robot1/cmd_vel, /grid3/allRobots/poses, /grid3/allRobots/posesRC, /robot1/odom, /robot4/odom, /robot2/cmd_vel, /robot4/cmd_vel] publishing the poses
1199.024000000 INFO /fake_pose_publisher [fake_pose_publisher.py:170(<module>)] [topics: /rosout, /robot3/odom, /robot2/odom, /clock, /robot3/cmd_vel, /robot1/cmd_vel, /grid3/allRobots/poses, /grid3/allRobots/posesRC, /robot1/odom, /robot4/odom, /robot2/cmd_vel, /robot4/cmd_vel] publishing the poses
1200.024000000 INFO /fake_pose_publisher [fake_pose_publisher.py:170(<module>)] [topics: /rosout, /robot3/odom, /robot2/odom, /clock, /robot3/cmd_vel, /robot1/cmd_vel, /grid3/allRobots/poses, /grid3/allRobots/posesRC, /robot1/odom, /robot4/odom, /robot2/cmd_vel, /robot4/cmd_vel] publishing the poses
1201.025000000 INFO /fake_pose_publisher [fake_pose_publisher.py:170(<module>)] [topics: /rosout, /robot3/odom, /robot2/odom, /clock, /robot3/cmd_vel, /robot1/cmd_vel, /grid3/allRobots/poses, /grid3/allRobots/posesRC, /robot1/odom, /robot4/odom, /robot2/cmd_vel, /robot4/cmd_vel] publishing the poses
1202.025000000 INFO /fake_pose_publisher [fake_pose_publisher.py:170(<module>)] [topics: /rosout, /robot3/odom, /robot2/odom, /clock, /robot3/cmd_vel, /robot1/cmd_vel, /grid3/allRobots/poses, /grid3/allRobots/posesRC, /robot1/odom, /robot4/odom, /robot2/cmd_vel, /robot4/cmd_vel] publishing the poses
1203.024000000 INFO /fake_pose_publisher [fake_pose_publisher.py:170(<module>)] [topics: /rosout, /robot3/odom, /robot2/odom, /clock, /robot3/cmd_vel, /robot1/cmd_vel, /grid3/allRobots/poses, /grid3/allRobots/posesRC, /robot1/odom, /robot4/odom, /robot2/cmd_vel, /robot4/cmd_vel] publishing the poses
1204.025000000 INFO /fake_pose_publisher [fake_pose_publisher.py:170(<module>)] [topics: /rosout, /robot3/odom, /robot2/odom, /clock, /robot3/cmd_vel, /robot1/cmd_vel, /grid3/allRobots/poses, /grid3/allRobots/posesRC, /robot1/odom, /robot4/odom, /robot2/cmd_vel, /robot4/cmd_vel] publishing the poses
1205.024000000 INFO /fake_pose_publisher [fake_pose_publisher.py:170(<module>)] [topics: /rosout, /robot3/odom, /robot2/odom, /clock, /robot3/cmd_vel, /robot1/cmd_vel, /grid3/allRobots/poses, /grid3/allRobots/posesRC, /robot1/odom, /robot4/odom, /robot2/cmd_vel, /robot4/cmd_vel] publishing the poses
1206.025000000 INFO /fake_pose_publisher [fake_pose_publisher.py:170(<module>)] [topics: /rosout, /robot3/odom, /robot2/odom, /clock, /robot3/cmd_vel, /robot1/cmd_vel, /grid3/allRobots/poses, /grid3/allRobots/posesRC, /robot1/odom, /robot4/odom, /robot2/cmd_vel, /robot4/cmd_vel] publishing the poses
1207.025000000 INFO /fake_pose_publisher [fake_pose_publisher.py:170(<module>)] [topics: /rosout, /robot3/odom, /robot2/odom, /clock, /robot3/cmd_vel, /robot1/cmd_vel, /grid3/allRobots/poses, /grid3/allRobots/posesRC, /robot1/odom, /robot4/odom, /robot2/cmd_vel, /robot4/cmd_vel] publishing the poses
1208.025000000 INFO /fake_pose_publisher [fake_pose_publisher.py:170(<module>)] [topics: /rosout, /robot3/odom, /robot2/odom, /clock, /robot3/cmd_vel, /robot1/cmd_vel, /grid3/allRobots/poses, /grid3/allRobots/posesRC, /robot1/odom, /robot4/odom, /robot2/cmd_vel, /robot4/cmd_vel] publishing the poses
1209.024000000 INFO /fake_pose_publisher [fake_pose_publisher.py:170(<module>)] [topics: /rosout, /robot3/odom, /robot2/odom, /clock, /robot3/cmd_vel, /robot1/cmd_vel, /grid3/allRobots/poses, /grid3/allRobots/posesRC, /robot1/odom, /robot4/odom, /robot2/cmd_vel, /robot4/cmd_vel] publishing the poses
1210.025000000 INFO /fake_pose_publisher [fake_pose_publisher.py:170(<module>)] [topics: /rosout, /robot3/odom, /robot2/odom, /clock, /robot3/cmd_vel, /robot1/cmd_vel, /grid3/allRobots/poses, /grid3/allRobots/posesRC, /robot1/odom, /robot4/odom, /robot2/cmd_vel, /robot4/cmd_vel] publishing the poses
1211.025000000 INFO /fake_pose_publisher [fake_pose_publisher.py:170(<module>)] [topics: /rosout, /robot3/odom, /robot2/odom, /clock, /robot3/cmd_vel, /robot1/cmd_vel, /grid3/allRobots/poses, /grid3/allRobots/posesRC, /robot1/odom, /robot4/odom, /robot2/cmd_vel, /robot4/cmd_vel] publishing the poses
1212.025000000 INFO /fake_pose_publisher [fake_pose_publisher.py:170(<module>)] [topics: /rosout, /robot3/odom, /robot2/odom, /clock, /robot3/cmd_vel, /robot1/cmd_vel, /grid3/allRobots/poses, /grid3/allRobots/posesRC, /robot1/odom, /robot4/odom, /robot2/cmd_vel, /robot4/cmd_vel] publishing the poses
1213.025000000 INFO /fake_pose_publisher [fake_pose_publisher.py:170(<module>)] [topics: /rosout, /robot3/odom, /robot2/odom, /clock, /robot3/cmd_vel, /robot1/cmd_vel, /grid3/allRobots/poses, /grid3/allRobots/posesRC, /robot1/odom, /robot4/odom, /robot2/cmd_vel, /robot4/cmd_vel] publishing the poses
1214.025000000 INFO /fake_pose_publisher [fake_pose_publisher.py:170(<module>)] [topics: /rosout, /robot3/odom, /robot2/odom, /clock, /robot3/cmd_vel, /robot1/cmd_vel, /grid3/allRobots/poses, /grid3/allRobots/posesRC, /robot1/odom, /robot4/odom, /robot2/cmd_vel, /robot4/cmd_vel] publishing the poses
1215.025000000 INFO /fake_pose_publisher [fake_pose_publisher.py:170(<module>)] [topics: /rosout, /robot3/odom, /robot2/odom, /clock, /robot3/cmd_vel, /robot1/cmd_vel, /grid3/allRobots/poses, /grid3/allRobots/posesRC, /robot1/odom, /robot4/odom, /robot2/cmd_vel, /robot4/cmd_vel] publishing the poses
1216.025000000 INFO /fake_pose_publisher [fake_pose_publisher.py:170(<module>)] [topics: /rosout, /robot3/odom, /robot2/odom, /clock, /robot3/cmd_vel, /robot1/cmd_vel, /grid3/allRobots/poses, /grid3/allRobots/posesRC, /robot1/odom, /robot4/odom, /robot2/cmd_vel, /robot4/cmd_vel] publishing the poses
1217.024000000 INFO /fake_pose_publisher [fake_pose_publisher.py:170(<module>)] [topics: /rosout, /robot3/odom, /robot2/odom, /clock, /robot3/cmd_vel, /robot1/cmd_vel, /grid3/allRobots/poses, /grid3/allRobots/posesRC, /robot1/odom, /robot4/odom, /robot2/cmd_vel, /robot4/cmd_vel] publishing the poses
1218.024000000 INFO /fake_pose_publisher [fake_pose_publisher.py:170(<module>)] [topics: /rosout, /robot3/odom, /robot2/odom, /clock, /robot3/cmd_vel, /robot1/cmd_vel, /grid3/allRobots/poses, /grid3/allRobots/posesRC, /robot1/odom, /robot4/odom, /robot2/cmd_vel, /robot4/cmd_vel] publishing the poses
1219.024000000 INFO /fake_pose_publisher [fake_pose_publisher.py:170(<module>)] [topics: /rosout, /robot3/odom, /robot2/odom, /clock, /robot3/cmd_vel, /robot1/cmd_vel, /grid3/allRobots/poses, /grid3/allRobots/posesRC, /robot1/odom, /robot4/odom, /robot2/cmd_vel, /robot4/cmd_vel] publishing the poses
1220.024000000 INFO /fake_pose_publisher [fake_pose_publisher.py:170(<module>)] [topics: /rosout, /robot3/odom, /robot2/odom, /clock, /robot3/cmd_vel, /robot1/cmd_vel, /grid3/allRobots/poses, /grid3/allRobots/posesRC, /robot1/odom, /robot4/odom, /robot2/cmd_vel, /robot4/cmd_vel] publishing the poses
1221.024000000 INFO /fake_pose_publisher [fake_pose_publisher.py:170(<module>)] [topics: /rosout, /robot3/odom, /robot2/odom, /clock, /robot3/cmd_vel, /robot1/cmd_vel, /grid3/allRobots/poses, /grid3/allRobots/posesRC, /robot1/odom, /robot4/odom, /robot2/cmd_vel, /robot4/cmd_vel] publishing the poses
1222.024000000 INFO /fake_pose_publisher [fake_pose_publisher.py:170(<module>)] [topics: /rosout, /robot3/odom, /robot2/odom, /clock, /robot3/cmd_vel, /robot1/cmd_vel, /grid3/allRobots/poses, /grid3/allRobots/posesRC, /robot1/odom, /robot4/odom, /robot2/cmd_vel, /robot4/cmd_vel] publishing the poses
1223.025000000 INFO /fake_pose_publisher [fake_pose_publisher.py:170(<module>)] [topics: /rosout, /robot3/odom, /robot2/odom, /clock, /robot3/cmd_vel, /robot1/cmd_vel, /grid3/allRobots/poses, /grid3/allRobots/posesRC, /robot1/odom, /robot4/odom, /robot2/cmd_vel, /robot4/cmd_vel] publishing the poses
1224.024000000 INFO /fake_pose_publisher [fake_pose_publisher.py:170(<module>)] [topics: /rosout, /robot3/odom, /robot2/odom, /clock, /robot3/cmd_vel, /robot1/cmd_vel, /grid3/allRobots/poses, /grid3/allRobots/posesRC, /robot1/odom, /robot4/odom, /robot2/cmd_vel, /robot4/cmd_vel] publishing the poses
1225.025000000 INFO /fake_pose_publisher [fake_pose_publisher.py:170(<module>)] [topics: /rosout, /robot3/odom, /robot2/odom, /clock, /robot3/cmd_vel, /robot1/cmd_vel, /grid3/allRobots/poses, /grid3/allRobots/posesRC, /robot1/odom, /robot4/odom, /robot2/cmd_vel, /robot4/cmd_vel] publishing the poses
1226.025000000 INFO /fake_pose_publisher [fake_pose_publisher.py:170(<module>)] [topics: /rosout, /robot3/odom, /robot2/odom, /clock, /robot3/cmd_vel, /robot1/cmd_vel, /grid3/allRobots/poses, /grid3/allRobots/posesRC, /robot1/odom, /robot4/odom, /robot2/cmd_vel, /robot4/cmd_vel] publishing the poses
1227.024000000 INFO /fake_pose_publisher [fake_pose_publisher.py:170(<module>)] [topics: /rosout, /robot3/odom, /robot2/odom, /clock, /robot3/cmd_vel, /robot1/cmd_vel, /grid3/allRobots/poses, /grid3/allRobots/posesRC, /robot1/odom, /robot4/odom, /robot2/cmd_vel, /robot4/cmd_vel] publishing the poses
1228.025000000 INFO /fake_pose_publisher [fake_pose_publisher.py:170(<module>)] [topics: /rosout, /robot3/odom, /robot2/odom, /clock, /robot3/cmd_vel, /robot1/cmd_vel, /grid3/allRobots/poses, /grid3/allRobots/posesRC, /robot1/odom, /robot4/odom, /robot2/cmd_vel, /robot4/cmd_vel] publishing the poses
1229.024000000 INFO /fake_pose_publisher [fake_pose_publisher.py:170(<module>)] [topics: /rosout, /robot3/odom, /robot2/odom, /clock, /robot3/cmd_vel, /robot1/cmd_vel, /grid3/allRobots/poses, /grid3/allRobots/posesRC, /robot1/odom, /robot4/odom, /robot2/cmd_vel, /robot4/cmd_vel] publishing the poses
1230.025000000 INFO /fake_pose_publisher [fake_pose_publisher.py:170(<module>)] [topics: /rosout, /robot3/odom, /robot2/odom, /clock, /robot3/cmd_vel, /robot1/cmd_vel, /grid3/allRobots/poses, /grid3/allRobots/posesRC, /robot1/odom, /robot4/odom, /robot2/cmd_vel, /robot4/cmd_vel] publishing the poses
1231.025000000 INFO /fake_pose_publisher [fake_pose_publisher.py:170(<module>)] [topics: /rosout, /robot3/odom, /robot2/odom, /clock, /robot3/cmd_vel, /robot1/cmd_vel, /grid3/allRobots/poses, /grid3/allRobots/posesRC, /robot1/odom, /robot4/odom, /robot2/cmd_vel, /robot4/cmd_vel] publishing the poses
1232.024000000 INFO /fake_pose_publisher [fake_pose_publisher.py:170(<module>)] [topics: /rosout, /robot3/odom, /robot2/odom, /clock, /robot3/cmd_vel, /robot1/cmd_vel, /grid3/allRobots/poses, /grid3/allRobots/posesRC, /robot1/odom, /robot4/odom, /robot2/cmd_vel, /robot4/cmd_vel] publishing the poses
1233.025000000 INFO /fake_pose_publisher [fake_pose_publisher.py:170(<module>)] [topics: /rosout, /robot3/odom, /robot2/odom, /clock, /robot3/cmd_vel, /robot1/cmd_vel, /grid3/allRobots/poses, /grid3/allRobots/posesRC, /robot1/odom, /robot4/odom, /robot2/cmd_vel, /robot4/cmd_vel] publishing the poses
1234.025000000 INFO /fake_pose_publisher [fake_pose_publisher.py:170(<module>)] [topics: /rosout, /robot3/odom, /robot2/odom, /clock, /robot3/cmd_vel, /robot1/cmd_vel, /grid3/allRobots/poses, /grid3/allRobots/posesRC, /robot1/odom, /robot4/odom, /robot2/cmd_vel, /robot4/cmd_vel] publishing the poses
1235.025000000 INFO /fake_pose_publisher [fake_pose_publisher.py:170(<module>)] [topics: /rosout, /robot3/odom, /robot2/odom, /clock, /robot3/cmd_vel, /robot1/cmd_vel, /grid3/allRobots/poses, /grid3/allRobots/posesRC, /robot1/odom, /robot4/odom, /robot2/cmd_vel, /robot4/cmd_vel] publishing the poses
1236.025000000 INFO /fake_pose_publisher [fake_pose_publisher.py:170(<module>)] [topics: /rosout, /robot3/odom, /robot2/odom, /clock, /robot3/cmd_vel, /robot1/cmd_vel, /grid3/allRobots/poses, /grid3/allRobots/posesRC, /robot1/odom, /robot4/odom, /robot2/cmd_vel, /robot4/cmd_vel] publishing the poses
1237.024000000 INFO /fake_pose_publisher [fake_pose_publisher.py:170(<module>)] [topics: /rosout, /robot3/odom, /robot2/odom, /clock, /robot3/cmd_vel, /robot1/cmd_vel, /grid3/allRobots/poses, /grid3/allRobots/posesRC, /robot1/odom, /robot4/odom, /robot2/cmd_vel, /robot4/cmd_vel] publishing the poses
1238.024000000 INFO /fake_pose_publisher [fake_pose_publisher.py:170(<module>)] [topics: /rosout, /robot3/odom, /robot2/odom, /clock, /robot3/cmd_vel, /robot1/cmd_vel, /grid3/allRobots/poses, /grid3/allRobots/posesRC, /robot1/odom, /robot4/odom, /robot2/cmd_vel, /robot4/cmd_vel] publishing the poses
1239.024000000 INFO /fake_pose_publisher [fake_pose_publisher.py:170(<module>)] [topics: /rosout, /robot3/odom, /robot2/odom, /clock, /robot3/cmd_vel, /robot1/cmd_vel, /grid3/allRobots/poses, /grid3/allRobots/posesRC, /robot1/odom, /robot4/odom, /robot2/cmd_vel, /robot4/cmd_vel] publishing the poses
1240.025000000 INFO /fake_pose_publisher [fake_pose_publisher.py:170(<module>)] [topics: /rosout, /robot3/odom, /robot2/odom, /clock, /robot3/cmd_vel, /robot1/cmd_vel, /grid3/allRobots/poses, /grid3/allRobots/posesRC, /robot1/odom, /robot4/odom, /robot2/cmd_vel, /robot4/cmd_vel] publishing the poses
1241.024000000 INFO /fake_pose_publisher [fake_pose_publisher.py:170(<module>)] [topics: /rosout, /robot3/odom, /robot2/odom, /clock, /robot3/cmd_vel, /robot1/cmd_vel, /grid3/allRobots/poses, /grid3/allRobots/posesRC, /robot1/odom, /robot4/odom, /robot2/cmd_vel, /robot4/cmd_vel] publishing the poses
1242.025000000 INFO /fake_pose_publisher [fake_pose_publisher.py:170(<module>)] [topics: /rosout, /robot3/odom, /robot2/odom, /clock, /robot3/cmd_vel, /robot1/cmd_vel, /grid3/allRobots/poses, /grid3/allRobots/posesRC, /robot1/odom, /robot4/odom, /robot2/cmd_vel, /robot4/cmd_vel] publishing the poses
1243.024000000 INFO /fake_pose_publisher [fake_pose_publisher.py:170(<module>)] [topics: /rosout, /robot3/odom, /robot2/odom, /clock, /robot3/cmd_vel, /robot1/cmd_vel, /grid3/allRobots/poses, /grid3/allRobots/posesRC, /robot1/odom, /robot4/odom, /robot2/cmd_vel, /robot4/cmd_vel] publishing the poses
1244.024000000 INFO /fake_pose_publisher [fake_pose_publisher.py:170(<module>)] [topics: /rosout, /robot3/odom, /robot2/odom, /clock, /robot3/cmd_vel, /robot1/cmd_vel, /grid3/allRobots/poses, /grid3/allRobots/posesRC, /robot1/odom, /robot4/odom, /robot2/cmd_vel, /robot4/cmd_vel] publishing the poses
1245.025000000 INFO /fake_pose_publisher [fake_pose_publisher.py:170(<module>)] [topics: /rosout, /robot3/odom, /robot2/odom, /clock, /robot3/cmd_vel, /robot1/cmd_vel, /grid3/allRobots/poses, /grid3/allRobots/posesRC, /robot1/odom, /robot4/odom, /robot2/cmd_vel, /robot4/cmd_vel] publishing the poses
1246.024000000 INFO /fake_pose_publisher [fake_pose_publisher.py:170(<module>)] [topics: /rosout, /robot3/odom, /robot2/odom, /clock, /robot3/cmd_vel, /robot1/cmd_vel, /grid3/allRobots/poses, /grid3/allRobots/posesRC, /robot1/odom, /robot4/odom, /robot2/cmd_vel, /robot4/cmd_vel] publishing the poses
1247.025000000 INFO /fake_pose_publisher [fake_pose_publisher.py:170(<module>)] [topics: /rosout, /robot3/odom, /robot2/odom, /clock, /robot3/cmd_vel, /robot1/cmd_vel, /grid3/allRobots/poses, /grid3/allRobots/posesRC, /robot1/odom, /robot4/odom, /robot2/cmd_vel, /robot4/cmd_vel] publishing the poses
1248.024000000 INFO /fake_pose_publisher [fake_pose_publisher.py:170(<module>)] [topics: /rosout, /robot3/odom, /robot2/odom, /clock, /robot3/cmd_vel, /robot1/cmd_vel, /grid3/allRobots/poses, /grid3/allRobots/posesRC, /robot1/odom, /robot4/odom, /robot2/cmd_vel, /robot4/cmd_vel] publishing the poses
1249.024000000 INFO /fake_pose_publisher [fake_pose_publisher.py:170(<module>)] [topics: /rosout, /robot3/odom, /robot2/odom, /clock, /robot3/cmd_vel, /robot1/cmd_vel, /grid3/allRobots/poses, /grid3/allRobots/posesRC, /robot1/odom, /robot4/odom, /robot2/cmd_vel, /robot4/cmd_vel] publishing the poses
1250.024000000 INFO /fake_pose_publisher [fake_pose_publisher.py:170(<module>)] [topics: /rosout, /robot3/odom, /robot2/odom, /clock, /robot3/cmd_vel, /robot1/cmd_vel, /grid3/allRobots/poses, /grid3/allRobots/posesRC, /robot1/odom, /robot4/odom, /robot2/cmd_vel, /robot4/cmd_vel] publishing the poses
1251.025000000 INFO /fake_pose_publisher [fake_pose_publisher.py:170(<module>)] [topics: /rosout, /robot3/odom, /robot2/odom, /clock, /robot3/cmd_vel, /robot1/cmd_vel, /grid3/allRobots/poses, /grid3/allRobots/posesRC, /robot1/odom, /robot4/odom, /robot2/cmd_vel, /robot4/cmd_vel] publishing the poses
1252.024000000 INFO /fake_pose_publisher [fake_pose_publisher.py:170(<module>)] [topics: /rosout, /robot3/odom, /robot2/odom, /clock, /robot3/cmd_vel, /robot1/cmd_vel, /grid3/allRobots/poses, /grid3/allRobots/posesRC, /robot1/odom, /robot4/odom, /robot2/cmd_vel, /robot4/cmd_vel] publishing the poses
1253.025000000 INFO /fake_pose_publisher [fake_pose_publisher.py:170(<module>)] [topics: /rosout, /robot3/odom, /robot2/odom, /clock, /robot3/cmd_vel, /robot1/cmd_vel, /grid3/allRobots/poses, /grid3/allRobots/posesRC, /robot1/odom, /robot4/odom, /robot2/cmd_vel, /robot4/cmd_vel] publishing the poses
1254.024000000 INFO /fake_pose_publisher [fake_pose_publisher.py:170(<module>)] [topics: /rosout, /robot3/odom, /robot2/odom, /clock, /robot3/cmd_vel, /robot1/cmd_vel, /grid3/allRobots/poses, /grid3/allRobots/posesRC, /robot1/odom, /robot4/odom, /robot2/cmd_vel, /robot4/cmd_vel] publishing the poses
1255.024000000 INFO /fake_pose_publisher [fake_pose_publisher.py:170(<module>)] [topics: /rosout, /robot3/odom, /robot2/odom, /clock, /robot3/cmd_vel, /robot1/cmd_vel, /grid3/allRobots/poses, /grid3/allRobots/posesRC, /robot1/odom, /robot4/odom, /robot2/cmd_vel, /robot4/cmd_vel] publishing the poses
1256.024000000 INFO /fake_pose_publisher [fake_pose_publisher.py:170(<module>)] [topics: /rosout, /robot3/odom, /robot2/odom, /clock, /robot3/cmd_vel, /robot1/cmd_vel, /grid3/allRobots/poses, /grid3/allRobots/posesRC, /robot1/odom, /robot4/odom, /robot2/cmd_vel, /robot4/cmd_vel] publishing the poses
1257.024000000 INFO /fake_pose_publisher [fake_pose_publisher.py:170(<module>)] [topics: /rosout, /robot3/odom, /robot2/odom, /clock, /robot3/cmd_vel, /robot1/cmd_vel, /grid3/allRobots/poses, /grid3/allRobots/posesRC, /robot1/odom, /robot4/odom, /robot2/cmd_vel, /robot4/cmd_vel] publishing the poses
1258.024000000 INFO /fake_pose_publisher [fake_pose_publisher.py:170(<module>)] [topics: /rosout, /robot3/odom, /robot2/odom, /clock, /robot3/cmd_vel, /robot1/cmd_vel, /grid3/allRobots/poses, /grid3/allRobots/posesRC, /robot1/odom, /robot4/odom, /robot2/cmd_vel, /robot4/cmd_vel] publishing the poses
1259.024000000 INFO /fake_pose_publisher [fake_pose_publisher.py:170(<module>)] [topics: /rosout, /robot3/odom, /robot2/odom, /clock, /robot3/cmd_vel, /robot1/cmd_vel, /grid3/allRobots/poses, /grid3/allRobots/posesRC, /robot1/odom, /robot4/odom, /robot2/cmd_vel, /robot4/cmd_vel] publishing the poses
1260.024000000 INFO /fake_pose_publisher [fake_pose_publisher.py:170(<module>)] [topics: /rosout, /robot3/odom, /robot2/odom, /clock, /robot3/cmd_vel, /robot1/cmd_vel, /grid3/allRobots/poses, /grid3/allRobots/posesRC, /robot1/odom, /robot4/odom, /robot2/cmd_vel, /robot4/cmd_vel] publishing the poses
1261.024000000 INFO /fake_pose_publisher [fake_pose_publisher.py:170(<module>)] [topics: /rosout, /robot3/odom, /robot2/odom, /clock, /robot3/cmd_vel, /robot1/cmd_vel, /grid3/allRobots/poses, /grid3/allRobots/posesRC, /robot1/odom, /robot4/odom, /robot2/cmd_vel, /robot4/cmd_vel] publishing the poses
1262.024000000 INFO /fake_pose_publisher [fake_pose_publisher.py:170(<module>)] [topics: /rosout, /robot3/odom, /robot2/odom, /clock, /robot3/cmd_vel, /robot1/cmd_vel, /grid3/allRobots/poses, /grid3/allRobots/posesRC, /robot1/odom, /robot4/odom, /robot2/cmd_vel, /robot4/cmd_vel] publishing the poses
1263.024000000 INFO /fake_pose_publisher [fake_pose_publisher.py:170(<module>)] [topics: /rosout, /robot3/odom, /robot2/odom, /clock, /robot3/cmd_vel, /robot1/cmd_vel, /grid3/allRobots/poses, /grid3/allRobots/posesRC, /robot1/odom, /robot4/odom, /robot2/cmd_vel, /robot4/cmd_vel] publishing the poses
1264.024000000 INFO /fake_pose_publisher [fake_pose_publisher.py:170(<module>)] [topics: /rosout, /robot3/odom, /robot2/odom, /clock, /robot3/cmd_vel, /robot1/cmd_vel, /grid3/allRobots/poses, /grid3/allRobots/posesRC, /robot1/odom, /robot4/odom, /robot2/cmd_vel, /robot4/cmd_vel] publishing the poses
1265.025000000 INFO /fake_pose_publisher [fake_pose_publisher.py:170(<module>)] [topics: /rosout, /robot3/odom, /robot2/odom, /clock, /robot3/cmd_vel, /robot1/cmd_vel, /grid3/allRobots/poses, /grid3/allRobots/posesRC, /robot1/odom, /robot4/odom, /robot2/cmd_vel, /robot4/cmd_vel] publishing the poses
1266.024000000 INFO /fake_pose_publisher [fake_pose_publisher.py:170(<module>)] [topics: /rosout, /robot3/odom, /robot2/odom, /clock, /robot3/cmd_vel, /robot1/cmd_vel, /grid3/allRobots/poses, /grid3/allRobots/posesRC, /robot1/odom, /robot4/odom, /robot2/cmd_vel, /robot4/cmd_vel] publishing the poses
1267.024000000 INFO /fake_pose_publisher [fake_pose_publisher.py:170(<module>)] [topics: /rosout, /robot3/odom, /robot2/odom, /clock, /robot3/cmd_vel, /robot1/cmd_vel, /grid3/allRobots/poses, /grid3/allRobots/posesRC, /robot1/odom, /robot4/odom, /robot2/cmd_vel, /robot4/cmd_vel] publishing the poses
1268.024000000 INFO /fake_pose_publisher [fake_pose_publisher.py:170(<module>)] [topics: /rosout, /robot3/odom, /robot2/odom, /clock, /robot3/cmd_vel, /robot1/cmd_vel, /grid3/allRobots/poses, /grid3/allRobots/posesRC, /robot1/odom, /robot4/odom, /robot2/cmd_vel, /robot4/cmd_vel] publishing the poses
1269.024000000 INFO /fake_pose_publisher [fake_pose_publisher.py:170(<module>)] [topics: /rosout, /robot3/odom, /robot2/odom, /clock, /robot3/cmd_vel, /robot1/cmd_vel, /grid3/allRobots/poses, /grid3/allRobots/posesRC, /robot1/odom, /robot4/odom, /robot2/cmd_vel, /robot4/cmd_vel] publishing the poses
1270.024000000 INFO /fake_pose_publisher [fake_pose_publisher.py:170(<module>)] [topics: /rosout, /robot3/odom, /robot2/odom, /clock, /robot3/cmd_vel, /robot1/cmd_vel, /grid3/allRobots/poses, /grid3/allRobots/posesRC, /robot1/odom, /robot4/odom, /robot2/cmd_vel, /robot4/cmd_vel] publishing the poses
1271.024000000 INFO /fake_pose_publisher [fake_pose_publisher.py:170(<module>)] [topics: /rosout, /robot3/odom, /robot2/odom, /clock, /robot3/cmd_vel, /robot1/cmd_vel, /grid3/allRobots/poses, /grid3/allRobots/posesRC, /robot1/odom, /robot4/odom, /robot2/cmd_vel, /robot4/cmd_vel] publishing the poses
1272.025000000 INFO /fake_pose_publisher [fake_pose_publisher.py:170(<module>)] [topics: /rosout, /robot3/odom, /robot2/odom, /clock, /robot3/cmd_vel, /robot1/cmd_vel, /grid3/allRobots/poses, /grid3/allRobots/posesRC, /robot1/odom, /robot4/odom, /robot2/cmd_vel, /robot4/cmd_vel] publishing the poses
1273.024000000 INFO /fake_pose_publisher [fake_pose_publisher.py:170(<module>)] [topics: /rosout, /robot3/odom, /robot2/odom, /clock, /robot3/cmd_vel, /robot1/cmd_vel, /grid3/allRobots/poses, /grid3/allRobots/posesRC, /robot1/odom, /robot4/odom, /robot2/cmd_vel, /robot4/cmd_vel] publishing the poses
1274.025000000 INFO /fake_pose_publisher [fake_pose_publisher.py:170(<module>)] [topics: /rosout, /robot3/odom, /robot2/odom, /clock, /robot3/cmd_vel, /robot1/cmd_vel, /grid3/allRobots/poses, /grid3/allRobots/posesRC, /robot1/odom, /robot4/odom, /robot2/cmd_vel, /robot4/cmd_vel] publishing the poses
1275.025000000 INFO /fake_pose_publisher [fake_pose_publisher.py:170(<module>)] [topics: /rosout, /robot3/odom, /robot2/odom, /clock, /robot3/cmd_vel, /robot1/cmd_vel, /grid3/allRobots/poses, /grid3/allRobots/posesRC, /robot1/odom, /robot4/odom, /robot2/cmd_vel, /robot4/cmd_vel] publishing the poses
1276.025000000 INFO /fake_pose_publisher [fake_pose_publisher.py:170(<module>)] [topics: /rosout, /robot3/odom, /robot2/odom, /clock, /robot3/cmd_vel, /robot1/cmd_vel, /grid3/allRobots/poses, /grid3/allRobots/posesRC, /robot1/odom, /robot4/odom, /robot2/cmd_vel, /robot4/cmd_vel] publishing the poses
1277.025000000 INFO /fake_pose_publisher [fake_pose_publisher.py:170(<module>)] [topics: /rosout, /robot3/odom, /robot2/odom, /clock, /robot3/cmd_vel, /robot1/cmd_vel, /grid3/allRobots/poses, /grid3/allRobots/posesRC, /robot1/odom, /robot4/odom, /robot2/cmd_vel, /robot4/cmd_vel] publishing the poses
1278.024000000 INFO /fake_pose_publisher [fake_pose_publisher.py:170(<module>)] [topics: /rosout, /robot3/odom, /robot2/odom, /clock, /robot3/cmd_vel, /robot1/cmd_vel, /grid3/allRobots/poses, /grid3/allRobots/posesRC, /robot1/odom, /robot4/odom, /robot2/cmd_vel, /robot4/cmd_vel] publishing the poses
1279.025000000 INFO /fake_pose_publisher [fake_pose_publisher.py:170(<module>)] [topics: /rosout, /robot3/odom, /robot2/odom, /clock, /robot3/cmd_vel, /robot1/cmd_vel, /grid3/allRobots/poses, /grid3/allRobots/posesRC, /robot1/odom, /robot4/odom, /robot2/cmd_vel, /robot4/cmd_vel] publishing the poses
1280.024000000 INFO /fake_pose_publisher [fake_pose_publisher.py:170(<module>)] [topics: /rosout, /robot3/odom, /robot2/odom, /clock, /robot3/cmd_vel, /robot1/cmd_vel, /grid3/allRobots/poses, /grid3/allRobots/posesRC, /robot1/odom, /robot4/odom, /robot2/cmd_vel, /robot4/cmd_vel] publishing the poses
1281.024000000 INFO /fake_pose_publisher [fake_pose_publisher.py:170(<module>)] [topics: /rosout, /robot3/odom, /robot2/odom, /clock, /robot3/cmd_vel, /robot1/cmd_vel, /grid3/allRobots/poses, /grid3/allRobots/posesRC, /robot1/odom, /robot4/odom, /robot2/cmd_vel, /robot4/cmd_vel] publishing the poses
1282.025000000 INFO /fake_pose_publisher [fake_pose_publisher.py:170(<module>)] [topics: /rosout, /robot3/odom, /robot2/odom, /clock, /robot3/cmd_vel, /robot1/cmd_vel, /grid3/allRobots/poses, /grid3/allRobots/posesRC, /robot1/odom, /robot4/odom, /robot2/cmd_vel, /robot4/cmd_vel] publishing the poses
1283.025000000 INFO /fake_pose_publisher [fake_pose_publisher.py:170(<module>)] [topics: /rosout, /robot3/odom, /robot2/odom, /clock, /robot3/cmd_vel, /robot1/cmd_vel, /grid3/allRobots/poses, /grid3/allRobots/posesRC, /robot1/odom, /robot4/odom, /robot2/cmd_vel, /robot4/cmd_vel] publishing the poses
1284.025000000 INFO /fake_pose_publisher [fake_pose_publisher.py:170(<module>)] [topics: /rosout, /robot3/odom, /robot2/odom, /clock, /robot3/cmd_vel, /robot1/cmd_vel, /grid3/allRobots/poses, /grid3/allRobots/posesRC, /robot1/odom, /robot4/odom, /robot2/cmd_vel, /robot4/cmd_vel] publishing the poses
1285.025000000 INFO /fake_pose_publisher [fake_pose_publisher.py:170(<module>)] [topics: /rosout, /robot3/odom, /robot2/odom, /clock, /robot3/cmd_vel, /robot1/cmd_vel, /grid3/allRobots/poses, /grid3/allRobots/posesRC, /robot1/odom, /robot4/odom, /robot2/cmd_vel, /robot4/cmd_vel] publishing the poses
1286.024000000 INFO /fake_pose_publisher [fake_pose_publisher.py:170(<module>)] [topics: /rosout, /robot3/odom, /robot2/odom, /clock, /robot3/cmd_vel, /robot1/cmd_vel, /grid3/allRobots/poses, /grid3/allRobots/posesRC, /robot1/odom, /robot4/odom, /robot2/cmd_vel, /robot4/cmd_vel] publishing the poses
1287.025000000 INFO /fake_pose_publisher [fake_pose_publisher.py:170(<module>)] [topics: /rosout, /robot3/odom, /robot2/odom, /clock, /robot3/cmd_vel, /robot1/cmd_vel, /grid3/allRobots/poses, /grid3/allRobots/posesRC, /robot1/odom, /robot4/odom, /robot2/cmd_vel, /robot4/cmd_vel] publishing the poses
1288.024000000 INFO /fake_pose_publisher [fake_pose_publisher.py:170(<module>)] [topics: /rosout, /robot3/odom, /robot2/odom, /clock, /robot3/cmd_vel, /robot1/cmd_vel, /grid3/allRobots/poses, /grid3/allRobots/posesRC, /robot1/odom, /robot4/odom, /robot2/cmd_vel, /robot4/cmd_vel] publishing the poses
1289.024000000 INFO /fake_pose_publisher [fake_pose_publisher.py:170(<module>)] [topics: /rosout, /robot3/odom, /robot2/odom, /clock, /robot3/cmd_vel, /robot1/cmd_vel, /grid3/allRobots/poses, /grid3/allRobots/posesRC, /robot1/odom, /robot4/odom, /robot2/cmd_vel, /robot4/cmd_vel] publishing the poses
1290.024000000 INFO /fake_pose_publisher [fake_pose_publisher.py:170(<module>)] [topics: /rosout, /robot3/odom, /robot2/odom, /clock, /robot3/cmd_vel, /robot1/cmd_vel, /grid3/allRobots/poses, /grid3/allRobots/posesRC, /robot1/odom, /robot4/odom, /robot2/cmd_vel, /robot4/cmd_vel] publishing the poses
1291.024000000 INFO /fake_pose_publisher [fake_pose_publisher.py:170(<module>)] [topics: /rosout, /robot3/odom, /robot2/odom, /clock, /robot3/cmd_vel, /robot1/cmd_vel, /grid3/allRobots/poses, /grid3/allRobots/posesRC, /robot1/odom, /robot4/odom, /robot2/cmd_vel, /robot4/cmd_vel] publishing the poses
1292.025000000 INFO /fake_pose_publisher [fake_pose_publisher.py:170(<module>)] [topics: /rosout, /robot3/odom, /robot2/odom, /clock, /robot3/cmd_vel, /robot1/cmd_vel, /grid3/allRobots/poses, /grid3/allRobots/posesRC, /robot1/odom, /robot4/odom, /robot2/cmd_vel, /robot4/cmd_vel] publishing the poses
1293.024000000 INFO /fake_pose_publisher [fake_pose_publisher.py:170(<module>)] [topics: /rosout, /robot3/odom, /robot2/odom, /clock, /robot3/cmd_vel, /robot1/cmd_vel, /grid3/allRobots/poses, /grid3/allRobots/posesRC, /robot1/odom, /robot4/odom, /robot2/cmd_vel, /robot4/cmd_vel] publishing the poses
1294.024000000 INFO /fake_pose_publisher [fake_pose_publisher.py:170(<module>)] [topics: /rosout, /robot3/odom, /robot2/odom, /clock, /robot3/cmd_vel, /robot1/cmd_vel, /grid3/allRobots/poses, /grid3/allRobots/posesRC, /robot1/odom, /robot4/odom, /robot2/cmd_vel, /robot4/cmd_vel] publishing the poses
1295.024000000 INFO /fake_pose_publisher [fake_pose_publisher.py:170(<module>)] [topics: /rosout, /robot3/odom, /robot2/odom, /clock, /robot3/cmd_vel, /robot1/cmd_vel, /grid3/allRobots/poses, /grid3/allRobots/posesRC, /robot1/odom, /robot4/odom, /robot2/cmd_vel, /robot4/cmd_vel] publishing the poses
1296.025000000 INFO /fake_pose_publisher [fake_pose_publisher.py:170(<module>)] [topics: /rosout, /robot3/odom, /robot2/odom, /clock, /robot3/cmd_vel, /robot1/cmd_vel, /grid3/allRobots/poses, /grid3/allRobots/posesRC, /robot1/odom, /robot4/odom, /robot2/cmd_vel, /robot4/cmd_vel] publishing the poses
1297.024000000 INFO /fake_pose_publisher [fake_pose_publisher.py:170(<module>)] [topics: /rosout, /robot3/odom, /robot2/odom, /clock, /robot3/cmd_vel, /robot1/cmd_vel, /grid3/allRobots/poses, /grid3/allRobots/posesRC, /robot1/odom, /robot4/odom, /robot2/cmd_vel, /robot4/cmd_vel] publishing the poses
1298.024000000 INFO /fake_pose_publisher [fake_pose_publisher.py:170(<module>)] [topics: /rosout, /robot3/odom, /robot2/odom, /clock, /robot3/cmd_vel, /robot1/cmd_vel, /grid3/allRobots/poses, /grid3/allRobots/posesRC, /robot1/odom, /robot4/odom, /robot2/cmd_vel, /robot4/cmd_vel] publishing the poses
1299.024000000 INFO /fake_pose_publisher [fake_pose_publisher.py:170(<module>)] [topics: /rosout, /robot3/odom, /robot2/odom, /clock, /robot3/cmd_vel, /robot1/cmd_vel, /grid3/allRobots/poses, /grid3/allRobots/posesRC, /robot1/odom, /robot4/odom, /robot2/cmd_vel, /robot4/cmd_vel] publishing the poses
1300.024000000 INFO /fake_pose_publisher [fake_pose_publisher.py:170(<module>)] [topics: /rosout, /robot3/odom, /robot2/odom, /clock, /robot3/cmd_vel, /robot1/cmd_vel, /grid3/allRobots/poses, /grid3/allRobots/posesRC, /robot1/odom, /robot4/odom, /robot2/cmd_vel, /robot4/cmd_vel] publishing the poses
1301.024000000 INFO /fake_pose_publisher [fake_pose_publisher.py:170(<module>)] [topics: /rosout, /robot3/odom, /robot2/odom, /clock, /robot3/cmd_vel, /robot1/cmd_vel, /grid3/allRobots/poses, /grid3/allRobots/posesRC, /robot1/odom, /robot4/odom, /robot2/cmd_vel, /robot4/cmd_vel] publishing the poses
1302.024000000 INFO /fake_pose_publisher [fake_pose_publisher.py:170(<module>)] [topics: /rosout, /robot3/odom, /robot2/odom, /clock, /robot3/cmd_vel, /robot1/cmd_vel, /grid3/allRobots/poses, /grid3/allRobots/posesRC, /robot1/odom, /robot4/odom, /robot2/cmd_vel, /robot4/cmd_vel] publishing the poses
1303.024000000 INFO /fake_pose_publisher [fake_pose_publisher.py:170(<module>)] [topics: /rosout, /robot3/odom, /robot2/odom, /clock, /robot3/cmd_vel, /robot1/cmd_vel, /grid3/allRobots/poses, /grid3/allRobots/posesRC, /robot1/odom, /robot4/odom, /robot2/cmd_vel, /robot4/cmd_vel] publishing the poses
1304.024000000 INFO /fake_pose_publisher [fake_pose_publisher.py:170(<module>)] [topics: /rosout, /robot3/odom, /robot2/odom, /clock, /robot3/cmd_vel, /robot1/cmd_vel, /grid3/allRobots/poses, /grid3/allRobots/posesRC, /robot1/odom, /robot4/odom, /robot2/cmd_vel, /robot4/cmd_vel] publishing the poses
1305.025000000 INFO /fake_pose_publisher [fake_pose_publisher.py:170(<module>)] [topics: /rosout, /robot3/odom, /robot2/odom, /clock, /robot3/cmd_vel, /robot1/cmd_vel, /grid3/allRobots/poses, /grid3/allRobots/posesRC, /robot1/odom, /robot4/odom, /robot2/cmd_vel, /robot4/cmd_vel] publishing the poses
1306.025000000 INFO /fake_pose_publisher [fake_pose_publisher.py:170(<module>)] [topics: /rosout, /robot3/odom, /robot2/odom, /clock, /robot3/cmd_vel, /robot1/cmd_vel, /grid3/allRobots/poses, /grid3/allRobots/posesRC, /robot1/odom, /robot4/odom, /robot2/cmd_vel, /robot4/cmd_vel] publishing the poses
1307.025000000 INFO /fake_pose_publisher [fake_pose_publisher.py:170(<module>)] [topics: /rosout, /robot3/odom, /robot2/odom, /clock, /robot3/cmd_vel, /robot1/cmd_vel, /grid3/allRobots/poses, /grid3/allRobots/posesRC, /robot1/odom, /robot4/odom, /robot2/cmd_vel, /robot4/cmd_vel] publishing the poses
1308.024000000 INFO /fake_pose_publisher [fake_pose_publisher.py:170(<module>)] [topics: /rosout, /robot3/odom, /robot2/odom, /clock, /robot3/cmd_vel, /robot1/cmd_vel, /grid3/allRobots/poses, /grid3/allRobots/posesRC, /robot1/odom, /robot4/odom, /robot2/cmd_vel, /robot4/cmd_vel] publishing the poses
1309.025000000 INFO /fake_pose_publisher [fake_pose_publisher.py:170(<module>)] [topics: /rosout, /robot3/odom, /robot2/odom, /clock, /robot3/cmd_vel, /robot1/cmd_vel, /grid3/allRobots/poses, /grid3/allRobots/posesRC, /robot1/odom, /robot4/odom, /robot2/cmd_vel, /robot4/cmd_vel] publishing the poses
1310.024000000 INFO /fake_pose_publisher [fake_pose_publisher.py:170(<module>)] [topics: /rosout, /robot3/odom, /robot2/odom, /clock, /robot3/cmd_vel, /robot1/cmd_vel, /grid3/allRobots/poses, /grid3/allRobots/posesRC, /robot1/odom, /robot4/odom, /robot2/cmd_vel, /robot4/cmd_vel] publishing the poses
1311.024000000 INFO /fake_pose_publisher [fake_pose_publisher.py:170(<module>)] [topics: /rosout, /robot3/odom, /robot2/odom, /clock, /robot3/cmd_vel, /robot1/cmd_vel, /grid3/allRobots/poses, /grid3/allRobots/posesRC, /robot1/odom, /robot4/odom, /robot2/cmd_vel, /robot4/cmd_vel] publishing the poses
1312.024000000 INFO /fake_pose_publisher [fake_pose_publisher.py:170(<module>)] [topics: /rosout, /robot3/odom, /robot2/odom, /clock, /robot3/cmd_vel, /robot1/cmd_vel, /grid3/allRobots/poses, /grid3/allRobots/posesRC, /robot1/odom, /robot4/odom, /robot2/cmd_vel, /robot4/cmd_vel] publishing the poses
1313.025000000 INFO /fake_pose_publisher [fake_pose_publisher.py:170(<module>)] [topics: /rosout, /robot3/odom, /robot2/odom, /clock, /robot3/cmd_vel, /robot1/cmd_vel, /grid3/allRobots/poses, /grid3/allRobots/posesRC, /robot1/odom, /robot4/odom, /robot2/cmd_vel, /robot4/cmd_vel] publishing the poses
1314.025000000 INFO /fake_pose_publisher [fake_pose_publisher.py:170(<module>)] [topics: /rosout, /robot3/odom, /robot2/odom, /clock, /robot3/cmd_vel, /robot1/cmd_vel, /grid3/allRobots/poses, /grid3/allRobots/posesRC, /robot1/odom, /robot4/odom, /robot2/cmd_vel, /robot4/cmd_vel] publishing the poses
1315.025000000 INFO /fake_pose_publisher [fake_pose_publisher.py:170(<module>)] [topics: /rosout, /robot3/odom, /robot2/odom, /clock, /robot3/cmd_vel, /robot1/cmd_vel, /grid3/allRobots/poses, /grid3/allRobots/posesRC, /robot1/odom, /robot4/odom, /robot2/cmd_vel, /robot4/cmd_vel] publishing the poses
1316.025000000 INFO /fake_pose_publisher [fake_pose_publisher.py:170(<module>)] [topics: /rosout, /robot3/odom, /robot2/odom, /clock, /robot3/cmd_vel, /robot1/cmd_vel, /grid3/allRobots/poses, /grid3/allRobots/posesRC, /robot1/odom, /robot4/odom, /robot2/cmd_vel, /robot4/cmd_vel] publishing the poses
1317.024000000 INFO /fake_pose_publisher [fake_pose_publisher.py:170(<module>)] [topics: /rosout, /robot3/odom, /robot2/odom, /clock, /robot3/cmd_vel, /robot1/cmd_vel, /grid3/allRobots/poses, /grid3/allRobots/posesRC, /robot1/odom, /robot4/odom, /robot2/cmd_vel, /robot4/cmd_vel] publishing the poses
1318.025000000 INFO /fake_pose_publisher [fake_pose_publisher.py:170(<module>)] [topics: /rosout, /robot3/odom, /robot2/odom, /clock, /robot3/cmd_vel, /robot1/cmd_vel, /grid3/allRobots/poses, /grid3/allRobots/posesRC, /robot1/odom, /robot4/odom, /robot2/cmd_vel, /robot4/cmd_vel] publishing the poses
1319.024000000 INFO /fake_pose_publisher [fake_pose_publisher.py:170(<module>)] [topics: /rosout, /robot3/odom, /robot2/odom, /clock, /robot3/cmd_vel, /robot1/cmd_vel, /grid3/allRobots/poses, /grid3/allRobots/posesRC, /robot1/odom, /robot4/odom, /robot2/cmd_vel, /robot4/cmd_vel] publishing the poses
1320.024000000 INFO /fake_pose_publisher [fake_pose_publisher.py:170(<module>)] [topics: /rosout, /robot3/odom, /robot2/odom, /clock, /robot3/cmd_vel, /robot1/cmd_vel, /grid3/allRobots/poses, /grid3/allRobots/posesRC, /robot1/odom, /robot4/odom, /robot2/cmd_vel, /robot4/cmd_vel] publishing the poses
1321.024000000 INFO /fake_pose_publisher [fake_pose_publisher.py:170(<module>)] [topics: /rosout, /robot3/odom, /robot2/odom, /clock, /robot3/cmd_vel, /robot1/cmd_vel, /grid3/allRobots/poses, /grid3/allRobots/posesRC, /robot1/odom, /robot4/odom, /robot2/cmd_vel, /robot4/cmd_vel] publishing the poses
1322.025000000 INFO /fake_pose_publisher [fake_pose_publisher.py:170(<module>)] [topics: /rosout, /robot3/odom, /robot2/odom, /clock, /robot3/cmd_vel, /robot1/cmd_vel, /grid3/allRobots/poses, /grid3/allRobots/posesRC, /robot1/odom, /robot4/odom, /robot2/cmd_vel, /robot4/cmd_vel] publishing the poses
1323.024000000 INFO /fake_pose_publisher [fake_pose_publisher.py:170(<module>)] [topics: /rosout, /robot3/odom, /robot2/odom, /clock, /robot3/cmd_vel, /robot1/cmd_vel, /grid3/allRobots/poses, /grid3/allRobots/posesRC, /robot1/odom, /robot4/odom, /robot2/cmd_vel, /robot4/cmd_vel] publishing the poses
1324.024000000 INFO /fake_pose_publisher [fake_pose_publisher.py:170(<module>)] [topics: /rosout, /robot3/odom, /robot2/odom, /clock, /robot3/cmd_vel, /robot1/cmd_vel, /grid3/allRobots/poses, /grid3/allRobots/posesRC, /robot1/odom, /robot4/odom, /robot2/cmd_vel, /robot4/cmd_vel] publishing the poses
1325.024000000 INFO /fake_pose_publisher [fake_pose_publisher.py:170(<module>)] [topics: /rosout, /robot3/odom, /robot2/odom, /clock, /robot3/cmd_vel, /robot1/cmd_vel, /grid3/allRobots/poses, /grid3/allRobots/posesRC, /robot1/odom, /robot4/odom, /robot2/cmd_vel, /robot4/cmd_vel] publishing the poses
1326.024000000 INFO /fake_pose_publisher [fake_pose_publisher.py:170(<module>)] [topics: /rosout, /robot3/odom, /robot2/odom, /clock, /robot3/cmd_vel, /robot1/cmd_vel, /grid3/allRobots/poses, /grid3/allRobots/posesRC, /robot1/odom, /robot4/odom, /robot2/cmd_vel, /robot4/cmd_vel] publishing the poses
1327.024000000 INFO /fake_pose_publisher [fake_pose_publisher.py:170(<module>)] [topics: /rosout, /robot3/odom, /robot2/odom, /clock, /robot3/cmd_vel, /robot1/cmd_vel, /grid3/allRobots/poses, /grid3/allRobots/posesRC, /robot1/odom, /robot4/odom, /robot2/cmd_vel, /robot4/cmd_vel] publishing the poses
1328.024000000 INFO /fake_pose_publisher [fake_pose_publisher.py:170(<module>)] [topics: /rosout, /robot3/odom, /robot2/odom, /clock, /robot3/cmd_vel, /robot1/cmd_vel, /grid3/allRobots/poses, /grid3/allRobots/posesRC, /robot1/odom, /robot4/odom, /robot2/cmd_vel, /robot4/cmd_vel] publishing the poses
1329.025000000 INFO /fake_pose_publisher [fake_pose_publisher.py:170(<module>)] [topics: /rosout, /robot3/odom, /robot2/odom, /clock, /robot3/cmd_vel, /robot1/cmd_vel, /grid3/allRobots/poses, /grid3/allRobots/posesRC, /robot1/odom, /robot4/odom, /robot2/cmd_vel, /robot4/cmd_vel] publishing the poses
1330.024000000 INFO /fake_pose_publisher [fake_pose_publisher.py:170(<module>)] [topics: /rosout, /robot3/odom, /robot2/odom, /clock, /robot3/cmd_vel, /robot1/cmd_vel, /grid3/allRobots/poses, /grid3/allRobots/posesRC, /robot1/odom, /robot4/odom, /robot2/cmd_vel, /robot4/cmd_vel] publishing the poses
1331.024000000 INFO /fake_pose_publisher [fake_pose_publisher.py:170(<module>)] [topics: /rosout, /robot3/odom, /robot2/odom, /clock, /robot3/cmd_vel, /robot1/cmd_vel, /grid3/allRobots/poses, /grid3/allRobots/posesRC, /robot1/odom, /robot4/odom, /robot2/cmd_vel, /robot4/cmd_vel] publishing the poses
1332.024000000 INFO /fake_pose_publisher [fake_pose_publisher.py:170(<module>)] [topics: /rosout, /robot3/odom, /robot2/odom, /clock, /robot3/cmd_vel, /robot1/cmd_vel, /grid3/allRobots/poses, /grid3/allRobots/posesRC, /robot1/odom, /robot4/odom, /robot2/cmd_vel, /robot4/cmd_vel] publishing the poses
1333.025000000 INFO /fake_pose_publisher [fake_pose_publisher.py:170(<module>)] [topics: /rosout, /robot3/odom, /robot2/odom, /clock, /robot3/cmd_vel, /robot1/cmd_vel, /grid3/allRobots/poses, /grid3/allRobots/posesRC, /robot1/odom, /robot4/odom, /robot2/cmd_vel, /robot4/cmd_vel] publishing the poses
1334.024000000 INFO /fake_pose_publisher [fake_pose_publisher.py:170(<module>)] [topics: /rosout, /robot3/odom, /robot2/odom, /clock, /robot3/cmd_vel, /robot1/cmd_vel, /grid3/allRobots/poses, /grid3/allRobots/posesRC, /robot1/odom, /robot4/odom, /robot2/cmd_vel, /robot4/cmd_vel] publishing the poses
1335.024000000 INFO /fake_pose_publisher [fake_pose_publisher.py:170(<module>)] [topics: /rosout, /robot3/odom, /robot2/odom, /clock, /robot3/cmd_vel, /robot1/cmd_vel, /grid3/allRobots/poses, /grid3/allRobots/posesRC, /robot1/odom, /robot4/odom, /robot2/cmd_vel, /robot4/cmd_vel] publishing the poses
1336.024000000 INFO /fake_pose_publisher [fake_pose_publisher.py:170(<module>)] [topics: /rosout, /robot3/odom, /robot2/odom, /clock, /robot3/cmd_vel, /robot1/cmd_vel, /grid3/allRobots/poses, /grid3/allRobots/posesRC, /robot1/odom, /robot4/odom, /robot2/cmd_vel, /robot4/cmd_vel] publishing the poses
1337.025000000 INFO /fake_pose_publisher [fake_pose_publisher.py:170(<module>)] [topics: /rosout, /robot3/odom, /robot2/odom, /clock, /robot3/cmd_vel, /robot1/cmd_vel, /grid3/allRobots/poses, /grid3/allRobots/posesRC, /robot1/odom, /robot4/odom, /robot2/cmd_vel, /robot4/cmd_vel] publishing the poses
1338.025000000 INFO /fake_pose_publisher [fake_pose_publisher.py:170(<module>)] [topics: /rosout, /robot3/odom, /robot2/odom, /clock, /robot3/cmd_vel, /robot1/cmd_vel, /grid3/allRobots/poses, /grid3/allRobots/posesRC, /robot1/odom, /robot4/odom, /robot2/cmd_vel, /robot4/cmd_vel] publishing the poses
1339.025000000 INFO /fake_pose_publisher [fake_pose_publisher.py:170(<module>)] [topics: /rosout, /robot3/odom, /robot2/odom, /clock, /robot3/cmd_vel, /robot1/cmd_vel, /grid3/allRobots/poses, /grid3/allRobots/posesRC, /robot1/odom, /robot4/odom, /robot2/cmd_vel, /robot4/cmd_vel] publishing the poses
1340.024000000 INFO /fake_pose_publisher [fake_pose_publisher.py:170(<module>)] [topics: /rosout, /robot3/odom, /robot2/odom, /clock, /robot3/cmd_vel, /robot1/cmd_vel, /grid3/allRobots/poses, /grid3/allRobots/posesRC, /robot1/odom, /robot4/odom, /robot2/cmd_vel, /robot4/cmd_vel] publishing the poses
1341.024000000 INFO /fake_pose_publisher [fake_pose_publisher.py:170(<module>)] [topics: /rosout, /robot3/odom, /robot2/odom, /clock, /robot3/cmd_vel, /robot1/cmd_vel, /grid3/allRobots/poses, /grid3/allRobots/posesRC, /robot1/odom, /robot4/odom, /robot2/cmd_vel, /robot4/cmd_vel] publishing the poses
1342.025000000 INFO /fake_pose_publisher [fake_pose_publisher.py:170(<module>)] [topics: /rosout, /robot3/odom, /robot2/odom, /clock, /robot3/cmd_vel, /robot1/cmd_vel, /grid3/allRobots/poses, /grid3/allRobots/posesRC, /robot1/odom, /robot4/odom, /robot2/cmd_vel, /robot4/cmd_vel] publishing the poses
1343.024000000 INFO /fake_pose_publisher [fake_pose_publisher.py:170(<module>)] [topics: /rosout, /robot3/odom, /robot2/odom, /clock, /robot3/cmd_vel, /robot1/cmd_vel, /grid3/allRobots/poses, /grid3/allRobots/posesRC, /robot1/odom, /robot4/odom, /robot2/cmd_vel, /robot4/cmd_vel] publishing the poses
1344.025000000 INFO /fake_pose_publisher [fake_pose_publisher.py:170(<module>)] [topics: /rosout, /robot3/odom, /robot2/odom, /clock, /robot3/cmd_vel, /robot1/cmd_vel, /grid3/allRobots/poses, /grid3/allRobots/posesRC, /robot1/odom, /robot4/odom, /robot2/cmd_vel, /robot4/cmd_vel] publishing the poses
1345.025000000 INFO /fake_pose_publisher [fake_pose_publisher.py:170(<module>)] [topics: /rosout, /robot3/odom, /robot2/odom, /clock, /robot3/cmd_vel, /robot1/cmd_vel, /grid3/allRobots/poses, /grid3/allRobots/posesRC, /robot1/odom, /robot4/odom, /robot2/cmd_vel, /robot4/cmd_vel] publishing the poses
1346.025000000 INFO /fake_pose_publisher [fake_pose_publisher.py:170(<module>)] [topics: /rosout, /robot3/odom, /robot2/odom, /clock, /robot3/cmd_vel, /robot1/cmd_vel, /grid3/allRobots/poses, /grid3/allRobots/posesRC, /robot1/odom, /robot4/odom, /robot2/cmd_vel, /robot4/cmd_vel] publishing the poses
1347.025000000 INFO /fake_pose_publisher [fake_pose_publisher.py:170(<module>)] [topics: /rosout, /robot3/odom, /robot2/odom, /clock, /robot3/cmd_vel, /robot1/cmd_vel, /grid3/allRobots/poses, /grid3/allRobots/posesRC, /robot1/odom, /robot4/odom, /robot2/cmd_vel, /robot4/cmd_vel] publishing the poses
1348.025000000 INFO /fake_pose_publisher [fake_pose_publisher.py:170(<module>)] [topics: /rosout, /robot3/odom, /robot2/odom, /clock, /robot3/cmd_vel, /robot1/cmd_vel, /grid3/allRobots/poses, /grid3/allRobots/posesRC, /robot1/odom, /robot4/odom, /robot2/cmd_vel, /robot4/cmd_vel] publishing the poses
1349.024000000 INFO /fake_pose_publisher [fake_pose_publisher.py:170(<module>)] [topics: /rosout, /robot3/odom, /robot2/odom, /clock, /robot3/cmd_vel, /robot1/cmd_vel, /grid3/allRobots/poses, /grid3/allRobots/posesRC, /robot1/odom, /robot4/odom, /robot2/cmd_vel, /robot4/cmd_vel] publishing the poses
1350.025000000 INFO /fake_pose_publisher [fake_pose_publisher.py:170(<module>)] [topics: /rosout, /robot3/odom, /robot2/odom, /clock, /robot3/cmd_vel, /robot1/cmd_vel, /grid3/allRobots/poses, /grid3/allRobots/posesRC, /robot1/odom, /robot4/odom, /robot2/cmd_vel, /robot4/cmd_vel] publishing the poses
1351.025000000 INFO /fake_pose_publisher [fake_pose_publisher.py:170(<module>)] [topics: /rosout, /robot3/odom, /robot2/odom, /clock, /robot3/cmd_vel, /robot1/cmd_vel, /grid3/allRobots/poses, /grid3/allRobots/posesRC, /robot1/odom, /robot4/odom, /robot2/cmd_vel, /robot4/cmd_vel] publishing the poses
1352.024000000 INFO /fake_pose_publisher [fake_pose_publisher.py:170(<module>)] [topics: /rosout, /robot3/odom, /robot2/odom, /clock, /robot3/cmd_vel, /robot1/cmd_vel, /grid3/allRobots/poses, /grid3/allRobots/posesRC, /robot1/odom, /robot4/odom, /robot2/cmd_vel, /robot4/cmd_vel] publishing the poses
1353.025000000 INFO /fake_pose_publisher [fake_pose_publisher.py:170(<module>)] [topics: /rosout, /robot3/odom, /robot2/odom, /clock, /robot3/cmd_vel, /robot1/cmd_vel, /grid3/allRobots/poses, /grid3/allRobots/posesRC, /robot1/odom, /robot4/odom, /robot2/cmd_vel, /robot4/cmd_vel] publishing the poses
1354.024000000 INFO /fake_pose_publisher [fake_pose_publisher.py:170(<module>)] [topics: /rosout, /robot3/odom, /robot2/odom, /clock, /robot3/cmd_vel, /robot1/cmd_vel, /grid3/allRobots/poses, /grid3/allRobots/posesRC, /robot1/odom, /robot4/odom, /robot2/cmd_vel, /robot4/cmd_vel] publishing the poses
1355.025000000 INFO /fake_pose_publisher [fake_pose_publisher.py:170(<module>)] [topics: /rosout, /robot3/odom, /robot2/odom, /clock, /robot3/cmd_vel, /robot1/cmd_vel, /grid3/allRobots/poses, /grid3/allRobots/posesRC, /robot1/odom, /robot4/odom, /robot2/cmd_vel, /robot4/cmd_vel] publishing the poses
1356.025000000 INFO /fake_pose_publisher [fake_pose_publisher.py:170(<module>)] [topics: /rosout, /robot3/odom, /robot2/odom, /clock, /robot3/cmd_vel, /robot1/cmd_vel, /grid3/allRobots/poses, /grid3/allRobots/posesRC, /robot1/odom, /robot4/odom, /robot2/cmd_vel, /robot4/cmd_vel] publishing the poses
1357.024000000 INFO /fake_pose_publisher [fake_pose_publisher.py:170(<module>)] [topics: /rosout, /robot3/odom, /robot2/odom, /clock, /robot3/cmd_vel, /robot1/cmd_vel, /grid3/allRobots/poses, /grid3/allRobots/posesRC, /robot1/odom, /robot4/odom, /robot2/cmd_vel, /robot4/cmd_vel] publishing the poses
1358.025000000 INFO /fake_pose_publisher [fake_pose_publisher.py:170(<module>)] [topics: /rosout, /robot3/odom, /robot2/odom, /clock, /robot3/cmd_vel, /robot1/cmd_vel, /grid3/allRobots/poses, /grid3/allRobots/posesRC, /robot1/odom, /robot4/odom, /robot2/cmd_vel, /robot4/cmd_vel] publishing the poses
1359.025000000 INFO /fake_pose_publisher [fake_pose_publisher.py:170(<module>)] [topics: /rosout, /robot3/odom, /robot2/odom, /clock, /robot3/cmd_vel, /robot1/cmd_vel, /grid3/allRobots/poses, /grid3/allRobots/posesRC, /robot1/odom, /robot4/odom, /robot2/cmd_vel, /robot4/cmd_vel] publishing the poses
1360.025000000 INFO /fake_pose_publisher [fake_pose_publisher.py:170(<module>)] [topics: /rosout, /robot3/odom, /robot2/odom, /clock, /robot3/cmd_vel, /robot1/cmd_vel, /grid3/allRobots/poses, /grid3/allRobots/posesRC, /robot1/odom, /robot4/odom, /robot2/cmd_vel, /robot4/cmd_vel] publishing the poses
1361.025000000 INFO /fake_pose_publisher [fake_pose_publisher.py:170(<module>)] [topics: /rosout, /robot3/odom, /robot2/odom, /clock, /robot3/cmd_vel, /robot1/cmd_vel, /grid3/allRobots/poses, /grid3/allRobots/posesRC, /robot1/odom, /robot4/odom, /robot2/cmd_vel, /robot4/cmd_vel] publishing the poses
1362.024000000 INFO /fake_pose_publisher [fake_pose_publisher.py:170(<module>)] [topics: /rosout, /robot3/odom, /robot2/odom, /clock, /robot3/cmd_vel, /robot1/cmd_vel, /grid3/allRobots/poses, /grid3/allRobots/posesRC, /robot1/odom, /robot4/odom, /robot2/cmd_vel, /robot4/cmd_vel] publishing the poses
1363.024000000 INFO /fake_pose_publisher [fake_pose_publisher.py:170(<module>)] [topics: /rosout, /robot3/odom, /robot2/odom, /clock, /robot3/cmd_vel, /robot1/cmd_vel, /grid3/allRobots/poses, /grid3/allRobots/posesRC, /robot1/odom, /robot4/odom, /robot2/cmd_vel, /robot4/cmd_vel] publishing the poses
1364.025000000 INFO /fake_pose_publisher [fake_pose_publisher.py:170(<module>)] [topics: /rosout, /robot3/odom, /robot2/odom, /clock, /robot3/cmd_vel, /robot1/cmd_vel, /grid3/allRobots/poses, /grid3/allRobots/posesRC, /robot1/odom, /robot4/odom, /robot2/cmd_vel, /robot4/cmd_vel] publishing the poses
1365.025000000 INFO /fake_pose_publisher [fake_pose_publisher.py:170(<module>)] [topics: /rosout, /robot3/odom, /robot2/odom, /clock, /robot3/cmd_vel, /robot1/cmd_vel, /grid3/allRobots/poses, /grid3/allRobots/posesRC, /robot1/odom, /robot4/odom, /robot2/cmd_vel, /robot4/cmd_vel] publishing the poses
1366.025000000 INFO /fake_pose_publisher [fake_pose_publisher.py:170(<module>)] [topics: /rosout, /robot3/odom, /robot2/odom, /clock, /robot3/cmd_vel, /robot1/cmd_vel, /grid3/allRobots/poses, /grid3/allRobots/posesRC, /robot1/odom, /robot4/odom, /robot2/cmd_vel, /robot4/cmd_vel] publishing the poses
1367.024000000 INFO /fake_pose_publisher [fake_pose_publisher.py:170(<module>)] [topics: /rosout, /robot3/odom, /robot2/odom, /clock, /robot3/cmd_vel, /robot1/cmd_vel, /grid3/allRobots/poses, /grid3/allRobots/posesRC, /robot1/odom, /robot4/odom, /robot2/cmd_vel, /robot4/cmd_vel] publishing the poses
1368.024000000 INFO /fake_pose_publisher [fake_pose_publisher.py:170(<module>)] [topics: /rosout, /robot3/odom, /robot2/odom, /clock, /robot3/cmd_vel, /robot1/cmd_vel, /grid3/allRobots/poses, /grid3/allRobots/posesRC, /robot1/odom, /robot4/odom, /robot2/cmd_vel, /robot4/cmd_vel] publishing the poses
1369.024000000 INFO /fake_pose_publisher [fake_pose_publisher.py:170(<module>)] [topics: /rosout, /robot3/odom, /robot2/odom, /clock, /robot3/cmd_vel, /robot1/cmd_vel, /grid3/allRobots/poses, /grid3/allRobots/posesRC, /robot1/odom, /robot4/odom, /robot2/cmd_vel, /robot4/cmd_vel] publishing the poses
1370.025000000 INFO /fake_pose_publisher [fake_pose_publisher.py:170(<module>)] [topics: /rosout, /robot3/odom, /robot2/odom, /clock, /robot3/cmd_vel, /robot1/cmd_vel, /grid3/allRobots/poses, /grid3/allRobots/posesRC, /robot1/odom, /robot4/odom, /robot2/cmd_vel, /robot4/cmd_vel] publishing the poses
1371.024000000 INFO /fake_pose_publisher [fake_pose_publisher.py:170(<module>)] [topics: /rosout, /robot3/odom, /robot2/odom, /clock, /robot3/cmd_vel, /robot1/cmd_vel, /grid3/allRobots/poses, /grid3/allRobots/posesRC, /robot1/odom, /robot4/odom, /robot2/cmd_vel, /robot4/cmd_vel] publishing the poses
1372.024000000 INFO /fake_pose_publisher [fake_pose_publisher.py:170(<module>)] [topics: /rosout, /robot3/odom, /robot2/odom, /clock, /robot3/cmd_vel, /robot1/cmd_vel, /grid3/allRobots/poses, /grid3/allRobots/posesRC, /robot1/odom, /robot4/odom, /robot2/cmd_vel, /robot4/cmd_vel] publishing the poses
1373.025000000 INFO /fake_pose_publisher [fake_pose_publisher.py:170(<module>)] [topics: /rosout, /robot3/odom, /robot2/odom, /clock, /robot3/cmd_vel, /robot1/cmd_vel, /grid3/allRobots/poses, /grid3/allRobots/posesRC, /robot1/odom, /robot4/odom, /robot2/cmd_vel, /robot4/cmd_vel] publishing the poses
1374.024000000 INFO /fake_pose_publisher [fake_pose_publisher.py:170(<module>)] [topics: /rosout, /robot3/odom, /robot2/odom, /clock, /robot3/cmd_vel, /robot1/cmd_vel, /grid3/allRobots/poses, /grid3/allRobots/posesRC, /robot1/odom, /robot4/odom, /robot2/cmd_vel, /robot4/cmd_vel] publishing the poses
1375.024000000 INFO /fake_pose_publisher [fake_pose_publisher.py:170(<module>)] [topics: /rosout, /robot3/odom, /robot2/odom, /clock, /robot3/cmd_vel, /robot1/cmd_vel, /grid3/allRobots/poses, /grid3/allRobots/posesRC, /robot1/odom, /robot4/odom, /robot2/cmd_vel, /robot4/cmd_vel] publishing the poses
1376.024000000 INFO /fake_pose_publisher [fake_pose_publisher.py:170(<module>)] [topics: /rosout, /robot3/odom, /robot2/odom, /clock, /robot3/cmd_vel, /robot1/cmd_vel, /grid3/allRobots/poses, /grid3/allRobots/posesRC, /robot1/odom, /robot4/odom, /robot2/cmd_vel, /robot4/cmd_vel] publishing the poses
1377.025000000 INFO /fake_pose_publisher [fake_pose_publisher.py:170(<module>)] [topics: /rosout, /robot3/odom, /robot2/odom, /clock, /robot3/cmd_vel, /robot1/cmd_vel, /grid3/allRobots/poses, /grid3/allRobots/posesRC, /robot1/odom, /robot4/odom, /robot2/cmd_vel, /robot4/cmd_vel] publishing the poses
1378.025000000 INFO /fake_pose_publisher [fake_pose_publisher.py:170(<module>)] [topics: /rosout, /robot3/odom, /robot2/odom, /clock, /robot3/cmd_vel, /robot1/cmd_vel, /grid3/allRobots/poses, /grid3/allRobots/posesRC, /robot1/odom, /robot4/odom, /robot2/cmd_vel, /robot4/cmd_vel] publishing the poses
1379.025000000 INFO /fake_pose_publisher [fake_pose_publisher.py:170(<module>)] [topics: /rosout, /robot3/odom, /robot2/odom, /clock, /robot3/cmd_vel, /robot1/cmd_vel, /grid3/allRobots/poses, /grid3/allRobots/posesRC, /robot1/odom, /robot4/odom, /robot2/cmd_vel, /robot4/cmd_vel] publishing the poses
1380.024000000 INFO /fake_pose_publisher [fake_pose_publisher.py:170(<module>)] [topics: /rosout, /robot3/odom, /robot2/odom, /clock, /robot3/cmd_vel, /robot1/cmd_vel, /grid3/allRobots/poses, /grid3/allRobots/posesRC, /robot1/odom, /robot4/odom, /robot2/cmd_vel, /robot4/cmd_vel] publishing the poses
1381.025000000 INFO /fake_pose_publisher [fake_pose_publisher.py:170(<module>)] [topics: /rosout, /robot3/odom, /robot2/odom, /clock, /robot3/cmd_vel, /robot1/cmd_vel, /grid3/allRobots/poses, /grid3/allRobots/posesRC, /robot1/odom, /robot4/odom, /robot2/cmd_vel, /robot4/cmd_vel] publishing the poses
1382.024000000 INFO /fake_pose_publisher [fake_pose_publisher.py:170(<module>)] [topics: /rosout, /robot3/odom, /robot2/odom, /clock, /robot3/cmd_vel, /robot1/cmd_vel, /grid3/allRobots/poses, /grid3/allRobots/posesRC, /robot1/odom, /robot4/odom, /robot2/cmd_vel, /robot4/cmd_vel] publishing the poses
1383.025000000 INFO /fake_pose_publisher [fake_pose_publisher.py:170(<module>)] [topics: /rosout, /robot3/odom, /robot2/odom, /clock, /robot3/cmd_vel, /robot1/cmd_vel, /grid3/allRobots/poses, /grid3/allRobots/posesRC, /robot1/odom, /robot4/odom, /robot2/cmd_vel, /robot4/cmd_vel] publishing the poses
1384.025000000 INFO /fake_pose_publisher [fake_pose_publisher.py:170(<module>)] [topics: /rosout, /robot3/odom, /robot2/odom, /clock, /robot3/cmd_vel, /robot1/cmd_vel, /grid3/allRobots/poses, /grid3/allRobots/posesRC, /robot1/odom, /robot4/odom, /robot2/cmd_vel, /robot4/cmd_vel] publishing the poses
1385.025000000 INFO /fake_pose_publisher [fake_pose_publisher.py:170(<module>)] [topics: /rosout, /robot3/odom, /robot2/odom, /clock, /robot3/cmd_vel, /robot1/cmd_vel, /grid3/allRobots/poses, /grid3/allRobots/posesRC, /robot1/odom, /robot4/odom, /robot2/cmd_vel, /robot4/cmd_vel] publishing the poses
1386.025000000 INFO /fake_pose_publisher [fake_pose_publisher.py:170(<module>)] [topics: /rosout, /robot3/odom, /robot2/odom, /clock, /robot3/cmd_vel, /robot1/cmd_vel, /grid3/allRobots/poses, /grid3/allRobots/posesRC, /robot1/odom, /robot4/odom, /robot2/cmd_vel, /robot4/cmd_vel] publishing the poses
1387.025000000 INFO /fake_pose_publisher [fake_pose_publisher.py:170(<module>)] [topics: /rosout, /robot3/odom, /robot2/odom, /clock, /robot3/cmd_vel, /robot1/cmd_vel, /grid3/allRobots/poses, /grid3/allRobots/posesRC, /robot1/odom, /robot4/odom, /robot2/cmd_vel, /robot4/cmd_vel] publishing the poses
1388.024000000 INFO /fake_pose_publisher [fake_pose_publisher.py:170(<module>)] [topics: /rosout, /robot3/odom, /robot2/odom, /clock, /robot3/cmd_vel, /robot1/cmd_vel, /grid3/allRobots/poses, /grid3/allRobots/posesRC, /robot1/odom, /robot4/odom, /robot2/cmd_vel, /robot4/cmd_vel] publishing the poses
1388.383000000 WARN /controller_ros_interface_9344_1641481784559 [tcpros_base.py:355(TCPROSServer._tcp_server_callback)] [topics: /grid3/controller/cmd, /grid3/allRobots/poses, /grid3/robotTrajectories, /rosout, /clock, /grid3/planner/status] Inbound TCP/IP connection failed: connection from sender terminated before handshake header received. 0 bytes were received. Please check sender for additional details.
1389.024000000 INFO /fake_pose_publisher [fake_pose_publisher.py:170(<module>)] [topics: /rosout, /robot3/odom, /robot2/odom, /clock, /robot3/cmd_vel, /robot1/cmd_vel, /grid3/allRobots/poses, /grid3/allRobots/posesRC, /robot1/odom, /robot4/odom, /robot2/cmd_vel, /robot4/cmd_vel] publishing the poses
1390.024000000 INFO /fake_pose_publisher [fake_pose_publisher.py:170(<module>)] [topics: /rosout, /robot3/odom, /robot2/odom, /clock, /robot3/cmd_vel, /robot1/cmd_vel, /grid3/allRobots/poses, /grid3/allRobots/posesRC, /robot1/odom, /robot4/odom, /robot2/cmd_vel, /robot4/cmd_vel] publishing the poses
1391.024000000 INFO /fake_pose_publisher [fake_pose_publisher.py:170(<module>)] [topics: /rosout, /robot3/odom, /robot2/odom, /clock, /robot3/cmd_vel, /robot1/cmd_vel, /grid3/allRobots/poses, /grid3/allRobots/posesRC, /robot1/odom, /robot4/odom, /robot2/cmd_vel, /robot4/cmd_vel] publishing the poses
