[rospy.client][INFO] 2022-01-06 20:39:18,947: init_node, name[/rqt_gui], pid[9186]
[xmlrpc][INFO] 2022-01-06 20:39:18,948: XML-RPC server binding to 0.0.0.0:0
[xmlrpc][INFO] 2022-01-06 20:39:18,948: Started XML-RPC server [http://prajwal-IdeaPad-L340-15IRH-Gaming:45711/]
[rospy.impl.masterslave][INFO] 2022-01-06 20:39:18,948: _ready: http://prajwal-IdeaPad-L340-15IRH-Gaming:45711/
[rospy.init][INFO] 2022-01-06 20:39:18,948: ROS Slave URI: [http://prajwal-IdeaPad-L340-15IRH-Gaming:45711/]
[rospy.registration][INFO] 2022-01-06 20:39:18,948: Registering with master node http://localhost:11311
[xmlrpc][INFO] 2022-01-06 20:39:18,948: xml rpc node: starting XML-RPC server
[rospy.init][INFO] 2022-01-06 20:39:19,048: registered with master
[rospy.rosout][INFO] 2022-01-06 20:39:19,048: initializing /rosout core topic
[rospy.rosout][INFO] 2022-01-06 20:39:19,049: connected to core topic /rosout
[rospy.simtime][INFO] 2022-01-06 20:39:19,050: initializing /clock core topic
[rospy.simtime][INFO] 2022-01-06 20:39:19,051: connected to core topic /clock
[rospy.internal][INFO] 2022-01-06 20:39:19,053: topic[/clock] adding connection to [http://prajwal-IdeaPad-L340-15IRH-Gaming:38329/], count 0
[rospy.internal][INFO] 2022-01-06 20:39:19,294: topic[/rosout] adding connection to [/rosout], count 0
[rospy.internal][INFO] 2022-01-06 20:39:19,496: topic[/grid3/droppingCompleted] adding connection to [/brain], count 0
[rospy.internal][INFO] 2022-01-06 20:39:19,497: topic[/grid3/packageLoaded] adding connection to [/brain], count 0
[rospy.internal][INFO] 2022-01-06 20:42:53,570: topic impl's ref count is zero, deleting topic /grid3/droppingCompleted...
[rospy.internal][INFO] 2022-01-06 20:42:53,570: topic[/grid3/droppingCompleted] removing connection to /brain
[rospy.internal][INFO] 2022-01-06 20:42:53,571: topic impl's ref count is zero, deleting topic /grid3/packageLoaded...
[rospy.internal][INFO] 2022-01-06 20:42:53,571: topic[/grid3/packageLoaded] removing connection to /brain
[rospy.internal][INFO] 2022-01-06 20:42:53,572: topic impl's ref count is zero, deleting topic /robot1/cmd_ve...
[rospy.internal][INFO] 2022-01-06 20:42:53,573: topic impl's ref count is zero, deleting topic /robot2/cmd_ve...
[rospy.internal][INFO] 2022-01-06 20:42:53,574: topic impl's ref count is zero, deleting topic /robot3/cmd_ve...
[rospy.internal][INFO] 2022-01-06 20:42:53,575: topic impl's ref count is zero, deleting topic /robot4/cmd_ve...
[rospy.core][INFO] 2022-01-06 20:42:53,611: signal_shutdown [atexit]
[rospy.internal][INFO] 2022-01-06 20:42:53,613: topic[/rosout] removing connection to /rosout
[rospy.internal][INFO] 2022-01-06 20:42:53,614: topic[/clock] removing connection to http://prajwal-IdeaPad-L340-15IRH-Gaming:38329/
[rospy.impl.masterslave][INFO] 2022-01-06 20:42:53,614: atexit
[rospy.internal][WARNING] 2022-01-06 20:42:53,614: Unknown error initiating TCP/IP socket to prajwal-IdeaPad-L340-15IRH-Gaming:38907 (http://prajwal-IdeaPad-L340-15IRH-Gaming:38329/): Traceback (most recent call last):
  File "/opt/ros/noetic/lib/python3/dist-packages/rospy/impl/tcpros_base.py", line 562, in connect
    self.read_header()
  File "/opt/ros/noetic/lib/python3/dist-packages/rospy/impl/tcpros_base.py", line 657, in read_header
    self._validate_header(read_ros_handshake_header(sock, self.read_buff, self.protocol.buff_size))
AttributeError: 'NoneType' object has no attribute 'buff_size'

